#PVF_File

1
`StackableShop1.shp`
2
`EquipmentShop1.shp`
3
`EquipmentShop2.shp`
4
`EquipmentShop3.shp`
5
`StackableShop2.shp`
6
`Magic1.shp`
7
`Rare1.shp`
8
`Recipe1.shp`
9
`Regacy1.shp`
10
`EquipmentShop4.shp`
11
`EquipmentShop5.shp`
12
`EquipmentShop6.shp`
13
`Regacy2.shp`
14
`Regacy3.shp`
15
`EquipmentShop7.shp`
16
`Magic2.shp`
17
`EquipmentShop8.shp`
18
`EquipmentShop9.shp`
19
`EquipmentShop10.shp`
20
`ItemProduct1.shp`
21
`EquipmentShop11.shp`
22
`CreatureShop.shp`
23
`Regacy4.shp`
24
`EquipmentShop12.shp`
25
`EquipmentShop13.shp`
26
`EquipmentShop14.shp`
27
`Regacy5.shp`
28
`EquipmentShop15.shp`
29
`Magic3.shp`
30
`EquipmentShop16.shp`
31
`EquipmentShop17.shp`
32
`Recipe2.shp`
33
`emblem.shp`
34
`EquipmentShop18.shp`
35
`Recipe3.shp`
36
`Magic4.shp`
37
`birken.shp`
38
`EquipmentShop19.shp`
39
`EquipmentShop20.shp`
40
`EquipmentShop21.shp`
43
`EquipmentShop24.shp`
44
`Regacy6.shp`
45
`EquipmentShop25.shp`
47
`EquipmentShop26.shp`
48
`EquipmentShop27.shp`
49
`OneADayItemShop.shp`
50
`simona.shp`
51
`birken2.shp`
52
`event_dnf6thcake.shp`
53
`stackableshp28.shp`
54
`aska.shp`
55
`jun.shp`
56
`event_ChristmasShop.shp`
57
`BlueMarbleShop.shp`
58
`Siran.shp`
60
`nessman.shp`
62
`Wayne.shp`
63
`Iris2.shp`
64
`Abelro.shp`
65
`Gant_Pan.shp`
66
`Gant_Def.shp`
67
`DNFRider.shp`
68
`equipmentshop68.shp`
1000
`EquipmentShop_dungeon1.shp`
1001
`EquipmentShop_deathtower.shp`
1002
`EquipmentShop_dungeon2.shp`
1003
`EquipmentShop_dungeon3.shp`
1004
`EquipmentShop_dungeon4.shp`
1117
`tw_goose.shp`
1118
`EquipmentShop_Bosstower.shp`
1204
`chn_aska.shp`
1205
`chn_jun.shp`