#PVF_File

1
`event1.emo`
2
`event2.emo`
3
`event3.emo`
4
`event4.emo`
5
`event5.emo`
6
`event6.emo`
10
`ceraA_1.emo`
11
`ceraA_2.emo`
12
`ceraA_3.emo`
13
`ceraA_4.emo`
14
`ceraA_5.emo`
15
`ceraA_6.emo`
16
`ceraA_7.emo`
17
`ceraA_8.emo`
18
`ceraA_9.emo`
19
`ceraA_10.emo`
20
`ceraA_11.emo`
21
`ceraA_12.emo`
30
`ceraB_1.emo`
31
`ceraB_2.emo`
32
`ceraB_3.emo`
33
`ceraB_4.emo`
34
`ceraB_5.emo`
35
`ceraB_6.emo`
36
`ceraB_7.emo`
37
`ceraB_8.emo`
38
`ceraB_9.emo`
39
`ceraB_10.emo`
40
`ceraB_11.emo`
41
`ceraB_12.emo`
42
`level1_1.emo`
43
`level1_2.emo`
44
`level10.emo`
45
`level20.emo`
46
`level30_1.emo`
47
`level30_2.emo`