#PVF_File

1
`Options/RandomOptions_1_blind.etc`
2
`Options/RandomOptions_2_freeze.etc`
3
`Options/RandomOptions_3_stun.etc`
4
`Options/RandomOptions_4_sleep.etc`
5
`Options/RandomOptions_5_hold.etc`
6
`Options/RandomOptions_6_confuse.etc`
7
`Options/RandomOptions_7_stone.etc`
8
`Options/RandomOptions_8_poison.etc`
9
`Options/RandomOptions_9_bleeding.etc`
10
`Options/RandomOptions_10_lightning.etc`
11
`Options/RandomOptions_11_burn.etc`
12
`Options/RandomOptions_12_slow.etc`
13
`Options/RandomOptions_13_curse.etc`
14
`Options/RandomOptions_14_bless.etc`
15
`Options/RandomOptions_15_physicalattack.etc`
16
`Options/RandomOptions_16_magicalattack.etc`
17
`Options/RandomOptions_17_physicaldefense.etc`
18
`Options/RandomOptions_18_magicaldefense.etc`
19
`Options/RandomOptions_19_hpmax.etc`
20
`Options/RandomOptions_20_mpmax.etc`
21
`Options/RandomOptions_21_stuck.etc`
22
`Options/RandomOptions_22_stuckresistance.etc`
25
`Options/RandomOptions_25_physicalcriticalhit.etc`
26
`Options/RandomOptions_26_physicalcriticalhit2.etc`
27
`Options/RandomOptions_27_magicalcriticalhit.etc`
28
`Options/RandomOptions_28_aura_hpmax.etc`
29
`Options/RandomOptions_29_aura_hpregen.etc`
30
`Options/RandomOptions_30_aura_equphysical.etc`
31
`Options/RandomOptions_31_aura_equmagical.etc`
32
`Options/RandomOptions_32_aura_physicalattack.etc`
33
`Options/RandomOptions_33_aura_magicalattack.etc`
34
`Options/RandomOptions_34_aura_physicalcritical.etc`
35
`Options/RandomOptions_35_aura_magicalcritical.etc`
36
`Options/RandomOptions_36_aura_physicaldefense.etc`
37
`Options/RandomOptions_37_aura_magicaldefense.etc`
38
`Options/RandomOptions_38_aura_attackspeed.etc`
39
`Options/RandomOptions_39_aura_castspeed.etc`
40
`Options/RandomOptions_40_aura_movespeed.etc`
41
`Options/RandomOptions_41_attackspeed.etc`
42
`Options/RandomOptions_42_castspeed.etc`
43
`Options/RandomOptions_43_movekspeed.etc`
44
`Options/RandomOptions_44_allresistance.etc`
45
`Options/RandomOptions_45_absolutebeast_plus.etc`
46
`Options/RandomOptions_46_absolutebeast_percent.etc`
51
`Options/RandomOptions_51_absoluteundead_plus.etc`
52
`Options/RandomOptions_52_absoluteundead_percent.etc`
53
`Options/RandomOptions_53_absolutedevil_plus.etc`
54
`Options/RandomOptions_54_absolutedevil_percent.etc`
55
`Options/RandomOptions_55_absolutespirit_plus.etc`
56
`Options/RandomOptions_56_absolutespirit_percent.etc`
57
`Options/RandomOptions_57_absolutedragon_plus.etc`
58
`Options/RandomOptions_58_absolutedragon_percent.etc`
60
`Options/RandomOptions_60_haste.etc`
61
`Options/RandomOptions_61_weaponbreak.etc`
62
`Options/RandomOptions_62_armorbreak.etc`
63
`Options/RandomOptions_63_disenchant.etc`
64
`Options/RandomOptions_64_increase.etc`
65
`Options/RandomOptions_65_absolute_plus.etc`
66
`Options/RandomOptions_66_absolute_percent.etc`
67
`Options/RandomOptions_67_separate.etc`
240
`Options/RandomOptions_240_fireattack.etc`
241
`Options/RandomOptions_241_waterattack.etc`
242
`Options/RandomOptions_242_darkattack.etc`
243
`Options/RandomOptions_243_lightattack.etc`
244
`Options/RandomOptions_244_fireelement.etc`
245
`Options/RandomOptions_245_waterelement.etc`
246
`Options/RandomOptions_246_darkelement.etc`
247
`Options/RandomOptions_247_lightelement.etc`
70
`Options/RandomOptions_70_physicalattack.etc`
71
`Options/RandomOptions_71_magicalattack.etc`
72
`Options/RandomOptions_72_physicaldefense.etc`
73
`Options/RandomOptions_73_magicaldefense.etc`
74
`Options/RandomOptions_74_hpmax.etc`
75
`Options/RandomOptions_75_mpmax.etc`
76
`Options/RandomOptions_76_stuck.etc`
77
`Options/RandomOptions_77_stuckresistance.etc`
80
`Options/RandomOptions_80_physicalcriticalhit.etc`
81
`Options/RandomOptions_81_magicalcriticalhit.etc`
82
`Options/RandomOptions_82_aura_hpmax.etc`
83
`Options/RandomOptions_83_aura_hpregen.etc`
84
`Options/RandomOptions_84_aura_equphysicaldefense.etc`
85
`Options/RandomOptions_85_aura_physicalattack.etc`
86
`Options/RandomOptions_86_aura_magicalattack.etc`
87
`Options/RandomOptions_87_aura_physicalcritical.etc`
88
`Options/RandomOptions_88_aura_magicalcritical.etc`
89
`Options/RandomOptions_89_aura_physicaldefense.etc`
90
`Options/RandomOptions_90_aura_magicaldefense.etc`
96
`Options/RandomOptions_96_stuck.etc`
97
`Options/RandomOptions_97_stuckresistance.etc`
100
`Options/RandomOptions_100_physicalattack.etc`
101
`Options/RandomOptions_101_magicalattack.etc`
102
`Options/RandomOptions_102_physicaldefense.etc`
103
`Options/RandomOptions_103_magicaldefense.etc`
104
`Options/RandomOptions_104_hpmax.etc`
105
`Options/RandomOptions_105_mpmax.etc`
106
`Options/RandomOptions_106_physicalcriticalhit.etc`
107
`Options/RandomOptions_107_magicalcriticalhit.etc`
108
`Options/RandomOptions_108_aura_hpmax.etc`
109
`Options/RandomOptions_109_aura_hpregen.etc`
110
`Options/RandomOptions_110_aura_equmagicaldefense.etc`
111
`Options/RandomOptions_111_aura_physicalattack.etc`
112
`Options/RandomOptions_112_aura_magicalattack.etc`
113
`Options/RandomOptions_113_aura_physicalcritical.etc`
114
`Options/RandomOptions_114_aura_magicalcritical.etc`
115
`Options/RandomOptions_115_aura_physicaldefense.etc`
116
`Options/RandomOptions_116_aura_magicaldefense.etc`
117
`Options/RandomOptions_117_fireresistance.etc`
118
`Options/RandomOptions_118_waterresistance.etc`
119
`Options/RandomOptions_119_lightresistance.etc`
120
`Options/RandomOptions_120_darkresistance.etc`
130
`Options/RandomOptions_130_attackspeed.etc`
131
`Options/RandomOptions_131_castspeed.etc`
132
`Options/RandomOptions_132_movekspeed.etc`
133
`Options/RandomOptions_133_allresistance.etc`
134
`Options/RandomOptions_134_allelementalresistance.etc`
140
`Options/RandomOptions_140_physicalattack.etc`
141
`Options/RandomOptions_141_magicalattack.etc`
142
`Options/RandomOptions_142_physicaldefense.etc`
143
`Options/RandomOptions_143_magicaldefense.etc`
144
`Options/RandomOptions_144_hpmax.etc`
145
`Options/RandomOptions_145_mpmax.etc`
150
`Options/RandomOptions_150_physicalcriticalhit.etc`
151
`Options/RandomOptions_151_magicalcriticalhit.etc`
152
`Options/RandomOptions_152_stuck.etc`
153
`Options/RandomOptions_153_stuckresistance.etc`