#PVF_File

1
`Faras.wrd`
2
`Pentabas.wrd`
3
`Phoenix.wrd`
4
`Elbon.wrd`
5
`Nazarl.wrd`
6
`Valefor.wrd`
7
`Charp.wrd`
8
`Halphas.wrd`
9
`Zagan.wrd`
10
`Raum.wrd`
11
`Glasya.wrd`
12
`belz.wrd`
13
`belzebe.wrd`
14
`belzebuite.wrd`
15
`Botis.wrd`
16
`Marbas.wrd`
17
`Balam.wrd`
18
`Haagenti.wrd`
19
`Berith.wrd`
20
`Bobo.wrd`
21
`Amy.wrd`
22
`BronzePig.wrd`
23
`SilverPig.wrd`
24
`GoldPig.wrd`
25
`Petit_Tiger.wrd`
26
`Petit_Assaulter.wrd`
27
`Petit_Marpissa.wrd`
28
`Petit_Skeleton.wrd`
29
`Petit_Alex.wrd`
30
`rat_male.wrd`
31
`rat_female.wrd`
32
`earth_goblin.wrd`
33
`earth_goblin.wrd`
34
`spirit_goblin.wrd`
37
`red_rudolph.wrd`
38
`blue_rudolph.wrd`
39
`green_dragon.wrd`
40
`blue_dragon.wrd`
41
`stout_koreanox.wrd`
42
`stout_koreanox.wrd`
43
`red_lotus.wrd`
44
`blue_lotus.wrd`
45
`redsnatchingpanda.wrd`
46
`bluesnatchingpanda.wrd`
47
`stout_koreanox.wrd`
48
`sledge_rudolph_blue.wrd`
49
`sledge_rudolph_red.wrd`
50
`fire_dragon.wrd`
51
`ice_dragon.wrd`
52
`strong_little_tiger.wrd`
53
`swift_little_tiger.wrd`
54
`Unicorn.wrd`
55
`ShiningUnicorn.wrd`
56
`LovelyUnicorn.wrd`
57
`reva_soul.wrd`
58
`reva_nenma.wrd`
59
`reva_ranger.wrd`
60
`reva_witch.wrd`
61
`reva_crusader.wrd`
62
`reva_necro.wrd`
67
`bonnybunny.wrd`
68
`launchergirl_red.wrd`
69
`launchergirl_blue.wrd`
75
`Amy.wrd`
76
`Petit_Alex.wrd`
77
`Petit_Assaulter.wrd`
78
`Petit_Tiger.wrd`
85
`GirlsDay.wrd`
107
`ignis.wrd`
108
`aquajello.wrd`
116
`ashcore.wrd`
117
`itrenog.wrd`
118
`nemaug.wrd`
119
`nagor.wrd`
120
`hellhound.wrd`
121
`tw_bluebird.wrd`
122
`woodendoll.wrd`
123
`pinocchio_period.wrd`
124
`pinocchio.wrd`
125
`pinocchio.wrd`
126
`pinocchia_period.wrd`
127
`pinocchia.wrd`
128
`pinocchia.wrd`
129
`pinocchio.wrd`
130
`pinocchio.wrd`
131
`pinocchia.wrd`
132
`pinocchia.wrd`
143
`petit_princess_period.wrd`
144
`petit_bebe_period.wrd`
145
`petit_princess.wrd`
146
`petit_bebe.wrd`
157
`artbook_creature.wrd`
158
`SDCharacter_ATFighter_KR.wrd`
159
`SDCharacter_ATGunner_KR.wrd`
160
`SDCharacter_ATMage_KR.wrd`
161
`SDCharacter_Creator_KR.wrd`
162
`SDCharacter_DarkKnight_KR.wrd`
163
`SDCharacter_Fighter_KR.wrd`
164
`SDCharacter_Gunner_KR.wrd`
165
`SDCharacter_Mage_KR.wrd`
166
`SDCharacter_Priest_KR.wrd`
167
`SDCharacter_SwordMan_KR.wrd`
168
`SDCharacter_Thief_KR.wrd`
169
`Amy.wrd`
177
`SDCharacter_ATSwordMan_KR.wrd`