#PVF_File

1
`IndependentDrop/1_Magneus_normal.etc`
2
`IndependentDrop/2_Magneus_expert.etc`
3
`IndependentDrop/3_Magneus_master.etc`
4
`IndependentDrop/4_Magneus_king.etc`
5
`IndependentDrop/5_Magneus_normal2.etc`
6
`IndependentDrop/6_Magneus_expert2.etc`
7
`IndependentDrop/7_Magneus_master2.etc`
8
`IndependentDrop/8_Magneus_king2.etc`
9
`IndependentDrop/9_Megaira_normal.etc`
10
`IndependentDrop/10_Megaira_expert.etc`
11
`IndependentDrop/11_Megaira_master.etc`
12
`IndependentDrop/12_Megaira_king.etc`
13
`IndependentDrop/13_Megaira_normal2.etc`
14
`IndependentDrop/14_Megaira_expert2.etc`
15
`IndependentDrop/15_Megaira_master2.etc`
16
`IndependentDrop/16_Megaira_king2.etc`
17
`IndependentDrop/17_Basilisk_normal.etc`
18
`IndependentDrop/18_Basilisk_expert.etc`
19
`IndependentDrop/19_Basilisk_master.etc`
20
`IndependentDrop/20_Basilisk_king.etc`
21
`IndependentDrop/21_Basilisk_normal2.etc`
22
`IndependentDrop/22_Basilisk_expert2.etc`
23
`IndependentDrop/23_Basilisk_master2.etc`
24
`IndependentDrop/24_Basilisk_king2.etc`
25
`IndependentDrop/25_Dragon_man_normal.etc`
26
`IndependentDrop/26_Dragon_man_expert.etc`
27
`IndependentDrop/27_Dragon_man_master.etc`
28
`IndependentDrop/28_Dragon_man_king.etc`
29
`IndependentDrop/29_Dragon_man_normal2.etc`
30
`IndependentDrop/30_Dragon_man_expert2.etc`
31
`IndependentDrop/31_Dragon_man_master2.etc`
32
`IndependentDrop/32_Dragon_man_king2.etc`
33
`IndependentDrop/33_Bitbusty_normal.etc`
34
`IndependentDrop/34_Bitbusty_expert.etc`
35
`IndependentDrop/35_Bitbusty_master.etc`
36
`IndependentDrop/36_Bitbusty_king.etc`
37
`IndependentDrop/37_Bitbusty_normal2.etc`
38
`IndependentDrop/38_Bitbusty_expert2.etc`
39
`IndependentDrop/39_Bitbusty_master2.etc`
40
`IndependentDrop/40_Bitbusty_king2.etc`
41
`IndependentDrop/41_Gashengrigun_normal.etc`
42
`IndependentDrop/42_Gashengrigun_expert.etc`
43
`IndependentDrop/43_Gashengrigun_master.etc`
44
`IndependentDrop/44_Gashengrigun_king.etc`
45
`IndependentDrop/45_Gashengrigun_normal2.etc`
46
`IndependentDrop/46_Gashengrigun_expert2.etc`
47
`IndependentDrop/47_Gashengrigun_master2.etc`
48
`IndependentDrop/48_Gashengrigun_king2.etc`
49
`IndependentDrop/49_Jeff_normal.etc`
50
`IndependentDrop/50_Jeff_expert.etc`
51
`IndependentDrop/51_Jeff_master.etc`
52
`IndependentDrop/52_Jeff_king.etc`
53
`IndependentDrop/53_Jeff_normal2.etc`
54
`IndependentDrop/54_Jeff_expert2.etc`
55
`IndependentDrop/55_Jeff_master2.etc`
56
`IndependentDrop/56_Jeff_king2.etc`
57
`IndependentDrop/57_GuardianMaster_normal.etc`
58
`IndependentDrop/58_GuardianMaster_expert.etc`
59
`IndependentDrop/59_GuardianMaster_master.etc`
60
`IndependentDrop/60_GuardianMaster_king.etc`
61
`IndependentDrop/61_GuardianMaster_normal2.etc`
62
`IndependentDrop/62_GuardianMaster_expert2.etc`
63
`IndependentDrop/63_GuardianMaster_master2.etc`
64
`IndependentDrop/64_GuardianMaster_king2.etc`
65
`IndependentDrop/65_Glig_normal.etc`
66
`IndependentDrop/66_Glig_expert.etc`
67
`IndependentDrop/67_Glig_master.etc`
68
`IndependentDrop/68_Glig_king.etc`
69
`IndependentDrop/69_Glig_normal2.etc`
70
`IndependentDrop/70_Glig_expert2.etc`
71
`IndependentDrop/71_Glig_master2.etc`
72
`IndependentDrop/72_Glig_king2.etc`
73
`IndependentDrop/73_GoblinCannon_normal.etc`
74
`IndependentDrop/74_GoblinCannon_expert.etc`
75
`IndependentDrop/75_GoblinCannon_master.etc`
76
`IndependentDrop/76_GoblinCannon_king.etc`
77
`IndependentDrop/77_GoblinCannon_normal2.etc`
78
`IndependentDrop/78_GoblinCannon_expert2.etc`
79
`IndependentDrop/79_GoblinCannon_master2.etc`
80
`IndependentDrop/80_GoblinCannon_king2.etc`
81
`IndependentDrop/81_Golgo_normal.etc`
82
`IndependentDrop/82_Golgo_expert.etc`
83
`IndependentDrop/83_Golgo_master.etc`
84
`IndependentDrop/84_Golgo_king.etc`
85
`IndependentDrop/85_Golgo_normal2.etc`
86
`IndependentDrop/86_Golgo_expert2.etc`
87
`IndependentDrop/87_Golgo_master2.etc`
88
`IndependentDrop/88_Golgo_king2.etc`
89
`IndependentDrop/89_Basilisk_normal_recipe.etc`
90
`IndependentDrop/90_Basilisk_expert_recipe.etc`
91
`IndependentDrop/91_Basilisk_master_recipe.etc`
92
`IndependentDrop/92_Basilisk_king_recipe.etc`
93
`IndependentDrop/93_Gashengrigun_normal_recipe.etc`
94
`IndependentDrop/94_Gashengrigun_expert_recipe.etc`
95
`IndependentDrop/95_Gashengrigun_master_recipe.etc`
96
`IndependentDrop/96_Gashengrigun_king_recipe.etc`
97
`IndependentDrop/97_Golgo_normal_recipe.etc`
98
`IndependentDrop/98_Golgo_expert_recipe.etc`
99
`IndependentDrop/99_Golgo_master_recipe.etc`
100
`IndependentDrop/100_Golgo_king_recipe.etc`
101
`IndependentDrop/101_bakal_normal.etc`
102
`IndependentDrop/102_bakal_expert.etc`
103
`IndependentDrop/103_bakal_master.etc`
104
`IndependentDrop/104_bakal_king.etc`
105
`IndependentDrop/105_dark_dragon_nagor_normal.etc`
106
`IndependentDrop/106_dark_dragon_nagor_expert.etc`
107
`IndependentDrop/107_dark_dragon_nagor_master.etc`
108
`IndependentDrop/108_dark_dragon_nagor_king.etc`
112
`IndependentDrop/112_Gold_dragon_king.etc`
116
`IndependentDrop/116_itrenog_king.etc`
117
`IndependentDrop/117_red_dragon_normal.etc`
118
`IndependentDrop/118_red_dragon_expert.etc`
119
`IndependentDrop/119_red_dragon_master.etc`
120
`IndependentDrop/120_red_dragon_king.etc`
124
`IndependentDrop/124_astaroth_king.etc`
125
`IndependentDrop/125_Berias_normal.etc`
126
`IndependentDrop/126_Beriasexpert.etc`
127
`IndependentDrop/127_Berias_master.etc`
128
`IndependentDrop/128_Berias_king.etc`
129
`IndependentDrop/129_michaela_normal.etc`
130
`IndependentDrop/130_michaela_expert.etc`
131
`IndependentDrop/131_michaela_master.etc`
132
`IndependentDrop/132_michaela_king.etc`
133
`IndependentDrop/133_ozma_normal.etc`
134
`IndependentDrop/134_ozma_expert.etc`
135
`IndependentDrop/135_ozma_master.etc`
136
`IndependentDrop/136_ozma_king.etc`
140
`IndependentDrop/140_Tiamat_king.etc`
141
`IndependentDrop/141_check_trap_normal.etc`
142
`IndependentDrop/142_check_trap_expert.etc`
143
`IndependentDrop/143_check_trap_master.etc`
144
`IndependentDrop/144_check_trap_king.etc`
145
`IndependentDrop/145_Gaunis_normal.etc`
146
`IndependentDrop/146_Gaunis_expert.etc`
147
`IndependentDrop/147_Gaunis_master.etc`
148
`IndependentDrop/148_Gaunis_king.etc`
152
`IndependentDrop/152_insent_king.etc`
156
`IndependentDrop/156_swaycle_king.etc`
157
`IndependentDrop/157_vanish_normal.etc`
158
`IndependentDrop/158_vanish_expert.etc`
159
`IndependentDrop/159_vanish_master.etc`
160
`IndependentDrop/160_vanish_king.etc`