#PVF_File

1
`act1/lorien.dgn`
2
`act1/lorieninside.dgn`
3
`act1/mirkwood.dgn`
4
`act1/mirkwooddeep.dgn`
5
`act1/sunderland.dgn`
6
`act1/sunderlandpoison.dgn`
7
`act1/grakkarak.dgn`
8
`act1/grakkarakburning.dgn`
9
`act1/mirkwoodfrost.dgn`
10
`act1/lorien_copy.dgn`
11
`act2/draconiantower.dgn`
12
`act2/hallofdoll.dgn`
13
`act2/golemtower.dgn`
14
`act2/darkentrance.dgn`
15
`act2/palaceofload.dgn`
17
`act2/floatingcastle.dgn`
21
`act3/outerwall.dgn`
22
`act3/jungle.dgn`
23
`act3/darkhell.dgn`
24
`act3/whitenight.dgn`
25
`act3/1stbackbone.dgn`
26
`act3/2ndbackbone.dgn`
27
`act3/bloodhell.dgn`
31
`act4/shallowkeep.dgn`
32
`act4/marpissalair.dgn`
33
`act4/kingsruins.dgn`
34
`act4/magmacave.dgn`
35
`act4/darkelfcemetary.dgn`
36
`act4/underfoot.dgn`
37
`act4/shadowmaze.dgn`
40
`act5/charnakridge.dgn`
41
`act5/theboywithcoldheart.dgn`
42
`act5/ricuceiling.dgn`
43
`act5/whiteland.dgn`
44
`act5/icepalace.dgn`
45
`act5/scasalair.dgn`
50
`act6/astraythief.dgn`
51
`act6/villageoftemptation.dgn`
52
`act6/danceingbutterfly.dgn`
53
`act6/suspiciousvillage.dgn`
60
`village/cartelarad/odesa.dgn`
61
`village/cartelarad/grozni.dgn`
62
`impossible/goblinkingdom.dgn`
63
`impossible/activeskycastle.dgn`
64
`impossible/ranjerusdogs.dgn`
65
`impossible/bakalcastle.dgn`
66
`impossible/cosmofiend.dgn`
67
`impossible/blackearth.dgn`
70
`timegate/conflagration.dgn`
71
`timegate/epidemic.dgn`
72
`timegate/formacartel.dgn`
73
`timegate/black_church.dgn`
74
`timegate/topsecretarea.dgn`
75
`timegate/oldscreamingcave.dgn`
76
`timegate/beginning.dgn`
77
`timegate/consciousness.dgn`
80
`act7/outergent.dgn`
81
`act7/genteastgate.dgn`
82
`act7/gentsouthgate.dgn`
83
`act7/nightassault.dgn`
84
`act7/supplycut.dgn`
85
`act7/counterattack.dgn`
86
`act8/pirateonthetrain.dgn`
87
`act8/seatrainretaking.dgn`
88
`act7/gentnorthgate.dgn`
89
`act7/gentdefence.dgn`
90
`act3/breeding.dgn`
91
`act3/goddesstemple.dgn`
92
`act8/haze.dgn`
93
`act8/arden.dgn`
100
`southerndale/grimseeker.dgn`
101
`act9/kohlepowerstation.dgn`
102
`act9/fruz_station.dgn`
103
`act9/trombe.dgn`
104
`act9/grandine.dgn`
110
`village/gbl/gbl_branchofarad.dgn`
111
`village/gbl/gbl_laboratory.dgn`
112
`village/gbl/gbl_hatchery.dgn`
120
`shonantournament/yellowdragon.dgn`
121
`shonantournament/bluedragon.dgn`
140
`village/moonlightpub/aganzo.dgn`
141
`act5/bwanga.dgn`
200
`riskdungeon/r_kingsruins.dgn`
201
`riskdungeon/r_vilmark.dgn`
202
`riskdungeon/r_screamingcave.dgn`
203
`riskdungeon/r_noirpera.dgn`
204
`riskdungeon/r_ghosttrain.dgn`
205
`riskdungeon/r_leshphon.dgn`
206
`riskdungeon/r_cartelcommand.dgn`
500
`quest/training.dgn`
501
`quest/captainscabin.dgn`
502
`quest/steelscales.dgn`
503
`quest/deadmoon.dgn`
504
`quest/middleocean.dgn`
505
`quest/training_striker.dgn`
506
`quest/deadmoon_avenger2.dgn`
507
`quest/training_asura.dgn`
508
`quest/training_weaponmaster.dgn`
509
`quest/deadmoon_summoner1.dgn`
510
`quest/deadmoon_summoner2.dgn`
511
`quest/training2.dgn`
512
`quest/deadmoon_elemental.dgn`
513
`quest/deadmoon_witch.dgn`
514
`quest/deadmoon_avenger1.dgn`
515
`quest/timegate.dgn`
516
`quest/fairyforest.dgn`
517
`quest/lawlessdistrict.dgn`
518
`quest/tangledtimegate.dgn`
519
`quest/iristime.dgn`
520
`quest/irisconsciousness.dgn`
521
`quest/deadmoon_new.dgn`
522
`quest/energyisolator.dgn`
1000
`act1/sunderlanddark.dgn`
1500
`ancient/vilmark.dgn`
1501
`ancient/screamingcave.dgn`
1502
`ancient/noirpera.dgn`
1504
`ancient/ghosttrain.dgn`
1506
`ancient/leshphon.dgn`
1507
`ancient/cartelcommand.dgn`
2000
`warroom/grenselos20-30.dgn`
2001
`warroom/grenselos30-40.dgn`
2002
`warroom/grenselos40-50.dgn`
2003
`warroom/grenselos50-60.dgn`
2004
`warroom/grenselos60-70.dgn`
3001
`event/bluemarble/3001.dgn`
3002
`event/bluemarble/3002.dgn`
3003
`event/bluemarble/3003.dgn`
3004
`event/bluemarble/3004.dgn`
3005
`event/bluemarble/3005.dgn`
3006
`event/bluemarble/3006.dgn`
3007
`event/bluemarble/3007.dgn`
3008
`event/bluemarble/3008.dgn`
3009
`event/bluemarble/3009.dgn`
3010
`event/bluemarble/3010.dgn`
3011
`event/bluemarble/3011.dgn`
3012
`event/bluemarble/3012.dgn`
3013
`event/bluemarble/3013.dgn`
3014
`event/bluemarble/3014.dgn`
3015
`event/bluemarble/3015.dgn`
3016
`event/bluemarble/3016.dgn`
3017
`event/bluemarble/3017.dgn`
3018
`event/bluemarble/3018.dgn`
3019
`event/bluemarble/3019.dgn`
3020
`event/bluemarble/3020.dgn`
3021
`event/bluemarble/3021.dgn`
3022
`event/bluemarble/3022.dgn`
3023
`event/bluemarble/3023.dgn`
3024
`event/bluemarble/3024.dgn`
3025
`event/bluemarble/3025.dgn`
3026
`event/bluemarble/3026.dgn`
3027
`event/bluemarble/3027.dgn`
3028
`event/bluemarble/3028.dgn`
3029
`event/bluemarble/3029.dgn`
3030
`event/bluemarble/3030.dgn`
3031
`event/bluemarble/3031.dgn`
3032
`event/bluemarble/3032.dgn`
3033
`event/bluemarble/3033.dgn`
3034
`event/bluemarble/3034.dgn`
3035
`event/bluemarble/3035.dgn`
3036
`event/bluemarble/3036.dgn`
3037
`event/bluemarble/3037.dgn`
3038
`event/bluemarble/3038.dgn`
3039
`event/bluemarble/3039.dgn`
3040
`event/bluemarble/3040.dgn`
3041
`event/bluemarble/3041.dgn`
3042
`event/bluemarble/3042.dgn`
3043
`event/bluemarble/3043.dgn`
3044
`event/bluemarble/3044.dgn`
3045
`event/bluemarble/3045.dgn`
3046
`event/bluemarble/kick.dgn`
3047
`event/bluemarble/aganzo.dgn`
3048
`event/bluemarble/lorien.dgn`
3505
`towers/towerofboss.dgn`
3506
`globaltutorial/globaltutorial.dgn`
3511
`advancealtar/advancealtar_stage_01.dgn`
3512
`advancealtar/advancealtar_stage_02.dgn`
3513
`advancealtar/advancealtar_stage_03.dgn`
3514
`advancealtar/advancealtar_stage_04.dgn`
3515
`advancealtar/advancealtar_stage_05.dgn`
3516
`advancealtar/advancealtar_stage_06.dgn`
3517
`advancealtar/advancealtar_stage_07.dgn`
3518
`advancealtar/advancealtar_stage_08.dgn`
3519
`advancealtar/advancealtar_stage_09.dgn`
3520
`advancealtar/advancealtar_stage_10.dgn`
3521
`advancealtar/advancealtar_stage_11.dgn`
3522
`advancealtar/advancealtar_stage_12.dgn`
3523
`advancealtar/advancealtar_survival_01.dgn`
3536
`event/chn_dragon_dungeon/chn_dragon_dungeon_01_tranning_area.dgn`
3537
`event/chn_dragon_dungeon/chn_dragon_dungeon_02_in_cave.dgn`
3538
`event/chn_dragon_dungeon/chn_dragon_dungeon_03_dragon_nest.dgn`
3539
`event/chn_dragon_dungeon/chn_dragon_dungeon_03_time.dgn`
3540
`event/chn_dragon_dungeon/chn_dragon_dungeon_03_event.dgn`
3700
`tau_kingdom/tau_kingdom.dgn`
5000
`poongjintrainingroom/poongjintrainingroom.dgn`
10000
`tutorial/tutorial.dgn`
10001
`tutorial/tutorial_timegate.dgn`
10002
`tutorial/tutorial_timegate2.dgn`
11000
`towers/towerofdeath.dgn`
11001
`towers/towerofillusion.dgn`
11006
`towers/towerofbloodyfight4.dgn`
11007
`towers/towerofultimate.dgn`
11008
`towers/ztowerofdespair001.dgn`
11009
`towers/ztowerofdespair002.dgn`
11010
`towers/ztowerofdespair003.dgn`
11011
`towers/ztowerofdespair004.dgn`
11012
`towers/ztowerofdespair005.dgn`
11013
`towers/ztowerofdespair006.dgn`
11014
`towers/ztowerofdespair007.dgn`
11015
`towers/ztowerofdespair008.dgn`
11016
`towers/ztowerofdespair009.dgn`
11017
`towers/ztowerofdespair010.dgn`
11018
`towers/ztowerofdespair011.dgn`
11019
`towers/ztowerofdespair012.dgn`
11020
`towers/ztowerofdespair013.dgn`
11021
`towers/ztowerofdespair014.dgn`
11022
`towers/ztowerofdespair015.dgn`
11023
`towers/ztowerofdespair016.dgn`
11024
`towers/ztowerofdespair017.dgn`
11025
`towers/ztowerofdespair018.dgn`
11026
`towers/ztowerofdespair019.dgn`
11027
`towers/ztowerofdespair020.dgn`
11028
`towers/ztowerofdespair021.dgn`
11029
`towers/ztowerofdespair022.dgn`
11030
`towers/ztowerofdespair023.dgn`
11031
`towers/ztowerofdespair024.dgn`
11032
`towers/ztowerofdespair025.dgn`
11033
`towers/ztowerofdespair026.dgn`
11034
`towers/ztowerofdespair027.dgn`
11035
`towers/ztowerofdespair028.dgn`
11036
`towers/ztowerofdespair029.dgn`
11037
`towers/ztowerofdespair030.dgn`
11038
`towers/ztowerofdespair031.dgn`
11039
`towers/ztowerofdespair032.dgn`
11040
`towers/ztowerofdespair033.dgn`
11041
`towers/ztowerofdespair034.dgn`
11042
`towers/ztowerofdespair035.dgn`
11043
`towers/ztowerofdespair036.dgn`
11044
`towers/ztowerofdespair037.dgn`
11045
`towers/ztowerofdespair038.dgn`
11046
`towers/ztowerofdespair039.dgn`
11047
`towers/ztowerofdespair040.dgn`
11048
`towers/ztowerofdespair041.dgn`
11049
`towers/ztowerofdespair042.dgn`
11050
`towers/ztowerofdespair043.dgn`
11051
`towers/ztowerofdespair044.dgn`
11052
`towers/ztowerofdespair045.dgn`
11053
`towers/ztowerofdespair046.dgn`
11054
`towers/ztowerofdespair047.dgn`
11055
`towers/ztowerofdespair048.dgn`
11056
`towers/ztowerofdespair049.dgn`
11057
`towers/ztowerofdespair050.dgn`
11058
`towers/ztowerofdespair051.dgn`
11059
`towers/ztowerofdespair052.dgn`
11060
`towers/ztowerofdespair053.dgn`
11061
`towers/ztowerofdespair054.dgn`
11062
`towers/ztowerofdespair055.dgn`
11063
`towers/ztowerofdespair056.dgn`
11064
`towers/ztowerofdespair057.dgn`
11065
`towers/ztowerofdespair058.dgn`
11066
`towers/ztowerofdespair059.dgn`
11067
`towers/ztowerofdespair060.dgn`
11068
`towers/ztowerofdespair061.dgn`
11069
`towers/ztowerofdespair062.dgn`
11070
`towers/ztowerofdespair063.dgn`
11071
`towers/ztowerofdespair064.dgn`
11072
`towers/ztowerofdespair065.dgn`
11073
`towers/ztowerofdespair066.dgn`
11074
`towers/ztowerofdespair067.dgn`
11075
`towers/ztowerofdespair068.dgn`
11076
`towers/ztowerofdespair069.dgn`
11077
`towers/ztowerofdespair070.dgn`
11078
`towers/ztowerofdespair071.dgn`
11079
`towers/ztowerofdespair072.dgn`
11080
`towers/ztowerofdespair073.dgn`
11081
`towers/ztowerofdespair074.dgn`
11082
`towers/ztowerofdespair075.dgn`
11083
`towers/ztowerofdespair076.dgn`
11084
`towers/ztowerofdespair077.dgn`
11085
`towers/ztowerofdespair078.dgn`
11086
`towers/ztowerofdespair079.dgn`
11087
`towers/ztowerofdespair080.dgn`
11088
`towers/ztowerofdespair081.dgn`
11089
`towers/ztowerofdespair082.dgn`
11090
`towers/ztowerofdespair083.dgn`
11091
`towers/ztowerofdespair084.dgn`
11092
`towers/ztowerofdespair085.dgn`
11093
`towers/ztowerofdespair086.dgn`
11094
`towers/ztowerofdespair087.dgn`
11095
`towers/ztowerofdespair088.dgn`
11096
`towers/ztowerofdespair089.dgn`
11097
`towers/ztowerofdespair090.dgn`
11098
`towers/ztowerofdespair091.dgn`
11099
`towers/ztowerofdespair092.dgn`
11100
`towers/ztowerofdespair093.dgn`
11101
`towers/ztowerofdespair094.dgn`
11102
`towers/ztowerofdespair095.dgn`
11103
`towers/ztowerofdespair096.dgn`
11104
`towers/ztowerofdespair097.dgn`
11105
`towers/ztowerofdespair098.dgn`
11106
`towers/ztowerofdespair099.dgn`
11107
`towers/ztowerofdespair100.dgn`
20000
`villageattack/hendon_org_easy.dgn`
20001
`villageattack/hendon_org_normal.dgn`
20002
`villageattack/hendon_org_hard.dgn`
20003
`villageattack/hendon_org_special.dgn`
20004
`villageattack/hendon_city_easy.dgn`
20005
`villageattack/hendon_city_normal.dgn`
20006
`villageattack/hendon_city_hard.dgn`
20007
`villageattack/hendon_city_special.dgn`
20008
`villageattack/hendon_auction_easy.dgn`
20009
`villageattack/hendon_auction_normal.dgn`
20010
`villageattack/hendon_auction_hard.dgn`
20011
`villageattack/hendon_auction_special.dgn`
20012
`villageattack/westcoast_org_easy.dgn`
20013
`villageattack/westcoast_org_normal.dgn`
20014
`villageattack/westcoast_org_hard.dgn`
20015
`villageattack/westcoast_org_special.dgn`
20016
`villageattack/westcoast_magic_easy.dgn`
20017
`villageattack/westcoast_magic_normal.dgn`
20018
`villageattack/westcoast_magic_hard.dgn`
20019
`villageattack/westcoast_magic_special.dgn`
20020
`villageattack/hendon_org_ultimate.dgn`
20021
`villageattack/hendon_city_ultimate.dgn`
20022
`villageattack/hendon_auction_ultimate.dgn`
20023
`villageattack/westcoast_org_ultimate.dgn`
20024
`villageattack/westcoast_magic_ultimate.dgn`
