#PVF_File

1
`MapObject/ParticleFactory/ForgeSmoke.obj`
2
`MapObject/ParticleFactory/LeafShower.obj`
3
`MapObject/ParticleFactory/Rain.obj`
4
`MapObject/ParticleFactory/RainDrop.obj`
5
`MapObject/ParticleFactory/RayGround.obj`
6
`MapObject/ParticleFactory/Rays.obj`
7
`MapObject/ParticleFactory/FlameRain.obj`
8
`MapObject/ParticleFactory/Hail.obj`
9
`MapObject/ParticleFactory/HailDrop.obj`
13
`MapObject/ParticleFactory/OceanRay.obj`
14
`MapObject/ParticleFactory/OceanFish.obj`
15
`MapObject/ParticleFactory/OceanBallSmall.obj`
16
`MapObject/ParticleFactory/OceanBallMid.obj`
17
`MapObject/ParticleFactory/OceanBallLarge.obj`
18
`MapObject/ParticleFactory/OceanBallSoil.obj`
221
`MapObject/BreakableObject/Barrel.obj`
222
`MapObject/BreakableObject/TreasureBox.obj`
223
`MapObject/BreakableObject/ActionTree1Lorien.obj`
224
`MapObject/BreakableObject/ActionTree2Lorien.obj`
225
`MapObject/BreakableObject/ActionTree1Mirkwood.obj`
226
`MapObject/BreakableObject/ActionTree2Mirkwood.obj`
227
`MapObject/BreakableObject/ActionTree1Sunderland.obj`
228
`MapObject/BreakableObject/ActionTree2Sunderland.obj`
229
`MapObject/BreakableObject/ActionTree1GrakKarak.obj`
230
`MapObject/BreakableObject/ActionTree2GrakKarak.obj`
231
`MapObject/BreakableObject/ActionStonePillar.obj`
235
`MapObject/BreakableObject/SKYCASTLE_SquareBox.obj`
236
`MapObject/BreakableObject/EpicQuestRescueSeriaQuestCage.obj`
237
`MapObject/BreakableObject/EpicQuestRescueLorianQuestCage.obj`
238
`MapObject/BreakableObject/SKYCASTLE_SquareBoxGemed.obj`
239
`MapObject/BreakableObject/SKYCASTLE_SquareBoxPearled.obj`
240
`MapObject/BreakableObject/ActionFountain.obj`
1021
`MapObject/BreakableObject/DeadCoral.obj`
300
`MapObject/BreakableObject/CollectionBoxForLotus.obj`
770
`MapObject/BreakableObject/OuterWallLongChair.obj`
771
`MapObject/BreakableObject/OuterWallLongPot.obj`
772
`MapObject/BreakableObject/JungleLongChair.obj`
773
`MapObject/BreakableObject/JungleLongPot.obj`
774
`MapObject/BreakableObject/DarkhellLongChair.obj`
775
`MapObject/BreakableObject/DarkhellLongPot.obj`
776
`MapObject/BreakableObject/WhiteNightLongChair.obj`
777
`MapObject/BreakableObject/WhiteNightLongPot.obj`
778
`MapObject/BreakableObject/1stBackboneLongChair.obj`
779
`MapObject/BreakableObject/1stBackboneLongPot.obj`
780
`MapObject/BreakableObject/2ndBackboneLongChair.obj`
781
`MapObject/BreakableObject/2ndBackboneLongPot.obj`
800
`MapObject/BreakableObject/TreasurePot.obj`
801
`MapObject/Obstacle/MarbleStonePillar.obj`
802
`MapObject/BreakableObject/UNDERFOOT_BlackLotusStem.obj`
803
`MapObject/BreakableObject/UNDERFOOT_TreasureBox.obj`
804
`MapObject/BreakableObject/UNDERFOOT_TreeCross1.obj`
805
`MapObject/BreakableObject/UNDERFOOT_TreeCross2.obj`
806
`MapObject/BreakableObject/UNDERFOOT_TombStone.obj`
807
`MapObject/BreakableObject/UNDERFOOT_RedTombStone.obj`
808
`MapObject/BreakableObject/UNDERFOOT_KazanTombStone.obj`
809
`MapObject/BreakableObject/SKYCASTLE_Soldier.obj`
817
`MapObject/Trap/ShallowKeepFreezingLuna.obj`
2000
`MapObject/BreakableObject/Fairy/HPFairy.obj`
2001
`MapObject/BreakableObject/Fairy/HPFairy.obj`
2002
`MapObject/BreakableObject/Fairy/HPFairy.obj`
2010
`MapObject/BreakableObject/Fairy/HPFairy.obj`
2011
`MapObject/BreakableObject/Fairy/HPFairy.obj`
2012
`MapObject/BreakableObject/Fairy/HPFairy.obj`
2100
`MapObject/BreakableObject/Fairy/MPFairy.obj`
2101
`MapObject/BreakableObject/Fairy/MPFairy.obj`
2102
`MapObject/BreakableObject/Fairy/MPFairy.obj`
2110
`MapObject/BreakableObject/Fairy/MPFairy.obj`
2111
`MapObject/BreakableObject/Fairy/MPFairy.obj`
2112
`MapObject/BreakableObject/Fairy/MPFairy.obj`
2200
`MapObject/BreakableObject/Fairy/HPMPFairy.obj`
2201
`MapObject/BreakableObject/Fairy/HPMPFairy.obj`
2202
`MapObject/BreakableObject/Fairy/HPMPFairy.obj`
2210
`MapObject/BreakableObject/Fairy/HPMPFairy.obj`
2211
`MapObject/BreakableObject/Fairy/HPMPFairy.obj`
2212
`MapObject/BreakableObject/Fairy/HPMPFairy.obj`
2300
`MapObject/BreakableObject/Fairy/SuperArmorFairy.obj`
2301
`MapObject/BreakableObject/Fairy/SuperArmorFairy.obj`
2302
`MapObject/BreakableObject/Fairy/SuperArmorFairy.obj`
2310
`MapObject/BreakableObject/Fairy/SuperArmorFairy.obj`
2311
`MapObject/BreakableObject/Fairy/SuperArmorFairy.obj`
2312
`MapObject/BreakableObject/Fairy/SuperArmorFairy.obj`
2400
`MapObject/BreakableObject/Fairy/InvinsibleFairy.obj`
2401
`MapObject/BreakableObject/Fairy/InvinsibleFairy.obj`
2402
`MapObject/BreakableObject/Fairy/InvinsibleFairy.obj`
2410
`MapObject/BreakableObject/Fairy/InvinsibleFairy.obj`
2411
`MapObject/BreakableObject/Fairy/InvinsibleFairy.obj`
2412
`MapObject/BreakableObject/Fairy/InvinsibleFairy.obj`
2500
`MapObject/BreakableObject/Fairy/BlessFairy.obj`
2501
`MapObject/BreakableObject/Fairy/BlessFairy.obj`
2502
`MapObject/BreakableObject/Fairy/BlessFairy.obj`
2510
`MapObject/BreakableObject/Fairy/BlessFairy.obj`
2511
`MapObject/BreakableObject/Fairy/BlessFairy.obj`
2512
`MapObject/BreakableObject/Fairy/BlessFairy.obj`
2600
`MapObject/BreakableObject/Fairy/HasteFairy.obj`
2601
`MapObject/BreakableObject/Fairy/HasteFairy.obj`
2602
`MapObject/BreakableObject/Fairy/HasteFairy.obj`
2610
`MapObject/BreakableObject/Fairy/HasteFairy.obj`
2611
`MapObject/BreakableObject/Fairy/HasteFairy.obj`
2612
`MapObject/BreakableObject/Fairy/HasteFairy.obj`
4000
`MapObject/BreakableObject/Fairy/HPFairyFactory.obj`
4001
`MapObject/BreakableObject/Fairy/HPFairyFactory.obj`
4002
`MapObject/BreakableObject/Fairy/HPFairyFactory.obj`
4010
`MapObject/BreakableObject/Fairy/HPFairyFactory.obj`
4011
`MapObject/BreakableObject/Fairy/HPFairyFactory.obj`
4012
`MapObject/BreakableObject/Fairy/HPFairyFactory.obj`
4100
`MapObject/BreakableObject/Fairy/MPFairyFactory.obj`
4101
`MapObject/BreakableObject/Fairy/MPFairyFactory.obj`
4102
`MapObject/BreakableObject/Fairy/MPFairyFactory.obj`
4110
`MapObject/BreakableObject/Fairy/MPFairyFactory.obj`
4111
`MapObject/BreakableObject/Fairy/MPFairyFactory.obj`
4112
`MapObject/BreakableObject/Fairy/MPFairyFactory.obj`
4200
`MapObject/BreakableObject/Fairy/HPMPFairyFactory.obj`
4201
`MapObject/BreakableObject/Fairy/HPMPFairyFactory.obj`
4202
`MapObject/BreakableObject/Fairy/HPMPFairyFactory.obj`
4210
`MapObject/BreakableObject/Fairy/HPMPFairyFactory.obj`
4211
`MapObject/BreakableObject/Fairy/HPMPFairyFactory.obj`
4212
`MapObject/BreakableObject/Fairy/HPMPFairyFactory.obj`
4300
`MapObject/BreakableObject/Fairy/SuperArmorFairyFactory.obj`
4301
`MapObject/BreakableObject/Fairy/SuperArmorFairyFactory.obj`
4302
`MapObject/BreakableObject/Fairy/SuperArmorFairyFactory.obj`
4310
`MapObject/BreakableObject/Fairy/SuperArmorFairyFactory.obj`
4311
`MapObject/BreakableObject/Fairy/SuperArmorFairyFactory.obj`
4312
`MapObject/BreakableObject/Fairy/SuperArmorFairyFactory.obj`
4400
`MapObject/BreakableObject/Fairy/InvinsibleFairyFactory.obj`
4401
`MapObject/BreakableObject/Fairy/InvinsibleFairyFactory.obj`
4402
`MapObject/BreakableObject/Fairy/InvinsibleFairyFactory.obj`
4410
`MapObject/BreakableObject/Fairy/InvinsibleFairyFactory.obj`
4411
`MapObject/BreakableObject/Fairy/InvinsibleFairyFactory.obj`
4412
`MapObject/BreakableObject/Fairy/InvinsibleFairyFactory.obj`
4500
`MapObject/BreakableObject/Fairy/BlessFairyFactory.obj`
4501
`MapObject/BreakableObject/Fairy/BlessFairyFactory.obj`
4502
`MapObject/BreakableObject/Fairy/BlessFairyFactory.obj`
4510
`MapObject/BreakableObject/Fairy/BlessFairyFactory.obj`
4511
`MapObject/BreakableObject/Fairy/BlessFairyFactory.obj`
4512
`MapObject/BreakableObject/Fairy/BlessFairyFactory.obj`
4600
`MapObject/BreakableObject/Fairy/HasteFairyFactory.obj`
4601
`MapObject/BreakableObject/Fairy/HasteFairyFactory.obj`
4602
`MapObject/BreakableObject/Fairy/HasteFairyFactory.obj`
4610
`MapObject/BreakableObject/Fairy/HasteFairyFactory.obj`
4611
`MapObject/BreakableObject/Fairy/HasteFairyFactory.obj`
4612
`MapObject/BreakableObject/Fairy/HasteFairyFactory.obj`
4613
`MapObject/BreakableObject/Fairy/RandomFairyFactory.obj`
243
`MapObject/BreakableObject/LargeGrassLorien.obj`
244
`MapObject/BreakableObject/SmallGrassLorien.obj`
245
`MapObject/BreakableObject/LargeGrassMirkwood.obj`
246
`MapObject/BreakableObject/SmallGrassMirkwood.obj`
247
`MapObject/BreakableObject/LargeGrassSunderland.obj`
248
`MapObject/BreakableObject/SmallGrassSunderland.obj`
249
`MapObject/BreakableObject/LargeGrassGrakKarak.obj`
250
`MapObject/BreakableObject/SmallGrassGrakKarak.obj`
251
`MapObject/Trap/Swamp/Glass1.obj`
252
`MapObject/Trap/Swamp/Glass2.obj`
253
`MapObject/Trap/Swamp/Glass3.obj`
254
`MapObject/Trap/Swamp/Glass4.obj`
255
`MapObject/Trap/Swamp/Glass5.obj`
256
`MapObject/Trap/Swamp/Glass6.obj`
257
`MapObject/Trap/Swamp/Glass7.obj`
3000
`MapObject/Trap/Swamp/PoisonGlass1.obj`
3001
`MapObject/Trap/Swamp/PoisonGlass2.obj`
3002
`MapObject/Trap/Swamp/PoisonGlass3.obj`
3003
`MapObject/Trap/Swamp/PoisonGlass4.obj`
3004
`MapObject/Trap/Swamp/PoisonGlass5.obj`
3005
`MapObject/Trap/Swamp/PoisonGlass6.obj`
3006
`MapObject/Trap/Swamp/PoisonGlass7.obj`
258
`MapObject/BreakableObject/SeaGrass.obj`
261
`MapObject/Trap/CryPlant.obj`
262
`MapObject/Trap/RollingStone.obj`
263
`MapObject/Trap/RollingStoneRollingLeft.obj`
264
`MapObject/Trap/RollingStoneRollingRight.obj`
265
`Common/EarthFire.obj`
266
`Common/EarthFireL.obj`
267
`MapObject/Trap/Cage.obj`
268
`MapObject/Trap/Chandelier.obj`
269
`MapObject/Trap/MotorFanRight.obj`
270
`MapObject/Trap/Spiner.obj`
1000
`MapObject/Trap/SpaceFishLair.obj`
1001
`MapObject/Trap/BoneFloor.obj`
1002
`MapObject/Trap/BoneFloor.obj`
1003
`MapObject/Trap/BoneFloor.obj`
1004
`MapObject/Trap/BoneFloor.obj`
1005
`MapObject/Trap/BoneFloor.obj`
1006
`MapObject/Trap/HallucinationFlowerLeft.obj`
1007
`MapObject/Trap/HallucinationFlowerRight.obj`
1008
`MapObject/Trap/Swamp/SwampLarge.obj`
1009
`MapObject/Trap/Swamp/SwampMedium.obj`
1010
`MapObject/Trap/Swamp/SwampSmall.obj`
1011
`MapObject/Trap/Swamp/PoisonSwampLarge.obj`
1012
`MapObject/Trap/Swamp/PoisonSwampMedium.obj`
1013
`MapObject/Trap/Swamp/PoisonSwampSmall.obj`
1014
`MapObject/Trap/FloorNiddle.obj`
1015
`MapObject/Trap/GoblinBunker/GoblinBunker.obj`
1016
`MapObject/Trap/TwistFootHold.obj`
1017
`MapObject/Trap/RollingStoneSmall.obj`
1018
`MapObject/Trap/RollingStoneRollingLeftSmall.obj`
1019
`MapObject/Trap/RollingStoneRollingRightSmall.obj`
1020
`MapObject/Trap/MotorFanLeft.obj`
1022
`MapObject/Obstacle/Act2SFloor.obj`
1023
`MapObject/Trap/EntangleVineTrigger.obj`
1024
`MapObject/Trap/StarfishEgg.obj`
1025
`MapObject/Trap/SweepingLegOfLotus.obj`
1026
`MapObject/Trap/BellForZealots.obj`
1027
`MapObject/Trap/GravityChanger.obj`
1028
`MapObject/Trap/DroppingRockTrigger.obj`
1029
`MapObject/Trap/DroppingRock.obj`
1030
`MapObject/Trap/EntangleVineBranch.obj`
1031
`MapObject/Trap/Swamp/StarFishEggRequid.obj`
1032
`MapObject/Trap/SweepingLegOfLotusTrigger.obj`
1033
`MapObject/Trap/FlappingBanner.obj`
1034
`MapObject/Trap/GrabbingLegOfLotusTrigger.obj`
1035
`MapObject/Trap/CrystalPillar.obj`
1036
`MapObject/Trap/DragonHeadSide.obj`
1037
`MapObject/Trap/FlameDragonHeadSide.obj`
1038
`MapObject/Trap/NentanDragonHeadSide.obj`
1039
`MapObject/Trap/GasDragonHeadSide.obj`
1040
`MapObject/Trap/DragonHeadSideLeft.obj`
1041
`MapObject/Trap/FlameDragonHeadSideLeft.obj`
1042
`MapObject/Trap/NentanDragonHeadSideLeft.obj`
1043
`MapObject/Trap/GasDragonHeadSideLeft.obj`
1044
`MapObject/Trap/DragonHeadFront.obj`
1045
`MapObject/Trap/FlameDragonHeadFront.obj`
1046
`MapObject/Trap/NentanDragonHeadFront.obj`
1047
`MapObject/Trap/GasDragonHeadFront.obj`
1048
`MapObject/Trap/GoblinBunker/ThrowStone.obj`
1049
`MapObject/Trap/Swamp/UNDERFOOT_SwampMagma.obj`
1053
`MapObject/Trap/LightBulb.obj`
271
`MapObject/Obstacle/StonePillar0.obj`
272
`MapObject/Obstacle/SmallPillar0.obj`
273
`MapObject/Obstacle/BurntTree0.obj`
274
`MapObject/Obstacle/SmallTreeA0.obj`
275
`MapObject/Obstacle/SmallTreeB0.obj`
276
`MapObject/Obstacle/StoneHead0.obj`
281
`MapObject/Obstacle/StonePillar1.obj`
282
`MapObject/Obstacle/SmallPillar1.obj`
283
`MapObject/Obstacle/BurntTree1.obj`
284
`MapObject/Obstacle/SmallTreeA1.obj`
285
`MapObject/Obstacle/SmallTreeB1.obj`
286
`MapObject/Obstacle/StoneHead1.obj`
291
`MapObject/Obstacle/StonePillar2.obj`
292
`MapObject/Obstacle/SmallPillar2.obj`
293
`MapObject/Obstacle/BurntTree2.obj`
294
`MapObject/Obstacle/SmallTreeA2.obj`
295
`MapObject/Obstacle/SmallTreeB2.obj`
296
`MapObject/Obstacle/StoneHead2.obj`
301
`MapObject/Obstacle/StonePillar3.obj`
302
`MapObject/Obstacle/SmallPillar3.obj`
303
`MapObject/Obstacle/BurntTree3.obj`
304
`MapObject/Obstacle/SmallTreeA3.obj`
305
`MapObject/Obstacle/SmallTreeB3.obj`
306
`MapObject/Obstacle/StoneHead3.obj`
307
`MapObject/Obstacle/Act2Huddle1.obj`
308
`MapObject/Obstacle/Act2Huddle11.obj`
309
`MapObject/Obstacle/Act2Huddle2.obj`
310
`MapObject/Obstacle/Act2Huddle21.obj`
311
`MapObject/Obstacle/Act2poll1.obj`
312
`MapObject/Obstacle/Act2poll2.obj`
313
`MapObject/Obstacle/Act2GloemPiece1.obj`
314
`MapObject/Obstacle/Act2GloemPiece2.obj`
315
`MapObject/Obstacle/Act2GloemPiece3.obj`
316
`MapObject/Obstacle/Act2GloemPiece4.obj`
317
`MapObject/Obstacle/Act3_OuterWallalter.obj`
318
`MapObject/Obstacle/Act3_OuterWallsmallwall.obj`
319
`MapObject/Obstacle/Act3OuterWallFar.obj`
320
`MapObject/Obstacle/Act3OuterWallCloudUnderFar.obj`
321
`MapObject/Obstacle/Act3OuterWallCloudUnderMiddle1.obj`
322
`MapObject/Obstacle/Act3OuterWallCloudUnderMiddle2.obj`
323
`MapObject/Obstacle/Act3OuterWallCloudMiddle.obj`
324
`MapObject/Obstacle/Act3_Junglealter.obj`
325
`MapObject/Obstacle/Act3_Junglesmallwall.obj`
326
`MapObject/Obstacle/Act3JungleFar.obj`
327
`MapObject/Obstacle/Act3JungleCloudUnderFar.obj`
328
`MapObject/Obstacle/Act3JungleCloudUnderMiddle1.obj`
329
`MapObject/Obstacle/Act3JungleCloudUnderMiddle2.obj`
330
`MapObject/Obstacle/Act3JungleCloudMiddle.obj`
331
`MapObject/Obstacle/Act3_Darkhellalter.obj`
332
`MapObject/Obstacle/Act3_Darkhellsmallwall.obj`
333
`MapObject/Obstacle/Act3DarkhellFar.obj`
334
`MapObject/Obstacle/Act3DarkhellCloudUnderFar.obj`
335
`MapObject/Obstacle/Act3DarkhellCloudUnderMiddle1.obj`
336
`MapObject/Obstacle/Act3DarkhellCloudUnderMiddle2.obj`
337
`MapObject/Obstacle/Act3DarkhellCloudMiddle.obj`
700
`MapObject/Obstacle/Act3_WhiteNightalter.obj`
701
`MapObject/Obstacle/Act3_WhiteNightsmallwall.obj`
702
`MapObject/Obstacle/Act3WhiteNightFar.obj`
703
`MapObject/Obstacle/Act3WhiteNightCloudUnderFar.obj`
704
`MapObject/Obstacle/Act3WhiteNightCloudUnderMiddle1.obj`
705
`MapObject/Obstacle/Act3WhiteNightCloudUnderMiddle2.obj`
706
`MapObject/Obstacle/Act3WhiteNightCloudMiddle.obj`
707
`MapObject/Obstacle/Act3_1stBackbonealter.obj`
708
`MapObject/Obstacle/Act3_1stBackbonesmallwall.obj`
709
`MapObject/Obstacle/Act31stBackboneFar.obj`
710
`MapObject/Obstacle/Act31stBackboneCloudUnderFar.obj`
711
`MapObject/Obstacle/Act31stBackboneCloudUnderMiddle1.obj`
712
`MapObject/Obstacle/Act31stBackboneCloudUnderMiddle2.obj`
713
`MapObject/Obstacle/Act31stBackboneCloudMiddle.obj`
714
`MapObject/Obstacle/Act3_2ndBackbonealter.obj`
715
`MapObject/Obstacle/Act3_2ndBackbonesmallwall.obj`
716
`MapObject/Obstacle/Act32ndBackboneFar.obj`
717
`MapObject/Obstacle/Act32ndBackboneCloudUnderFar.obj`
718
`MapObject/Obstacle/Act32ndBackboneCloudUnderMiddle1.obj`
719
`MapObject/Obstacle/Act32ndBackboneCloudUnderMiddle2.obj`
720
`MapObject/Obstacle/Act32ndBackboneCloudMiddle.obj`
721
`MapObject/Obstacle/Act3Helipad.obj`
5000
`MapObject/Obstacle/Barrels.obj`
361
`MapObject/PathGate/LorienLeftNormal.obj`
362
`MapObject/PathGate/LorienLeftBoss.obj`
363
`MapObject/PathGate/LorienLeftWall.obj`
364
`MapObject/PathGate/LorienRightNormal.obj`
365
`MapObject/PathGate/LorienRightBoss.obj`
366
`MapObject/PathGate/LorienRightWall.obj`
367
`MapObject/PathGate/LorienUpNormal.obj`
368
`MapObject/PathGate/LorienUpBoss.obj`
369
`MapObject/PathGate/LorienDownNormal.obj`
370
`MapObject/PathGate/LorienDownBoss.obj`
371
`MapObject/PathGate/MirkwoodLeftNormal.obj`
372
`MapObject/PathGate/MirkwoodLeftBoss.obj`
373
`MapObject/PathGate/MirkwoodLeftWall.obj`
374
`MapObject/PathGate/MirkwoodRightNormal.obj`
375
`MapObject/PathGate/MirkwoodRightBoss.obj`
376
`MapObject/PathGate/MirkwoodRightWall.obj`
377
`MapObject/PathGate/MirkwoodUpNormal.obj`
378
`MapObject/PathGate/MirkwoodUpBoss.obj`
379
`MapObject/PathGate/MirkwoodDownNormal.obj`
380
`MapObject/PathGate/MirkwoodDownBoss.obj`
381
`MapObject/PathGate/SunderlandLeftNormal.obj`
382
`MapObject/PathGate/SunderlandLeftBoss.obj`
383
`MapObject/PathGate/SunderlandLeftWall.obj`
384
`MapObject/PathGate/SunderlandRightNormal.obj`
385
`MapObject/PathGate/SunderlandRightBoss.obj`
386
`MapObject/PathGate/SunderlandRightWall.obj`
387
`MapObject/PathGate/SunderlandUpNormal.obj`
388
`MapObject/PathGate/SunderlandUpBoss.obj`
389
`MapObject/PathGate/SunderlandDownNormal.obj`
390
`MapObject/PathGate/SunderlandDownBoss.obj`
391
`MapObject/PathGate/GrakKarakLeftNormal.obj`
392
`MapObject/PathGate/GrakKarakLeftBoss.obj`
393
`MapObject/PathGate/GrakKarakLeftWall.obj`
394
`MapObject/PathGate/GrakKarakRightNormal.obj`
395
`MapObject/PathGate/GrakKarakRightBoss.obj`
396
`MapObject/PathGate/GrakKarakRightWall.obj`
397
`MapObject/PathGate/GrakKarakUpNormal.obj`
398
`MapObject/PathGate/GrakKarakUpBoss.obj`
399
`MapObject/PathGate/GrakKarakDownNormal.obj`
400
`MapObject/PathGate/GrakKarakDownBoss.obj`
401
`MapObject/PathGate/Act2/01LeftNormal.obj`
402
`MapObject/PathGate/Act2/01LeftBoss.obj`
403
`MapObject/PathGate/Act2/01LeftWall.obj`
404
`MapObject/PathGate/Act2/01RightNormal.obj`
405
`MapObject/PathGate/Act2/01RightBoss.obj`
406
`MapObject/PathGate/Act2/01RightWall.obj`
407
`MapObject/PathGate/Act2/01UpNormal.obj`
408
`MapObject/PathGate/Act2/01UpBoss.obj`
409
`MapObject/PathGate/Act2/01DownNormal.obj`
410
`MapObject/PathGate/Act2/01DownBoss.obj`
411
`MapObject/PathGate/Act2/02LeftNormal.obj`
412
`MapObject/PathGate/Act2/02LeftBoss.obj`
413
`MapObject/PathGate/Act2/02LeftWall.obj`
414
`MapObject/PathGate/Act2/02RightNormal.obj`
415
`MapObject/PathGate/Act2/02RightBoss.obj`
416
`MapObject/PathGate/Act2/02RightWall.obj`
417
`MapObject/PathGate/Act2/02UpNormal.obj`
418
`MapObject/PathGate/Act2/02UpBoss.obj`
419
`MapObject/PathGate/Act2/02DownNormal.obj`
420
`MapObject/PathGate/Act2/02DownBoss.obj`
421
`MapObject/PathGate/Act2/03LeftNormal.obj`
422
`MapObject/PathGate/Act2/03LeftBoss.obj`
423
`MapObject/PathGate/Act2/03LeftWall.obj`
424
`MapObject/PathGate/Act2/03RightNormal.obj`
425
`MapObject/PathGate/Act2/03RightBoss.obj`
426
`MapObject/PathGate/Act2/03RightWall.obj`
427
`MapObject/PathGate/Act2/03UpNormal.obj`
428
`MapObject/PathGate/Act2/03UpBoss.obj`
429
`MapObject/PathGate/Act2/03DownNormal.obj`
430
`MapObject/PathGate/Act2/03DownBoss.obj`
431
`MapObject/PathGate/Act3/BehemothLeftNormal.obj`
432
`MapObject/PathGate/Act3/BehemothLeftBoss.obj`
433
`MapObject/PathGate/Act3/BehemothRightNormal.obj`
434
`MapObject/PathGate/Act3/BehemothRightBoss.obj`
435
`MapObject/PathGate/Act3/BehemothUpNormal.obj`
436
`MapObject/PathGate/Act3/BehemothUpBoss.obj`
437
`MapObject/PathGate/Act3/BehemothDownNormal.obj`
438
`MapObject/PathGate/Act3/BehemothDownBoss.obj`
439
`MapObject/PathGate/Act3/BehemothWallLeft.obj`
440
`MapObject/PathGate/Act3/BehemothWallRight.obj`
441
`MapObject/PathGate/Act4/01LeftNormal.obj`
442
`MapObject/PathGate/Act4/01LeftBoss.obj`
443
`MapObject/PathGate/Act4/01LeftWall.obj`
444
`MapObject/PathGate/Act4/01RightNormal.obj`
445
`MapObject/PathGate/Act4/01RightBoss.obj`
446
`MapObject/PathGate/Act4/01RightWall.obj`
447
`MapObject/PathGate/Act4/01UpNormal.obj`
448
`MapObject/PathGate/Act4/01UpBoss.obj`
449
`MapObject/PathGate/Act4/01DownNormal.obj`
450
`MapObject/PathGate/Act4/01DownBoss.obj`
20001
`Character/Swordman/NormalWave.obj`
20002
`Character/Swordman/IceWave1.obj`
20003
`Character/Swordman/IceWave2.obj`
20004
`Character/Swordman/IceWave3.obj`
20005
`Character/Swordman/IceWave4.obj`
20006
`Character/Swordman/IceWave5.obj`
20007
`Character/Swordman/IceWave6.obj`
20008
`Character/Swordman/FireWave.obj`
20009
`Character/Swordman/BlastBlood.obj`
20010
`Character/Swordman/BlastBloodSub.obj`
20011
`Character/Swordman/Khazan.obj`
20012
`Character/Swordman/Saya.obj`
20013
`Character/Swordman/Bremen.obj`
20014
`Character/Swordman/TombStoneRain.obj`
20015
`Character/Swordman/TombStone.obj`
20016
`Character/Swordman/AshenForkSub.obj`
20017
`Character/Swordman/GrabBlastBlood.obj`
20018
`Character/Swordman/ReleaseWave.obj`
20019
`Character/Swordman/GrandWave.obj`
21001
`Character/Fighter/SuplexSub.obj`
21002
`Character/Fighter/EnergyBall.obj`
21003
`Character/Fighter/EnergyBallSub.obj`
21004
`Character/Fighter/ThrowSand.obj`
21005
`Character/Fighter/RoarStun.obj`
21006
`Character/Fighter/EnergyField.obj`
21007
`Character/Fighter/SpiralNen.obj`
21008
`Character/Fighter/JumpSuplexSub.obj`
21009
`Character/Fighter/ClosePunchSub.obj`
21010
`Character/Fighter/NenGuard.obj`
21011
`Character/Fighter/ThunderBolt.obj`
21012
`Character/Fighter/PoweredSuplexSub.obj`
21013
`Character/Fighter/ThrowEnemySub.obj`
21014
`Character/Fighter/GrabExplosion.obj`
21015
`Character/Fighter/ThrowWeb.obj`
22001
`Character/Gunner/UpBulletRevolver.obj`
22002
`Character/Gunner/DownBulletRevolver.obj`
22003
`Character/Gunner/JumpBulletRevolver.obj`
22004
`Character/Gunner/UpBulletAutomatic.obj`
22005
`Character/Gunner/DownBulletAutomatic.obj`
22006
`Character/Gunner/JumpBulletAutomatic.obj`
22007
`Character/Gunner/UpBulletMusket.obj`
22008
`Character/Gunner/DownBulletMusket.obj`
22009
`Character/Gunner/JumpBulletMusket.obj`
22010
`Character/Gunner/UpBulletHandCannon.obj`
22011
`Character/Gunner/DownBulletHandCannon.obj`
22012
`Character/Gunner/JumpBulletHandCannon.obj`
22013
`Character/Gunner/UpBulletBowGun.obj`
22014
`Character/Gunner/DownBulletBowGun.obj`
22015
`Character/Gunner/JumpBulletBowGun.obj`
22016
`Character/Gunner/ExsViperBullet.obj`
22017
`Character/Gunner/SubWeaponBulletLaser.obj`
22200
`Character/Gunner/SubWeaponBulletGatling.obj`
22201
`Character/Gunner/SubWeaponBulletFlameThrower.obj`
22202
`Character/Gunner/SubWeaponBulletAerialGatling.obj`
22203
`Character/Gunner/SubWeaponBulletSteyr.obj`
22204
`Character/Gunner/SubWeaponBulletFlameThrowerBoost.obj`
22205
`Character/Gunner/DropBombFire.obj`
22206
`Character/Gunner/DropBombLight.obj`
22207
`Character/Gunner/TreadShootSub.obj`
22208
`Common/LightExplosion.obj`
23001
`Character/Mage/Decoy.obj`
23002
`Character/Mage/ChaserDefault.obj`
23003
`Character/Mage/ChaserFire.obj`
23004
`Character/Mage/ChaserWater.obj`
23005
`Character/Mage/ChaserDark.obj`
23006
`Character/Mage/ChaserLight.obj`
23007
`Character/Mage/MagicMissile.obj`
23008
`Character/Mage/LaunchJOL.obj`
23009
`Character/Mage/LaunchFrostHead.obj`
23010
`Character/Mage/LaunchFluorescent.obj`
23011
`Character/Mage/LaunchBlackCat.obj`
30001
`Monster/Goblin/ThrowStone.obj`
30002
`Monster/Golem/STGolemBullet.obj`
30003
`Monster/Hunter/HunterSpittle.obj`
30004
`Monster/Zombie/ZombieEye.obj`
30005
`Monster/Zombie/ZombieEyeExplode.obj`
30006
`Monster/Goblin/Bomb.obj`
30007
`Monster/Goblin/Suriken.obj`
30008
`Monster/Goblin/BombSub.obj`
30009
`Monster/Golem/BRGolemBullet.obj`
30010
`Monster/SpaceFish/ShortJoint.obj`
30011
`Monster/SpaceFish/LongJoint.obj`
30012
`Monster/SpaceFish/CrokutaJoint.obj`
30013
`Monster/SpaceFish/SpaceFishBug.obj`
30014
`Monster/Zealot/Dagger.obj`
30015
`Monster/Vehicle/Laser.obj`
30016
`Monster/Spider/SlowWeb.obj`
30017
`Monster/Spider/PoisonWeb.obj`
30018
`Monster/Zepplin/ZepplinBullet.obj`
30019
`Monster/Zepplin/Bomb.obj`
30020
`Monster/Zepplin/BombSub.obj`
30021
`Monster/Goblin/GobFlyBomb.obj`
30022
`Monster/Goblin/GobFlyBombSub.obj`
30023
`Monster/Goblin/PragBomb.obj`
30024
`Monster/Goblin/PragBombSub.obj`
30025
`Monster/DollMaster/IceWaveUp.obj`
30026
`Monster/Golem/StoneBlade.obj`
30027
`Monster/Golem/StoneGolemLaser.obj`
30028
`Monster/Lotus/Grab.obj`
30029
`Monster/Lotus/PierceHead.obj`
30030
`Monster/Dendroid/BlindSeed.obj`
30031
`Monster/Dendroid/BlastingSeed.obj`
30032
`Monster/Dendroid/RodingloSplash.obj`
30033
`Monster/Dendroid/BlastingSeedBoom.obj`
30034
`Monster/Vehicle/CannonBall.obj`
30035
`Monster/Vehicle/CannonBallSub.obj`
30036
`Monster/Vehicle/ChargedLaser.obj`
30037
`Monster/Vehicle/EarthFireMaker.obj`
30038
`Monster/Dendroid/DendroidNeedle.obj`
30039
`Monster/Dendroid/GolidenNeedle.obj`
30040
`Monster/Dendroid/RodingloNeedle.obj`
30041
`Monster/Zealot/WaterDagger.obj`
30042
`Monster/Zealot/DarkDagger.obj`
30043
`Monster/Goblin/PragMine.obj`
30044
`Monster/Goblin/PragMineFireExplosion.obj`
30045
`Monster/Golem/BRBulletFireExplosion.obj`
30046
`Monster/Vehicle/EarthFire.obj`
30047
`Monster/Goblin/HillGabSizzle.obj`
30048
`Monster/Goblin/HillGabEarthFire.obj`
30049
`Monster/Goblin/FlagHillGabSizzle.obj`
30050
`Monster/Goblin/FlagHillGabEarthFire.obj`
30051
`Monster/Dendroid/EarthFire.obj`
30052
`Monster/Dendroid/EarthFireL.obj`
30053
`Monster/Tau/EarthQuake.obj`
30054
`Monster/Tau/EarthQuakeStrong.obj`
30055
`Monster/Goblin/GoblinFireExplosion.obj`
30056
`Monster/DollMaster/SunkenRockFireExplosion.obj`
30057
`Monster/Goblin/SeaGabIcicle.obj`
30058
`Monster/Goblin/FlagSeaGabIcicle.obj`
30059
`Monster/Soceress/IceNiddleGroup.obj`
30060
`Monster/Soceress/IceNiddle1.obj`
30061
`Monster/Soceress/IceNiddle2.obj`
30062
`Monster/Soceress/IceNiddle3.obj`
30063
`Monster/Soceress/IceNiddle4.obj`
30064
`Monster/Hunter/BombAfterJump.obj`
30065
`Monster/Goblin/RedRock.obj`
30066
`Monster/Soceress/ShootingStar.obj`
30067
`Monster/Soceress/ShootingStarExp.obj`
30068
`Monster/Golem/SunkenRock.obj`
30069
`Monster/DollMaster/SunkenRock.obj`
30070
`Monster/Goblin/ThunderBolt.obj`
30071
`Monster/Draconian/ThunderBolt.obj`
30072
`Monster/LordOfLight/ThunderBolt.obj`
30073
`Monster/Zealot/PopeThunderBolt.obj`
30074
`Monster/Zealot/EOLThunderBolt.obj`
30075
`Monster/Goblin/GeroStone.obj`
30076
`Monster/Goblin/PragStone.obj`
30077
`Monster/Goblin/BullsEyeBomb.obj`
30078
`Monster/Goblin/BullsEyeBombSub.obj`
30079
`Monster/Goblin/BullsEyeSuriken.obj`
30080
`Monster/Goblin/RisingSuriken.obj`
30081
`Monster/Goblin/FallingSuriken.obj`
30082
`MapObject/Trap/DragonHeadEnergyBall.obj`
30083
`MapObject/Trap/DragonHeadEnergyBallVertical.obj`
30084
`Monster/FlyDragon/IceNiddleGroup.obj`
30085
`Monster/FlyDragon/IceNiddle1.obj`
30086
`Monster/FlyDragon/IceNiddle2.obj`
30087
`Monster/FlyDragon/IceNiddle3.obj`
30088
`Monster/FlyDragon/IceNiddle4.obj`
30089
`Monster/Ghoul/Skull.obj`
30092
`Monster/Ghoul/SkullSub.obj`
30093
`Monster/Ghoul/SkullBombSub.obj`
30094
`Monster/Spirit/IceWaveUp.obj`
40001
`Common/FireMissile.obj`
40002
`Common/FireExplosion.obj`
40003
`Common/EarthFire.obj`
40004
`Common/ShootingStar.obj`
40005
`Common/ShootingStarExp.obj`
40006
`Common/EarthFireL.obj`
40007
`Common/RedRock.obj`
42001
`Common/IceMissile.obj`
42002
`Common/IceMissileFreeze.obj`
42003
`Common/CommonWaterDamage.obj`
42004
`Common/CommonFireDamage.obj`
42005
`Common/CommonDarkDamage.obj`
42006
`Common/CommonLightDamage.obj`
46001
`Common/ThunderBolt.obj`
46002
`Common/LightningSub.obj`
46003
`Monster/LordofLight/LOL_LaserFire.obj`
46004
`Common/LightExplosion.obj`
48001
`Common/Blast.obj`
48002
`Common/EarthQuake.obj`
48003
`Common/CloudKill.obj`
48004
`Common/IceNiddleGroup.obj`
48005
`Common/IceNiddle1.obj`
48006
`Common/IceNiddle2.obj`
48007
`Common/IceNiddle3.obj`
48008
`Common/IceNiddle4.obj`
48009
`Common/SunkenRock.obj`
48010
`Common/StoneBubble.obj`
48011
`Common/CommonPhysicalDamage.obj`
48012
`Common/MagicTargetWarning.obj`
48013
`Common/ForceField.obj`
48014
`Common/BlindBubble.obj`
48015
`Common/CircleAppendageMaker.obj`
48016
`Common/CircleAppendageMaker.obj`
48017
`Common/CircleAppendageMaker.obj`
48019
`Common/StoneGas.obj`
48020
`Common/SleepGas.obj`
48021
`Common/ConfuseGas.obj`
48022
`Common/BlindGas.obj`
48023
`Common/FreezeGas.obj`
48024
`Common/summonMonster.obj`
48025
`Common/FreezeGasVertical.obj`
50001
`ThrowItem/BombMine1.obj`
50002
`ThrowItem/BombMine2.obj`
50003
`ThrowItem/BombMine3.obj`
50004
`ThrowItem/BombMine4.obj`
50100
`ThrowItem/Bomb.obj`
50101
`ThrowItem/Bomb.obj`
50102
`ThrowItem/Bomb.obj`
50103
`ThrowItem/Bomb.obj`
50104
`ThrowItem/Bomb.obj`
50200
`ThrowItem/BombSub1.obj`
50201
`ThrowItem/BombSub2.obj`
50202
`ThrowItem/BombSub3.obj`
50203
`ThrowItem/BombSub4.obj`
50204
`ThrowItem/BombSub5.obj`
50300
`ThrowItem/Boomerang1.obj`
50301
`ThrowItem/Boomerang2.obj`
50302
`ThrowItem/Boomerang3.obj`
50303
`ThrowItem/Boomerang4.obj`
50304
`ThrowItem/Boomerang5.obj`
50305
`ThrowItem/Boomerang6.obj`
50400
`ThrowItem/Bouncer1.obj`
50401
`ThrowItem/Bouncer2.obj`
50402
`ThrowItem/Bouncer3.obj`
50403
`ThrowItem/Bouncer4.obj`
50404
`ThrowItem/Bouncer5.obj`
50500
`ThrowItem/CubePiece1.obj`
50501
`ThrowItem/CubePiece2.obj`
50502
`ThrowItem/CubePiece3.obj`
50503
`ThrowItem/CubePiece4.obj`
50580
`ThrowItem/FlyBomb.obj`
50581
`ThrowItem/FlyBomb.obj`
50590
`ThrowItem/FlyBombSub.obj`
50600
`ThrowItem/Gravel2.obj`
50601
`ThrowItem/Gravel3.obj`
50602
`ThrowItem/Gravel4.obj`
50603
`ThrowItem/Gravel5.obj`
50604
`ThrowItem/Gravel6.obj`
50605
`ThrowItem/Gravel7.obj`
50700
`ThrowItem/RedOilFlask1.obj`
50701
`ThrowItem/RedOilFlask2.obj`
50702
`ThrowItem/RedOilFlask3.obj`
50703
`ThrowItem/RedOilFlask4.obj`
50704
`ThrowItem/RedOilFlask5.obj`
50750
`ThrowItem/RedOil1.obj`
50751
`ThrowItem/RedOil2.obj`
50752
`ThrowItem/RedOil3.obj`
50753
`ThrowItem/RedOil4.obj`
50754
`ThrowItem/RedOil5.obj`
50800
`ThrowItem/Suriken1.obj`
50801
`ThrowItem/Suriken2.obj`
50802
`ThrowItem/Suriken3.obj`
50803
`ThrowItem/Suriken4.obj`
50804
`ThrowItem/Suriken5.obj`
50805
`ThrowItem/Suriken6.obj`
50806
`Monster/FlyDragon/Bouncer1.obj`
50900
`ThrowItem/ToothSfish.obj`
50950
`ThrowItem/ToothSfish.obj`
51000
`ThrowItem/CurseBomb1.obj`
51100
`ThrowItem/CurseBombSub1.obj`