#PVF_File

1
`changeAttackInfo/basic_attack_type_to_magical.apd`
3
`changeStatus/change_status_survivor.apd`
4
`changeAttackInfo/change_basic_attack_type_arandra.apd`
9
`darkelement/dark_element.apd`
13
`devil/physical.apd`
14
`devil/physical2.apd`
15
`devil/magical.apd`
16
`devil/magical2.apd`
17
`changeStatus/mage_strength_hand_strike.apd`
18
`changeStatus/priest_cure.apd`
19
`green/green.apd`
20
`green/greenwater.apd`
21
`green/greendark.apd`
22
`green/greenlight.apd`
23
`support_440300/physical_defense.apd`
24
`support_440300/magical_defense.apd`
25
`devil/physical_pvp.apd`
26
`devil/physical2_pvp.apd`
27
`devil/magical_pvp.apd`
28
`devil/magical2_pvp.apd`
29
`stat/Wicked_Disease.apd`
30
`stat/physical_attack.apd`
31
`stat/physical_magical.apd`
32
`stat/magical_attack_32.apd`
33
`stat/magical_defense_33.apd`
34
`stat/Headless_Knight_34.apd`
35
`stat/Botichely_35.apd`
39
`skill_level/39.apd`
40
`skill_level/40.apd`
41
`critical_hit/41.apd`
42
`critical_hit/42.apd`
43
`dummy/43.apd`
44
`stat/stat_camoflage.apd`
45
`stat/45.apd`
46
`skilldataup/102010090.apd`
47
`stat/102000028.apd`
48
`equipment/power_station_armor.apd`
49
`equipment/power_station_cross1.apd`
50
`equipment/power_station_cross2.apd`
51
`equipment/liberation/red.apd`
52
`equipment/liberation/green.apd`
53
`equipment/liberation/blue.apd`
54
`equipment/skill_data_up/RandomShoot.apd`
55
`dummy/102040048.apd`
56
`dummy/beck_attack_damage.apd`
57
`stat/100340350.apd`
58
`dummy/100350111.apd`
59
`equipment/camoflage/100050074.apd`
109
`avatar/event_arabia_physical.apd`
110
`avatar/event_arabia_magical.apd`
111
`avatar/event_arabia_speed.apd`
112
`avatar/event_arabia_critical.apd`
113
`avatar/event_arabia_equipmentattack.apd`
114
`avatar/animalworld_squirrel.apd`
2
`equipment/changeWeaponColor/blue_white.apd`
5
`equipment/equipmentAttackInfo/equipment_physical_dungeon.apd`
6
`equipment/equipmentAttackInfo/equipment_physical_pvp.apd`
7
`equipment/equipmentAttackInfo/equipment_magical_dungeon.apd`
8
`equipment/equipmentAttackInfo/equipment_magical_pvp.apd`
10
`equipment/changeWeaponColor/luckyeffect_red.apd`
11
`equipment/changeWeaponColor/luckyeffect_black.apd`
12
`equipment/totem_darkresistance.apd`
36
`equipment/changeWeaponColor/36.apd`
37
`equipment/changeWeaponColor/37.apd`
38
`equipment/changeWeaponColor/38.apd`
100
`equipment/equipmentAttackInfo/equipment_bowgun.apd`
101
`equipment/equipmentAttackInfo/equipment_spear_speed.apd`
102
`equipment/equipmentAttackInfo/equipment_rod_superarmor.apd`
103
`equipment/equipmentAttackInfo/equipment_totem_physicalup.apd`
104
`equipment/equipmentAttackInfo/equipment_totem_physicalup_pvp.apd`
105
`equipment/changeWeaponColor/battleaxe_gold.apd`
106
`equipment/changeWeaponColor/battleaxe_silver.apd`
107
`equipment/equipmentAttackInfo/equipment_axe_physicalup.apd`
108
`equipment/equipmentAttackInfo/equipment_axe_physicalup_pvp.apd`
115
`equipment/equipmentAttackInfo/equipment_rev_physicalup.apd`
116
`equipment/equipmentAttackInfo/equipment_gunt_absolute.apd`
117
`equipment/equipmentAttackInfo/equipment_kat_physical_magical.apd`
118
`equipment/equipmentAttackInfo/equipment_twinswd_overkill.apd`
119
`equipment/equipmentAttackInfo/equipment_rosary_darkattack.apd`
120
`equipment/equipmentAttackInfo/equipment_rosary_lightattack.apd`
121
`equipment/equipmentAttackInfo/equipment_rod_waterattack.apd`
130
`equipment/equipmentAttackInfo/equipment_title26808_darkattack.apd`
131
`equipment/equipmentAttackInfo/equipment_title26808_fireattack.apd`
132
`equipment/equipmentAttackInfo/equipment_title26808_lightattack.apd`
133
`equipment/equipmentAttackInfo/equipment_title26808_waterattack.apd`
134
`equipment/equipmentAttackInfo/weapon_element_property_dark.apd`
135
`equipment/equipmentAttackInfo/weapon_element_property_fire.apd`
136
`equipment/equipmentAttackInfo/weapon_element_property_light.apd`
137
`equipment/equipmentAttackInfo/weapon_element_property_water.apd`
140
`equipment/70Lv_Epic_bglove.apd`
141
`equipment/70Lv_Epic_tonfa.apd`
142
`equipment/70Lv_Unique_lswd_fire.apd`
143
`equipment/70Lv_Unique_lswd_water.apd`
144
`equipment/70Lv_Unique_lswd_light.apd`
145
`equipment/70Lv_Unique_lswd_dark.apd`
146
`equipment/70Lv_Epic_lswd.apd`
147
`equipment/70Lv_Epic_dagger.apd`
148
`equipment/70Lv_Epic_cross.apd`
149
`equipment/70Lv_Epic_Plate_SetOption.apd`
150
`equipment/lv70_glove/LiftUpper.apd`
151
`equipment/lv70_glove/SingleKick.apd`
152
`equipment/lv70_glove/DamageLowKick.apd`
153
`equipment/lv70_glove/Stomp.apd`
154
`equipment/lv70_glove/DashPunch.apd`
155
`equipment/lv70_glove/CrashLowKick.apd`
156
`equipment/lv70_glove/WhirlWindKick.apd`
157
`equipment/lv70_glove/ClosePunch.apd`
158
`equipment/lv70_glove/RisingUpper.apd`
159
`equipment/lv70_glove/LightningDance.apd`
160
`equipment/lv70_glove/RandomKick.apd`
161
`equipment/lv70_glove/StrongestLowKick.apd`
162
`equipment/lv70_glove/DashPunchEx.apd`
163
`equipment/lv70_glove/RisingUpperEx.apd`
164
`equipment/80Lv_Unique_lswd_color.apd`
165
`equipment/80Lv_Unique_katana_color.apd`
166
`equipment/80Lv_Epic_claw.apd`
167
`equipment/80Lv_Epic_tonfa.apd`
168
`equipment/flaming_romance_nec.apd`
170
`equipment/80Lv_Epic_Armor/set_leather.apd`
171
`equipment/80Lv_Epic_Armor/set_leather2.apd`
172
`equipment/80Lv_Epic_Armor/set_plate.apd`
173
`equipment/80Lv_Epic_Armor/set_leather3.apd`
174
`equipment/80Lv_Epic_Armor/set_lamor.apd`
175
`equipment/80Lv_Unique_Acc_neck.apd`
176
`equipment/80Lv_Epic_Armor/set_cloth.apd`
177
`equipment/70Lv_Unique_dummy1.apd`
178
`equipment/70Lv_Unique_dummy2.apd`
179
`equipment/70Lv_Unique_dummy3.apd`
200
`equipment/80Lv-Epic_revolver.apd`
201
`equipment/80Lv_Unique_pole.apd`
202
`equipment/70Lv_Epic_lswd2.apd`
203
`equipment/80Lv_Epic_katana.apd`
204
`equipment/80Lv_Epic_knuckle.apd`
205
`equipment/80Lv_Epic_acc_set.apd`
206
`equipment/70Lv_Epic_wand.apd`
207
`equipment/80Lv_Epic_acc_set2.apd`
208
`equipment/75Lv_Unique_boss_knuckle.apd`
209
`equipment/80Lv_Unique_Neck_Cartel.apd`
210
`equipment/80Lv_Unique_Cloth_Shd_Cartel.apd`
211
`equipment/80Lv_Unique_Cloth_Shd_Cartel_dummy.apd`
212
`equipment/80Lv_Unique_Musket_Cartel.apd`
213
`equipment/80Lv_Unique_Spear_Cartel.apd`
214
`equipment/80Lv_Unique_Totem_Cartel.apd`
215
`equipment/80Lv_Unique_Ring_Cartel.apd`
216
`equipment/power_station_broom.apd`
217
`title/title_26832.apd`