#PVF_File

[episode]
	1	5	
	[episode_name]
		`开始冒险`
	[epic_index]
		101	102	103	4301	104	105	106	107	108	4302
	[/epic_index]
	[complete_text]
		`被誉为“精灵圣地”的格兰之森， 在大火吞陷前是精灵的乐园。 居住在那里的精灵和人类相处和睦， 直到异变来临……现在， 森林中的动植物受到邪恶侵袭， 变得越来越残暴。 附近的居民不堪它们的骚扰， 纷纷向冒险家们求助。 冒险家， 请您拿出勇气去森林中积累战斗经验吧。`
[/episode]

[episode]
	3	13	
	[episode_name]
		`鬼剑士之路`
	[epic_index]
		1901	501	502	503	504	505	506	507
	[/epic_index]
	[complete_text]
		`从鬼神侵入我手臂的那刻起， 我的人生就完全改变了。 我不知道自己是人还是鬼， 或者是其他的怪物……唯有弄清楚鬼神带来的这一切， 我才能找到自己想要的答案， 所以我必须变得比现在更强大。`
[/episode]

[episode]
	3	13	
	[episode_name]
		`无尽的战斗`
	[epic_index]
		1902	511	512	513	514	515	516	517
	[/epic_index]
	[complete_text]
		`这段时间发生在我身上的悲剧， 都是因为我太过懦弱造成的。 我决定了， 从现在开始， 无论发生什么事， 我都会自己面对， 再也不逃避了。`
[/episode]

[episode]
	3	13	
	[episode_name]
		`弹无虚发`
	[epic_index]
		1903	521	522	523	524	525	526	527
	[/epic_index]
	[complete_text]
		`我是无意中从天界掉落到这里的， 这个地方和天界一样混乱， 我得赶快找到回去的方法才行。 嗯， 最好是变得更强大， 这样才不会被欺负。 不过这个地方的机械文明， 难道还处于远古时期吗？ 难道我要靠锻炼身体变强大？`
[/episode]

[episode]
	3	13	
	[episode_name]
		`热血之路`
	[epic_index]
		7640	7641	7642	7643	7644	7645	7646	7647
	[/epic_index]
	[complete_text]
		`忍声吞气可不是我的性格！ 有人说我暴躁、 鲁莽？ 让他们带着愚蠢的偏见， 见鬼去吧！ 走自己的路， 让别人坐摩伽陀去！ 哈哈~好吧， 先来场战斗热个身？`
[/episode]

[episode]
	3	13	
	[episode_name]
		`神秘的魔法`
	[epic_index]
		1904	531	532	533	534	535	536	537
	[/epic_index]
	[complete_text]
		`哇……好美丽的地方呀！ 我能清晰的感觉到丰富的自然精气和强烈的魔法波动。 呜呜， 要是我们魔界也有这样美丽的大自然就好了。 真搞不懂这地方的人， 为什么要破坏这么美丽的大自然呢。 这样好了， 让那些破坏自然的人去魔界生活吧， 嘻嘻~~`
[/episode]

[episode]
	3	13	
	[episode_name]
		`神奇的魔法`
	[epic_index]
		1800	1801	1802	1803	1804	1805	1806	1807
	[/epic_index]
	[complete_text]
		`这里很美！ 好像能感受到大自然的气息和强烈的魔法波动， 呵， 如果魔界也能变成这样……可惜……不过这边的人还真是愚蠢， 竟然亲手去破坏美好！ 既然他们不懂珍惜， 不如就干脆体验下我们那的生活吧， 哼~~`
[/episode]

[episode]
	3	13	
	[episode_name]
		`神圣之路`
	[epic_index]
		1905	541	542	543	544	545	546	547
	[/epic_index]
	[complete_text]
		`原本以为这世上到处都是伪装者， 但事实并没有我想象的糟糕。 嗯， 虽然美丽的森林被毁了， 但还有新鲜清爽的空气， 让我感到离神又近了一步。 神啊， 感谢您的赐予！`
[/episode]

[episode]
	3	13	
	[episode_name]
		`皇女庭院之花`
	[epic_index]
		1916	619	620	621	622	623	624	625
	[/epic_index]
	[complete_text]
		`皇女庭院之花， 为保护皇女而存在的组织。 为了救出皇女， 她们不惜牺牲自己。 就如玫瑰一般， 在她们美丽的外表下隐藏着锋利的尖刺……不久的将来， 她们的美丽和强大将传遍整个大陆。`
[/episode]

[episode]
	3	13	
	[episode_name]
		`黑暗的试炼`
	[epic_index]
		1917	631	632	633	634	635	636	637
	[/epic_index]
	[complete_text]
		`即使在无尽的战火中， 暗精灵和人类也从未对战争爆发的原因进行过猜忌。 但是这一次不一样， 为了查清瘟疫的起源， 并解开之前的那些未解之谜， 他们开始了秘密地行动……`
[/episode]

[episode]
	3	15	
	[episode_name]
		`拯救未来之路`
	[epic_index]
		4469	4470	4471	4472	4473	4474	4475	4476
	[/epic_index]
	[complete_text]
		`收集散落在阿拉德的时空碎片， 就能恢复原来的力量。 拯救这个世界的未来， 就靠我们了！`
[/episode]

[episode]
	7	10	
	[episode_name]
		`怪兽猎杀者`
	[epic_index]
		109	110	111
	[/epic_index]
	[complete_text]
		`森林夺走了许多人的生命， 虽然对森林而言， 它只不过是从人类那里夺回属于自己的东西罢了。 但这样恐怖的森林，  让人类感到害怕。 而那些原本和人类友好相处的牛头怪， 也变得越来越狂暴， 人类陷入前所未有的恐慌里…… 现在， 终于有人击败了牛头怪的首领， 这无疑给人类带来了新的希望。 对这样的英雄， 人们怎么会不称赞呢。`
[/episode]

[episode]
	8	12	
	[episode_name]
		`丛林深处的魔法师姐妹`
	[epic_index]
		116	112	113	114	7
	[/epic_index]
	[complete_text]
		`俗话说好奇心害死猫， 人也会因为好奇而受到惩罚吗？ 对魔法极度好奇的两姐妹， 最终以悲剧结束了各自的生命……但造成这个悲剧的根本原因， 其实并不是她们两姐妹的好奇心， 而是…… 你说什么？ 异变……？ 大火……？ 帝国……？`
[/episode]

[episode]
	10	0	
	[episode_name]
		`冒险家的资格`
	[epic_index]
		1012	211	212	213	214	215	216	217	218	219
	[/epic_index]
	[complete_text]
		`在赫顿玛尔居民们的帮助下， 总算摆脱了菜鸟阶段。 虽然以目前的实力， 还不够格称得上是“阿拉德大陆的冒险家”， 但请拭目以待吧， 现在才只是刚刚开始……`
[/episode]

[episode]
	14	0	
	[episode_name]
		`异变的来源`
	[epic_index]
		201	202	203	95	96	97
	[/epic_index]
	[complete_text]
		`几年前， 还没有人谈论大火和异变。 但现在， 这两个话题已成为人们谈论的焦点。 在这些人中， 有真正了解真相的人吗？ 估计他们所认为的异变， 只不过是不知道怪物是从哪冒出来的； 或者是大火灾因何发生的？ 又或者是怪物变得凶暴、 魔法阵力量在减弱是不是和他们认为的异变有关等罢了…… 那异变到底是怎么发生的呢？ 或者是为什么会发生？ 人们真正关心的， 是异变， 还是想把所有的事情都归根于异变呢？`
[/episode]

[episode]
	16	18	
	[episode_name]
		`天空之城的传说`
	[epic_index]
		8	117	4601	119	120
	[/epic_index]
	[complete_text]
		`传说中的天空之城出现了！ 千年前， 天空之城是阿拉德大陆通往天空上的世界 - 天界的必经之路。 历经千年岁月的更替， 所有曾经存在的事实都在流逝的岁月中演变成了人们心中不在相信的传说。 而天空之城， 这个埋葬了英雄梦想的辉煌之地， 也在岁月中消失了千年， 成了神秘的传说。 但， 它现在却真真实实的出现了！ 而且据说， 还有一位天界的女神枪手就是从这里落入阿拉德大陆的！ 通过天空之城就能进入天界， 真的那么容易吗?`
[/episode]

[episode]
	16	25	
	[episode_name]
		`鬼手泛滥的原因`
	[epic_index]
		4305	4306	4307	4308	4309	4310	4311	4312	4313
	[/epic_index]
	[complete_text]
		`事实上， 千百年前就出现鬼手现象了， 历史上还有很多关于拥有鬼手的英雄的记载。 不过这十几年， 鬼手现象以恐怖的速度扩散了， 越来越多的人被感染。 可以说， 在赫顿玛尔大街上一站， 随时都可以遇到拥有鬼手的人。 记得十几年前， 大陆上曾出现过许多奇怪的现象， 难道鬼手是因为那些奇怪的现象才变得恐怖的？ 艾丽丝说， 所有的秘密都在使徒手中， 看来得见一见那些使徒才行。`
[/episode]

[episode]
	20	0	
	[episode_name]
		`迷妄之塔`
	[epic_index]
		62	63	64	65	92
	[/epic_index]
	[complete_text]
		`虽然不知道失踪的冒险家们为什么要前往那座塔， 但他们肯定都有各自的理由。 无论什么样的理由都好， 眼下他们正困在塔内， 被邪恶的死神玩弄于股掌之中。 如果没有人去解救他们， 他们的下场可能会像飘零的亡魂一样悲惨……`
[/episode]

[episode]
	20	0	
	[episode_name]
		`灰色结晶`
	[epic_index]
		4440	4441	4442
	[/epic_index]
	[complete_text]
		`拥有远古精灵记忆的赛丽亚， 以及那些带着邪恶气息的灰色结晶， 这些让人疑惑的问题该从哪里寻找线索呢？`
[/episode]

[episode]
	20	22	
	[episode_name]
		`令人向往的天界`
	[epic_index]
		121	122	123	124	125	126	4315
	[/epic_index]
	[complete_text]
		`天界是怎样的一个世界呢？ 虽然去那里的主要目的是寻找使徒， 但面对这样一个神奇的世界， 我怎么会不好奇呢？ 听凯丽所说， 那可是机械文明相当发达的地方……机械文明？ 指的又是什么呢？`
[/episode]

[episode]
	24	0	
	[episode_name]
		`天界的碎片 - 悬空城`
	[epic_index]
		360	361	362	363	364	365	367	4317
	[/epic_index]
	[complete_text]
		`因为巴卡尔临死前的最后一丝力量， 或是巴卡尔没有完成心愿的强大怨恨， 天界被分裂了， 形成了现在人们看到的三个岛。 而凝聚着巴卡尔魔法力量的碎片漂浮在天空中， 形成了被人们称为悬空城的一座空中之城。`
[/episode]

[episode]
	25	0	
	[episode_name]
		`不灭`
	[epic_index]
		16	17	18	19	20	4321
	[/epic_index]
	[complete_text]
		`灭亡时赛格哈特对冒险家们说谢谢， 那声音就像它在数百年间一直担着的岁月重量一样厚重。`
[/episode]

[episode]
	27	0	
	[episode_name]
		`艾泽拉·洛伊`
	[epic_index]
		4000
	[/epic_index]
	[complete_text]
		`艾泽拉这人真的很神秘……作为暴戾搜捕团的首领， 虽然看起来稚嫩， 但却有着渊博的知识和丰富的经验。 她给冒险家们布置的任务， 看似简单实则复杂。 对此她神秘地回答， 是为了以备不时之需……艾泽拉帮助冒险家的目的， 到底是什么呢？`
[/episode]

[episode]
	27	0	
	[episode_name]
		`GBL教的悲剧`
	[epic_index]
		22	549	550
	[/epic_index]
	[complete_text]
		`生活在天帷巨兽神殿中的GBL教， 是一个崇尚古代遗迹的宗教， 规模十分庞大。 由于天帷巨兽生活在天空之海里， 随天空之海的海水游走， 所以生活在天帷巨兽的GBL教一直鲜为人知。 据调查， 天帷巨兽背上留存有大量的古代遗迹， 人们现在发现的文献还不到其中的十分之一。 但就目前已发现的文献而言， 其先进程度已远远超出了阿拉德大陆现有的科技。 而且至少要领先几个世纪， 这让人非常震惊！ 换句话说， 这些从阿拉德大陆的时间上被称为古代遗迹的文献， 其实应该是“未来遗迹”。 虽然它们与现代文明存在极大差异， 但两者间还是有相同之处的。 那就是， 撇开时间顺序， 两者间还是有一定的连续性的。 简单的说， 就是天帷巨兽背上的古代文明， 其实就是宇宙某处的现代文明。`
[/episode]

[episode]
	27	30	
	[episode_name]
		`赫亚西斯的预言书`
	[epic_index]
		23	50	51	52
	[/epic_index]
	[complete_text]
		`GBL教的预言者赫亚西斯， 从神迹中预见到未来某天， 使徒罗特斯会给GBL教带来毁灭性的灾难。 为了给GBL教留下一线血脉， 他把记载着预言以及对付罗特斯的方法的预言书分别交给了黄昏、 黑暗、 黎明和光明传道师保管。 虽然不知道传道师们是否能摆脱罗特斯的精神控制， 但预言书中记载有不受罗特斯精神控制的方法， 并且得到预言书的人可以依靠书中的方法打败罗特斯。 就如同持有预言书的传道师的名字一样， 现在正是黑暗即将结束， 黎明即将到来的时刻！`
[/episode]

[episode]
	27	34	
	[episode_name]
		`天帷巨兽背上的使徒`
	[epic_index]
		4324	4325	4326	4327	4328
	[/epic_index]
	[complete_text]
		`使徒！？ 使徒！！ 在希洛克之后， 还存在异变的使徒？ 看来世界又要乱成一片了， 嘿嘿， 没想到异变有时也会对我们有利啊！`
[/episode]

[episode]
	28	0	
	[episode_name]
		`树精丛林`
	[epic_index]
		551	552	4609
	[/epic_index]
	[complete_text]
		`天帷巨兽是一个巨大的生命体， 它庞大的体积可以和大陆媲美。 在它背上， 也有和大陆一样的山川、 平原、 河流以及树木……这由此形成了树精丛林。 在罗特斯还没出现前， 树精丛林里一直生活着一种叫树精的古代植物。 它们能提升智慧， 一直被生活在天帷巨兽神殿中的GBL教徒使用着。`
[/episode]

[episode]
	29	0	
	[episode_name]
		`黑暗与光明 1`
	[epic_index]
		554	555	4610
	[/epic_index]
	[complete_text]
		`1. 在世界的尽头， 伟大的意志孕育了众神。 2. 他们是一体的也是无限的， 其意志与权能无处不在。 -  泰拉创世纪第1章。`
[/episode]

[episode]
	30	0	
	[episode_name]
		`黑暗与光明 2`
	[epic_index]
		558	559	4611
	[/epic_index]
	[complete_text]
		`3. 其中有一个突然伤心离开， 悲愤在心里弥漫。 我们虽然无所不能， 但没有人赞扬我们。  4. 在永恒中迷茫的徘徊， 没有人关注我们的志向； 只留下永不消逝的悲伤。 - 泰拉创世纪第1章。`
[/episode]

[episode]
	32	0	
	[episode_name]
		`天帷巨兽的脊椎 1`
	[epic_index]
		562	563	4612
	[/epic_index]
	[complete_text]
		`5. 其中一人说道， 我们可以自己重新创造世纪， 让我们恢复以往的辉煌， 我们会爱护它。  6. 首先要有一个能安居的地方， 留下的人都很高兴。 7. 说这句话的人， 长着两张脸， 脸上隐隐有晶莹的露珠流下。 - 泰拉创世纪第1章。`
[/episode]

[episode]
	34	0	
	[episode_name]
		`天帷巨兽的脊椎2`
	[epic_index]
		573	4613
	[/epic_index]
	[complete_text]
		`8. 他用悲痛的声音说， 要创造就要先消灭， 我们中的一部分……消灭了， 才能创造新的生命。 我们之中， 谁愿死亡， 然后在伟大的意志中重生？ 9. 剩下的人在叹息和思考， 他们中的12个人最终被挑选了出来。 - 泰拉创世纪第1章。`
[/episode]

[episode]
	33	0	
	[episode_name]
		`维纳斯神殿`
	[epic_index]
		4007	4015	4016	4017	4018	4019	4020	4021	4022
	[/epic_index]
	[complete_text]
		`美神维纳斯的‘堕落’， 使这个神殿变成为一个充满诅咒的地方。 于是GBL教封闭了这座神殿， 让它永久地与世隔绝。 这么多年以来， 几乎没有人知道它的存在， 更不要说靠近那里一步……`
[/episode]

[episode]
	33	34	
	[episode_name]
		`神圣的守护者`
	[epic_index]
		27	28	29	30	31	32	33	34	36	37	38
	[/epic_index]
	[complete_text]
		`即将死去的罗特斯说道 : “我邪恶吗?  或者在你们眼中是这样的……但你们不也是为实现预言书的预言而成为了别人的傀儡吗……在我看来， 你们更邪恶， 因为你们太胡涂了……”。 “愚蠢的人类， 在希洛克受尽折磨死去的那一刻， 它一定把将来会发生的事告诉你们了吧……你们也知道， 有一天整个人类都会因为异变而灭亡吧？”  --罗特斯`
[/episode]

[episode]
	35	0	
	[episode_name]
		`树精繁殖地`
	[epic_index]
		4024	4025	4026	4027	4028	4029
	[/epic_index]
	[complete_text]
		`罗特斯的邪恶力量， 已经影响到了天帷巨兽的生态系统， 那里各处都涌现出强大的变异生物。 据说消灭这些生物后所获得的新材料， 可以高价卖给炼金术师和魔法师。 因此， 许多冒险家走上了征服这些变异生物的旅程……`
[/episode]

[episode]
	36	0	
	[episode_name]
		`审判者马塞尔`
	[epic_index]
		447	448	449	450	451	452	453	454
	[/epic_index]
	[complete_text]
		`为了躲避罗特斯的精神控制， 马塞尔躲进了天帷巨兽的肚子里。 在这里， 他复活了死去的GBL教教徒， 试图向罗特斯报仇。 但罗特斯被冒险家杀死了， 马塞尔失去了报仇目标， 最终疯了……“为什么要妨碍我神圣的复仇！ 让我变得如此迷惘！ 你们夺走了我的希望， 让我只剩下一具躯壳。 我心底无法抹灭的仇恨， 永远都没机会报了， 现在我该怎么办！”  --马塞尔的日志(后篇)终结章……年份不详。`
[/episode]

[episode]
	36	0	
	[episode_name]
		`被封印的GBL教古文书`
	[epic_index]
		1552	1553
	[/epic_index]
	[complete_text]
		`当我读到这本书上的禁忌咒文时， 心里不禁打了个冷颤。 这样邪恶的咒文绝对不能存在这世上！ 我决定封印这本书， 不让任何人看到。 如果你翻开了此书， 而且还想使用里面的咒术， 请记住我以下的警告： 这样做的代价是失去自我， 并且万劫不复……现在你还想继续看下去吗？  -- 涂写在古书首页上的前言`
[/episode]

[episode]
	37	0	
	[episode_name]
		`与暗精灵的战争`
	[epic_index]
		39	40	41	356	357	358	359	4404
	[/epic_index]
	[complete_text]
		`艾丽丝的责怪、 暗精灵的愤怒、 宣战报告、 帝国的旁观、 公国的危机、 博肯与克伦特的努力、 冒险家的出现、 暗精灵炼金术士遗留的线索以及通向暗黑城的艰险道路。`
[/episode]

[episode]
	37	0	
	[episode_name]
		`与暗精灵的战争`
	[epic_index]
		4466	4467	4468	356	357	358	359	4404
	[/epic_index]
	[complete_text]
		`艾丽丝的责怪、 暗精灵的愤怒、 宣战报告、 帝国的旁观、 公国的危机、 博肯与克伦特的努力、 冒险家的出现、 暗精灵炼金术士遗留的线索以及通向暗黑城的艰险道路。`
[/episode]

[episode]
	38	0	
	[episode_name]
		`蜘蛛洞穴`
	[epic_index]
		4405	4406	4407	4408
	[/epic_index]
	[complete_text]
		`为什么艾丽丝会说人类是传染病的根源呢？ 难道她不知道这句话足以引发一场战争吗？ 她说的那个占卜结果， 是无意还是有心的？ 或者这只是一个传闻， 所谓的占卜结果并不是艾丽丝说的？`
[/episode]

[episode]
	38	0	
	[episode_name]
		`传染病的解药`
	[epic_index]
		42	43	44	45	46
	[/epic_index]
	[complete_text]
		`冒险家们的努力付之一炬……解药并没有传到暗精灵的手中。 因为暗精灵元老以与人类接触过密为由， 将克伦特驱逐了。 现在， 能阻止这场战争的唯一办法， 就是请冒险家亲自带解药去暗黑城并向暗精灵证明， 这是真正的传染病解药！ `
[/episode]

[episode]
	38	43	
	[episode_name]
		`修练`
	[epic_index]
		412	413	414
	[/epic_index]
	[complete_text]
		`许多冒险家只是凭着一时之勇冲上战场， 最终被打得落荒而逃。 因此帝国已不再信任这些冒险家。 如果你想证明自己和他们不一样， 那就更要刻苦地修炼！ 因为， 这是唯一能重拾信任的方法， 也是对自己的一个磨练！`
[/episode]

[episode]
	43	0	
	[episode_name]
		`冰心少年`
	[epic_index]
		2518	2519	2520	2521	2522	2523	2524
	[/epic_index]
	[complete_text]
		`当我冰冷的心脏遇到了你温暖的目光， 我只想和你一起， 难道你不想吗？ 来和我一起玩吧， 如果我被冰冻了， 请用你的温暖将我融化， 拜托了……拜托……过来和我一起玩吧。`
[/episode]

[episode]
	42	0	
	[episode_name]
		`班图族的威胁`
	[epic_index]
		2511	2512	2502	2503	2504	2505	2514	2515	4603
	[/epic_index]
	[complete_text]
		`至此， 冰龙斯卡萨和班图族这场僵持了数百年的战争会告一段落了吗？ 答案显然是不会， 除非能杀死斯卡萨。 但凭班图族目前的能力， 还远远不是斯卡萨的对手。`
[/episode]

[episode]
	39	0	
	[episode_name]
		`邪龙的封印`
	[epic_index]
		441	442	444	445
	[/epic_index]
	[complete_text]
		`长久以来， 邪龙斯皮兹都是暗精灵的眼中钉。 根据艾丽丝所说， 邪龙斯皮兹就是一个像爆龙王巴卡尔分身一样的魔法创造生物……它一直想和其他龙族一决高下， 包括冰龙斯卡萨， 狂龙赫斯……`
[/episode]

[episode]
	43	0	
	[episode_name]
		`白色影子的洞穴`
	[epic_index]
		4500	4501	4503	4504	4505	4506
	[/epic_index]
	[complete_text]
		`从阿拉德大陆西北方也就是万年雪山吹来的寒风， 让整个阿拉德大陆变得阴冷无比， 同时也给公国后方运输军粮的后备军带来了巨大的威胁。 但公国和暗精灵间的战争正处于僵持状态， 已没有多余的力量支援后备军。 唯一的办法， 就是依靠冒险家的帮助。 面对越来越严峻的形势， 冒险家们冒死进入万年雪山， 在雪山上发现了许多不可思议的事。 而且在山腰处， 还发现了一个巨大的洞穴。 那个洞穴里有股奇怪的冷风， 它似乎可以把一切都冰冻， 而且洞中还隐藏着白色影子的巨大怪物--利库……一边是恐怖的怪物， 一边是隐隐传来的冰龙斯卡萨的咆哮……一时间， 前所未有的绝望笼罩着冒险家。`
[/episode]

[episode]
	41	0	
	[episode_name]
		`强大的证明`
	[epic_index]
		47	48	49	4417
	[/epic_index]
	[complete_text]
		`冒险家这次的表现， 足以给暗精灵元老留下深刻的印象。 现在， 我们的冒险家距离那些暗精灵引以为傲的要塞--暗黑城只剩下最后两道关卡了。`
[/episode]

[episode]
	40	0	
	[episode_name]
		`迷宫的剑士是谁`
	[epic_index]
		131	132	133	127	128	129	4422
	[/epic_index]
	[complete_text]
		`他是守护暗黑城入口的剑士， 被人们称为“影子剑士”， 曾是太刀达人西岚的徒弟。 为了追求强大， 他试图把魔法的力量加入到强力的刀法中去。 但却在这过程中迷失了自我， 迷失了灵魂， 最终沦为暗精灵的守护者。 只要你看见了他， 就说明你离暗精灵的首都不远了。`
[/episode]

[episode]
	44	0	
	[episode_name]
		`废墟中移动的白色巨物`
	[epic_index]
		4520	4521	4522	4523	4525	4526	4527	4528
	[/epic_index]
	[complete_text]
		`随着冰龙斯卡萨的苏醒， 万年雪山上出现了一件又一件奇怪的事。 在没有征兆的情况下， 一向爱好和平的雪魈突然攻击班图族的战士……为了解开这些谜团， 冒险家与班图族的勇士一同踏上了雪山高处的白色废墟。 经过努力， 他们打败了白色废墟的领主塞斯奇， 但还是没有找到雪魈突然攻击班图族的线索。 似乎这一切都和冰龙斯卡萨的苏醒有关， 这让人们更加厌恶和惧怕冰龙斯卡萨了。`
[/episode]

[episode]
	46	0	
	[episode_name]
		`大陆的GBL教`
	[epic_index]
		3801	3802	3803	3804	3805	3806
	[/epic_index]
	[complete_text]
		`长久以来， 崇尚古代文明的GBL教一直在天帷巨兽的背上研究古代遗迹， 但使徒罗特斯的出现， 使那里的GBL教信徒几乎都成了罗特斯的傀儡……现在， 阿拉德大陆又出现了GBL教的分部！ 难道除了奥菲利亚， 还有其他的GBL教信徒从罗特斯的魔爪下逃离？ 为解开诸多疑惑， 冒险家们纷纷前往GBL教的阿拉德分部， 但迎接他们的依然是被罗特斯控制的GBL教信徒……那些GBL教信徒为什么会设立阿拉德分部？ 他们的目的是什么？`
[/episode]

[episode]
	52	70	
	[episode_name]
		`王的遗迹`
	[epic_index]
		388	389	390	391	392	393	394	396	397	398
	[/epic_index]
	[complete_text]
		`当大地被尘土覆盖， 人类和暗精灵的战争正处在僵持阶段。 本来以帝国军队的实力， 要战胜暗精灵绰绰有余。 打个比方， 如果把帝国的军队比作一张白纸， 那么暗精灵的士兵就是白纸上的一个点。 但现在， 因为莫名的原因， 帝国的士兵生病了。 刚开始大家以为是传染病， 士兵开始恐慌， 逃兵的数量也逐日增加。 作为帝国的军队， 是绝对不允许士兵不战而退， 但士兵们还是接二连三的逃跑了。 那些被抓回来的士兵丧失了神智， 他们嘴里不停地喊 : 王在召唤……王国万岁……军队的指挥官认为这些士兵是被暗精灵施了诅咒， 所以请来驱魔师给这些士兵驱咒。 但奇怪的是， 驱魔师们也找不到原因。 不久后， 侦查兵在一个狭窄的洞穴入口发现了一百多名逃兵， 但那些逃兵早就变成了尸体……这件怪异的事在士兵中引发了骚动， 为了不让这种传闻继续恶化， 帝国派出调查团前往事发地调查。 但调查团还没开始调查就惹恼了一位沉睡的古代帝王， 调查团害怕受到王的诅咒， 只好慌忙回来禀报……最后， 一个无名的冒险家站了出来， 及时控制了这场诅咒的蔓延。`
[/episode]

[episode]
	52	70	
	[episode_name]
		`王的遗迹`
	[epic_index]
		638	639	640	641	642	643	644	645	646	647
	[/epic_index]
	[complete_text]
		`当大地被尘土覆盖， 人类和暗精灵的战争正处在僵持阶段。 本来以帝国军队的实力， 要战胜暗精灵绰绰有余。 打个比方， 如果把帝国的军队比作一张白纸， 那么暗精灵的士兵就是白纸上的一个点。 但现在， 因为莫名的原因， 帝国的士兵生病了。 刚开始大家以为是传染病， 士兵开始恐慌， 逃兵的数量也逐日增加。 作为帝国的军队， 是绝对不允许士兵不战而退， 但士兵们还是接二连三的逃跑了。 那些被抓回来的士兵丧失了神智， 他们嘴里不停地喊 : 王在召唤……王国万岁……军队的指挥官认为这些士兵是被暗精灵施了诅咒， 所以请来驱魔师给这些士兵驱咒。 但奇怪的是， 驱魔师们也找不到原因。 不久后， 侦查兵在一个狭窄的洞穴入口发现了一百多名逃兵， 但那些逃兵早就变成了尸体……这件怪异的事在士兵中引发了骚动， 为了不让这种传闻继续恶化， 帝国派出调查团前往事发地调查。 但调查团还没开始调查就惹恼了一位沉睡的古代帝王， 调查团害怕受到王的诅咒， 只好慌忙回来禀报……最后， 一个无名的冒险家站了出来， 及时控制了这场诅咒的蔓延。`
[/episode]

[episode]
	45	0	
	[episode_name]
		`万年雪山的支柱`
	[epic_index]
		4001	4002	4003	4004	4005	4006	4014	4008
	[/epic_index]
	[complete_text]
		`冒险家们得知， 阿拉德大陆发生的所有事件和使徒的异变现象有关。 于是追根溯源， 想起了那些在悲鸣洞穴中与使徒希洛克决战过的英雄， 其中就有与太刀达人西岚一起进入悲鸣洞穴的班图族族长布万加。 冒险家们决定去万年雪山寻找布万加， 但为了与布万加见面， 他们需要先通过排斥外族人的班图族的考验。 最后， 冒险家们经过了布万加的对练考验后， 终于知道了事情的真相。 但为了收集那些晦涩难懂的希洛克的独白碎片， 冒险家还要找到灰衣剑士阿甘左。`
[/episode]

[episode]
	47	0	
	[episode_name]
		`秘密的实验`
	[epic_index]
		3808	3809	3810	3811	3812	3813
	[/epic_index]
	[complete_text]
		`穿过重重阻力， 冒险家们终于来到了GBL教阿拉德分部深处的神秘研究所。 悄悄推开门， 里面的情形让冒险家大吃一惊， 原来里面正在进行诡异的实验， 到处都是装满液体的容器和数不清的各种怪物实验体……冒险家们找到了相关的研究材料， 并了解到这些诡异的实验其实是在研究恐怖的怪物！ 随着调查的深入， 冒险家们在神秘研究所的深处发现了希特拉克， 并及时毁灭了这未完成的恐怖怪物……难道GBL教信徒来阿拉德大陆的目的， 仅仅是为了研究这些怪物吗？`
[/episode]

[episode]
	47	0	
	[episode_name]
		`复活、 阻止和冲突`
	[epic_index]
		3814	3815	3816	3819	3820	3821
	[/epic_index]
	[complete_text]
		`所有的真相终于被揭开了， 冒险家追根溯源找到了引发这些奇怪事件的原因， 原来这一切都是为了复活罗特斯！ 而一旦让罗特斯在阿拉德大陆复活， 那么阿拉德大陆就会迎来新的灾难。 情况危急， 冒险家要想阻止罗特斯的复活， 唯一的方法就是将其藏身的卵破坏。`
[/episode]

[episode]
	46	0	
	[episode_name]
		`梦的宫殿，冰的眼泪`
	[epic_index]
		4542	4543	4544	4545	4546	4547	4548	4549
	[/epic_index]
	[complete_text]
		`班图族代代相传的民谣“洛丝之歌”， 歌唱的是一位纯洁的少女， 她在睡梦中建造了一座美丽的冰雪宫殿， 并在里面幸福快乐的生活……只不过这首民谣后半部分隐藏了一些阴森的故事， 已随岁月消失在人们的记忆中了。 现在， 歌谣所唱的传说变成了现实， 冒险家和少女相继消失在美丽的冰雪宫殿里……在这场如梦似幻的战斗中， 斯卡萨的威胁渐渐逼近。 当传说化为现实， 班图族的心必将凝结在一起！`
[/episode]

[episode]
	55	70	
	[episode_name]
		`比尔马克帝国试验场`
	[epic_index]
		419	420	421	422	423	425	426	428	432
	[/epic_index]
	[complete_text]
		`比尔马克， 据说是帝国的实验场。 难道格兰之森的大火灾真的是它的爆炸引起的？ 传闻还说， 这实验是艾丽丝指使的， 不知道是不是真的？
不过比尔马克确实很神秘， 像那些只在魔界出现的泰拉石， 竟然也出现在比尔马克， 还有那些不为人知的秘密……`
[/episode]

[episode]
	48	0	
	[episode_name]
		`传染病蔓延的村庄`
	[epic_index]
		53	54	55	56	57
	[/epic_index]
	[complete_text]
		`在传染病蔓延的村庄， 冒险家看到的并不是尸横遍地， 而是盗贼横行。 虽然在战斗中冒险家险胜那些盗贼， 但这并不值得骄傲， 因为这种奇怪的现象背后， 是更大的危机……`
[/episode]

[episode]
	48	0	
	[episode_name]
		`击退盗贼团`
	[epic_index]
		1259
	[/epic_index]
	[complete_text]
		`诺斯玛尔曾是一个富饶之地。 虽然现在已变成一片废墟， 但很多人仍对它当年热闹喧嚣、 车水马龙的景象念念不忘……或许只要赶走那群霸占村庄的盗贼， 就能让诺斯玛尔的贫瘠划上句点， 重新拾回旧日的繁华。`
[/episode]

[episode]
	49	0	
	[episode_name]
		`灰衣剑士`
	[epic_index]
		4101	4102	4103	4104	4105	4106
	[/epic_index]
	[complete_text]
		`要找到灰衣剑士阿甘左并不容易。 20多年前， 阿甘左从悲鸣洞穴出来后， 就在人们的视线中消失了。 冒险家从和阿甘左一起进入悲鸣洞穴的布万加口中得知， 阿甘左曾出现在赫顿玛尔的月光酒馆。 冒险家前往月光酒馆， 但在酒馆中与捣乱的赫顿尼斯帮发生了冲突。 在乱战中， 冒险家发现了一位很特别的鬼剑士， 但当时并不知道他就是阿甘左。 阿甘左在确认他们就是布万加所说的冒险家后， 通过邮件告诉冒险家与希洛克之间发生的事。 原来阿甘左也没有听到最后一句， 因为当时和希洛克一同死去的还有卢克西。 他当时太伤心了， 所以什么也听不到了。 由此， 寻找古代悲鸣洞穴的线索就告一段落。`
[/episode]

[episode]
	50	0	
	[episode_name]
		`吹笛子的人`
	[epic_index]
		66	67	68	69
	[/epic_index]
	[complete_text]
		`一个吹笛子的人临死前呼叫了一个名字——狄瑞吉， 那是第六使徒“黑色瘟疫”的名字。 难道传染病是狄瑞吉带来的？ 难道希洛克临死前说的那个预言， 要应验了？`
[/episode]

[episode]
	51	0	
	[episode_name]
		`暗黑城入口`
	[epic_index]
		70	73	74	75	76	77
	[/epic_index]
	[complete_text]
		`冒险家经过重重困难， 终于来到了暗精灵的首都--暗黑城！ 面对固执的暗精灵元老， 冒险家能和他们解除误会并阻止战争吗？`
[/episode]

[episode]
	50	70	
	[episode_name]
		`死神的邀请`
	[epic_index]
		3588	3589	3590	3591	3592
	[/epic_index]
	[complete_text]
		`我们~很快会再见面的……  --死神德莱弗斯`
[/episode]

[episode]
	59	70	
	[episode_name]
		`不褪色的噩梦--悲鸣洞穴`
	[epic_index]
		4330	4331	4340	4341	4347	4352	4357	4358	4359
	[/epic_index]
	[complete_text]
		`悲鸣洞穴是阿甘左的伤心之地， 虽然过去那么多年了， 但只要想起悲鸣洞穴， 阿甘左满脑子都是卢克西的影子。 对卢克西的内疚， 日日夜夜折磨着阿甘左， 时间过去越久， 内疚就越深。 每当伤心时， 阿甘左就会挥舞他的大剑。 如果还不能减缓痛苦， 他就会到酒馆喝得烂醉， 因为只有醉时才不用去想她。 他经常想， 当初要是自己更强一点， 卢可西没有救自己， 自己的人生会不会不同？ 不过可以肯定的是， 自己绝不会像现在这样被过去羁绊， 永远无法挣脱……阿甘左又陷入痛苦的回忆里， 卢克西的影子在脑海里越来越清晰……巨大的痛苦让阿甘左不能喘息， 看来今天又只能借酒消愁了。`
[/episode]

[episode]
	59	70	
	[episode_name]
		`不褪色的噩梦--悲鸣洞穴`
	[epic_index]
		4332	4333	4340	4342	4348	4353	4357	4358	4359
	[/epic_index]
	[complete_text]
		`悲鸣洞穴是阿甘左的伤心之地， 虽然过去那么多年了， 但只要想起悲鸣洞穴， 阿甘左满脑子都是卢克西的影子。 对卢克西的内疚， 日日夜夜折磨着阿甘左， 时间过去越久， 内疚就越深。 每当伤心时， 阿甘左就会挥舞他的大剑。 如果还不能减缓痛苦， 他就会到酒馆喝得烂醉， 因为只有醉时才不用去想她。 他经常想， 当初要是自己更强一点， 卢可西没有救自己， 自己的人生会不会不同？ 不过可以肯定的是， 自己绝不会像现在这样被过去羁绊， 永远无法挣脱……阿甘左又陷入痛苦的回忆里， 卢克西的影子在脑海里越来越清晰……巨大的痛苦让阿甘左不能喘息， 看来今天又只能借酒消愁了。`
[/episode]

[episode]
	59	70	
	[episode_name]
		`不褪色的噩梦--悲鸣洞穴`
	[epic_index]
		4334	4335	4340	4343	4349	4354	4357	4358	4359
	[/epic_index]
	[complete_text]
		`悲鸣洞穴是阿甘左的伤心之地， 虽然过去那么多年了， 但只要想起悲鸣洞穴， 阿甘左满脑子都是卢克西的影子。 对卢克西的内疚， 日日夜夜折磨着阿甘左， 时间过去越久， 内疚就越深。 每当伤心时， 阿甘左就会挥舞他的大剑。 如果还不能减缓痛苦， 他就会到酒馆喝得烂醉， 因为只有醉时才不用去想她。 他经常想， 当初要是自己更强一点， 卢可西没有救自己， 自己的人生会不会不同？ 不过可以肯定的是， 自己绝不会像现在这样被过去羁绊， 永远无法挣脱……阿甘左又陷入痛苦的回忆里， 卢克西的影子在脑海里越来越清晰……巨大的痛苦让阿甘左不能喘息， 看来今天又只能借酒消愁了。`
[/episode]

[episode]
	59	70	
	[episode_name]
		`不褪色的噩梦--悲鸣洞穴`
	[epic_index]
		4336	4337	4340	4344	4350	4355	4357	4358	4359
	[/epic_index]
	[complete_text]
		`悲鸣洞穴是阿甘左的伤心之地， 虽然过去那么多年了， 但只要想起悲鸣洞穴， 阿甘左满脑子都是卢克西的影子。 对卢克西的内疚， 日日夜夜折磨着阿甘左， 时间过去越久， 内疚就越深。 每当伤心时， 阿甘左就会挥舞他的大剑。 如果还不能减缓痛苦， 他就会到酒馆喝得烂醉， 因为只有醉时才不用去想她。 他经常想， 当初要是自己更强一点， 卢可西没有救自己， 自己的人生会不会不同？ 不过可以肯定的是， 自己绝不会像现在这样被过去羁绊， 永远无法挣脱……阿甘左又陷入痛苦的回忆里， 卢克西的影子在脑海里越来越清晰……巨大的痛苦让阿甘左不能喘息， 看来今天又只能借酒消愁了。`
[/episode]

[episode]
	59	70	
	[episode_name]
		`不褪色的噩梦--悲鸣洞穴`
	[epic_index]
		4338	4339	4340	4345	4351	4356	4357	4358	4359
	[/epic_index]
	[complete_text]
		`悲鸣洞穴是阿甘左的伤心之地， 虽然过去那么多年了， 但只要想起悲鸣洞穴， 阿甘左满脑子都是卢克西的影子。 对卢克西的内疚， 日日夜夜折磨着阿甘左， 时间过去越久， 内疚就越深。 每当伤心时， 阿甘左就会挥舞他的大剑。 如果还不能减缓痛苦， 他就会到酒馆喝得烂醉， 因为只有醉时才不用去想她。 他经常想， 当初要是自己更强一点， 卢可西没有救自己， 自己的人生会不会不同？ 不过可以肯定的是， 自己绝不会像现在这样被过去羁绊， 永远无法挣脱……阿甘左又陷入痛苦的回忆里， 卢克西的影子在脑海里越来越清晰……巨大的痛苦让阿甘左不能喘息， 看来今天又只能借酒消愁了。`
[/episode]

[episode]
	59	70	
	[episode_name]
		`不褪色的噩梦--悲鸣洞穴`
	[epic_index]
		5001	5002	4340	5003	5004	5005	4357	4358	4359
	[/epic_index]
	[complete_text]
		`悲鸣洞穴是阿甘左的伤心之地， 虽然过去那么多年了， 但只要想起悲鸣洞穴， 阿甘左满脑子都是卢克西的影子。 对卢克西的内疚， 日日夜夜折磨着阿甘左， 时间过去越久， 内疚就越深。 每当伤心时， 阿甘左就会挥舞他的大剑。 如果还不能减缓痛苦， 他就会到酒馆喝得烂醉， 因为只有醉时才不用去想她。 他经常想， 当初要是自己更强一点， 卢可西没有救自己， 自己的人生会不会不同？ 不过可以肯定的是， 自己绝不会像现在这样被过去羁绊， 永远无法挣脱……阿甘左又陷入痛苦的回忆里， 卢克西的影子在脑海里越来越清晰……巨大的痛苦让阿甘左不能喘息， 看来今天又只能借酒消愁了。`
[/episode]

[episode]
	59	70	
	[episode_name]
		`不褪色的噩梦--悲鸣洞穴`
	[epic_index]
		4372	4373	4340	4374	4375	4376	4377	4378	4379
	[/epic_index]
	[complete_text]
		`悲鸣洞穴是阿甘左的伤心之地， 虽然过去那么多年了， 但只要想起悲鸣洞穴， 阿甘左满脑子都是卢克西的影子。 对卢克西的内疚， 日日夜夜折磨着阿甘左， 时间过去越久， 内疚就越深。 每当伤心时， 阿甘左就会挥舞他的大剑。 如果还不能减缓痛苦， 他就会到酒馆喝得烂醉， 因为只有醉时才不用去想她。 他经常想， 当初要是自己更强一点， 卢可西没有救自己， 自己的人生会不会不同？ 不过可以肯定的是， 自己绝不会像现在这样被过去羁绊， 永远无法挣脱……阿甘左又陷入痛苦的回忆里， 卢克西的影子在脑海里越来越清晰……巨大的痛苦让阿甘左不能喘息， 看来今天又只能借酒消愁了。`
[/episode]

[episode]
	59	70	
	[episode_name]
		`不褪色的噩梦--悲鸣洞穴`
	[epic_index]
		7648	7649	4340	7650	7651	7652	4357	4358	4359
	[/epic_index]
	[complete_text]
		`悲鸣洞穴是阿甘左的伤心之地， 虽然过去那么多年了， 但只要想起悲鸣洞穴， 阿甘左满脑子都是卢克西的影子。 对卢克西的内疚， 日日夜夜折磨着阿甘左， 时间过去越久， 内疚就越深。 每当伤心时， 阿甘左就会挥舞他的大剑。 如果还不能减缓痛苦， 他就会到酒馆喝得烂醉， 因为只有醉时才不用去想她。 他经常想， 当初要是自己更强一点， 卢可西没有救自己， 自己的人生会不会不同？ 不过可以肯定的是， 自己绝不会像现在这样被过去羁绊， 永远无法挣脱……阿甘左又陷入痛苦的回忆里， 卢克西的影子在脑海里越来越清晰……巨大的痛苦让阿甘左不能喘息， 看来今天又只能借酒消愁了。`
[/episode]

[episode]
	59	70	
	[episode_name]
		`不褪色的噩梦--悲鸣洞穴`
	[epic_index]
		4491	4492	4340	4493	4494	4495	4357	4358	4359
	[/epic_index]
	[complete_text]
		`悲鸣洞穴是阿甘左的伤心之地， 虽然过去那么多年了， 但只要想起悲鸣洞穴， 阿甘左满脑子都是卢克西的影子。 对卢克西的内疚， 日日夜夜折磨着阿甘左， 时间过去越久， 内疚就越深。 每当伤心时， 阿甘左就会挥舞他的大剑。 如果还不能减缓痛苦， 他就会到酒馆喝得烂醉， 因为只有醉时才不用去想她。 他经常想， 当初要是自己更强一点， 卢可西没有救自己， 自己的人生会不会不同？ 不过可以肯定的是， 自己绝不会像现在这样被过去羁绊， 永远无法挣脱……阿甘左又陷入痛苦的回忆里， 卢克西的影子在脑海里越来越清晰……巨大的痛苦让阿甘左不能喘息， 看来今天又只能借酒消愁了。`
[/episode]

[episode]
	59	70	
	[episode_name]
		`毁灭戮蛊`
	[epic_index]
		4346
	[/epic_index]
	[complete_text]
		`戮蛊的表皮很轻， 却又十分坚韧， 是做防具的好材料。 反正都要消灭那些狂暴的家伙， 不如顺便收集些材料回来， 你们说对不？  -- 林纳斯致前往悲鸣洞穴的冒险家`
[/episode]

[episode]
	52	0	
	[episode_name]
		`侵袭大陆的沙尘暴`
	[epic_index]
		3901	3902	3903	3904	3905	3906
	[/epic_index]
	[complete_text]
		`有消息说， 一群未知的敌人袭击并占领了帝国的几个城镇。 冒险家对这些未知的敌人感到好奇， 于是和想方设法重新收复城镇的帝国军队一起， 前往了这些沦陷的城镇。 冒险家们终于查出这些未知敌人的来历， 他们竟然是天界无法地带的沙漠风暴--卡勒特！ 这注定是一场艰苦的争夺战， 冒险家和帝国军队不得不面对运用各种枪械和机械武装的卡勒特军队。 在充满垃圾和灰尘的热血八番街里， 冒险家们与卡勒特军队殊死搏斗。 历经生死奋战， 冒险家们终于击败了卡勒特的军队， 艰难地夺回了热血八番街。 但除了热血八番街， 还有几个城镇被卡勒特军队占领着， 看来新一轮的血战又要来临了……`
[/episode]

[episode]
	53	0	
	[episode_name]
		`念动力`
	[epic_index]
		3907	3908	3909	3911	3910
	[/epic_index]
	[complete_text]
		`冒险家成功收复热血八番街后， 便立即前往下一个目标格罗兹尼。 但出现在冒险家眼前的格罗兹尼， 已面目全非， 完全被绿色遮盖……通过调查， 冒险家还发现， 这些让人不可思议的事， 其实都是念动力者操纵的！ 把整个城镇变成一片绿色的梅亚、 可以自由召唤虫子的狄桑、 还有可以控制身边物品的麦瑟·莫纳亨， 她们正用一切手段阻止冒险家进入格罗兹尼！ 她们为什么跟卡勒特勾结？ 虽然念动力者身上发生的事让人同情， 但为了整个大陆， 冒险家不得不和她们展开激烈的战斗。 卡勒特入侵阿拉德， 目的何在呢？`
[/episode]

[episode]
	61	70	
	[episode_name]
		`摩根的日志`
	[epic_index]
		4443	4444	4445	4446	4447
	[/epic_index]
	[complete_text]
		`……难道是艾丽丝在撒谎？ 那她的目的又是为了什么？`
[/episode]

[episode]
	61	70	
	[episode_name]
		`异次元裂缝与使徒的幻影`
	[epic_index]
		4448	4449
	[/epic_index]
	[complete_text]
		`有关异次元裂缝， 很久以前， 我们的祖先就曾留下诫言 : “它的力量甚至能让神明感到畏惧， 所以绝不可轻易使用……”。 但是有些人依然无视先训， 滥用了这股力量。 可是为什么？ 他们犯下的罪孽， 却报应在了诺伊佩拉那些无辜的暗精灵平民身上……或许并不只有我们暗精灵知晓这股力量， 还有其他人……但是究竟是谁呢？ 竟然比已研究数百年的我们， 还要了解异次元裂缝！`
[/episode]

[episode]
	61	70	
	[episode_name]
		`暴戾搜捕团出现`
	[epic_index]
		4452	4453	4454
	[/epic_index]
	[complete_text]
		`等等……假如说使徒们拥有自己独特的气息， 那么从伪装者和传染病之间的关系看， 奥兹玛和狄瑞吉之间是否也应该有某种联系呢？ 难道那个叫“奥兹玛”的恶魔也是“使徒”？ 那“使徒”又意味着什么呢？ 还有那些被称作暴戾搜捕团的人类， 他们为什么要崇拜只会给世界带来混乱的“使徒”？ 而且还坚信使徒能给他们带来救赎？ 这难道是末日的挣扎， 或者是有某种依据？`
[/episode]

[episode]
	54	0	
	[episode_name]
		`千年的恩怨`
	[epic_index]
		4562	4563	4564	4565	4566	4567	4568	4569	4571
	[/epic_index]
	[complete_text]
		`虽然斯卡萨并没有直接攻击班图族的村庄， 但它的咆哮声已让班图族的多数人觉得生命受到了威胁。 这场僵持了千年的战争， 必不可免， 班图族决定和斯卡萨开战。 虽然以班图族现有的实力， 绝对击败不了斯卡萨， 但至少可以为最后决战争取到一些时间。 随着斯卡萨逐渐变弱， 它带来的威胁似乎也在远离， 班图族对未来又有了新的希望。`
[/episode]

[episode]
	55	0	
	[episode_name]
		`终于开启的天界之门`
	[epic_index]
		4414	4415	4416	4424
	[/epic_index]
	[complete_text]
		`天界……并没有冒险家们想象的那么美好， 它与凯丽所说的那个天界完全不同……天界现存的那些机械装置， 虽然外表还很光鲜， 但是不能使用， 天族说是因为能源中心无法供给电力导致的……还说是因为突然转移到能源中心的叫安徒恩的怪物把电力吞噬了……安徒恩……这又和使徒有关吗？`
[/episode]

[episode]
	55	0	
	[episode_name]
		`根特的危机`
	[epic_index]
		4201	4202	4203	4204	4205	4206	4207	4208	4209	4210	4227
	[/epic_index]
	[complete_text]
		`冒险家们怀着憧憬来到天界， 但呈现在他们眼前的是无比凄惨的场面。 想一统天界的卡勒特， 为了扩大自己的势力， 向根特发动了战争。 空气中弥漫着刺鼻的火药味， 天空中笼罩着黑色的烟雾， 天界的首都即将沦陷……这情形出乎了冒险家们的预料。 而卡勒特也趁机将毒手伸向冒险家， 他们对冒险家们展开屠杀并俘虏了很多冒险家。 不过并不是所有的冒险家都遭到了卡勒特的毒手， 一些在阿拉德大陆经历过漫长战争洗礼的冒险家在这场屠杀中脱颖而出， 以极其顽强的精神奋起抗战。 最终， 冒险家们用以一敌百的实力击退了卡勒特， 并成功化解了天界首都根特的沦陷危机。 对陷入混乱的天界来说， 这些冒险家已成为天界新的希望。`
[/episode]

[episode]
	56	0	
	[episode_name]
		`根特东门`
	[epic_index]
		4212	4213	4214	4215	4216	4217	4218	4228
	[/epic_index]
	[complete_text]
		`虽然冒险家的出现让卡勒特损失惨重， 但根特的守备队和冒险家们并没有因此而获得更多的准备时间。 根特的东门正被以卡勒特机动队为首的卡勒特支援军攻击， 损失惨重， 城门随时都有被攻破的危险……冒险家们匆忙来到根特东门， 在这里， 冒险家们见到了骑着奇怪机械的卡勒特机动队以及机动队长苏雷德。 在苏雷德的带领下， 那些机动队员正以他们特有的敏捷移动和大威力的机械装置阻止冒险家的救援……一场激烈的战争过后， 虽然不少冒险家都受到了伤害， 但还是把卡勒特的机动队消灭了。 不过冒险家们并没有为此而高兴， 因为根特随时都有被卡勒特侵占的危险。 此外， 经过几次连续战斗， 冒险家们也渐渐感到疲惫……`
[/episode]

[episode]
	57	0	
	[episode_name]
		`看不见的希望`
	[epic_index]
		4360	4361	4362	4363	4364	4365	4366	4367	4368
	[/epic_index]
	[complete_text]
		`GT-9600是装备了大量优良武器的机械兵器， 与普通的机械兵器不同， 尤其是在速度上， 它远远超越了普通的机械兵器。 GT-9600的厚重装甲可以抵挡冒险家的枪、 剑以及魔法等的攻击， 而且耐热性非常好， 不惧火焰……听说， 在GT-9600卓越的机动性和火力前， 那些原本打算帮助根特皇都军的冒险家， 已经纷纷逃离根特， 呵呵~如果卡勒特抓住这个机会大量生产GT-9600， 那么根特的沦陷就指日可待！ 这点， 我可以用我机械天才吉赛尔的名义担保！  --吉赛尔`
[/episode]

[episode]
	58	0	
	[episode_name]
		`准备反击`
	[epic_index]
		4257	4258	4259	4260	4261	4262
	[/epic_index]
	[complete_text]
		`卡勒特并没有像事先预想的一样， 攻打南门和东门， 而是出现在了北门， 这对皇都军来说是个严重的打击……好在梅尔文已提前做好准备， 将AT-5T步行者布置在了北门处。 因为有了高科技武器的协助， 皇都军在战局上取得了领先优势， 这也是这场漫长的苦战最终能反败为胜的重要基础。`
[/episode]

[episode]
	58	0	
	[episode_name]
		`机械臂捷克`
	[epic_index]
		4263	4264	4265	4266
	[/epic_index]
	[complete_text]
		`果然， 北门处涌现的敌军应该是卡勒特的先行突袭队。 据侦察兵调查， 他们的指挥者装有巨大的机械臂， 可以发射激光， 而且个性极其凶残， 为了击败对手， 即使误伤自己的部下也在所不惜。 如果没猜错， 这人就是机械臂捷克！ 之前皇都军就已探听到这人是个非常危险的存在， 一定不能让他突袭成功！`
[/episode]

[episode]
	59	0	
	[episode_name]
		`根特防御战`
	[epic_index]
		4276	4277	4278	4279	4280	4281	4282	4283	4284
	[/epic_index]
	[complete_text]
		`情报显示， 卡勒特正集结大批兵力和杀伤性武器于城外树林， 预测可能要发动总攻……虽然皇都军目前兵力、 粮食、 武器都较为匮乏， 但是敌军也处于疲软期。 漫长的战争终于要迎来尾声， 是到了双方展开最后一搏的时候了。 只要能阻止敌军这最后一次的进攻， 我们离最终胜利就不远了！`
[/episode]

[episode]
	59	0	
	[episode_name]
		`梅尔文的研究`
	[epic_index]
		4285	4286	4287	4288	4289	4290
	[/epic_index]
	[complete_text]
		`从冒险家们搜集到的炮身与被毁的机械部件来看， 确实没有一件属于近期制作的武器。 这些武器来源， 不是从其它机器上拆卸下来的二手零件， 就是一些不及格的半成品或试验品……看来有关卡勒特最近武器资源匮乏的情报， 的确属实。 -- 摘自梅尔文的研究报告`
[/episode]

[episode]
	65	70	
	[episode_name]
		`[异界地下城]异次元裂缝`
	[epic_index]
		5151	5152	5153	5154	5155	5156	5157
	[/epic_index]
	[complete_text]
		`在过去的数千年里， 人类一直把神秘又令人恐惧的异界称为地狱。 但凭常识， 我知道那个地方不能用现实世界的时间和空间概念去理解。 两百年前， 我们暗精灵发现了异次元裂缝， 并对其进行了秘密研究。 研究成果除了对异界结构有了新的认识外， 我们还发现异界中充满了无限大的一种力量……如果我们能利用这种力量， 我们暗精灵就会拥有非凡的能力。 但这种力量太过强大， 我担心我们连触碰它的机会都没有。 同时我对这样的地方也充满了疑问， 不知道它的出现是不是因为神的许可？ 如果不是神的许可， 那是谁把这无限的领域偷偷的展现在我们面前？  --暗精灵炼金术师珊图的异次元裂缝研究日志， 阿拉德历690年。`
[/episode]

[episode]
	40	70	
	[episode_name]
		`不祥的建筑物`
	[epic_index]
		5650	5651	5652	5653	5654
	[/epic_index]
	[complete_text]
		`亡者峡谷中不祥建筑物的真面目终于被揭开了， 那是一座恶魔的祭坛， 一座你一旦去过， 就再也不敢靠近的祭坛。 但……为什么我的脚步依然会不由自主的迈向那里呢？`
[/episode]

[episode]
	40	70	
	[episode_name]
		`终极炼金术`
	[epic_index]
		5655	5656	5657
	[/epic_index]
	[complete_text]
		`永恒不灭只是无法实现的梦想吗？ 赫顿玛尔那个古怪的炼金术师， 每天都戴着瓶底厚的眼镜， 废寝忘食的研究……可惜成功之日……`
[/episode]

[episode]
	60	0	
	[episode_name]
		`夜间作战`
	[epic_index]
		5720	5721	5722	5723	5724
	[/epic_index]
	[complete_text]
		`根特南门防御战之后， 敌人的攻势有所减缓。 在此期间， 皇都军在安特贝鲁峡谷深处发现了敌军的营地。 但由于资源不足， 泽丁·施奈德只好借助冒险家的力量先行扰乱敌军营地。 而冒险家们也不负众望， 成功地完成了任务。 只是迷雾重重的漆黑之地， 似乎仍然潜藏着不少危机……`
[/episode]

[episode]
	60	0	
	[episode_name]
		`银勺杂技团`
	[epic_index]
		5725	5726	5727	5728	5729
	[/epic_index]
	[complete_text]
		`卡勒特军队之所以敢倾尽全力进攻皇都， 是因为他们后方营地有佣兵银勺杂技团驻守。 尽管冒险家们已经教训过这帮使用奇怪技能的家伙， 但是这群家伙仍然死死坚守着， 不让皇都军靠近！`
[/episode]

[episode]
	61	0	
	[episode_name]
		`探索补给基地`
	[epic_index]
		5743	5745	5747	5744	5746
	[/epic_index]
	[complete_text]
		`冒险家在夜间袭击战中找到了卡勒特的作战地图， 并依照图中的标识探查到敌军补给基地的位置。 这次冒险家需要破坏卡勒特的补给基地， 切断他们的生命线。 一旦成功破坏， 就该轮到皇都军进行反击了！`
[/episode]

[episode]
	61	0	
	[episode_name]
		`实验的真相`
	[epic_index]
		5748	5749	5750	5751
	[/epic_index]
	[complete_text]
		`吉赛尔摒弃科学家的道德观， 在卡勒特基地内持续地进行非人道的科学实验。 梅尔文博士希望冒险家能够找到实验体的DNA样本， 帮助他查出吉赛尔实验的真相。 于是冒险家们展开了一连串地深入调查， 目的就是阻止这种实验继续进行……`
[/episode]

[episode]
	62	0	
	[episode_name]
		`勇士集结`
	[epic_index]
		5765	5766	5767	5768	5769	5770	5771	5772	5773	5779	5780	5781
	[epic_index]
	[complete_text]
		`冒险家们成功侦查到敌军逃匿的位置， 并在那里与秘密潜入的皇都军精锐特工汇合。 现在只要集结一切力量， 就可以给予敌人致命的一击了！`
[/episode]

[episode]
	63	0	
	[episode_name]
		`血蝴蝶之舞`
	[epic_index]
		5800	5801	5802	5803	5804
	[/epic_index]
	[complete_text]
		`冒险家为了歼灭盗贼余党而前往诺斯玛尔， 却在那里的沙漠地带发现了巨型昆虫。 据诺顿研究， 这些昆虫因为吸收了人类的能量， 而变得愈发巨大， 且还拥有相当高的智商……因而千万不要小看它们！ 看看那群被吓得魂飞魄散的盗贼， 以及那些被虫茧缚住的人类……还不了解这些昆虫的恐怖吗？ 所以为了以防万一， 还是请赶在敌人变得更强大之前， 除掉它们！`
[/episode]

[episode]
	63	0	
	[episode_name]
		`食梦树`
	[epic_index]
		5805	5806	5807	5808	5809
	[/epic_index]
	[complete_text]
		`沙漠地区的食梦树储藏了许多冒险家的梦。 当我进入这些梦境时， 见到了青面修罗洛兹贝伦。 那绝对是场惊心动魄的经历！ 不仅如此， 神志不清的他在记忆渐渐恢复之后， 却说了句似有深意的话 : 小心暴戾搜捕团……他本是被派来完成消灭诺丝克尔的任务， 为什么临走时会告诉我这样一句话？ 而且他明明还是搜捕团的重要成员！ 总之， 真是奇怪！`
[/episode]

[episode]
	63	0	
	[episode_name]
		`食梦树`
	[epic_index]
		5810	5811	5812	5813	5814
	[/epic_index]
	[complete_text]
		`沙漠地区的食梦树储藏了许多冒险家的梦。 当我进入这些梦境时， 见到了青面修罗洛兹贝伦。 那绝对是场惊心动魄的经历！ 不仅如此， 神志不清的他在记忆渐渐恢复之后， 却说了句似有深意的话 : 小心暴戾搜捕团……他本是被派来完成消灭诺丝克尔的任务， 为什么临走时会告诉我这样一句话？ 而且他明明还是搜捕团的重要成员！ 总之， 真是奇怪！`
[/episode]

[episode]
	64	0	
	[episode_name]
		`疑惑之村`
	[epic_index]
		5889	5890	5891	5892
	[/epic_index]
	[complete_text]
		`村长和村民们都变成了怪物， 少女们被当成了诱饵， 用来诱捕和袭击擅闯者。 整个矿山村似乎已经沦落成一个险恶的陷阱， 只剩下阴森森的气息在四周环绕。 有谁还会记得这个被遗弃的、 即将面临毁灭的悲惨之地呢？`
[/episode]

[episode]
	64	0	
	[episode_name]
		`诺顿的研究成果`
	[epic_index]
		5893	5894	5895
	[/epic_index]
	[complete_text]
		`诺顿果然很厉害！ 当赛丽亚看到他发现的 “那个东西”（诺顿将其命名为?钝）后， 惊恐无比。 她一再嘱咐要小心这东西， 但并没说清楚是为什么， 只说这物质和某种可怕的事物有着密切联系。 虽然目前我们前方的路还是一团迷雾， 但只要勇敢地走下去， 总有一天， 会查明“那个东西”的来历。 而现在我们要做的， 就是朝着自认为正确的道路继续前进！`
[/episode]

[episode]
	65	0	
	[episode_name]
		`收复海上列车`
	[epic_index]
		5836	5837	5838	5839	5840
	[/epic_index]
	[complete_text]
		`列车正常运行后， 我每天的工作都快忙死了！ 喂， 想上车就要付钱啊！ 只有那些歼灭海贼团的冒险家们， 才能享受免费乘坐的优惠！  -- 海上列车负责人贝伦·博内哥特`
[/episode]

[episode]
	65	0	
	[episode_name]
		`小灯笼`
	[epic_index]
		5841	5842	5843	5844
	[/epic_index]
	[complete_text]
		`那个大叔竟然说我是见钱眼开的人鱼？ 呜呜， 他怎么可以这么说？ 别人会误会的……小灯笼这样做全是为了帮助冒险家呀~~你看， 我提供了多少有益的情报和好东西~！ 对吧？ 人家其实只是个一直苦等自己的王子出现， 单纯到不能再单纯的人鱼少女……不， 我可不要雄人鱼！ 小灯笼等的可是帅气的王子！`
[/episode]

[episode]
	66	0	
	[episode_name]
		`破坏运输中的装备`
	[epic_index]
		5864	5865	5866	5867	5868
	[/epic_index]
	[complete_text]
		`据贝伦·博内哥特的情报， 列车货仓里载满了GT5600和类似于摩托车的装备。 正如泽丁·施奈德所说， 在这些东西送到卡勒特之前， 得把它们毁掉才不会构成威胁……当然， 除了一些还能利用的配件， 其余的都可以通通销毁！`
[/episode]

[episode]
	66	0	
	[episode_name]
		`变异的鳄鱼`
	[epic_index]
		5869	5870	5871
	[/epic_index]
	[complete_text]
		`是否在海贼团里见过拥有坚硬龟壳和强壮四肢的乌龟们？ 请小心它们之中那只带着烈焰盾的乌龟， 它就是铁鳞海贼团的团长烈焰盾波迪尔， 不仅可以喷射火焰， 还有着钢铁般的防御， 更加难以置信的是它敏捷的身手……总之， 烈焰盾波迪尔可谓是史上最强的乌龟！`
[/episode]

[episode]
	67	0	
	[episode_name]
		`智慧与金钱`
	[epic_index]
		144	145	146	147	148	149	150	151
	[/epic_index]
	[complete_text]
		`为了帮小灯笼赚钱， 冒险家伪装成蓝影马萨乔潜入铁鳞海贼团内部。 有高度近视的波迪尔不仅没能发现变装后的冒险家， 甚至还委托冒险家去调查一个叛徒……`
[/episode]

[episode]
	60	0	
	[episode_name]
		`穿戴辅助装备`
	[epic_index]
		674	649	676
	[/epic_index]
	[complete_text]
		`冒险家啊！ 如果想变得更强， 请带上辅助装备吧！`
[/episode]

[episode]
	65	0	
	[episode_name]
		`佩戴魔法石`
	[epic_index]
		675	650	677
	[/epic_index]
	[complete_text]
		`冒险家啊！ 如果想变得更强， 请带上魔法石吧！`
[/episode]

[episode]
	65	0	
	[episode_name]
		`幽灵列车的传说`
	[epic_index]
		6002	6003	6004	6005	6006	6007	6008
	[/epic_index]
	[complete_text]
		`我要把在幽灵列车的经历记录下来： 当时， 我和妻子正乘坐海上列车， 但突然感到一阵剧烈的震动……等我们清醒后， 发现已处于一辆无人的陌生列车上。 列车奔驰在雾蒙蒙的海面上， 窗外一片漆黑， 瑟瑟的冷风带着慎人的气息钻进车厢。 在黑暗中， 我忽然看到了微微亮光。 原来是一堆胸前闪着亮光的人偶正朝我们涌来！ 尽管我和妻子拼命想逃脱， 但还是被他们抓住了。 只见一个黑乎乎的庞大身影来到我们面前， 似乎还穿着列车长的制服……他从我妻子的胸口处取出了一团发光的东西， 放入其中一个木偶的胸上。 然后， 木偶竟然自己动了起来， 而我的妻子， 却昏了过去……  -- 摘自小灯笼爷爷的日记`
[/episode]

[episode]
	68	0	
	[episode_name]
		`黑色瘟疫狄瑞吉`
	[epic_index]
		5981	5982	5983	5984	5985	5986	5987	5988	5989	5990	5991
	[/epic_index]
	[complete_text]
		`所有灾难的元凶终于露出了真面目 : 它就是“黑色瘟疫狄瑞吉”， 一切疾病的根源……它被转移到阿拉德大陆后， 所引起的灾难和损失几乎可以说是无法估算的， 所以我们必须先除掉它。 只是……我一直担心赫尔德说过的那句话 --“使徒， 是只会给周围人类带来灾难的存在……”如果这是真的， 是不是表示她也一样？ 唉， 不知道为什么， 对她总是有些怀疑……`
[/episode]

[episode]
	68	0	
	[episode_name]
		`黑色瘟疫狄瑞吉`
	[epic_index]
		5993	5982	5983	5984	5985	5986	5987	5988	5989	5994	5995
	[/epic_index]
	[complete_text]
		`所有灾难的元凶终于露出了真面目 : 它就是“黑色瘟疫狄瑞吉”， 一切疾病的根源……它被转移到阿拉德大陆后， 所引起的灾难和损失几乎可以说是无法估算的， 所以我们必须先除掉它。 只是……我一直担心赫尔德说过的那句话 --“使徒， 是只会给周围人类带来灾难的存在……”如果这是真的， 是不是表示她也一样？ 唉， 不知道为什么， 对她总是有些怀疑……`
[/episode]

[episode]
	70	0	
	[episode_name]
		`再闯异次元裂缝`
	[epic_index]
		7728	7729	7730	7731	7732	7733	7734	7735	7736
	[/epic_index]
	[complete_text]
		`虽然冒险家们依照艾丽丝的指引， 在异次元裂缝成功歼灭了恶徒， 但内心却一直无法平静， 甚至有了些许动摇 : 为什么米歇尔要阻止他们除掉奥兹玛？ 而巴卡尔又怎么会预知到有人会来杀他？ 他们之间到底有什么秘密？ 无数个谜团接踵而来， 让冒险家们决心继续调查……`
[/episode]

[episode]
	67	0	
	[episode_name]
		`西部无法地带`
	[epic_index]
		4032	4033	4034	4035	4036	4037	4038	4039
	[/epic_index]
	[complete_text]
		`根据从铁鳞海贼团处收买的情报来看， 卡勒特已经把皇女艾丽婕带到了无法地带的峡谷地区。 泽丁·施奈德虽然很想救出皇女， 但由于情报来源的不稳定性， 暂时还不敢擅自动用到皇都正规军。 所以她只好拜托冒险家们去雾都赫伊斯查探一番， 以检验情报是否属实。`
[/episode]

[episode]
	67	0	
	[episode_name]
		`雾都赫伊斯`
	[epic_index]
		4039	4040	4041	4042	4043	4044
	[/epic_index]
	[complete_text]
		`卡勒特部队已被逼退到西部无法地带， 但仍在拼命抵抗， 据说是因为范·弗拉丁立下了军规 : 哪怕战死， 也不能投降。`
[/episode]

[episode]
	68	0	
	[episode_name]
		`终结的传说`
	[epic_index]
		4049	4050	4051	4052	4053	4054	4055	4056
	[/epic_index]
	[complete_text]
		`西部无法地带的神话人物——安祖·赛弗早已死去， 现在的安祖·赛弗只是被移植了记忆的机器人。 而这件卑劣又骇人听闻的事情， 正是由恶魔兰蒂卢斯一手谋划……`
[/episode]

[episode]
	67	68	
	[episode_name]
		`收复失地`
	[epic_index]
		4057	4058	4059	4060	4061	4062
	[/epic_index]
	[complete_text]
		`25年前， 安祖·赛弗开始进军西部无法地带， ‘天界战争’由此拉开了序幕。 事到如今， 这场战争已经即将步入尾声。 被战争夺去了众多亲友的凯丽， 拜托冒险家把可恶的卡勒特永远地驱逐出去……`
[/episode]

[episode]
	70	0	
	[episode_name]
		`武人之都素喃`
	[epic_index]
		4076	4077
	[/epic_index]
	[complete_text]
		`在虚祖国的素喃地区， 随处可见武斗高手， 哪怕是随便一个路人， 也会习得不少格斗技艺。 要想在这样一个地方获得武斗大会的冠军， 实属不易。 如今又正逢虚祖国王素喃·阿斯卡实行开放政策， 各方强手涌入素喃。 究竟谁能够拿到这份至高无上的荣誉？ 每个人都拭目以待着…… `
[/episode]

[episode]
	70	0	
	[episode_name]
		`黄龙大会夺魁`
	[epic_index]
		4078	4079	4080
	[/epic_index]
	[complete_text]
		`黄龙大会的获胜者， 将获得素喃地区最具权威的武斗大会——青龙大会的入场资格。`
[/episode]

[episode]
	70	0	
	[episode_name]
		`青龙大会夺魁`
	[epic_index]
		4069	4070	4071
	[/epic_index]
	[complete_text]
		`在素喃地区顶级武斗大会获胜的冒险家， 从此在阿拉德大陆声名大振。 连四剑圣之一的西岚也找上门来， 说要把一项重要的任务交给他……`
[/episode]

[episode]
	70	0	
	[episode_name]
		`西岚的召唤`
	[epic_index]
		4073	4074
	[/epic_index]
	[complete_text]
		`西岚肯定了冒险家的实力， 并相邀一起去完成一项秘密任务。 在这趟旅程中， 各种谜团将会一一解开……`
[/episode]

[episode]
	70	0	
	[episode_name]
		`时空之门`
	[epic_index]
		4120	4114	4115	4116	4117	4118	4119
	[/epic_index]
	[complete_text]
		``
[/episode]

[episode]
	70	0	
	[episode_name]
		`格兰之火`
	[epic_index]
		4121	4122	4123	4124	4125	4126	4127	4128	4129	4130	4390
	[/epic_index]
	[complete_text]
		``
[/episode]

[episode]
	70	0	
	[episode_name]
		`格兰之火`
	[epic_index]
		4385	4386	4387	4388	4389
	[/epic_index]
	[complete_text]
		``
[/episode]

[episode]
	71	0	
	[episode_name]
		`瘟疫之源`
	[epic_index]
		4131	4132	4133	4134	4135	4136	4137	4138	4139
	[/epic_index]
	[complete_text]
		``
[/episode]

[episode]
	71	0	
	[episode_name]
		`瘟疫之源`
	[epic_index]
		4185	4186	4187	4188	4189	4190
	[/epic_index]
	[complete_text]
		``
[/episode]

[episode]
	72	0	
	[episode_name]
		`卡勒特之初 1`
	[epic_index]
		4140	4141	4142	4143	4144	4145	4146	4147	4148	4149
	[/epic_index]
	[complete_text]
		``
[/episode]

[episode]
	72	0	
	[episode_name]
		`卡勒特之初 2`
	[epic_index]
		4191	4192	4193	4194	4195
	[/epic_index]
	[complete_text]
		``
[/episode]

[episode]
	73	0	
	[episode_name]
		`暗黑圣战 1`
	[epic_index]
		4150	4151	4152	4153	4154	4155	4156	4157	4158	4159
	[/epic_index]
	[complete_text]
		``
[/episode]

[episode]
	73	0	
	[episode_name]
		`暗黑圣战 2`
	[epic_index]
		4196	4197	4198	4199	4200
	[/epic_index]
	[complete_text]
		``
[/episode]

[episode]
	74	0	
	[episode_name]
		`绝密区域 1`
	[epic_index]
		4160	4161	4162	4163	4164	4165	4166	4167	4168
	[/epic_index]
	[complete_text]
		``
[/episode]

[episode]
	74	0	
	[episode_name]
		`找不到代码shonan_name_time01`
	[epic_index]
	[/epic_index]
	[complete_text]
		`找不到代码shonan_complete_time01`
[/episode]

[episode]
	74	0	
	[episode_name]
		`绝密区域 2`
	[epic_index]
		4211	4219	4223	4229	4230
	[/epic_index]
	[complete_text]
		``
[/episode]

[episode]
	75	0	
	[episode_name]
		`昔日悲鸣 1`
	[epic_index]
		4169	4170	4171	4172	4173	4174	4175
	[/epic_index]
	[complete_text]
		``
[/episode]

[episode]
	75	0	
	[episode_name]
		`昔日悲鸣 2`
	[epic_index]
		4231	4232	4233	4234	4235
	[/epic_index]
	[complete_text]
		``
[/episode]

[episode]
	76	0	
	[episode_name]
		`凛冬 1`
	[epic_index]
		4176	4177	4178	4179	4180	4181	4182	4183
	[/epic_index]
	[complete_text]
		``
[/episode]

[episode]
	76	0	
	[episode_name]
		`凛冬 2`
	[epic_index]
		4247	4248	4249	4250	4251
	[/epic_index]
	[complete_text]
		``
[/episode]

[episode]
	77	0	
	[episode_name]
		`谜之觉悟 1`
	[epic_index]
		4236	4237	4238	4239	4240	4241	4242	4243	4244	4245	4246
	[/epic_index]
	[complete_text]
		``
[/episode]

[episode]
	77	0	
	[episode_name]
		`谜之觉悟 2`
	[epic_index]
		4252	4253	4254	4255	4256	4299	4300
	[/epic_index]
	[complete_text]
		``
[/episode]

[episode]
	78	0	
	[episode_name]
		`卡勒特指挥部`
	[epic_index]
		4398	4399	4400	4401	4402	4403	4412
	[/epic_index]
	[complete_text]
		``
[/episode]

[episode]
	2	0	
	[episode_name]
		`时空碎片1`
	[epic_index]
		4465
	[/epic_index]
	[complete_text]
		``
[/episode]

[episode]
	15	0	
	[episode_name]
		`时空碎片2`
	[epic_index]
		4477
	[/epic_index]
	[complete_text]
		``
[/episode]

[episode]
	16	0	
	[episode_name]
		`时空碎片3`
	[epic_index]
		4478
	[/epic_index]
	[complete_text]
		``
[/episode]

[episode]
	27	0	
	[episode_name]
		`时空碎片4`
	[epic_index]
		4479
	[/epic_index]
	[complete_text]
		``
[/episode]

[episode]
	37	0	
	[episode_name]
		`时空碎片5`
	[epic_index]
		4480
	[/epic_index]
	[complete_text]
		``
[/episode]

[episode]
	40	0	
	[episode_name]
		`时空碎片6`
	[epic_index]
		4481
	[/epic_index]
	[complete_text]
		``
[/episode]

[episode]
	42	0	
	[episode_name]
		`时空碎片7`
	[epic_index]
		4482
	[/epic_index]
	[complete_text]
		``
[/episode]

[episode]
	46	0	
	[episode_name]
		`时空碎片8`
	[epic_index]
		4483
	[/epic_index]
	[complete_text]
		``
[/episode]

[episode]
	48	0	
	[episode_name]
		`时空碎片9`
	[epic_index]
		4484
	[/epic_index]
	[complete_text]
		``
[/episode]

[episode]
	52	0	
	[episode_name]
		`时空碎片10`
	[epic_index]
		4485
	[/epic_index]
	[complete_text]
		``
[/episode]

[episode]
	55	0	
	[episode_name]
		`时空碎片11`
	[epic_index]
		4486
	[/epic_index]
	[complete_text]
		``
[/episode]

[episode]
	65	0	
	[episode_name]
		`时空碎片12`
	[epic_index]
		4487
	[/epic_index]
	[complete_text]
		``
[/episode]

[episode]
	70	0	
	[episode_name]
		`时空碎片13`
	[epic_index]
		4488
	[/epic_index]
	[complete_text]
		``
[/episode]

[episode]
	78	0	
	[episode_name]
		`时空碎片14`
	[epic_index]
		4489
	[/epic_index]
	[complete_text]
		``
[/episode]

[episode]
	74	0	
	[episode_name]
		`时空碎片2`
	[epic_index]
		4496	4497
	[/epic_index]
	[complete_text]
		``
[/episode]

[episode]
	78	0	
	[episode_name]
		`斯曼工业基地`
	[epic_index]
		4498	4499	4502	4507
	[/epic_index]
	[complete_text]
		``
[/episode]

[episode]
	78	0	
	[episode_name]
		`克雷发电站`
	[epic_index]
		4508	4509	4510	4511	4512	4513	4517	4518	4519	4524	4529
	[/epic_index]
	[complete_text]
		``
[/episode]

[episode]
	79	0	
	[episode_name]
		`普鲁兹发电站`
	[epic_index]
		4554	4555	4556	4570	4573	4574	4575
	[/epic_index]
	[complete_text]
		``
[/episode]

[episode]
	80	0	
	[episode_name]
		`特伦斯发电站`
	[epic_index]
		4578	4579	4580	4581	4582	4583
	[/epic_index]
	[complete_text]
		``
[/episode]

[episode]
	81	0	
	[episode_name]
		`格兰迪发电站`
	[epic_index]
		4587	4588	4589	4590	4591	4592	4593
	[/epic_index]
	[complete_text]
		``
[/episode]

[episode]
	78	81	
	[episode_name]
		`秘密武器的研发计划`
	[epic_index]
		4596	4597	4598	4599	4600
	[/epic_index]
	[complete_text]
		`>`
[/episode]
