#PVF_File

1
`general/general_mission001.msn`
2
`general/general_mission002.msn`
3
`general/general_mission003.msn`
4
`general/general_mission004.msn`
5
`general/general_mission005.msn`
6
`general/general_mission006.msn`
7
`general/general_mission007.msn`
8
`general/general_mission008.msn`
9
`general/general_mission009.msn`
10
`general/general_mission010.msn`
11
`general/general_mission011.msn`
12
`general/general_mission012.msn`
13
`general/general_mission013.msn`
14
`general/general_mission014.msn`
15
`general/general_mission015.msn`
16
`general/general_mission016.msn`
17
`general/general_mission017.msn`
18
`general/general_mission018.msn`
19
`general/general_mission019.msn`
20
`general/general_mission020.msn`
21
`general/general_mission021.msn`
22
`general/general_mission022.msn`
23
`general/general_mission023.msn`
24
`general/general_mission024.msn`
25
`general/general_mission025.msn`
26
`general/general_mission026.msn`
27
`general/general_mission027.msn`
28
`general/general_mission028.msn`
29
`general/general_mission029.msn`
30
`general/general_mission030.msn`
31
`general/general_mission031.msn`
32
`general/general_mission032.msn`
33
`general/general_mission033.msn`
34
`general/general_mission034.msn`
35
`general/general_mission035.msn`
36
`general/general_mission036.msn`
37
`general/general_mission037.msn`
38
`general/general_mission038.msn`
39
`general/general_mission039.msn`
40
`general/general_mission040.msn`
41
`general/general_mission041.msn`
42
`general/general_mission042.msn`
43
`general/general_mission043.msn`
44
`general/general_mission044.msn`
45
`general/general_mission045.msn`
46
`general/general_mission046.msn`
47
`general/general_mission047.msn`
48
`general/general_mission048.msn`
49
`general/general_mission049.msn`
50
`general/general_mission050.msn`
51
`general/general_mission051.msn`
52
`general/general_mission052.msn`
53
`general/general_mission053.msn`
54
`general/general_mission054.msn`
55
`general/general_mission055.msn`
56
`general/general_mission056.msn`
57
`general/general_mission057.msn`
58
`general/general_mission058.msn`
59
`general/general_mission059.msn`
60
`general/general_mission060.msn`
61
`general/general_mission061.msn`
62
`general/general_mission062.msn`
66
`repeatable/repeatable_mission001.msn`
67
`repeatable/repeatable_mission002.msn`
68
`repeatable/repeatable_mission003.msn`
69
`repeatable/repeatable_mission004.msn`
70
`repeatable/repeatable_mission005.msn`
71
`repeatable/repeatable_mission006.msn`
72
`repeatable/repeatable_mission007.msn`
73
`repeatable/repeatable_mission008.msn`
74
`repeatable/repeatable_mission009.msn`
75
`repeatable/repeatable_mission010.msn`
76
`repeatable/repeatable_mission011.msn`
84
`repeatable/repeatable_mission019.msn`
85
`repeatable/repeatable_mission020.msn`
86
`repeatable/repeatable_mission021.msn`
87
`repeatable/repeatable_mission022.msn`
88
`repeatable/repeatable_mission023.msn`
89
`repeatable/repeatable_mission024.msn`
90
`repeatable/repeatable_mission025.msn`
91
`repeatable/repeatable_mission026.msn`
92
`repeatable/repeatable_mission027.msn`
93
`repeatable/repeatable_mission028.msn`
94
`repeatable/repeatable_mission029.msn`
95
`repeatable/repeatable_mission030.msn`
96
`repeatable/repeatable_mission031.msn`
97
`repeatable/repeatable_mission032.msn`
98
`repeatable/repeatable_mission033.msn`
101
`daily/daily_mission001.msn`
102
`daily/daily_mission002.msn`
103
`daily/daily_mission003.msn`
104
`daily/daily_mission004.msn`
105
`daily/daily_mission005.msn`
106
`daily/daily_mission006.msn`
107
`daily/daily_mission007.msn`
108
`daily/daily_mission008.msn`
128
`rankup/rankup_mission003.msn`
110
`rankup/rankup_mission001.msn`
111
`rankup/rankup_mission002.msn`
123
`general/general_mission066.msn`
124
`general/general_mission067.msn`
125
`general/general_mission068.msn`
126
`general/general_mission069.msn`
127
`general/general_mission070.msn`
130
`general/general_mission130.msn`
131
`general/general_mission131.msn`
134
`general/general_mission134.msn`
135
`general/general_mission135.msn`