#PVF_File

201
`swordman/gsd/gsd.aic`
202
`swordman/gsd_awaken/gsd_awaken.aic`
203
`swordman/siran/siran.aic`
204
`swordman/bhan/bhan.aic`
205
`swordman/aganzo/aganzo_hell.aic`
301
`swordman/crux3/crux_practice.aic`
305
`swordman/dale2/dale_practice.aic`
310
`hell/swordman/ldgsd/ldgsd.aic`
311
`hell/swordman/km/km.aic`
312
`hell/swordman/js/js.aic`
313
`hell/swordman/hajz/hajz.aic`
314
`hell/swordman/dxst/dxst.aic`
315
`hell1/swordman/siran_ghost/siran.aic`
316
`hell1/swordman/shihun/shihun.aic`
317
`hell1/swordman/sajin/sajin_grim.aic`
318
`hell1/swordman/oek/oek.aic`
319
`hell1/swordman/gsd/gsd.aic`
320
`hell1/swordman/buwanga1/buwanga1.aic`
321
`hell1/swordman/bl/bl.aic`
322
`hell1/swordman/bhan1/bhan1.aic`
323
`hell1/swordman/agz/agz.aic`
324
`hell3/swordman/btzs/btzs.aic`
325
`hell3/swordman/gsd/bodong1.aic`
326
`hell3/swordman/kcs/kcs.aic`
327
`hell3/swordman/kcs1/kcs1.aic`
328
`hell3/swordman/qmxl/qmxl.aic`
329
`hell3/swordman/shihun/shihun.aic`
330
`hell3/swordman/syqs/syqs.aic`
331
`hell3/swordman/xxbb/xxbb.aic`
332
`hell/swordman/jdfy/jdfy.aic`
333
`hell3/swordman/le/le.aic`
334
`hell3/swordman/xlb/xlb.aic`
335
`hell1/swordman/xlb1/xlb1.aic`
336
`hell1/swordman/sxkr/sxkr.aic`
337
`hell1/swordman/daht/daht.aic`
338
`hell3/swordman/aganzo/aganzo.aic`
339
`hell3/swordman/bhan/bhan.aic`
340
`hell3/swordman/buwanga/buwanga.aic`
341
`hell3/swordman/siran/siran.aic`
342
`hell2/swordman/wy/wy.aic`
343
`hell3/swordman/dma/dma.aic`
344
`hell3/swordman/zy/zy.aic`
345
`hell3/swordman/gs1/gs1.aic`
346
`hell3/swordman/gs2/gs2.aic`
347
`hell1/swordman/sdls/sdls.aic`
348
`hell4/swordman/gs1/gs1.aic`
349
`hell4/swordman/gs2/gs2.aic`
350
`hell4/swordman/le/le.aic`
351
`hell4/swordman/xlb/xlb.aic`
352
`hell5/swordman/by/by.aic`
353
`hell5/swordman/yanjue/yanjue.aic`
354
`hell6/swordman/xld/xld.aic`
355
`hell7/swordman/zhqg/zhqg.aic`
356
`hell7/swordman/zhqj/zhqj.aic`
357
`hell7/swordman/zhqk/zhqk.aic`
358
`hell7/swordman/zhqx/zhqx.aic`
359
`hell3/swordman/oek/oek.aic`
360
`hell3/swordman/agz/agz.aic`
361
`hell3/swordman/jxz/jxz.aic`
362
`hell5/swordman/xds/xds.aic`
363
`hell6/swordman/gzcz/gzcz.aic`
364
`hell3/swordman/sajin/sajin.aic`
365
`hell6/swordman/lg/lg.aic`
366
`hell6/swordman/sq/sq.aic`
367
`hell2/swordman/swkj/swkj.aic`
368
`hell2/swordman/xljb/xljb.aic`
369
`hell2/swordman/xlqm/xlqm.aic`
370
`hell1/swordman/agz/agz_despair.aic`
371
`hell1/swordman/bhan1/bhan1_despair.aic`
372
`hell1/swordman/buwanga1/buwanga1_despair.aic`
373
`hell1/swordman/siran_ghost/siran_despair.aic`
406
`swordman/one_star/one_star.aic`
407
`swordman/test_apc/test_apc.aic`
408
`swordman/rio/rio.aic`
409
`swordman/die_swordman/die_swordman.aic`
410
`swordman/aganzo/aganzo.aic`
411
`swordman/rookie_sword/rookie_sword.aic`
412
`swordman/aganzo_friend/aganzo_friend.aic`
413
`swordman/gulaax/gulaax_doll.aic`
414
`swordman/ingelheim/ingelheim_doll.aic`
415
`swordman/crux2/crux_doll.aic`
416
`swordman/rio/rio_doll.aic`
417
`swordman/aganzo_friend/aganzo_friend_doll.aic`
418
`swordman/gsd_awaken/gsd_awaken_doll.aic`
419
`swordman/aganzo/aganzo_grim.aic`
420
`swordman/sajin/sajin_grim.aic`
421
`swordman/Sayoung/Sayoung_grim.aic`
422
`swordman/rio/rio_grim.aic`
424
`swordman/noir_leben/noir_leben.aic`
425
`swordman/15kuran/event_15kuran.aic`
426
`swordman/15kuran/event_15kuran2.aic`
427
`swordman/15kuran/event_15kuran3.aic`
428
`swordman/15kuran/event_15kuran4.aic`
429
`swordman/15kuran/event_15kuran5.aic`
430
`swordman/15kuran/event_15kuran6.aic`
431
`swordman/soha/soha.aic`
432
`swordman/ruho/ruho.aic`
433
`swordman/worms_man/worms_man.aic`
434
`swordman/black_knight/black_knight.aic`
435
`swordman/whichlong/whichlong.aic`
436
`swordman/shonan_one_star/shonan_one_star.aic`
437
`swordman/shonan_two_star/shonan_two_star.aic`
438
`swordman/shonan_three_star/shonan_three_star.aic`
439
`swordman/shonan_four_star/shonan_four_star.aic`
440
`swordman/shonan_five_star/shonan_five_star.aic`
441
`swordman/shonan_fix_star/shonan_fix_star.aic`
442
`swordman/Hunter_lee/Hunter_lee.aic`
443
`swordman/light_man/light_man.aic`
444
`swordman/powerstation_man/powerstation_man.aic`
445
`swordman/powerstation_man/powerstation_man1.aic`
500
`swordman/kagemaru/kagemaru.aic`
501
`swordman/dale/dale.aic`
600
`swordman/arad_swordman/arad_swordman.aic`
601
`swordman/gulaax/gulaax.aic`
602
`swordman/pretender/pretender.aic`
603
`swordman/derek/derek.aic`
604
`swordman/hoyunjak/hoyunjak.aic`
605
`swordman/xeno/xeno.aic`
606
`swordman/15kuran/15kuran.aic`
607
`swordman/ingelheim/ingelheim.aic`
608
`swordman/sajin/sajin.aic`
609
`swordman/crux2/crux.aic`
610
`swordman/desyan/desyan.aic`
611
`swordman/Necromancer/Necromancer.aic`
612
`_weresist/swordman/blueface1/blueface1.aic`
613
`_weresist/swordman/blueface2/blueface2.aic`
614
`_weresist/swordman/yohan/yohan.aic`
615
`_weresist/swordman/3ghost_saya/body.aic`
616
`_weresist/swordman/apopis/body.aic`
617
`_weresist/swordman/gladiator/body.aic`
618
`_weresist/swordman/hella/body.aic`
619
`_weresist/swordman/tombstone/body.aic`
620
`_weresist/swordman/waveeye/body.aic`
621
`_weresist/swordman/3ghost_bremen/body.aic`
622
`_weresist/swordman/3ghost_rasa/body.aic`
900
`_bizarre/swordman/mirror_swordman/mirror_swordman.aic`
902
`_bizarre/swordman/despair_darkknight/despair_darkknight.aic`
1301
`swordman/Sayoung/Sayoung.aic`
1303
`_jojochan/swordman/soldoros/soldoros_character_doll.aic`
1400
`swordman/jahild/jahild.aic`
1401
`swordman/mosis/mosis.aic`
1501
`_jojochan/swordman/agarum_swordman/agarum_swordman_berserker.aic`
1502
`_jojochan/swordman/agarum_swordman/agarum_swordman_asura.aic`
1503
`_jojochan/swordman/agarum_swordman/agarum_swordman_soul.aic`
1504
`_jojochan/swordman/agarum_swordman/agarum_swordman_weapon.aic`
1505
`_jojochan/swordman/agarum_swordman/agarum_swordman.aic`
1506
`swordman/afro/afro.aic`
1507
`swordman/siran_ghost/siran_ghost.aic`
1508
`_weresist/swordman/blueface1/blueface1_quest.aic`
1510
`swordman/sagi_sword/sagi_sword.aic`
1511
`swordman/siran_ghost/siran_real.aic`
1512
`_jojochan/swordman/30kuran/30kuran.aic`
1513
`_jojochan/swordman/orca/orca.aic`
1514
`_jojochan/swordman/cc_gsd/cc_gsd.aic`
1515
`_jojochan/swordman/ladudu/ladudu.aic`
1516
`_jojochan/swordman/soldoros/soldoros.aic`
1517
`_jojochan/swordman/baron/baron.aic`
1518
`_jojochan/swordman/guang_ma/guang_ma.aic`
1519
`_jojochan/swordman/godsword/godsword.aic`
1529
`swordman/destroy_g/destroy_g.aic`
1530
`swordman/naje/naje.aic`
1531
`swordman/siran_ghost/bhan.aic`
1532
`swordman/siran_ghost/buwanga.aic`
1533
`swordman/hoyunjak/yanjue.aic`
1534
`swordman/gsd/bodong1.aic`
1536
`swordman/siran_ghost/bhan1.aic`
1537
`swordman/siran_ghost/siran1.aic`
1538
`swordman/naje/naje1.aic`
1540
`swordman/gyz/gyz.aic`
1541
`swordman/sudib/sdb.aic`
1542
`swordman/sudih/sdh.aic`
1544
`swordman/ldgsd/ldgsd.aic`
1545
`swordman/xl/xl.aic`
1546
`_jojochan/swordman/soldoros/sdls.aic`
1547
`_jojochan/swordman/soldoros/sdls1.aic`
1548
`swordman/dxst/dxst.aic`
1549
`swordman/hajz/hajz.aic`
1550
`swordman/js/js.aic`
1551
`swordman/daht/daht.aic`
1552
`swordman/xxbb/xxbb.aic`
1553
`swordman/lieshou/lieshou.aic`
1554
`swordman/km/km.aic`
1555
`swordman/be/be.aic`
1556
`swordman/be/be1.aic`
1557
`swordman/nmw/nmw.aic`
1558
`swordman/bl/bl.aic`
1559
`swordman/le/le.aic`
1560
`swordman/buwanga1/buwanga1.aic`
1561
`swordman/agz/agz.aic`
1562
`swordman/siran_ghost/siran.aic`
1563
`swordman/bhan1/bhan1.aic`
1564
`swordman/kcs/kcs.aic`
1565
`swordman/kcs1/kcs1.aic`
1566
`swordman/jdfy/jdfy.aic`
1567
`swordman/btzs/btzs.aic`
1568
`swordman/xlb/xlb.aic`
1569
`swordman/xlb1/xlb1.aic`
1570
`swordman/oek/oek.aic`
1571
`swordman/shihun/shihun.aic`
1572
`swordman/qmxl/qmxl.aic`
1573
`swordman/sxkr/sxkr.aic`
1600
`_hikaru77/swordman/babygom/babygom.aic`
1601
`_hikaru77/swordman/nastygm/nastygm.aic`
5002
`fighter/gustgirl/gustgirl.aic`
5003
`fighter/ryu/ryu.aic`
5004
`fighter/arad_fighter/arad_fighter.aic`
5201
`fighter/SlummyPrincessParis/SlummyPrincessParis.aic`
5202
`fighter/SlummyPrincessParis_Friend/SlummyPrincessParis_Friend.aic`
5301
`fighter/jisun/jisun.aic`
5302
`fighter/horan/horan.aic`
5303
`fighter/ans/ans.aic`
5304
`fighter/ros/ros.aic`
5305
`fighter/shonan/shonan.aic`
5306
`fighter/lynn/lynn.aic`
5307
`fighter/elin/elin.aic`
5308
`fighter/myre_striker/myre_striker.aic`
5309
`fighter/shasra/shasra.aic`
5310
`fighter/JangSamRang/JangSamRang.aic`
5311
`fighter/Vilmark/Vilmark.aic`
5312
`fighter/jisun2/jisun_practice.aic`
5313
`fighter/myre_striker2/myre_striker_practice.aic`
5400
`fighter/die_fighter/die_fighter.aic`
5401
`fighter/shonan/shonan_doll.aic`
5402
`fighter/shasra/shasra_doll.aic`
5403
`fighter/JangSamRang/JangSamRang_doll.aic`
5404
`fighter/SlummyPrincessParis_Friend/SlummyPrincessParis_Friend_doll.aic`
5405
`fighter/arad_fighter/arad_fighter_doll.aic`
5406
`fighter/gustgirl/gustgirl_grim.aic`
5407
`fighter/shasra/shasra_grim.aic`
5408
`fighter/SlummyPrincessParis/SlummyPrincessParis_grim.aic`
5409
`fighter/28/28.aic`
5410
`fighter/eneone/eneone.aic`
5411
`fighter/sagi_fighter/sagi_fighter.aic`
5412
`fighter/28/28_doll.aic`
5413
`fighter/tina/tina.aic`
5414
`fighter/soccer_girl/soccer_girl.aic`
5415
`fighter/sandman/sandman.aic`
5416
`fighter/Jin_nenma/Jin_nenma.aic`
5417
`fighter/teruxia/teruxia.aic`
5418
`fighter/Rithe/Rithe.aic`
5419
`fighter/Dual_tina/Dual_tina.aic`
5600
`fighter/eva/eva.aic`
5601
`fighter/ivy/ivy.aic`
5602
`fighter/anastatia2/anastatia.aic`
5603
`fighter/mia/mia.aic`
5604
`fighter/SR_Lyliana/Lyliana.aic`
5605
`_weresist/fighter/animal/body.aic`
5606
`_weresist/fighter/paul/body.aic`
5607
`_weresist/fighter/nenbug/body.aic`
5608
`_weresist/fighter/fishers_venom/body.aic`
5609
`_weresist/fighter/patlabor/body.aic`
5610
`_weresist/fighter/rople/body.aic`
5611
`_weresist/fighter/fishers_spin/body.aic`
5612
`_weresist/fighter/fishers_sting/body.aic`
5613
`_weresist/fighter/cursequeen/body.aic`
5730
`hell3/fighter/hn/hn.aic`
5731
`hell3/fighter/xd/xd.aic`
5732
`hell3/fighter/tknw/tknw.aic`
5733
`hell3/fighter/yfl/yfl.aic`
5734
`hell3/fighter/yfn/yfn.aic`
5735
`hell3/fighter/ws/ws.aic`
5736
`hell4/fighter/yh/yh.aic`
5737
`hell5/fighter/dw/dw.aic`
5738
`hell3/fighter/zsl/zsl.aic`
5739
`hell5/fighter/shb/shb.aic`
5900
`fighter/munch/munch.aic`
5901
`_bizarre/fighter/mirror_fighter/mirror_fighter.aic`
5902
`fighter/anastatianew/anastatia.aic`
5903
`fighter/hn/hn.aic`
6400
`fighter/jakalta/jakalta.aic`
6401
`fighter/odo/odo.aic`
6500
`_jojochan/fighter/agarum_fighter/agarum_fighter.aic`
6501
`_jojochan/fighter/agarum_fighter/agarum_fighter_grappler.aic`
6502
`_jojochan/fighter/agarum_fighter/agarum_fighter_nenmaster.aic`
6503
`_jojochan/fighter/agarum_fighter/agarum_fighter_streetfighter.aic`
6504
`_jojochan/fighter/agarum_fighter/agarum_fighter_striker.aic`
6505
`_jojochan/fighter/smelly_folia/smelly_folia.aic`
6506
`_jojochan/fighter/buyong/buyong.aic`
6507
`_jojochan/fighter/ojung/ojung.aic`
6600
`_hikaru77/fighter/yui/yui.aic`
6601
`_hikaru77/fighter/miumiu/miumiu.aic`
10201
`gunner/viper_holic_raiks/viper_holic_raiks.aic`
10202
`gunner/burned_phoenix/burned_phoenix.aic`
10203
`gunner/general_patton/general_patton.aic`
10301
`gunner/samorana/samorana.aic`
10302
`gunner/Flameman/Flameman.aic`
10304
`gunner/sam/sam.aic`
10305
`gunner/grenadier2/grenadier_practice.aic`
10306
`gunner/batista2/batista_practice.aic`
10401
`gunner/machinegunner/machinegunner.aic`
10402
`gunner/grenadier/grenadier.aic`
10403
`gunner/gost/gost.aic`
10404
`gunner/differ_adventurer/differ_adventurer.aic`
10405
`gunner/samorana/samorana_doll.aic`
10406
`gunner/sam/sam_doll.aic`
10407
`gunner/grenadier/grenadier_doll.aic`
10408
`gunner/batista/batista_doll.aic`
10409
`gunner/Babylon/Babylon.aic`
10410
`gunner/junon/junon.aic`
10411
`gunner/riquelme/riquelme.aic`
10412
`gunner/cypher_man/cypher_man.aic`
10413
`gunner/capensis/capensis.aic`
10414
`gunner/super_riquelme/super_riquelme.aic`
10415
`gunner/nizard/nizard.aic`
10416
`gunner/bomb_man/bomb_man.aic`
10417
`gunner/powerstation_gunner/powerstation_gunner.aic`
10418
`gunner/powerstation_gunner/powerstation_gunner1.aic`
10419
`gunner/Dual_Verrickt/Dual_Verrickt.aic`
10420
`gunner/Dual_Verrickt/Dual_Verrickt1.aic`
10421
`gunner/Dual_Verrickt/Dual_Verrickt2.aic`
10422
`gunner/Dual_gost/Dual_gost.aic`
10504
`gunner/batista/batista.aic`
10600
`gunner/hesus/hesus.aic`
10601
`gunner/cartelAgent/cartelAgent.aic`
10602
`gunner/Smoke/smoke.aic`
10603
`gunner/SR_Gordon/gordon.aic`
10604
`gunner/SR_Philip/Philip.aic`
10605
`gunner/SR_Augustin/Augustin.aic`
10606
`gunner/SR_Rafael/Rafael.aic`
10607
`gunner/TMH_Signalman/TMHSignalMan.aic`
10608
`gunner/BurningNut_Man/BurningNutMan.aic`
10609
`gunner/Jile/Jile.aic`
10610
`gunner/rusti/rusti.aic`
10611
`gunner/nils/nils.aic`
10612
`_weresist/gunner/4gen1ghost_spit/spit.aic`
10613
`_weresist/gunner/4gen1ghost_meca/meca.aic`
10614
`_weresist/gunner/4gen1ghost_ranger/ranger.aic`
10615
`_weresist/gunner/4gen1ghost_lunch/lunch.aic`
10616
`_weresist/gunner/animal/body.aic`
10618
`_weresist/gunner/tempi/body.aic`
10620
`_weresist/gunner/darkelf/body.aic`
10621
`_weresist/gunner/mafia/body.aic`
10622
`_weresist/gunner/musketeer/body.aic`
10623
`_weresist/gunner/nugolspit/body.aic`
10624
`_weresist/gunner/choa/body.aic`
10625
`gunner/HV_guards/HV_guards.aic`
10626
`gunner/naro/naro.aic`
10627
`gunner/Dancers/Dancers.aic`
10628
`gunner/Verrickt/Verrickt.aic`
10629
`gunner/sagi_gunner/sagi_gunner.aic`
10900
`gunner/skull/skull.aic`
10901
`gunner/reonidas/reonidas.aic`
10902
`gunner/eltis/eltis.aic`
10903
`_bizarre/gunner/mirror_gunner/mirror_gunner.aic`
11400
`gunner/magni/magni.aic`
11401
`gunner/4season/4season.aic`
11500
`_jojochan/gunner/punch/punch.aic`
11501
`_jojochan/gunner/mechagenaral/mechageneral.aic`
11502
`_jojochan/gunner/joker/joker.aic`
11503
`_jojochan/gunner/joker/joker2.aic`
11504
`_jojochan/gunner/hpchecker/hpchecker.aic`
11505
`_jojochan/gunner/agarum_gunner/agarum_gunner_launcher.aic`
11506
`_jojochan/gunner/agarum_gunner/agarum_gunner_mechanic.aic`
11507
`_jojochan/gunner/agarum_gunner/agarum_gunner_ranger.aic`
11508
`_jojochan/gunner/agarum_gunner/agarum_gunner_spitfire.aic`
11509
`_jojochan/gunner/agarum_gunner/agarum_gunner.aic`
11510
`_jojochan/gunner/joker/joker3_highbetray.aic`
11511
`_jojochan/gunner/longhair_motoro/longhair_motoro.aic`
11512
`_jojochan/gunner/fallen_asil/fallen_asil.aic`
11513
`_jojochan/gunner/lee_dangga/lee_dangga.aic`
11514
`_jojochan/gunner/bihwarang/bihwarang.aic`
11515
`gunner/nils/nils2.aic`
11516
`gunner/Verrickt/Verrickt2.aic`
11517
`_jojochan/gunner/punch1/punch1.aic`
11518
`_jojochan/gunner/mechageneral1/mechageneral1.aic`
11600
`_hikaru77/gunner/blanc_neige/blanc_neige.aic`
11601
`gunner/badun/badun.aic`
11602
`gunner/manyou/manyou.aic`
11603
`gunner/jingwei/jingwei.aic`
11604
`gunner/weixiao/weixiao.aic`
11605
`gunner/xue/xue.aic`
11606
`gunner/wuen/wuen.aic`
11607
`gunner/wuen/wuen1.aic`
11608
`gunner/wuen/jinlong.aic`
11609
`gunner/jingwei/jingwei1.aic`
11610
`gunner/hl/hl.aic`
11611
`gunner/qpds/qpds.aic`
11612
`gunner/hdj/hdj.aic`
11613
`gunner/btkr/btkr.aic`
11614
`gunner/bbl/bbl.aic`
12100
`hell2/gunner/xue/xue.aic`
12101
`hell2/gunner/qpds/qpds.aic`
12102
`hell2/gunner/manyou/manyou.aic`
12103
`hell2/gunner/jingwei/jingwei.aic`
12104
`hell2/gunner/hl/hl.aic`
12105
`hell2/gunner/hdj/hdj.aic`
12106
`hell2/gunner/btkr/btkr.aic`
12107
`hell2/gunner/badun/badun.aic`
12108
`hell3/gunner/klxs/klxs.aic`
12109
`hell2/gunner/mdsz/mdsz.aic`
12110
`hell2/gunner/mjw/mjw.aic`
12111
`hell4/gunner/badun/badun.aic`
12112
`hell6/gunner/yb/yb.aic`
12113
`hell3/gunner/jsy/jsy.aic`
15201
`magician/fayra_burning_hands/fayra_burning_hands.aic`
15202
`magician/flea_inflame_hands/flea_inflame_hands.aic`
15203
`magician/volcayra_burst_hands/volcayra_burst_hands.aic`
15204
`magician/smilas_students/smilas_students.aic`
15205
`magician/aukuso_girl/aukuso_girl.aic`
15206
`magician/terakota_water/terakota_water.aic`
15207
`magician/terakota_fire/terakota_fire.aic`
15301
`magician/terakota_water2/terakota_water_practice.aic`
15303
`magician/smilas_students2/smilas_students_practice.aic`
15401
`magician/happy_very/happy_very.aic`
15402
`magician/lie/lie.aic`
15403
`magician/marome/marome.aic`
15404
`magician/rookie_magic/rookie_magic.aic`
15405
`magician/naitnar/naitnar_doll.aic`
15406
`magician/limlim2/limlim_doll.aic`
15407
`magician/terakota_water/terakota_water_doll.aic`
15408
`magician/volcayra_burst_hands/volcayra_burst_hands_doll.aic`
15409
`magician/Rina/Rina.aic`
15410
`magician/cutihaning/cutihaning.aic`
15411
`magician/jade/jade.aic`
15412
`magician/sagi_mado/sagi_mado.aic`
15413
`magician/yanus/yanus.aic`
15414
`magician/sogno/sogno.aic`
15415
`magician/pilraki/pilraki.aic`
15416
`magician/continum/continum.aic`
15417
`magician/yeoumjang/yeoumjang.aic`
15418
`magician/Spear_master/Spear_master.aic`
15501
`magician/biske/biske.aic`
15502
`magician/naitnar/naitnar.aic`
15600
`magician/limlim2/limlim.aic`
15601
`_weresist/magician/isilien/body.aic`
15602
`_weresist/magician/animal/body.aic`
15603
`_weresist/magician/ghoul/body.aic`
15604
`_weresist/magician/kasyas/body.aic`
15605
`_weresist/magician/mami/body.aic`
15606
`_weresist/magician/piker/body.aic`
15607
`_weresist/magician/penguin/body.aic`
15608
`_weresist/magician/firewitch/body.aic`
15801
`magician/terakota_light/terakota_light.aic`
15900
`magician/fire_raiser/fire_raiser.aic`
15901
`magician/terakota_dark/terakota_dark.aic`
15902
`_bizarre/magician/mirror_magician/mirror_magician.aic`
15903
`_bizarre/magician/despair_creator/despair_creator.aic`
16400
`magician/Mesteria/Mesteria.aic`
16501
`_jojochan/magician/agarum_magician/agarum_magician_battlemage.aic`
16502
`_jojochan/magician/agarum_magician/agarum_magician_elementalmaster.aic`
16503
`_jojochan/magician/agarum_magician/agarum_magician_summoner.aic`
16504
`_jojochan/magician/agarum_magician/agarum_magician_witch.aic`
16505
`_jojochan/magician/agarum_magician/agarum_magician.aic`
16506
`magician/chinagirl/chinagirl.aic`
16507
`magician/chinagirl/chinagirl1.aic`
16508
`_jojochan/magician/familiar_master/cubre/cubre.aic`
16509
`_jojochan/magician/familiar_master/logicstar/logicstar.aic`
16510
`_jojochan/magician/familiar_master/rhapanpan/rhapanpan.aic`
16511
`_jojochan/magician/familiar_master/teonia/teonia.aic`
16512
`_jojochan/magician/ogong/ogong.aic`
16513
`_jojochan/magician/ogong/ogong2.aic`
16514
`_jojochan/magician/pong/pong.aic`
16515
`_jojochan/magician/japa/japa.aic`
16516
`_jojochan/magician/coni/coni.aic`
16517
`_jojochan/magician/hauff/hauff.aic`
16601
`_hikaru77/magician/dal_ayoung/ayoung.aic`
16602
`_hikaru77/magician/dal_gaeun/gaeun.aic`
16603
`_hikaru77/magician/dal_jiyul/jiyul.aic`
16604
`_hikaru77/magician/dal_seri/seri.aic`
16605
`_hikaru77/magician/dal_subin/subin.aic`
16606
`_hikaru77/magician/dal_viki/viki.aic`
16607
`_hikaru77/magician/girl_hyeri/hyeri.aic`
16608
`_hikaru77/magician/girl_jihae/jihae.aic`
16609
`_hikaru77/magician/girl_minah/minah.aic`
16610
`_hikaru77/magician/girl_sojin/sojin.aic`
16611
`_hikaru77/magician/girl_yura/yura.aic`
16612
`_hikaru77/magician/girlsday/yura.aic`
16613
`_hikaru77/magician/girlsday/hyeri.aic`
16614
`_hikaru77/magician/girlsday/jihae.aic`
16615
`_hikaru77/magician/girlsday/minah.aic`
16616
`_hikaru77/magician/girlsday/sojin.aic`
16617
`_hikaru77/magician/silverfox/silverfox.aic`
16618
`_hikaru77/magician/lovelygm/lovelygm.aic`
16620
`magician/yxle/yxle.aic`
16730
`hell3/magician/dsz/dsz.aic`
16731
`hell6/magician/zrd/zrd.aic`
16732
`hell5/magician/stdr/stdr.aic`
16733
`hell3/magician/cmb/cmb.aic`
20002
`priest/arad_priest/arad_priest.aic`
20201
`priest/christian_ronaldo/christian_ronaldo.aic`
20301
`priest/CrazyJunk/CrazyJunk.aic`
20302
`priest/christian_ronaldo2/christian_ronaldo_practice.aic`
20303
`priest/tribune2/tribune_practice.aic`
20401
`priest/jogi/jogi.aic`
20402
`priest/high_hapmadan/high_hapmadan.aic`
20403
`priest/low_hapmadan/low_hapmadan.aic`
20404
`priest/santa/santa.aic`
20405
`priest/doran/doran.aic`
20406
`priest/mister_o/mister_o.aic`
20407
`priest/octipus_hunter/octipus_hunter.aic`
20408
`priest/bartender/bartender.aic`
20409
`priest/christian_ronaldo/christian_ronaldo_doll.aic`
20410
`priest/yugo/yugo_doll.aic`
20411
`priest/snowstorm/snowstorm_doll.aic`
20412
`priest/benham/benham_doll.aic`
20413
`priest/octipus_hunter/octipus_hunter_doll.aic`
20414
`priest/CrazyJunk/CrazyJunk_doll.aic`
20415
`priest/santa/santa2.aic`
20417
`priest/Ratreia/Ratreia.aic`
20418
`priest/tribune/tribune.aic`
20420
`priest/Tiger/black/black.aic`
20421
`priest/Tiger/red/red.aic`
20422
`priest/Tiger/yellow/yellow.aic`
20423
`priest/Tiger/white/white.aic`
20424
`priest/Creck_c/Creck_c.aic`
20425
`priest/Creck_m/Creck_m.aic`
20426
`priest/daneasopo/daneasopo.aic`
20427
`priest/tirano/tirano.aic`
20428
`priest/myungho/myungho.aic`
20429
`priest/yeomyung/yeomyung.aic`
20430
`priest/will/will.aic`
20431
`priest/raki/raki.aic`
20432
`priest/bighouse/bighouse.aic`
20433
`priest/G_king/G_king.aic`
20434
`priest/samzang/samzang.aic`
20435
`priest/marcelo/marcelo.aic`
20436
`priest/Lion_King/Lion_King.aic`
20437
`priest/bodyguard2/bodyguard2.aic`
20438
`priest/Tome/Tome.aic`
20439
`priest/curse_priest/curse_priest.aic`
20440
`priest/curse_priest/No_curse_priest.aic`
20441
`priest/curse_priest/No_curse_priest1.aic`
20442
`priest/curse_priest/No_curse_priest2.aic`
20443
`priest/curse_priest/No_curse_priest3.aic`
20444
`priest/Hell_raki/Hell_raki.aic`
20445
`priest/Hell_bighouse/Hell_bighouse.aic`
20446
`priest/powerstation_priest/powerstation_priest.aic`
20500
`priest/yugo/yugo.aic`
20501
`priest/ralph/ralph.aic`
20600
`priest/snowstorm/snowstorm.aic`
20601
`priest/benham/benham.aic`
20603
`priest/songang/songang.aic`
20604
`priest/deius/deius.aic`
20605
`priest/roengram/roengram.aic`
20606
`priest/Ubogin/Ubogin.aic`
20607
`priest/snowstorm2/snowstorm2.aic`
20608
`_weresist/priest/animal/body.aic`
20609
`_weresist/priest/hammer/body.aic`
20610
`_weresist/priest/drix/body.aic`
20611
`_weresist/priest/agail/body.aic`
20612
`_weresist/priest/divine/body.aic`
20613
`_weresist/priest/east/body.aic`
20614
`_weresist/priest/powerking/body.aic`
20615
`priest/chinadaddy/chinadaddy.aic`
20616
`priest/chinadaddy/chinadaddy1.aic`
20900
`priest/heal_soldier/heal_soldier.aic`
20901
`priest/GhostPriest/GhostPriest.aic`
20902
`_bizarre/priest/mirror_priest/mirror_priest.aic`
21113
`priest/crau/crau.aic`
21114
`priest/sishen/sishen.aic`
21115
`priest/machokang/machokang.aic`
21116
`priest/sishen/sishen1.aic`
21117
`priest/shenfu/shenfu.aic`
21118
`priest/fcz/fcz.aic`
21119
`priest/anhei/anhei.aic`
21120
`priest/dra/dra.aic`
21121
`priest/crau/pb.aic`
21122
`priest/qm/qm.aic`
21123
`priest/dcg/dcg.aic`
21124
`priest/mg/mg.aic`
21125
`priest/jqu/jqm.aic`
21126
`priest/def/def.aic`
21400
`priest/slave/slave.aic`
21401
`priest/laowu/laowu.aic`
21402
`priest/zhenlong/zhenlong.aic`
21500
`expc_sample/expc_test.aic`
21501
`_jojochan/priest/agarum_priest/agarum_priest_crusader.aic`
21502
`_jojochan/priest/agarum_priest/agarum_priest_exorcist.aic`
21503
`_jojochan/priest/agarum_priest/agarum_priest_infighter.aic`
21504
`_jojochan/priest/agarum_priest/agarum_priest.aic`
21505
`priest/CrazyJunk/arad_p2.aic`
21506
`_jojochan/priest/go_back/go_back.aic`
21507
`_jojochan/priest/hesiss/hesiss.aic`
21600
`_hikaru77/priest/fathergom/fathergom.aic`
21601
`_hikaru77/priest/mothergom/mothergom.aic`
21602
`_hikaru77/priest/chuzo/chuzo.aic`
21603
`_hikaru77/priest/reliablegm/reliablegm.aic`
21604
`priest/curse_priest/No_curse_priest_quest.aic`
21605
`priest/curse_priest/No_curse_priest_quest1.aic`
22100
`hell/priest/crau/crau.aic`
22101
`hell1/priest/sishen/sishen.aic`
22102
`hell3/priest/anhei/anhei.aic`
22103
`hell3/priest/dra/dra.aic`
22104
`hell3/priest/fcz/fcz.aic`
22105
`hell3/priest/qm/qm.aic`
22106
`hell3/priest/gh/gh.aic`
22107
`hell2/priest/fc/fc.aic`
22108
`hell2/priest/lq/lq.aic`
22109
`hell2/priest/qu/qu.aic`
22110
`hell2/priest/sq/sq.aic`
22111
`hell1/priest/dcg/dcg.aic`
22112
`hell3/priest/cz/cz.aic`
22113
`hell3/priest/zdn/zdn.aic`
22114
`hell/priest/mg/mg.aic`
22115
`hell4/priest/dra/dra.aic`
22116
`hell5/priest/gy/gy.aic`
22117
`hell6/priest/szw/szw.aic`
22118
`hell3/priest/qs/qs.aic`
22119
`hell3/priest/fkjk/fkjk.aic`
22120
`hell5/priest/tcb/tcb.aic`
22121
`hell7/priest/lqj/lqj.aic`
22122
`hell7/priest/qmj/qmj.aic`
22123
`hell2/priest/wzz/wzz.aic`
22124
`hell2/priest/yg/yg.aic`
22125
`hell3/priest/phw/phw.aic`
24999
`priest/santa/santa3.aic`
25301
`gunner/Ruin/Ruin.aic`
25302
`atgunner/lancer2/lancer_practice.aic`
25303
`atgunner/sparrow2/sparrow_practice.aic`
25304
`atgunner/hariot2/hariot_practice.aic`
25305
`atgunner/gale2/gale_practice.aic`
25306
`atgunner/atmachinegunner2/atmachinegunner_practice.aic`
25400
`atgunner/Amina/Amina.aic`
25401
`atgunner/Amina/Amina1.aic`
25402
`atgunner/Amina/Amina2.aic`
25403
`atgunner/dance_girl/dance_girl.aic`
25404
`atgunner/menhunt/menhunt.aic`
25405
`atgunner/corona/corona.aic`
25406
`atgunner/corona/corona1.aic`
25407
`atgunner/corona/corona2.aic`
25408
`atgunner/corona/corona3.aic`
25409
`atgunner/woman_general/woman_general.aic`
25410
`atgunner/powerstation_gunner/powerstation_gunner.aic`
25411
`atgunner/Dual_general/Dual_general.aic`
25617
`_weresist/gunner/gale/body.aic`
25618
`_weresist/gunner/corona/body.aic`
25619
`_weresist/gunner/lancer/body.aic`
25620
`_weresist/gunner/lancer_engineer/body.aic`
25621
`_weresist/gunner/lancer_leader/body.aic`
25622
`_weresist/gunner/sniper/body.aic`
25623
`_weresist/gunner/hariot/body.aic`
25624
`_weresist/gunner/nightqueen/body.aic`
25900
`_bizarre/atgunner/mirror_atgunner/mirror_atgunner.aic`
26501
`_jojochan/atgunner/sparrow/sparrow.aic`
26502
`_jojochan/atgunner/atmachinegunner/atmachinegunner.aic`
26503
`_jojochan/atgunner/agarum_atgunner/agarum_atgunner_launcher.aic`
26504
`_jojochan/atgunner/agarum_atgunner/agarum_atgunner_mechanic.aic`
26505
`_jojochan/atgunner/agarum_atgunner/agarum_atgunner_ranger.aic`
26506
`_jojochan/atgunner/agarum_atgunner/agarum_atgunner_spitfire.aic`
26507
`_jojochan/atgunner/agarum_atgunner/agarum_atgunner.aic`
26508
`_jojochan/atgunner/blond_tyler/blond_tyler.aic`
26509
`_jojochan/atgunner/gunman_nana/gunman_nana.aic`
26510
`_jojochan/atgunner/reina/reina.aic`
26511
`_jojochan/atgunner/sky/sky.aic`
26512
`_jojochan/atgunner/sparrow1/sparrow1.aic`
26601
`_hikaru77/atgunner/caleia/caleia.aic`
26602
`_hikaru77/atgunner/jeklin/jeklin.aic`
26603
`atgunner/dh/dh.aic`
26604
`atgunner/miss/miss.aic`
26605
`atgunner/zhongpao/zhongpao.aic`
26606
`atgunner/xn/xn.aic`
26607
`atgunner/blk1/blk1.aic`
26608
`atgunner/zd/zd.aic`
27300
`hell/atgunner/xn/xn.aic`
27301
`hell2/atgunner/zd/zd.aic`
27302
`hell2/atgunner/zhongpao/zhongpao.aic`
27303
`hell3/atgunner/ynw/ynw.aic`
27304
`hell6/atgunner/hx/hx.aic`
27305
`hell7/atgunner/jxs/jxs.aic`
27306
`hell2/atgunner/ajl/ajl.aic`
30001
`Thief/Syrah/Syrah.aic`
30002
`Thief/Syrah/Syrah2.aic`
30003
`Thief/silver/silver.aic`
30004
`Thief/old_maid/old_maid.aic`
30301
`Thief/silver2/silver_practice.aic`
30302
`Thief/Syrah2/Syrah_practice.aic`
30303
`Thief/doubleshadow/doubleshadow1.aic`
30304
`Thief/doubleshadow/doubleshadow2.aic`
30401
`Thief/Hwangbee/Hwangbee.aic`
30402
`Thief/sill/sill.aic`
30403
`Thief/oroto/oroto.aic`
30404
`Thief/oroto/oroto_sub.aic`
30405
`Thief/minet/minet.aic`
30406
`Thief/rodem/rodem.aic`
30407
`Thief/namie/namie.aic`
30408
`Thief/bodyguard/bodyguard.aic`
30409
`Thief/Esadon/Esadon.aic`
30410
`Thief/sill/Hell_sill.aic`
30411
`Thief/rosa/rosa.aic`
30900
`Thief/sjar/sjar.aic`
30901
`_bizarre/Thief/mirror_Thief/mirror_Thief.aic`
31401
`Thief/airsword/airsword.aic`
31501
`_jojochan/thief/agarum_thief/agarum_thief.aic`
31502
`_jojochan/thief/agarum_thief/agarum_thief_necromencer.aic`
31503
`_jojochan/thief/agarum_thief/agarum_thief_rogue.aic`
31504
`_jojochan/thief/knifefight_basiheu/knifefight_basiheu.aic`
31505
`_jojochan/thief/agarum_thief/tower_dummy.aic`
31506
`_jojochan/thief/rai/rai.aic`
31507
`_jojochan/thief/siriel/siriel.aic`
31508
`_jojochan/thief/chai/chai.aic`
31600
`_hikaru77/thief/uranne/uranne.aic`
32200
`hell2/thief/mft/mft.aic`
35001
`atfighter/fighter_nen/fighter_nen.aic`
35002
`atfighter/fighter_sfa/fighter_sfa.aic`
35003
`atfighter/fighter_striker/fighter_striker.aic`
35004
`atfighter/fighter_grap/fighter_grap.aic`
35900
`atfighter/mutisha/mutisha.aic`
35901
`atfighter/omen/omen.aic`
35902
`atfighter/tenero/tenero.aic`
35903
`_bizarre/atfighter/mirror_atfighter/mirror_atfighter.aic`
36400
`atfighter/randas/randas.aic`
36401
`atfighter/roychan/roychan.aic`
36402
`atfighter/Gigante/Gigante.aic`
36403
`atfighter/karsh/karsh.aic`
36404
`atfighter/tanker/tanker.aic`
36405
`atfighter/Jackie/Jackie.aic`
36406
`atfighter/anjie/anjie.aic`
36407
`atfighter/zongshi/zongshi.aic`
36408
`atfighter/wuhuang/wuhuang.aic`
36409
`atfighter/langwang/langwang.aic`
36410
`atfighter/anjie/blsk.aic`
36500
`_jojochan/atfighter/agarum_atfighter_nen/agarum_fighter_nen.aic`
36501
`_jojochan/atfighter/agarum_atfighter_sfa/agarum_fighter_sfa.aic`
36502
`_jojochan/atfighter/agarum_atfighter_striker/agarum_fighter_striker.aic`
36503
`_jojochan/atfighter/agarum_atfighter_grap/agarum_fighter_grap.aic`
36504
`_jojochan/atfighter/niel/niel.aic`
36900
`hell/atfighter/anjie/anjie.aic`
36901
`hell3/atfighter/wuhuang/wuhuang.aic`
36902
`hell3/atfighter/zongshi/zongshi.aic`
36903
`hell2/atfighter/azm/azm.aic`
40301
`hell1/taihao/taihao.aic`
40401
`atmagician/Ice_archer/Ice_archer.aic`
40402
`atmagician/space_distortion/space_distortion.aic`
40900
`atmagician/Pain_of_WarRock/Pain_of_WarRock.aic`
40901
`_bizarre/atmagician/mirror_atmagician/mirror_atmagician.aic`
41401
`_jojochan/atmage/atmage/atmage.aic`
46000
`demonic/ahws/ahws.aic`
46001
`demonic/haws1/haws1.aic`
46002
`demonic/hws/hws.aic`
46100
`hell7/demonic/ahws/ahws.aic`
46101
`hell/demonic/hws/hws.aic`
46102
`hell4/demonic/ahws/ahws.aic`
46103
`hell4/demonic/haws1/haws1.aic`
46104
`hell4/demonic/hws/hws.aic`
