#PVF_File

1
`goblin/goblin.mob`
2
`goblin/goblinthrower.mob`
3
`goblin/seagab.mob`
4
`goblin/hillgab.mob`
5
`goblin/goblintaskmaster.mob`
6
`goblin/goblinthrowertaskmaster.mob`
7
`goblin/flaghillgab.mob`
8
`goblin/flagseagab.mob`
9
`goblin/kinol.mob`
10
`goblin/cowardgoblin.mob`
11
`tau/tauarmy.mob`
12
`tau/taubeast.mob`
13
`tau/tauassaulter.mob`
14
`tau/tauguard.mob`
15
`tau/shauta.mob`
16
`tau/taumini.mob`
17
`tau/taumetacow.mob`
19
`goblin/tutorial_goblin.mob`
20
`goblin/tutorial_goblin_item.mob`
21
`soceress/keraha.mob`
22
`soceress/vinoshu.mob`
23
`goblin/santagoblin.mob`
24
`goblin/rudolfgoblin.mob`
25
`goblin/snowmangoblin.mob`
31
`golem/stonegolem.mob`
32
`golem/steelgolem.mob`
33
`new_golem/claygolem.mob`
34
`new_golem/bronzegolem.mob`
35
`golem/goldgolem.mob`
37
`dollmaster/stonemaster.mob`
38
`dollmaster/steelmaster.mob`
39
`dollmaster/claymaster.mob`
40
`dollmaster/masterdogri.mob`
50
`new_flydragon/serimalion.mob`
51
`new_flydragon/looseseri.mob`
52
`flydragon/harseseri.mob`
53
`flydragon/selion.mob`
60
`goblin/bombkagel.mob`
61
`goblin/surikenkagel.mob`
63
`goblin/soceressgoblin.mob`
64
`goblin/bombkagelland.mob`
65
`goblin/surikenkagelland.mob`
70
`draconian/mirkius.mob`
71
`draconian/lakius.mob`
72
`draconian/minius.mob`
75
`new_golem/biggolem.mob`
76
`new_golem/greatgoleml.mob`
77
`new_golem/spiritofgolem.mob`
78
`new_golem/greatgolemr.mob`
80
`characterstatue/fighterstatue.mob`
81
`characterstatue/gunnerstatue.mob`
82
`characterstatue/magicianstatue.mob`
83
`characterstatue/prieststatue.mob`
84
`characterstatue/swordmanstatue.mob`
200
`hunter/hunter.mob`
201
`hunter/alex.mob`
202
`hunter/master.mob`
210
`zombie/zombiezombie.mob`
211
`zombie/zombieholloweye.mob`
212
`zombie/zombieghoulgwish.mob`
220
`spacefish/spacefish.mob`
221
`spacefish/spacefishlong.mob`
222
`spacefish/crokuta.mob`
250
`starfish/starfish.mob`
251
`starfish/starfishking.mob`
252
`starfish/starfishrukuku.mob`
253
`starfish/starfishdevourer.mob`
260
`zealot/raxy-a.mob`
261
`zealot/father.mob`
262
`zealot/pope.mob`
263
`zealot/craxy.mob`
264
`zealot/raxy-b.mob`
265
`zealot/bossfather.mob`
266
`zealot/bosspope.mob`
270
`vehicle/catapult.mob`
271
`vehicle/battlingram.mob`
272
`vehicle/catapultflame.mob`
273
`vehicle/catapultlaser.mob`
280
`zepplin/zepplin.mob`
281
`zepplin/zepplinmachinegun.mob`
400
`ghoul/ghoul.mob`
401
`ghoul/ghoulthrower.mob`
402
`ghoul/ghoulmorgan.mob`
403
`ghoul/ghoulstand.mob`
404
`ghoul/ghoulthrowerstand.mob`
405
`ghoul/ghoulnomercy.mob`
406
`ghoul/ghoulnomercystand.mob`
407
`magma/magma_ghoul.mob`
408
`magma/magma_ghoulstand.mob`
409
`ghoul/ghoulheadless.mob`
410
`wraith/wraith.mob`
411
`wraith/wraithspectress.mob`
413
`magma/incompletegoliath.mob`
420
`spider/spider.mob`
421
`spider/spiderpoison.mob`
422
`spider/spiderboss.mob`
430
`spider/youngspider.mob`
500
`dendroid/dendroid.mob`
501
`dendroid/goliden.mob`
502
`dendroid/rodinglo.mob`
600
`spirit/waterspirit.mob`
601
`spirit/firespirit.mob`
602
`spirit/darkspirit.mob`
603
`spirit/lightspirit.mob`
604
`spirit/waterhigherspirit.mob`
605
`spirit/firehigherspirit.mob`
606
`spirit/darkhigherspirit.mob`
607
`spirit/lighthigherspirit.mob`
610
`spirit/firespiritofbraze.mob`
700
`soldier/expeller.mob`
701
`soldier/axeexpeller.mob`
702
`soldier/heavenexpeller.mob`
704
`soldier/legionexpeller.mob`
705
`soldier/tinswordmanexpeller.mob`
711
`soldier/hammerking.mob`
750
`evileye/evileye.mob`
751
`evileye/revileye.mob`
752
`evileye/levileye.mob`
760
`magma/bossatlas.mob`
761
`magma/bossgoliath.mob`
762
`magma/bosstitan.mob`
770
`magma/magmasacrificerbig.mob`
771
`magma/magmasacrificersmall.mob`
900
`goblin/goblinhodor.mob`
901
`soldier/sandorexpeller.mob`
902
`soceress/luis.mob`
903
`monsterflower/auxo.mob`
904
`spikeking/spikeking.mob`
905
`monsterflower/overgrowthauxo.mob`
906
`hunter/transformhunter.mob`
907
`goblin/transformgoblintaskmaster.mob`
908
`tau/transformtaubeast.mob`
909
`soldier/sandorexpeller_ex.mob`
1000
`skeleton/skeleton.mob`
1001
`skeleton/stoneskeleton.mob`
1006
`skeleton/skeletonhellgatekeeper.mob`
1010
`drake/drake.mob`
1011
`drake/sacrificeofdrake.mob`
1012
`bantu/bantufighter.mob`
1013
`bantu/bantuamazones.mob`
1014
`bantu/beastmasterlooger.mob`
1016
`icetiger/icetiger.mob`
1017
`icetiger/shavante.mob`
1019
`snowman/snowman.mob`
1020
`slotor/slotor.mob`
1021
`goblin/snowmountain_flagseagab.mob`
1022
`spirit/snowmountain-waterspirit.mob`
1030
`coldboy/coldboy.mob`
1031
`toy/cheaptoy.mob`
1032
`toy/toy.mob`
1033
`toy/expensivetoy.mob`
1034
`coldheart/coldheart.mob`
1038
`zealotrebirth/rebirthbrother.mob`
1039
`zealotrebirth/rebirthsister.mob`
1040
`zealotrebirth/rebirthgbl.mob`
1041
`zealotrebirth/rebirthgblpriest.mob`
1042
`zealotrebirth/rebirthgblbishop.mob`
1043
`zealotrebirth/rebirthgblleader.mob`
1050
`cosmofiend/braze.mob`
1051
`cosmofiend/vapor.mob`
1052
`cosmofiend/overgrowth.mob`
1053
`cosmofiend/darksteel.mob`
1060
`succubus/mistylime.mob`
1061
`succubus/azuriness.mob`
1069
`thief/thiefmalemad.mob`
1070
`thief/thiefmale.mob`
1071
`thief/thieffemale.mob`
1072
`thief/myojin.mob`
1073
`dog/dog.mob`
1074
`dog/maddog.mob`
1075
`dog/ourdog.mob`
1076
`dog/ourmaddog.mob`
1077
`peterthepiper/peterthepiper.mob`
1078
`peterthepiper/fake_peterthepiper.mob`
1079
`peterthepiper/bigrat.mob`
1080
`peterthepiper/ratwave.mob`
1081
`headlessknight/headlessknight.mob`
1082
`statue/statue.mob`
1083
`nugol/babynugol.mob`
1084
`nugol/nugol.mob`
1085
`nugol/kingnugol.mob`
1086
`crimebuffalo/crimebuffaloartifacter.mob`
1087
`crimebuffalo/crimebuffalogeneral.mob`
1088
`crimebuffalo/crimebuffalonormal.mob`
1089
`crimebuffalo/runeghost.mob`
1090
`skeleton/skullkane.mob`
1091
`wraith/skillhuntress.mob`
1092
`spider/cursedspider.mob`
1093
`cityhallgate/cityhallgate.mob`
1094
`skeleton/skeleton_headless.mob`
1095
`darkelf/darkelf_guard.mob`
1096
`peterthepiper/fake_peterthepiper_second.mob`
1097
`peterthepiper/biterat.mob`
1098
`darkelf/darkelf_sprit_hunter.mob`
1100
`goblin/nightvisionkagel.mob`
1101
`peterthepiper/cursedrat.mob`
3000
`lordoflight/lordoflight.mob`
3001
`new_golem/platany.mob`
3002
`lotus/lotus.mob`
3010
`chaosgate/hellgate.mob`
3011
`chaosgate/sealgate.mob`
3012
`spider/chaos_spider.mob`
3013
`soceress/chaos_flamesoceress.mob`
3014
`soceress/chaos_icesoceress.mob`
3015
`hunter/chaos_alex.mob`
3016
`ghoul/chaos_ghoul.mob`
3017
`ghoul/chaos_ghoulthrower.mob`
5001
`lugaru/lugaru.mob`
5002
`lugaru/kurogaru.mob`
5003
`lugaru/sirogaru.mob`
5004
`lugaru/penril.mob`
5005
`lugaru/bloodlugaru.mob`
5006
`goblin/goblinkrazyivan.mob`
5007
`lugaru/ciel.mob`
10000
`icetiger/icetiger_2.mob`
10001
`tau/tauassaulter_2.mob`
10002
`spider/spiderpoison_2.mob`
10003
`skeleton/skeleton_2.mob`
10004
`hunter/alex_2.mob`
40001
`goblin/warroom_soceressgoblin.mob`
40002
`goblin/warroom_goblintaskmaster.mob`
40003
`goblin/warroom_goblinthrowertaskmaster.mob`
40004
`goblin/warroom_fastbombkagel.mob`
40005
`bantu/warroom_bantufighter.mob`
40006
`bantu/warroom_bantuamazones.mob`
40007
`icetiger/warroom_icetiger.mob`
40008
`newmonsters/snowman/snowman/warroom_snowman.mob`
40009
`ghoul/warroom_ghoulthrower.mob`
40010
`ghoul/warroom_ghoulnomercy.mob`
40011
`magma/warroom_magma_ghoul.mob`
40012
`wraith/warroom_wraithspectress.mob`
40013
`spirit/warroom_firespirit.mob`
40014
`skeleton/warroom_skeleton.mob`
40015
`thief/warroom_thiefmalemad.mob`
40016
`thief/warroom_thiefmale.mob`
40017
`thief/warroom_thieffemale.mob`
40018
`dog/warroom_dog.mob`
40019
`dog/warroom_maddog.mob`
40020
`soldier/warroom_expeller.mob`
40021
`soldier/warroom_axeexpeller.mob`
40022
`soldier/warroom_legionexpeller.mob`
40023
`lugaru/warroom_bloodlugaru.mob`
40024
`lugaru/warroom_ciel.mob`
40025
`snowman/warroom_snowman.mob`
41001
`goblin/warroom_champion_soceressgoblin.mob`
41002
`goblin/warroom_champion_goblintaskmaster.mob`
41003
`goblin/warroom_champion_goblinthrowertaskmaster.mob`
41004
`hunter/warroom_champion_hunter.mob`
41005
`vehicle/warroom_champion_catapult.mob`
41006
`bantu/warroom_champion_bantufighter.mob`
41007
`bantu/warroom_champion_bantuamazones.mob`
41008
`icetiger/warroom_champion_icetiger.mob`
41009
`newmonsters/snowman/snowman/warroom_champion_snowman.mob`
41010
`spirit/warroom_champion_firespirit.mob`
41011
`wraith/warroom_champion_wraithlilith.mob`
41012
`zombie/warroom_champion_zombieghoulgwish.mob`
41013
`skeleton/warroom_champion_stoneskeleton.mob`
41014
`thief/warroom_champion_thiefmalemad.mob`
41015
`thief/warroom_champion_thiefmale.mob`
41016
`thief/warroom_champion_thieffemale.mob`
41017
`dog/warroom_champion_dog.mob`
41018
`dog/warroom_champion_maddog.mob`
41019
`soldier/warroom_champion_expeller.mob`
41020
`soldier/warroom_champion_axeexpeller.mob`
41021
`soldier/warroom_champion_axionexpeller.mob`
41022
`lugaru/warroom_champion_bloodlugaru.mob`
41023
`lugaru/warroom_champion_ciel.mob`
42001
`goblin/warroom_super_champion_elitegoblin.mob`
42002
`hunter/warroom_super_champion_hunter.mob`
42003
`hunter/warroom_super_champion_alex.mob`
42004
`vehicle/warroom_super_champion_catapult.mob`
42005
`bantu/warroom_super_champion_bantuelite.mob`
42006
`bantu/warroom_super_champion_bash.mob`
42007
`bantu/warroom_super_champion_emre.mob`
42008
`bantu/warroom_super_champion_labina.mob`
42009
`skeleton/warroom_super_champion_hydeskeleton.mob`
42010
`skeleton/warroom_super_champion_szakskeleton.mob`
42011
`skeleton/warroom_super_champion_zakasiyaskeleton.mob`
42012
`skeleton/warroom_super_champion_culadskeleton.mob`
42013
`spirit/warroom_super_champion_souleter.mob`
42014
`thief/warroom_super_champion_mouseheadsue.mob`
42015
`thief/warroom_super_champion_racksha.mob`
42016
`thief/warroom_super_champion_hakudo.mob`
42017
`thief/warroom_super_champion_thiefghostrunner.mob`
42018
`soldier/warroom_super_champion_heavenexpeller.mob`
42019
`tau/warroom_super_champion_taucaptain.mob`
42020
`lugaru/warroom_super_champion_heart.mob`
43001
`goblin/warroom_boss_kinol.mob`
43002
`goblin/warroom_boss_kinggalok.mob`
43003
`hunter/warroom_boss_alex.mob`
43004
`bantu/warroom_boss_beastmasterlooger.mob`
43005
`icetiger/warroom_boss_shavante.mob`
43006
`newmonsters/snowman/sasquatch/warroom_boss_sasquatch.mob`
43007
`spider/warroom_boss_spiderboss.mob`
43008
`magma/warroom_boss_bossatlas.mob`
43009
`magma/warroom_boss_bossgoliath.mob`
43010
`magma/warroom_boss_bosstitan.mob`
43011
`thief/warroom_boss_hakudo.mob`
43012
`thief/warroom_boss_thiefghostrunner.mob`
43013
`thief/warroom_boss_myojin.mob`
43014
`lugaru/warroom_boss_heart.mob`
43015
`goblin/warroom_boss_goblinkrazyivancaptain.mob`
43016
`tau/warroom_boss_taumetacow.mob`
50000
`lugaru/gardener_ral.mob`
50001
`zombie/kalkazak.mob`
50002
`tau/rock_moud.mob`
50003
`goblin/bunkerworker.mob`
50004
`goblin/prag.mob`
50005
`flydragon/dash_rez.mob`
50006
`dollmaster/icedoll_sharedo.mob`
50007
`draconian/aurahunter_sius.mob`
50008
`new_golem/stoneblade_razor.mob`
50009
`zealot/evangelistofdawn.mob`
50010
`zealot/evangelistoflight.mob`
50011
`zealot/evangelistoftwilight.mob`
50012
`zealot/evangelistofdark.mob`
50023
`soceress/flamesoceress.mob`
50024
`soceress/icesoceress.mob`
50030
`magma/atlas.mob`
50031
`magma/goliath.mob`
50032
`magma/titan.mob`
50033
`magma/burninghella.mob`
50034
`magma/oilsellerolrek.mob`
50062
`goblin/bullseye.mob`
50063
`soldier/axionexpeller.mob`
50064
`soldier/guard_fire.mob`
50065
`soldier/guard_wind.mob`
50066
`soldier/guard_block.mob`
50067
`soldier/guard_ice.mob`
50068
`soldier/guard_light.mob`
50069
`spirit/souleter.mob`
50070
`goblin/goblinkrazyivancaptain.mob`
50071
`tau/taucaptain.mob`
50072
`lugaru/heart.mob`
50073
`skeleton/hydeskeleton.mob`
50074
`skeleton/szakskeleton.mob`
50075
`skeleton/zakasiyaskeleton.mob`
50076
`skeleton/culadskeleton.mob`
50077
`wraith/wraithlilith.mob`
50078
`spirit/waterspiritshisuke.mob`
50079
`bantu/labina.mob`
50080
`toy/hiddena.mob`
50081
`toy/hiddenb.mob`
50082
`toy/hiddenc.mob`
50083
`toy/hiddend.mob`
50084
`thief/hakudo.mob`
50085
`bantu/bantuelite.mob`
50086
`icetiger/shavante_2.mob`
50087
`thief/thiefghostrunner.mob`
50088
`bantu/bash.mob`
50089
`bantu/emre.mob`
50090
`dingo_humpri/dingo.mob`
50091
`dingo_humpri/humpri.mob`
50092
`thief/mouseheadsue.mob`
50093
`thief/racksha.mob`
50094
`dollmaster/golemmaster.mob`
50095
`hunter/rollinghunter.mob`
50096
`dingo_humpri/marve.mob`
50097
`sealstone/sealstone.mob`
50098
`spirit/darkspiritglaia.mob`
50501
`magma/tower_burninghella.mob`
50502
`spirit/tower_waterspiritshisuke.mob`
50503
`bantu/tower_bantuelite.mob`
50504
`toy/tower_hiddenb.mob`
50505
`thief/tower_hakudo.mob`
50506
`thief/tower_mouseheadsue.mob`
50507
`spirit/tower_souleter.mob`
50508
`toy/tower_hiddend.mob`
50509
`wraith/tower_wraithlilith.mob`
55001
`goblin/tower_goblin.mob`
55002
`goblin/tower_goblinthrower.mob`
55003
`zombie/tower_zombiezombie.mob`
55004
`skeleton/tower_skeleton.mob`
55005
`toy/tower_expensivetoy.mob`
55006
`dog/tower_dog.mob`
55007
`zepplin/tower_zepplin.mob`
55008
`zealot/tower_craxy.mob`
55009
`bantu/tower_bantufighter.mob`
55010
`bantu/tower_bantuamazones.mob`
55011
`zombie/tower_zombieghoulgwish.mob`
55012
`thief/tower_myojin.mob`
55013
`darkelf/tower_darkelf_guard.mob`
55014
`hunter/tower_hunter.mob`
55015
`crimebuffalo/tower_crimebuffalonormal.mob`
55016
`crimebuffalo/tower_crimebuffalogeneral.mob`
55017
`spirit/tower_lightspirit.mob`
55018
`spirit/tower_waterspirit.mob`
55019
`spirit/tower_darkspirit.mob`
55020
`spirit/tower_firespirit.mob`
55021
`evileye/tower_evileye.mob`
55022
`goblin/tower_kinol.mob`
55023
`draconian/tower_lakius.mob`
55024
`zealot/tower_bossfather.mob`
55025
`monsterflower/tower_auxo.mob`
55026
`dingo_humpri/tower_dingo.mob`
55027
`spider/tower_spiderboss.mob`
55028
`spacefish/tower_spacefish.mob`
56000
`newmonsters/militiaman/militiamanboss/militiamanboss.mob`
56001
`newmonsters/silverspoon/tripo/tripo.mob`
56002
`newmonsters/silverspoon/gusto/gusto.mob`
56004
`newmonsters/slime/slime_king/slime_king.mob`
56005
`newmonsters/snowman/blanka/blanka.mob`
56006
`newmonsters/dog/dreckdog/dreckdog.mob`
56007
`newmonsters/bloodmoon/zetes/zetes.mob`
56008
`act8/mermanhook/mermanhook.mob`
56009
`newmonsters/bloodbutterfly/antnamed/ammute.mob`
56010
`act8/masaccio/masaccio.mob`
56011
`act8/masaccio/heromasaccio.mob`
56012
`newmonsters/medeia/medeia.mob`
56013
`act8/chiefsars/chiefsars.mob`
56014
`act8/chiefsars/chiefsars2.mob`
56015
`newmonsters/towerofultimate/coco/coco.mob`
56016
`newmonsters/towerofultimate/elise/elise.mob`
56017
`newmonsters/towerofultimate/gordic/gordic.mob`
56018
`newmonsters/bantu/rabbitwoman/rabbitwoman_event.mob`
56019
`act8/botticelli/botticelli_event.mob`
56020
`act8/congcong/congcong_event.mob`
56021
`newmonsters/cartel/dismantle/dismantle.mob`
56022
`newmonsters/cartel/deserter/deserter.mob`
56023
`newmonsters/dimensiongate/cosmofiend/swaycle/swaycle.mob`
56024
`newmonsters/dimensiongate/blackearth/michaela/michaela.mob`
56025
`newmonsters/dimensiongate/blackearth/michaela/michaela1.mob`
56026
`newmonsters/dimensiongate/blackearth/michaela/michaela_quest.mob`
56027
`newmonsters/dimensiongate/blackearth/michaela/michaela_quest1.mob`
56028
`newmonsters/dimensiongate/blackearth/michaela/michaela_quest2.mob`
56029
`newmonsters/haze/peyo_piere/peyo_piere.mob`
56030
`newmonsters/haze/zzjo/zzjo.mob`
56031
`newmonsters/haze/irigare/irigare.mob`
56032
`newmonsters/haze/tretri/tretri.mob`
56033
`newmonsters/haze/zzjo/zzjo_maze.mob`
56034
`newmonsters/cartel/cypher/poltergeistbookshelf/poltergeistbookshelf.mob`
56035
`newmonsters/bantu/_rabbitbird/rabbitbird.mob`
56036
`newmonsters/bantu/_rabbitmedusa/rabbitmedusa.mob`
56037
`newmonsters/bantu/_buffalomalaga/buffalomalaga.mob`
56038
`newmonsters/bantu/_buffalorari/buffalorari.mob`
56039
`newmonsters/tau/event_cow/event_cow.mob`
56040
`newmonsters/shonan/choa/choa.mob`
56041
`newmonsters/shonan/lin/lin.mob`
56042
`newmonsters/shonan/orona/orona.mob`
56043
`newmonsters/shonan/haneum/haneum.mob`
56044
`newmonsters/shonan/jaunbi/jaunbi.mob`
56045
`newmonsters/shonan/hukbichun/hukbichun.mob`
56046
`newmonsters/shonan/holyu/holyu.mob`
56047
`newmonsters/shonan/moonsu/moonsu.mob`
56048
`newmonsters/shonan/zagyu/zagyu.mob`
56049
`newmonsters/cartelcommand/goro/goro.mob`
56050
`newmonsters/timegate/formacartel/poena/poena.mob`
56051
`newmonsters/haze/zzjo/zzjo_timegate.mob`
56052
`newmonsters/cartelcommand/bilai/bilai.mob`
56053
`newmonsters/timegate/consciousness/ignis/ignis.mob`
56054
`newmonsters/timegate/consciousness/aquajello/aquajello.mob`
56055
`newmonsters/powerstation/botula/botula.mob`
56056
`newmonsters/powerstation/fuhrman/fuhrman_named.mob`
56057
`newmonsters/powerstation/botula/botula1.mob`
56058
`newmonsters/powerstation/botula/botula2.mob`
56059
`newmonsters/powerstation/botula/botula3.mob`
56060
`newmonsters/powerstation/botula/botula4.mob`
56061
`newmonsters/powerstation/botula/botula5.mob`
56101
`newmonsters/gbl/stickcle/stickcle.mob`
56102
`newmonsters/gbl/gblcolossus/gblcolossus.mob`
56103
`newmonsters/gbl/acidra/acidra.mob`
56104
`newmonsters/gbl/gbltentaclenamed/gbltentaclenamed.mob`
56105
`newmonsters/gbl/cocoon/cocoon.mob`
56106
`newmonsters/heaven/vulcherspecialforce/vulcherspecialforce.mob`
56107
`newmonsters/aradman/arad_lugaru_master/arad_lugaru_master.mob`
56108
`newmonsters/goblin/guardianmaster/guardianmaster.mob`
56109
`dollmaster/golemmaster2.mob`
56110
`newmonsters/lizardman/kungfulizard/kungfulizard.mob`
56112
`newmonsters/screamingcave/bloodystormhardy/bloodystormhardy.mob`
56113
`newmonsters/screamingcave/eviledge1/eviledge1.mob`
56114
`newmonsters/screamingcave/eviledge2/eviledge2.mob`
56115
`newmonsters/screamingcave/graverobberking/graverobberking.mob`
56116
`newmonsters/screamingcave/highspectresslene/highspectresslene.mob`
56117
`newmonsters/screamingcave/skullkane/skullkane.mob`
56123
`newmonsters/screamingcave/eviledge/eviledge.mob`
56124
`newmonsters/heaven/doctorgiselle/doctorgiselle.mob`
56125
`newmonsters/heaven/zx_camo/zx_camo.mob`
56126
`newmonsters/blood_an/goblin_propeller/goblin_propeller.mob`
56128
`newmonsters/silverspoon/crazyman/crazyman.mob`
56129
`newmonsters/heaven/mechanicgiselle/mechanicgiselle/mechanicgisellen1.mob`
56130
`newmonsters/heaven/mechanicgiselle/mechanicgiselle/mechanicgisellen2.mob`
56131
`newmonsters/heaven/mechanicgiselle/zx_5_alpha/zx_5_alpha.mob`
56132
`newmonsters/heaven/mechanicgiselle/zx_5_beta/zx_5_beta.mob`
56133
`newmonsters/heaven/mechanicgiselle/zx_5_gamma/zx_5_gamma.mob`
56134
`newmonsters/heaven/assaultmarine/assaultmarine.mob`
56135
`newmonsters/heaven/sergeant/sergeant.mob`
56136
`newmonsters/heaven/quartermaster/quartermaster.mob`
56137
`act8/oneeyedmermaid/oneeyedmermaid.mob`
56139
`act8/knifetooth/knifetooth.mob`
56140
`newmonsters/ranjerus/jeff/jeff.mob`
56141
`newmonsters/bloodbutterfly/larva/larva.mob`
56142
`newmonsters/leshphon/duke_juris/duke_juris.mob`
56143
`newmonsters/leshphon/hyungteo/hyungteo.mob`
56144
`newmonsters/leshphon/isangoma_nazaloh/isangoma_nazaloh.mob`
56145
`newmonsters/leshphon/isangoma_nazaloh/isangoma_nazaloh2.mob`
56146
`newmonsters/dimensiongate/bakal/red_dragon_ashcore/red_dragon_ashcore.mob`
56147
`newmonsters/dimensiongate/cosmofiend/cocozola/cocozola.mob`
56148
`newmonsters/dimensiongate/cosmofiend/garmea/garmea.mob`
56149
`newmonsters/dimensiongate/cosmofiend/hernion/hernion.mob`
56150
`newmonsters/dimensiongate/cosmofiend/venommara/venommara.mob`
56151
`newmonsters/dimensiongate/blackearth/astaroth/astaroth.mob`
56152
`newmonsters/dimensiongate/blackearth/fear/fear.mob`
56153
`casillas/despair_casillas.mob`
56154
`newmonsters/towerofdespair/claris/claris.mob`
56155
`newmonsters/shonan/hwaho/hwaho.mob`
56156
`newmonsters/shonan/kinshou/kinshou.mob`
56157
`newmonsters/shonan/jebi/jebi.mob`
56158
`newmonsters/timegate/formacartel/7shards_giselle/7shards_giselle.mob`
56159
`newmonsters/timegate/epidemic/doomferion/doomferion.mob`
56160
`newmonsters/timegate/epidemic/hogas/hogas.mob`
56161
`newmonsters/timegate/beginning/baby_scasa/baby_scasa.mob`
56162
`newmonsters/timegate/beginning/baby_hisma/baby_hisma.mob`
56163
`newmonsters/timegate/beginning/baby_spirazzi/baby_spirazzi.mob`
56301
`newmonsters/cartel/westcoast/macgee/macgee.mob`
56302
`newmonsters/cartel/cypher/darkcrow/darkcrow.mob`
56303
`newmonsters/cartel/westcoast/rod_boss/rod_boss.mob`
56401
`newmonsters/thief/grim_marcenary_n/grim_marcenary_n.mob`
56402
`newmonsters/cartelcommand/gunmax/gunmax.mob`
56403
`newmonsters/timegate/black_church/michaela/michaela.mob`
56404
`newmonsters/dog/grim_dog_n/grim_dog_n.mob`
56405
`newmonsters/aradman/grim_crazy_n/grim_crazy_n.mob`
56406
`newmonsters/aradwoman/gbl_chief_libraian/gbl_chief_libraian.mob`
56407
`newmonsters/goblin/madman_gonlin/madman_gonlin.mob`
56408
`newmonsters/disguiser/mummy_ghost/mummy_ghost.mob`
56409
`newmonsters/ancient/infected_ghoulc/infected_ghoulc.mob`
56410
`newmonsters/aradman/grim_kungfu_staff/grim_kungfu_staff.mob`
56411
`newmonsters/aradman/grim_crazy/grim_crazy.mob`
56412
`newmonsters/aradman/grim_crazy_ghost/grim_crazy_ghost.mob`
56413
`newmonsters/goblin/madman_gonlin/madman_gonlin_grim.mob`
56414
`zealot/evangelistofdawn_grim.mob`
56415
`zealot/evangelistoflight_grim.mob`
56416
`zealot/evangelistoftwilight_grim.mob`
56417
`zealot/evangelistofdark_grim.mob`
56418
`newmonsters/aradman/grim_hwaian/grim_hwaian_n.mob`
56419
`newmonsters/grim/grim_bogers/grim_bogers_n.mob`
56420
`spider/spiderboss_blood.mob`
56421
`lugaru/heart_blood.mob`
56422
`newmonsters/silverspoon/silverclown_robert/silverclown_robert.mob`
56423
`newmonsters/dragonknight/kampera/kampera.mob`
56424
`newmonsters/grim/treasurebox/treasurebox.mob`
56425
`newmonsters/timegate/oldscreamingcave/kaiji/kaiji.mob`
56426
`newmonsters/bee/bee_named/bee_named.mob`
56427
`newmonsters/bloodbutterfly/bloodbutterflynamed/bloodbutterflynamed.mob`
56428
`newmonsters/aradwoman/gbl_chief_libraian/gbl_chief_libraian_vill.mob`
56429
`newmonsters/cartel/cypher/darkcrow/darkcrow_vill.mob`
56430
`newmonsters/gbl/acidra/acidra_vill.mob`
56431
`newmonsters/cartel/westcoast/macgee/macgee_vill.mob`
56432
`newmonsters/gbl/gbltentaclenamed/gbltentaclenamed_vill.mob`
56433
`newmonsters/gbl/stickcle/stickcle_vill.mob`
56434
`newmonsters/cartel/westcoast/rod_boss/rod_boss_vill.mob`
56435
`newmonsters/witch/namak/namak.mob`
56436
`newmonsters/screamingcave/eviledge1/eviledge1_hell.mob`
56437
`newmonsters/towerofultimate/limit_elitebuffaloman/limit_elitebuffaloman.mob`
56438
`newmonsters/towerofultimate/limit_wolfpatriarch/limit_wolfpatriarch.mob`
56439
`newmonsters/towerofultimate/limit_ladyzealot/limit_ladyzealot.mob`
56440
`newmonsters/towerofultimate/limit_ladyzealot_fire/limit_ladyzealot_fire.mob`
56441
`newmonsters/towerofultimate/limit_ladyzealot_dark/limit_ladyzealot_dark.mob`
56442
`newmonsters/towerofultimate/limit_ladyzealot_ice/limit_ladyzealot_ice.mob`
56443
`newmonsters/towerofultimate/limit_marcenary/limit_marcenary.mob`
56444
`newmonsters/towerofultimate/limit_transfatso/limit_transfatso.mob`
56445
`newmonsters/towerofultimate/mummy_light/mummy_light.mob`
56446
`newmonsters/towerofultimate/mummy_dark/mummy_dark.mob`
56447
`newmonsters/dimensiongate/bakal/gold_dragon_shadow/gold_dragon1.mob`
56448
`newmonsters/dimensiongate/bakal/gold_dragon_main/gold_dragon_main.mob`
56449
`newmonsters/dimensiongate/cosmofiend/vanish/vanish.mob`
56450
`newmonsters/snowman/louis/louis.mob`
56451
`newmonsters/dimensiongate/blackearth/berias/berias.mob`
56452
`newmonsters/spider/slotor1/slotor1.mob`
56453
`newmonsters/dimensiongate/blackearth/tiamat/tiamat.mob`
56454
`newmonsters/towerofdespair/cross_axe/cross_axe.mob`
56455
`newmonsters/towerofdespair/sand_doll/sand_doll.mob`
56456
`newmonsters/gbl_breeding/flare_spawn/flare_spawn.mob`
56457
`newmonsters/gbl_breeding/dendroid_elder/dendroid_elder.mob`
56458
`newmonsters/shonan/jinpie/jinpie.mob`
56459
`newmonsters/shonan/sarin/sarin.mob`
56460
`newmonsters/shonan/yang/yang.mob`
56461
`newmonsters/shonan/luck2/luck.mob`
56462
`newmonsters/shonan/poison_lance/poison_lance.mob`
56463
`newmonsters/shonan/cho_lance/cho_lance.mob`
56464
`newmonsters/shonan/hajin/hajin.mob`
56465
`newmonsters/shonan/seorock/seorock.mob`
56466
`newmonsters/cartelcommand/courjeep/courjeep.mob`
56467
`newmonsters/powerstation/fruz_station/titan/titan.mob`
56468
`newmonsters/timegate/oldscreamingcave/cachimo/cachimo.mob`
56469
`newmonsters/timegate/topsecretarea/kamina/kamina.mob`
56470
`newmonsters/powerstation/fruz_station/coward_planet/coward_planet.mob`
56471
`newmonsters/timegate/black_church/berias/berias.mob`
56472
`newmonsters/timegate/black_church/tiamat/tiamat.mob`
56473
`newmonsters/timegate/black_church/astaroth/astaroth.mob`
56474
`newmonsters/timegate/black_church/fear/fear.mob`
56475
`newmonsters/timegate/black_church/astaroth/astaroth_1.mob`
56476
`newmonsters/timegate/oldscreamingcave/poena/poena.mob`
56477
`newmonsters/new_event/dual/zx_5_gamma/zx_5_gamma.mob`
56478
`newmonsters/new_event/dual/blanka/blanka.mob`
56501
`newmonsters/heaven/caspar/caspar.mob`
56502
`newmonsters/heaven/dorian/dorian.mob`
56503
`newmonsters/heaven/jena/jena.mob`
56505
`newmonsters/grim/grimhodor/grimhodor.mob`
56506
`newmonsters/ranjerus/bitbusty/bitbusty.mob`
56507
`newmonsters/goblinkingdom/goblincannon/goblincannon.mob`
56701
`newmonsters/bantu/ratree/ratree.mob`
56702
`newmonsters/bantu/sati/sati.mob`
56703
`newmonsters/bantu/mohini/mohini.mob`
56704
`newmonsters/bantu/emeldir/emeldir.mob`
56705
`newmonsters/goblin/throwgoblin/goblinthrower.mob`
56706
`newmonsters/golem/stormgolem/stormgolem.mob`
56707
`newmonsters/bantu/wolfpatriarch/turmanbash.mob`
56708
`newmonsters/bantu/isil/isil.mob`
56709
`newmonsters/bantu/elitebuffalowoman/elitebuffalowoman.mob`
56710
`newmonsters/bantu/elitebuffaloman/elitebuffaloman.mob`
56711
`newmonsters/golem/ricubaby/ricubaby.mob`
56712
`newmonsters/golem/icewavegolem/icewavegolem.mob`
56713
`newmonsters/heaven/nife_claese/nife_claese.mob`
56714
`newmonsters/heaven/captain_berhik/berhik.mob`
56715
`newmonsters/heaven/smarine/smarine.mob`
56716
`newmonsters/cyclops/cyclops.mob`
56717
`mj/mj.mob`
56718
`newmonsters/crimebuffalo/treasurenamed/treasurenamed.mob`
56719
`newmonsters/towerofultimate/goblinunderminer/goblinunderminer.mob`
56720
`newmonsters/towerofultimate/darklizardman/darklizardman.mob`
56721
`newmonsters/dimensiongate/bakal/dark_dragon_nagor/dark_dragon_nagor.mob`
56722
`newmonsters/dimensiongate/cosmofiend/insent/insent.mob`
56723
`newmonsters/dimensiongate/cosmofiend/light/lightspirit_heal.mob`
56724
`newmonsters/dimensiongate/cosmofiend/light/lightspirit_poison.mob`
56725
`newmonsters/risk_dungeon/screamingcave/eviledge1/eviledge1.mob`
56726
`newmonsters/risk_dungeon/screamingcave/bloodystormhardy/bloodystormhardy.mob`
56727
`newmonsters/shonan/white/white.mob`
56728
`newmonsters/shonan/zhenlun/zhenlun.mob`
56729
`newmonsters/shonan/yen/yen.mob`
56730
`newmonsters/risk_dungeon/kingsruins/guardwind/guard_wind.mob`
56731
`newmonsters/risk_dungeon/kingsruins/guardblock/guard_block.mob`
56732
`newmonsters/risk_dungeon/kingsruins/guardice/guard_ice.mob`
56733
`newmonsters/risk_dungeon/kingsruins/guardfire/guard_fire.mob`
56734
`newmonsters/risk_dungeon/kingsruins/guardlight/guard_light.mob`
56735
`newmonsters/risk_dungeon/screamingcave/graverobberking/graverobberking.mob`
56736
`newmonsters/risk_dungeon/screamingcave/eviledge2/eviledge2.mob`
56737
`newmonsters/risk_dungeon/screamingcave/highspectresslene/highspectresslene.mob`
56738
`newmonsters/risk_dungeon/screamingcave/skullkane/skullkane.mob`
56739
`newmonsters/risk_dungeon/leshphon/duke_juris/duke_juris.mob`
56740
`newmonsters/risk_dungeon/vilmark/goblinkrazyivancaptain/goblinkrazyivancaptain.mob`
56741
`newmonsters/risk_dungeon/vilmark/taucaptain/taucaptain.mob`
56742
`newmonsters/risk_dungeon/vilmark/heart/heart.mob`
56743
`newmonsters/risk_dungeon/vilmark/ciel/ciel.mob`
56744
`newmonsters/risk_dungeon/leshphon/hyungteo/hyungteo.mob`
56745
`newmonsters/risk_dungeon/ghosttrain/wooden_doll_t1/wooden_doll_t.mob`
56746
`newmonsters/risk_dungeon/ghosttrain/wooden_doll_p1/wooden_doll_p.mob`
56747
`newmonsters/timegate/topsecretarea/hmecagoblin/hmecagoblin.mob`
56748
`newmonsters/risk_dungeon/screamingcave/eviledge1/eviledge1_0.mob`
56749
`newmonsters/risk_dungeon/noirpera/mummy_ghost/mummy_ghost.mob`
56750
`newmonsters/risk_dungeon/noirpera/grim_priest2/grim_priest2.mob`
56751
`newmonsters/risk_dungeon/noirpera/grim_priest1/grim_priest1.mob`
56752
`newmonsters/risk_dungeon/ghosttrain/wooden_doll1/wooden_doll.mob`
56753
`newmonsters/risk_dungeon/noirpera/grimpriest_nubelus/grimpriest_nubelus.mob`
56754
`newmonsters/risk_dungeon/ghosttrain/wooden_doll_l1/wooden_doll_l.mob`
56755
`newmonsters/risk_dungeon/ghosttrain/chiefmong0/chiefmong.mob`
56756
`newmonsters/risk_dungeon/ghosttrain/chiefmongghost0/chiefmongghost.mob`
56757
`newmonsters/risk_dungeon/noirpera/infected_ghoulc/infected_ghoulc.mob`
56758
`newmonsters/risk_dungeon/ghosttrain/chiefmongghost_2nd0/chiefmongghost_2nd.mob`
56759
`newmonsters/risk_dungeon/leshphon/isangoma_nazaloh/isangoma_nazaloh.mob`
56760
`newmonsters/risk_dungeon/leshphon/isangoma_nazaloh2/isangoma_nazaloh2.mob`
56761
`newmonsters/risk_dungeon/ghosttrain/chiefmongghost_3rd0/chiefmongghost_3rd.mob`
56762
`newmonsters/risk_dungeon/noirpera/militiamanboss/militiamanboss.mob`
56763
`newmonsters/risk_dungeon/cartelcommand/bilai/bilai.mob`
56767
`newmonsters/risk_dungeon/ghosttrain/chiefsars/chiefsars.mob`
56768
`newmonsters/risk_dungeon/cartelcommand/gunmax/gunmax.mob`
56772
`newmonsters/risk_dungeon/cartelcommand/courjeep/courjeep.mob`
56775
`newmonsters/risk_dungeon/cartelcommand/goro/goro.mob`
56776
`newmonsters/risk_dungeon/leshphon/jarojjaroo/jarojjaroo.mob`
56777
`newmonsters/risk_dungeon/leshphon/doomferion/doomferion.mob`
56778
`newmonsters/risk_dungeon/leshphon/kator/kator.mob`
56801
`newmonsters/grim_priest/grimpriest_nubelus/grimpriest_nubelus.mob`
56802
`newmonsters/grim_priest/grim_priest_1_2/grim_priest1.mob`
56803
`newmonsters/grim_priest/grim_priest_1_2/grim_priest2.mob`
56923
`poongjintrainingroom/sandbag/sandbag.mob`
57000
`event/bluemarble/gardener_ral/gardener_ral.mob`
57001
`event/bluemarble/evangelistofdawn_grim/evangelistofdawn_grim.mob`
57002
`event/bluemarble/treasurebox/treasurebox.mob`
57003
`event/bluemarble/evangelistoflight_grim/evangelistoflight_grim.mob`
57004
`event/bluemarble/evangelistoftwilight_grim/evangelistoftwilight_grim.mob`
57005
`event/bluemarble/evangelistofdark_grim/evangelistofdark_grim.mob`
57006
`event/bluemarble/ricubaby/ricubaby.mob`
57007
`event/bluemarble/louis/louis.mob`
57008
`event/bluemarble/zx_5_beta/zx_5_beta.mob`
57009
`event/bluemarble/zx_5_gamma/zx_5_gamma.mob`
57010
`event/bluemarble/larva/larva.mob`
57011
`event/bluemarble/oneeyedmermaid/oneeyedmermaid.mob`
57012
`event/bluemarble/hiddena/hiddena.mob`
57013
`event/bluemarble/hiddenb/hiddenb.mob`
57014
`event/bluemarble/hiddend/hiddend.mob`
57015
`event/bluemarble/hiddenc/hiddenc.mob`
57016
`event/bluemarble/soniccannon-thunder/soniccannon-thunder.mob`
57017
`event/bluemarble/gt_proto/gt_proto.mob`
57018
`event/bluemarble/fastcannon-lightning/fastcannon-lightning.mob`
57101
`newmonsters/event/2012_thxgiving/darkcrow/darkcrow01.mob`
57102
`newmonsters/event/2012_thxgiving/darkcrow/darkcrow02.mob`
57103
`newmonsters/event/2012_thxgiving/darkcrow/darkcrow03.mob`
58000
`newmonsters/timegate/oldscreamingcave/insectmagician/insectmagician_pai.mob`
58001
`newmonsters/timegate/black_church/shapirogracia/shapirogracia.mob`
58002
`newmonsters/timegate/formacartel/gun_congcong/gun_congcong.mob`
58003
`newmonsters/timegate/topsecretarea/rudol/rudol.mob`
58004
`newmonsters/timegate/topsecretarea/toma/toma.mob`
58005
`newmonsters/timegate/conflagration/dauwa/dauwa.mob`
58006
`newmonsters/powerstation/trombe/granite_great/granite_great.mob`
58007
`newmonsters/powerstation/trombe/paris/paris.mob`
59000
`act8/chiefmong/chiefmong.mob`
59001
`act8/chiefmongghost/chiefmongghost.mob`
59002
`act8/chiefmongghost_2nd/chiefmongghost_2nd.mob`
59003
`act8/chiefmongghost_3rd/chiefmongghost_3rd.mob`
59005
`act8/wooden_doll/wooden_doll.mob`
59006
`act8/wooden_doll_l/wooden_doll_l.mob`
59007
`act8/wooden_doll_p/wooden_doll_p.mob`
59008
`act8/wooden_doll_t/wooden_doll_t.mob`
59009
`newmonsters/dimensiongate/bakal/itrenog/itrenog.mob`
59011
`newmonsters/towerofultimate/sniper_triker/triker.mob`
59012
`spirit/lightspiritfaytuus.mob`
59013
`newmonsters/heaven/soniccannon-thunder/soniccannon-thunder.mob`
59014
`newmonsters/heaven/fastcannon-lightning/fastcannon-lightning.mob`
59015
`newmonsters/heaven/gt_proto/gt_proto.mob`
59016
`newmonsters/haze/poena/poena.mob`
59017
`newmonsters/haze/hass/hass.mob`
59018
`newmonsters/gbl_goddess_temple/zookeeper/zookeeper.mob`
59019
`newmonsters/gbl_goddess_temple/astray_gbl_pope/astray_gbl_pope.mob`
59020
`newmonsters/shonan/chinchin/chinchin.mob`
59021
`newmonsters/shonan/hwoaryeong/hwoaryeong.mob`
59022
`newmonsters/shonan/jin/jin.mob`
59023
`newmonsters/shonan/kaizen/kaizen.mob`
59024
`newmonsters/shonan/biwoong/biwoong.mob`
59025
`newmonsters/shonan/biwoong_mirror/biwoong_mirror.mob`
59026
`newmonsters/shonan/gado/gado.mob`
59027
`newmonsters/shonan/tapay/tapay.mob`
59028
`newmonsters/timegate/conflagration/ghoulkawish/ghoulkawish.mob`
59029
`newmonsters/timegate/conflagration/forest_magician/forest_magician.mob`
59030
`newmonsters/timegate/conflagration/tangga/tangga.mob`
59031
`newmonsters/powerstation/kohlepowerstation/fitz_other_self/fitz_other_self.mob`
59032
`newmonsters/timegate/epidemic/kator/kator.mob`
59033
`newmonsters/timegate/epidemic/jarojjaroo/jarojjaroo.mob`
59034
`newmonsters/timegate/epidemic/fusion_infectee/fusion_infectee.mob`
59035
`newmonsters/timegate/consciousness/glutton_daroo/glutton_daroo.mob`
59036
`newmonsters/timegate/consciousness/mirror/mirror.mob`
59037
`newmonsters/timegate/conflagration/redeyes_sinua/redeyes_sinua.mob`
59038
`newmonsters/powerstation/kohlepowerstation/fire_slime_big/fire_slime_big.mob`
60001
`fighter/fighterillusion.mob`
60002
`gunner/robot/rx78.mob`
60003
`gunner/robot/ez8.mob`
60004
`gunner/robot/exs.mob`
60005
`goblin/magegoblin.mob`
60006
`spirit/magewaterspirit.mob`
60007
`spirit/magefirespirit.mob`
60008
`spirit/magedarkspirit.mob`
60009
`spirit/magelightspirit.mob`
60010
`mage/provocationdoll.mob`
60011
`gunner/robot/alarmrobot.mob`
60012
`fighter/nenflower.mob`
60013
`gunner/robot/droprx78.mob`
60014
`gunner/robot/firerx78.mob`
60015
`gunner/robot/headingrx78.mob`
60016
`gunner/robot/hphealrx78.mob`
60017
`gunner/robot/mphealrx78.mob`
60018
`gunner/robot/tempester.mob`
60019
`gunner/robot/fightingspirit.mob`
60020
`spirit/magewaterhigherspirit.mob`
60021
`spirit/magedarkhigherspirit.mob`
60022
`spirit/magelighthigherspirit.mob`
60023
`spirit/magefirehigherspirit.mob`
60024
`casillas/casillas.mob`
60025
`gunner/robot/sparrow.mob`
60030
`babydragon/babydragon.mob`
60040
`fighter/fighterillusionbomb.mob`
60041
`gunner/robot/tempesterat.mob`
60042
`mage/lanternrunner.mob`
60043
`spirit/magewaterspiritex.mob`
60044
`spirit/magedarkspiritex.mob`
60045
`spirit/magefirespiritex.mob`
60046
`spirit/magelightspiritex.mob`
60050
`character/thief/skintakeoff.mob`
60060
`gunner/robot/ez8ex.mob`
60061
`gunner/robot/ez8ex_rx78.mob`
60062
`gunner/robot/exsex.mob`
60063
`gunner/robot/droprx78ex.mob`
60065
`fighter/atfighterillusion.mob`
60066
`fighter/atfighterillusionbomb.mob`
60100
`starfish/summon_starfishdevourer.mob`
60101
`goblin/summon_goblinkrazyivan.mob`
60102
`zealot/summon_raxy-a.mob`
60103
`spirit/summon_waterspirit.mob`
60104
`soceress/summon_icesoceress.mob`
60105
`magma/summon_titan.mob`
60106
`magma/summon_goliath.mob`
60107
`magma/summon_atlas.mob`
60108
`soldier/summon_expeller.mob`
60109
`soldier/summon_guard_block.mob`
60110
`flydragon/summon_serimalion.mob`
60111
`icetiger/summon_icetiger.mob`
60112
`spirit/summon_firespirit.mob`
60113
`spirit/summon_darkspirit.mob`
60114
`zombie/summon_zombieholloweye.mob`
60115
`spirit/summon_lightspirit.mob`
60116
`drake/summon_sacrificeofdrake.mob`
61000
`newmonsters/disguiser/mummy_basic/mummy_basic.mob`
61001
`newmonsters/direzie/direzie.mob`
61002
`newmonsters/direzie/direzie_sub.mob`
61003
`newmonsters/militiaman/militiaman/militiaman.mob`
61004
`newmonsters/ancient/noir_dimension_gate/noir_dimension_gate.mob`
61005
`newmonsters/cartel/alterationsoldier/alterationsoldier.mob`
61006
`newmonsters/cartel/engineer/engineer.mob`
61007
`newmonsters/aradman/grim_hwaian/grim_hwaian.mob`
61008
`newmonsters/silverspoon/fatso/fatso.mob`
61009
`newmonsters/silverspoon/transfatso/transfatso.mob`
61010
`newmonsters/slime/slime_red/slime_red.mob`
61011
`newmonsters/slime/slime_firm/slime_firm.mob`
61012
`newmonsters/slime/slime_frantic/slime_frantic.mob`
61013
`newmonsters/snowman/frenken/frenken.mob`
61014
`newmonsters/snowman/frenken_baby/frenken_baby.mob`
61015
`newmonsters/slime/slime_mini/slime_mini.mob`
61016
`newmonsters/slime/slime_king/slime_king_1.mob`
61017
`newmonsters/silverspoon/crazyman/crazyman_boss.mob`
61018
`newmonsters/silverspoon/gusto/gusto_boss.mob`
61100
`newmonsters/gbl/thrower/thrower.mob`
61101
`newmonsters/gbl/gbltentacle/gbltentacle.mob`
61102
`newmonsters/gbl/blacktentacle/blacktentacle.mob`
61103
`newmonsters/gbl/isadora/isadora.mob`
61104
`newmonsters/gbl/ladyzealot/ladyzealot.mob`
61105
`newmonsters/gbl/webcannon/webcannon.mob`
61106
`newmonsters/gbl/invader/invader.mob`
61108
`newmonsters/gbl/hydracle/hydracle.mob`
61109
`newmonsters/gbl/vangelis/vangelis.mob`
61110
`newmonsters/goblin/tentaclerider/tentaclerider.mob`
61111
`newmonsters/aradman/gblrebirtharadman/gblrebirtharadman.mob`
61112
`newmonsters/heaven/captainshured/captainshured.mob`
61113
`newmonsters/heaven/specialforce/specialforce.mob`
61114
`newmonsters/gbl/ladyzealot/ladyzealot_characterteam.mob`
61115
`newmonsters/gbl/isadora/isadora2.mob`
61116
`newmonsters/lugaru/firelugaru/firelugaru.mob`
61118
`newmonsters/crimebuffalo/grim_crimebuffalogeneral/grim_crimebuffalogeneral.mob`
61119
`newmonsters/goblin/guardiantraper/guardiantraper1.mob`
61121
`newmonsters/goblin/guardiantraper/guardiantraper2.mob`
61122
`newmonsters/goblin/guardiantraper/guardiantraper3.mob`
61123
`new_golem/claygolem2.mob`
61124
`new_golem/bronzegolem2.mob`
61125
`newmonsters/flydragon/looseseri/real_looseseri.mob`
61126
`newmonsters/flydragon/serimalion/real_serimalion.mob`
61127
`newmonsters/goblin/guardianarcher/guardianarcher.mob`
61128
`newmonsters/lizardman/basilisk/basilisk.mob`
61129
`newmonsters/lizardman/lizardman_guard/lizardman_guard.mob`
61130
`newmonsters/lizardman/lizardman_guard/lizardman_guard01.mob`
61131
`newmonsters/lizardman/lizardman_guard/lizardman_guard02.mob`
61132
`newmonsters/lizardman/lizardman_guard/lizardman_guard03.mob`
61133
`newmonsters/lizardman/lizardman_guard/lizardman_guard04.mob`
61134
`newmonsters/ranjerus/g3/g3.mob`
61135
`newmonsters/ranjerus/gashengrigun/gashengrigun.mob`
61136
`newmonsters/ranjerus/miracle_landrunner/rx78.mob`
61137
`newmonsters/ranjerus/g3/g3_1.mob`
61138
`newmonsters/ranjerus/g3/g3_2.mob`
61139
`newmonsters/ranjerus/g3/g3_3.mob`
61140
`new_golem/spiritofgolem2.mob`
61141
`newmonsters/eventbak/eventbak.mob`
61142
`newmonsters/eventbak/eventbak2.mob`
61143
`newmonsters/screamingcave/kingnugol/kingnugol.mob`
61144
`newmonsters/screamingcave/crimebuffalo/crimebuffalo.mob`
61145
`newmonsters/screamingcave/cursecrimebuffalo/cursecrimebuffalo.mob`
61146
`newmonsters/screamingcave/nugol/nugol.mob`
61147
`newmonsters/screamingcave/babynugol/babynugol.mob`
61148
`newmonsters/screamingcave/hardystorm/hardystorm.mob`
61149
`newmonsters/screamingcave/babynugol/babynugol2.mob`
61150
`newmonsters/heaven/mechanicgiselle/mechanicgiselle/mechanicgiselle.mob`
61152
`newmonsters/grim/cosmosummon/cosmosummon.mob`
61153
`newmonsters/grim/grim_bogers/grim_bogers.mob`
61154
`newmonsters/tau/summon_tau/summon_tau.mob`
61155
`newmonsters/heaven/timerunner/timerunner.mob`
61156
`newmonsters/blood_an/goblin_chariot/goblin_chariot.mob`
61158
`newmonsters/blood_an/goblin_fanatic1/goblin_fanatic1.mob`
61159
`newmonsters/blood_an/goblin_fanatic2/goblin_fanatic2.mob`
61160
`newmonsters/blood_an/goblin_propeller/diegoblin_propeller.mob`
61161
`newmonsters/blood_an/goblin_chariot2/goblin_chariot2.mob`
61162
`newmonsters/blood_an/spear_goblin/spear_goblin.mob`
61163
`newmonsters/blood_an/bow_goblin/bow_goblin.mob`
61164
`newmonsters/blood_an/morningstar_goblin/morningstar_goblin.mob`
61165
`newmonsters/blood_an/agaress/agaress.mob`
61171
`zombie/infernalzombie.mob`
61172
`skeleton/infernalskeleton.mob`
61173
`ghoul/infernalghoul.mob`
61174
`newmonsters/cartel/alterationsoldier/runalterationsoldier.mob`
61175
`newmonsters/cartel/normalsoldier/runnormalsoldier.mob`
61176
`newmonsters/cartel/incendiarysoldier/runincendiarysoldier.mob`
61177
`newmonsters/silverspoon/silverclown/runsilverclown.mob`
61178
`newmonsters/silverspoon/silverman/runsilverman.mob`
61179
`newmonsters/silverspoon/silversmallmanb/runsilversmallmanb.mob`
61180
`newmonsters/snowman/frenken_baby/runfrenken_baby.mob`
61181
`newmonsters/cartel/engineer/engineerg.mob`
61182
`magma/infernaltitan.mob`
61183
`newmonsters/heaven/mechanicgiselle/mechanicgiselle/comemechanicgiselle.mob`
61184
`newmonsters/heaven/majorcamoka/majorcamoka.mob`
61185
`newmonsters/heaven/shadow/shadow.mob`
61186
`act8/mermadia_mage/mermadia_mage.mob`
61187
`act8/mermadia_warrior/mermadia_warrior.mob`
61188
`act8/mermadia_mage/mermadia_mage2.mob`
61189
`act8/mermadia_mage/mermadia_mage3.mob`
61190
`act8/mermadia_mage/mermadia_mage4.mob`
61191
`act8/crokhan/crokhan.mob`
61192
`act8/blackscalemoussambani/blackscalemoussambani.mob`
61193
`act8/plover/plover.mob`
61194
`act8/congcong/congcong.mob`
61195
`hunter/villageattacked_hunter.mob`
61196
`hunter/villageattacked_alex.mob`
61197
`starfish/villageattacked_starfish.mob`
61198
`starfish/villageattacked_starfishrukuku.mob`
61199
`starfish/villageattacked_starfishdevourer.mob`
61202
`newmonsters/cartel/cypher/poltergeistchair/poltergeistchair.mob`
61203
`newmonsters/heaven/mechanicgiselle/zx_99/zx_99.mob`
61204
`newmonsters/heaven/mechanicgiselle/zx_9/zx_9.mob`
61208
`newmonsters/heaven/mechanicgiselle/zx_5_1/zx_5_1.mob`
61209
`newmonsters/heaven/mechanicgiselle/zx_5_2/zx_5_2.mob`
61210
`newmonsters/heaven/mechanicgiselle/zx_5_3/zx_5_3.mob`
61211
`newmonsters/heaven/mechanicgiselle/zx_5_4/zx_5_4.mob`
61213
`soldier/expeller_blood.mob`
61214
`soldier/legionexpeller_blood.mob`
61215
`soldier/axeexpeller_blood.mob`
61216
`newmonsters/dog/doberman/doberman.mob`
61218
`act8/merman/merman.mob`
61219
`act8/mermanmage/mermanmage.mob`
61220
`act8/turtlek/turtlek.mob`
61221
`act8/turtlekdeckhand/turtlekdeckhand.mob`
61222
`act8/turtlecannon/turtlecannon.mob`
61223
`act8/botticelli/botticelli.mob`
61224
`act8/masaccio/masacciob.mob`
61225
`act8/masaccio/masacciojb.mob`
61226
`newmonsters/witch/resident_evil/resident_evil.mob`
61227
`newmonsters/witch/resident_evil/resident_evil1.mob`
61228
`newmonsters/witch/victim/victim.mob`
61229
`newmonsters/snake/stonesnake/stonesnake.mob`
61230
`newmonsters/witch/bat/bat2.mob`
61231
`act8/burnbotti/burnbotti.mob`
61232
`newmonsters/towerofultimate/darkcrow_coco/darkcrow_coco.mob`
61233
`newmonsters/towerofultimate/darkcrow_coco/darkcrow_coco1.mob`
61234
`newmonsters/towerofultimate/evilstone/evilstone.mob`
61235
`newmonsters/riding/at_5t/at_5t.mob`
61236
`newmonsters/cartel/warjack/warjack.mob`
61237
`newmonsters/cartel/westcoast/launcher_ride/launcher_ride.mob`
61238
`newmonsters/dimensiongate/bakal/bakal/bakal.mob`
61239
`newmonsters/dimensiongate/cosmofiend/greenfetters/greenfetters1.mob`
61240
`newmonsters/dimensiongate/cosmofiend/greenfetters/greenfetters2.mob`
61241
`newmonsters/dimensiongate/cosmofiend/greenfetters/greenfetters3.mob`
61242
`newmonsters/bantu/rabbit/rabbit.mob`
61243
`newmonsters/haze/axeoutlaw/axeoutlaw.mob`
61244
`newmonsters/haze/outlaw/outlaw.mob`
61245
`newmonsters/haze/humanhunter/humanhunter.mob`
61246
`newmonsters/haze/biker/biker.mob`
61247
`newmonsters/haze/chainbiker/chainbiker.mob`
61248
`act8/merman/merman_boss.mob`
61249
`newmonsters/riding/masaccio_quest/masaccio_quest.mob`
61250
`newmonsters/dimensiongate/blackearth/astaroth/astaroth_quest.mob`
61251
`spirit/waterhigherspirit_quest.mob`
61252
`spirit/firehigherspirit_quest.mob`
61253
`spirit/darkhigherspirit_quest.mob`
61254
`spirit/lighthigherspirit_quest.mob`
61255
`goblin/goblinhodor_quest.mob`
61256
`soldier/sandorexpeller_quest.mob`
61257
`soceress/luis_quest.mob`
61258
`monsterflower/auxo_quest.mob`
61259
`spikeking/spikeking_quest.mob`
61260
`babydragon/babydragon_quest.mob`
61261
`newmonsters/disguiser/mummy_basic/mummy_basic_quest.mob`
61262
`newmonsters/albert/albert.mob`
61263
`newmonsters/haze/chainbiker2/chainbiker2.mob`
61264
`newmonsters/towerofdespair/silverfox/silverfox.mob`
61265
`newmonsters/disguiser/mummy_basic/mummy_basic_despair.mob`
61266
`newmonsters/haze/stickban/stickban.mob`
61267
`newmonsters/haze/enjosipho/enjosipho.mob`
61268
`newmonsters/haze/biker2/biker2.mob`
61269
`newmonsters/haze/enjosipho/enjosipho_quest.mob`
61270
`newmonsters/riding/antitankgun/antitankgun.mob`
61272
`newmonsters/powerstation/rockslime/rockslime.mob`
61273
`newmonsters/powerstation/rockslotor/rockslotor.mob`
61274
`newmonsters/timegate/formacartel/cartelvolunteer/cartelvolunteer.mob`
61275
`newmonsters/timegate/formacartel/gunman/gunman.mob`
61276
`newmonsters/timegate/formacartel/fatoutlaw/fatoutlaw.mob`
61277
`newmonsters/timegate/formacartel/verrickt/verrickt.mob`
61278
`newmonsters/cartelcommand/ranjerus/ranjerus.mob`
61279
`newmonsters/cartelcommand/at_walker/at_walker.mob`
61280
`newmonsters/timegate/formacartel/gungoblin/gungoblin.mob`
61281
`newmonsters/timegate/consciousness/musicbox/musicbox.mob`
61282
`newmonsters/cartelcommand/specialarmy/specialarmy.mob`
61283
`newmonsters/riding/antitankgun/antitankgun1.mob`
61284
`newmonsters/riding/antitankgun/antitankgun2.mob`
61285
`newmonsters/riding/antitankgun/antitankgun3.mob`
61286
`newmonsters/timegate/consciousness/timetoy/timetoy.mob`
61287
`newmonsters/timegate/consciousness/spacetoy/spacetoy.mob`
61288
`newmonsters/timegate/consciousness/doll_fighter/wooden_fighter_normal.mob`
61289
`newmonsters/timegate/consciousness/doll_priest/wooden_p_normal.mob`
61290
`newmonsters/timegate/consciousness/doll_sword/wooden_doll_normal.mob`
61291
`newmonsters/timegate/black_church/shapirogracia/shapirogracia_quest.mob`
61292
`newmonsters/timegate/black_church/astaroth/astaroth_quest.mob`
61293
`newmonsters/timegate/consciousness/questmonster/questmonster.mob`
61294
`newmonsters/dimensiongate/blackearth/skewer/skewer_q.mob`
61295
`newmonsters/powerstation/fuhrman/fuhrman.mob`
61300
`newmonsters/cartel/westcoast/rod_aradman/rod_aradman.mob`
61301
`newmonsters/cartel/westcoast/special_rod_aradman/special_rod_aradman.mob`
61303
`newmonsters/cartel/westcoast/junk_thrower/junk_thrower.mob`
61304
`newmonsters/cartel/westcoast/tree_thrower/tree_thrower.mob`
61305
`newmonsters/cartel/westcoast/bunkertank/bunkertank.mob`
61306
`newmonsters/cartel/westcoast/launcher/launcher.mob`
61307
`newmonsters/cartel/westcoast/trashcan_thrower/trashcan_thrower.mob`
61320
`newmonsters/cartel/cypher/scarecrow/scarecrow.mob`
61321
`newmonsters/cartel/cypher/aircrow/aircrow.mob`
61323
`newmonsters/cartel/cypher/poltergeistobject/poltergeistobject.mob`
61325
`newmonsters/cartel/cypher/stoneswarm/stoneswarm.mob`
61326
`newmonsters/spider/slotorblind/slotorblind.mob`
61327
`newmonsters/rosiclock/rosiclock.mob`
61328
`newmonsters/cartel/cypher/cypher/cypher.mob`
61329
`newmonsters/cartel/cypher/cypherobject/cypherobject.mob`
61330
`newmonsters/snake/medusasnake/medusasnake.mob`
61331
`newmonsters/aganzo/cutpurse/cutpurse.mob`
61332
`newmonsters/aganzo/sinead/sinead.mob`
61333
`newmonsters/heaven/cannon/cannon.mob`
61334
`newmonsters/cartel/westcoast/macgee/macgee2.mob`
61335
`newmonsters/cartel/cypher/cypher/cypher2.mob`
61336
`newmonsters/aradman/poisonhand/poisonhand.mob`
61337
`newmonsters/goblinkingdom/glig/attack/body.mob`
61338
`newmonsters/goblinkingdom/glig/defend/body.mob`
61339
`newmonsters/goblinkingdom/glig/runaway/body.mob`
61340
`newmonsters/goblinkingdom/glig/glig/body.mob`
61341
`newmonsters/goblinkingdom/tree/rudolf/body.mob`
61342
`newmonsters/goblinkingdom/tree/leader/body.mob`
61343
`newmonsters/dollmaster/underdog/body.mob`
61344
`newmonsters/dollmaster/teleport/body.mob`
61345
`newmonsters/dollmaster/lobotomy/body.mob`
61346
`newmonsters/dollmaster/calamary/body.mob`
61347
`newmonsters/lizardman/avengers/alecto/body.mob`
61348
`newmonsters/lizardman/avengers/tispone/body.mob`
61349
`newmonsters/lizardman/avengers/megaira/body.mob`
61350
`newmonsters/lizardman/gizmo/gizmo.mob`
61351
`newmonsters/lizardman/shiger/shiger.mob`
61352
`newmonsters/ranjerus/maryjane/maryjane.mob`
61353
`newmonsters/ranjerus/sniper/sniper.mob`
61354
`newmonsters/ranjerus/dugong/dugong.mob`
61355
`newmonsters/lizardman/tiguan/tiguan.mob`
61400
`newmonsters/aradman/grim_aradman/grim_aradman.mob`
61401
`newmonsters/aradwoman/grim_aradwoma/grim_aradwoman.mob`
61402
`newmonsters/dog/grim_dog/grim_dog.mob`
61404
`newmonsters/thief/grim_marcenary/grim_marcenary.mob`
61405
`newmonsters/aradman/grim_crazy_b/grim_crazy_b.mob`
61407
`newmonsters/goblin/assassin_gonlin/assassin_gonlin.mob`
61408
`newmonsters/goblin/archer_gonlin/archer_gonlin.mob`
61409
`newmonsters/goblin/bomber_gonlin/bomber_gonlin.mob`
61410
`newmonsters/goblin/foreman_gonlin/foreman_gonlin.mob`
61411
`newmonsters/goblin/summon_archergoblin/summon_archergoblin.mob`
61412
`newmonsters/lizardman/dragon_man/dragon_man.mob`
61413
`newmonsters/lizardman/lizard_man/lizard_man.mob`
61414
`newmonsters/ranjerus/launcher/launcher.mob`
61415
`newmonsters/ranjerus/fireman/fireman.mob`
61416
`newmonsters/ranjerus/serve_fireman/serve_fireman.mob`
61419
`newmonsters/ancient/infected_ghoula/infected_ghoula.mob`
61420
`newmonsters/ancient/infected_ghoulb/infected_ghoulb.mob`
61421
`newmonsters/aradman/grim_kungfu/grim_kungfu.mob`
61422
`newmonsters/disguiser/disease_spirit/disease_spirit.mob`
61423
`newmonsters/disguiser/mummy_ghost_start/mummy_ghost_start.mob`
61424
`newmonsters/aradman/grim_yorkshire/grim_yorkshire.mob`
61425
`cosmofiend/braze_grim.mob`
61426
`cosmofiend/vapor_grim.mob`
61427
`cosmofiend/overgrowth_grim.mob`
61428
`cosmofiend/darksteel_grim.mob`
61429
`newmonsters/bwanga/bwanga_grim.mob`
61430
`newmonsters/goblinkingdom/kinggalok/kinggalok_grim.mob`
61431
`newmonsters/goblin/archer_gonlin/archer_gonlin_grim.mob`
61432
`newmonsters/goblin/foreman_gonlin/foreman_gonlin_grim.mob`
61433
`zealot/bossfather_grim.mob`
61434
`zealot/bosspope_grim.mob`
61435
`newmonsters/gbl/isadora/isadora_grim.mob`
61436
`newmonsters/silverspoon/silverman/silverman.mob`
61437
`newmonsters/silverspoon/silverclown_crutches/silverclown_crutches.mob`
61438
`newmonsters/silverspoon/silversmallmana/silversmallmana.mob`
61439
`newmonsters/silverspoon/silversmallmanb/silversmallmanb.mob`
61440
`newmonsters/silverspoon/silversmallmanc/silversmallmanc.mob`
61441
`newmonsters/silverspoon/silverclown_fluent/silverclown_fluent.mob`
61442
`newmonsters/silverspoon/silverclown_ballacrobat/silverclown_ballacrobat.mob`
61443
`newmonsters/silverspoon/silverclown_jugglingacrobat/silverclown_jugglingacrobat.mob`
61450
`newmonsters/bantu/rabbitman/rabbitman.mob`
61451
`newmonsters/bantu/rabbitwoman/rabbitwoman.mob`
61452
`newmonsters/snake/ice_snake/ice_snake.mob`
61453
`newmonsters/snowman/snowman/snowman.mob`
61454
`newmonsters/bantu/buffaloman/buffaloman.mob`
61455
`newmonsters/scasababy/scasababy.mob`
61456
`newmonsters/dragon/scasa/scasa.mob`
61457
`newmonsters/dragon/dummymonster/dummymonster.mob`
61458
`newmonsters/cartel/peltshu/peltshu.mob`
61459
`newmonsters/eventbak/eventbak3.mob`
61460
`newmonsters/silverspoon/silverclown_jugglingacrobat/silverclown_jugglingacrobat2.mob`
61461
`newmonsters/silverspoon/silverclown_ballacrobat/silverclown_ballacrobat2.mob`
61462
`newmonsters/silverspoon/silverman/summon_silverman.mob`
61463
`newmonsters/silverspoon/silversmallmanb/attack_silversmallmanb.mob`
61464
`newmonsters/bee/bee/bee.mob`
61465
`newmonsters/gbl/gbltentacle/gbltentacle_vill.mob`
61466
`newmonsters/gbl/ladyzealot/ladyzealot_vill.mob`
61467
`newmonsters/gbl/blacktentacle/blacktentacle_vill.mob`
61468
`newmonsters/gbl/invader/invader_vill.mob`
61469
`newmonsters/cartel/westcoast/rod_aradman/rod_aradman_vill.mob`
61470
`newmonsters/cartel/westcoast/special_rod_aradman/special_rod_aradman_vill.mob`
61471
`newmonsters/gbl/thrower/thrower_vill.mob`
61472
`newmonsters/cartel/westcoast/junk_thrower/junk_thrower_vill.mob`
61473
`newmonsters/cartel/cypher/aircrow/aircrow_vill.mob`
61474
`newmonsters/cartel/cypher/stoneswarm/stoneswarm_vill.mob`
61475
`newmonsters/aradwoman/gbl_libraian/gbl_libraian_vill.mob`
61476
`newmonsters/aradman/gblrebirtharadman/gblrebirtharadman_vill.mob`
61477
`newmonsters/gbl/combinetentacle/combinetentacle_vill.mob`
61478
`newmonsters/cartel/cypher/scarecrow/scarecrow_vill.mob`
61479
`newmonsters/mimic/mimic.mob`
61480
`newmonsters/mimic/mimic_standup.mob`
61481
`newmonsters/bloodbutterfly/meltman_b/meltman_b.mob`
61482
`newmonsters/silverspoon/silversmallmanb/silversmallmanb_startmap.mob`
61483
`newmonsters/silverspoon/silverman/silverman_startmap.mob`
61484
`act8/skeleton_mermadia/skeleton_mermadia.mob`
61485
`act8/zombie_marine/zombie_marine.mob`
61487
`act8/chiefsars_crow/radilng_chiefsars_crow.mob`
61488
`newmonsters/towerofultimate/mummy_dark/mummy_dark_sub.mob`
61489
`newmonsters/towerofultimate/mummy_dark/mummy_dark_sub2.mob`
61490
`act8/wooden_doll_l/wooden_doll_l_shadow.mob`
61491
`act8/ghost_flu/ghost_flu.mob`
61492
`act8/dark_ghost/dark_ghost.mob`
61493
`newmonsters/cartel/tendersoldier/tendersoldier.mob`
61494
`newmonsters/cartel/medic/medic.mob`
61495
`newmonsters/heaven/big_soldier/bigsoldier.mob`
61496
`newmonsters/aradwoman/gbl_libraian/gbl_libraian.mob`
61497
`newmonsters/event/mini_bus/mini_bus.mob`
61498
`newmonsters/event/mini_bus/mini_bus1.mob`
61499
`newmonsters/event/mini_bus/mini_bus2.mob`
61500
`newmonsters/dimensiongate/blackearth/berias_sub/berias_sub.mob`
61504
`spider/youngspider_despair.mob`
61505
`newmonsters/bloodbutterfly/ants/tower_ants.mob`
61507
`newmonsters/cartel/cypher/mini_stoneswarm/mini_stoneswarm.mob`
61508
`newmonsters/aganzo/gang/gang.mob`
61509
`newmonsters/aganzo/gang2/gang2.mob`
61510
`newmonsters/grim/grimfiresprit/grimfiresprit.mob`
61511
`newmonsters/goblinkingdom/bomb_thrower/bomb_thrower.mob`
61513
`newmonsters/goblinkingdom/bombgoblin/bombgoblin.mob`
61514
`newmonsters/goblinkingdom/stungoblin/stungoblin.mob`
61515
`newmonsters/goblinkingdom/sleepgoblin/sleepgoblin.mob`
61516
`newmonsters/goblinkingdom/stonegoblin/stonegoblin.mob`
61517
`newmonsters/goblinkingdom/holdgoblin/holdgoblin.mob`
61518
`newmonsters/goblinkingdom/speedgoblin/speedgoblin.mob`
61519
`newmonsters/goblinkingdom/redgoblin/redgoblin.mob`
61520
`newmonsters/goblinkingdom/dummytank/dummytank.mob`
61521
`newmonsters/goblinkingdom/slowgoblin/slowgoblin.mob`
61522
`newmonsters/realsky/mirkius/mirkius.mob`
61523
`newmonsters/realsky/minius/minius.mob`
61524
`newmonsters/realsky/babydragon/babydragon.mob`
61525
`newmonsters/ranjerus/assaulting/assaulting.mob`
61526
`newmonsters/ranjerus/minesoldier/minesoldier.mob`
61527
`newmonsters/ranjerus/medic/medic.mob`
61528
`newmonsters/ranjerus/tempester/tempester.mob`
61529
`newmonsters/ranjerus/rx78/rx78.mob`
61530
`newmonsters/ranjerus/bombgunsoldier/bombgunsoldier.mob`
61531
`newmonsters/thief/nicolas/nicolas.mob`
61532
`zombie/nicol_zombie.mob`
61533
`zombie/nicol_zombie_for_apc.mob`
61535
`fighter/nenflowerex.mob`
61540
`newmonsters/towerofdespair/rodem/rodem.mob`
61541
`newmonsters/towerofdespair/rodem_sub/rodem_sub.mob`
61542
`newmonsters/towerofdespair/rodem/rodem_summon.mob`
61543
`act8/dark_ghost/tower_darkghost.mob`
61544
`icetiger/tower_icetiger.mob`
61545
`lugaru/tower_bloodlugaru.mob`
61546
`dog/tower_maddog.mob`
61547
`newmonsters/towerofdespair/soccer_ball/soccer_ball.mob`
61548
`newmonsters/towerofdespair/robot_blind/blind_robot.mob`
61549
`newmonsters/towerofdespair/robot_confuse/confuse_robot.mob`
61550
`newmonsters/towerofdespair/robot_hold/hold_robot.mob`
61551
`newmonsters/towerofdespair/robot_freeze/freeze_robot.mob`
61600
`newmonsters/gbl_breeding/new_gbl_woman/new_gbl_woman.mob`
61601
`newmonsters/gbl_breeding/flare_worm/flare_worm.mob`
61602
`newmonsters/gbl_breeding/new_gbl_nomal/new_gbl_nomal.mob`
61603
`dendroid/dendroid_breeding.mob`
61604
`newmonsters/gbl_breeding/dendroid_disguise/dendroid_disguise.mob`
61605
`newmonsters/gbl_breeding/woody_plant/woody_plant.mob`
61606
`newmonsters/cartelcommand/robot_du1/robot_du1.mob`
61607
`newmonsters/cartelcommand/robot_du1/robot_du2.mob`
61608
`newmonsters/cartelcommand/robot_du1/robot_du3.mob`
61609
`newmonsters/cartelcommand/robot_du1/robot_du4.mob`
61610
`newmonsters/cartelcommand/robot_du1/robot_du5.mob`
61611
`newmonsters/cartelcommand/robot_du1/robot_du6.mob`
61612
`newmonsters/cartelcommand/outlaw/outlaw.mob`
61613
`newmonsters/cartelcommand/outlaw/outlaw2.mob`
61614
`newmonsters/timegate/oldscreamingcave/kain/kain.mob`
61615
`newmonsters/timegate/black_church/nillbass/nillbass.mob`
61616
`newmonsters/timegate/black_church/berias_sub/berias_sub.mob`
61617
`newmonsters/timegate/black_church/skewer/skewer_n.mob`
61618
`newmonsters/timegate/black_church/pincers/pincers_n.mob`
61619
`newmonsters/timegate/black_church/sawtooth/sawtooth_n.mob`
61620
`newmonsters/timegate/black_church/scissors/scissors_n.mob`
61621
`newmonsters/timegate/black_church/yorkshire/yorkshire.mob`
61622
`newmonsters/timegate/black_church/cross_axe/cross_axe.mob`
61623
`newmonsters/timegate/black_church/mummy/mummy.mob`
61624
`newmonsters/timegate/black_church/ozma/ozma.mob`
61625
`newmonsters/timegate/black_church/nillbass/nillbass_quest.mob`
61626
`newmonsters/timegate/black_church/nillbass/nillbass_main.mob`
61627
`newmonsters/timegate/oldscreamingcave/mistgirl/mistgirl.mob`
61628
`newmonsters/timegate/oldscreamingcave/mistpowerman/mistpowerman.mob`
61629
`newmonsters/timegate/oldscreamingcave/ant/ant.mob`
61630
`newmonsters/timegate/oldscreamingcave/bloodbutterfly/bloodbutterfly.mob`
61631
`newmonsters/timegate/oldscreamingcave/bee/bee.mob`
61632
`newmonsters/powerstation/fruz_station/samuel/samuel.mob`
61633
`newmonsters/powerstation/fruz_station/magneume/magneume.mob`
61634
`newmonsters/powerstation/fruz_station/granite_fly_b/granite_fly_b.mob`
61635
`newmonsters/powerstation/fruz_station/granite/granite.mob`
61636
`newmonsters/new_event/dual/zx_5_1/zx_5_1.mob`
61637
`newmonsters/new_event/dual/zx_5_2/zx_5_2.mob`
61638
`newmonsters/new_event/dual/zx_5_3/zx_5_3.mob`
61639
`newmonsters/new_event/dual/zx_5_4/zx_5_4.mob`
61640
`newmonsters/new_event/dual/zx_99/zx_99.mob`
61641
`newmonsters/new_event/dual/frenken_baby/frenken_baby.mob`
61642
`newmonsters/new_event/dual/tank_landrunner/tank_landrunner.mob`
61643
`newmonsters/new_event/dual/marine/marine.mob`
61644
`newmonsters/new_event/dual/dual_face/dual_face1.mob`
61645
`newmonsters/new_event/dual/dual_face/dual_face2.mob`
61646
`newmonsters/new_event/dual/zx_69/zx_69.mob`
61647
`newmonsters/new_event/dual/zx_5_1/zx_5.mob`
61648
`newmonsters/new_event/dual/zx_99/zx_99_1.mob`
61649
`newmonsters/new_event/dual/zx_77/zx_77.mob`
61650
`newmonsters/new_event/dual/zx_69/_zx_69.mob`
61651
`newmonsters/new_event/dual/tank_landrunner/tank_landrunner1.mob`
61652
`newmonsters/new_event/dual/zx_5_1/_zx_5.mob`
61653
`newmonsters/new_event/dual/zx_77/zx_77_1.mob`
61654
`newmonsters/new_event/dual/zx_77/zx_77_2.mob`
61655
`newmonsters/new_event/dual/zx_77/zx_77_3.mob`
61656
`newmonsters/new_event/dual/zx_69/_zx_69_.mob`
61700
`newmonsters/bantu/buffalowoman/buffalowoman.mob`
61701
`newmonsters/bantu/bantuwoman/bantuamazones.mob`
61702
`newmonsters/goblin/summon_goblin/summon_goblin.mob`
61703
`newmonsters/golem/icegolem/icegolem.mob`
61704
`newmonsters/queen_rosi/queen_rosi.mob`
61705
`newmonsters/golem/ricu/ricu.mob`
61706
`newmonsters/spider/slotor/slotor.mob`
61707
`newmonsters/snowman/sasquatch/sasquatch.mob`
61708
`newmonsters/cartel/rocketman/rocketman.mob`
61709
`newmonsters/heaven/letsburn_bentinck/bentinck.mob`
61710
`newmonsters/heaven/gt9600/gt9600.mob`
61711
`newmonsters/aganzo/pubman/gang3.mob`
61712
`newmonsters/heaven/captain_berhik_boss/berhik.mob`
61713
`newmonsters/goblinkingdom/kinggalok/kinggalok.mob`
61714
`newmonsters/goblinkingdom/elite_goblin/elite_goblin.mob`
61715
`newmonsters/goblinkingdom/throw_goblin/throw_goblin.mob`
61716
`newmonsters/goblin/event_goblin/lv1goblin/lv1goblin_str.mob`
61717
`newmonsters/goblin/event_goblin/lv1goblin/lv1goblin_int.mob`
61718
`newmonsters/goblin/event_goblin/lv2goblin/lv2goblin_str.mob`
61719
`newmonsters/goblin/event_goblin/lv2goblin/lv2goblin_int.mob`
61720
`newmonsters/goblin/event_goblin/lv3goblin/lv3goblin_str.mob`
61721
`newmonsters/goblin/event_goblin/lv3goblin/lv3goblin_int.mob`
61722
`newmonsters/goblin/event_goblin/lv4goblin/lv4goblin_str.mob`
61723
`newmonsters/goblin/event_goblin/lv4goblin/lv4goblin_int.mob`
61724
`newmonsters/goblinkingdom/fire_goblin/fire_goblin.mob`
61725
`newmonsters/goblinkingdom/ice_goblin/ice_goblin.mob`
61726
`newmonsters/goblin/richgoblin/richgoblin.mob`
61727
`newmonsters/goblin/richgoblin/richgoblin1.mob`
61728
`newmonsters/goblin/richgoblin/richgoblin2.mob`
61729
`newmonsters/goblin/event_goblin/shylock/shylock.mob`
61730
`newmonsters/tau/event_child_tau/event_child_tau.mob`
61731
`newmonsters/goblin/event_goblin/wedding_goblin/wedding_goblin.mob`
61732
`newmonsters/event/wedding_sister/wedding_sister.mob`
61733
`newmonsters/event/ghosts_seriea/ghosts_seriea.mob`
61734
`newmonsters/towerofultimate/firezombie/firezombie.mob`
61735
`newmonsters/riding/archer_goblin/archer_goblin.mob`
61736
`newmonsters/event/seria/seria.mob`
61737
`newmonsters/risk_dungeon/vilmark/mecatau/mecacow.mob`
61738
`newmonsters/dimensiongate/bakal/dark_spirit/dark_spirit.mob`
61739
`newmonsters/event/seria/seria_1.mob`
61740
`newmonsters/event/seria/seria_2.mob`
61741
`newmonsters/risk_dungeon/screamingcave/crimebuffalo/crimebuffalo.mob`
61742
`newmonsters/timegate/topsecretarea/kerberos/kerberos.mob`
61743
`newmonsters/risk_dungeon/screamingcave/cursecrimebuffalo/cursecrimebuffalo.mob`
61744
`newmonsters/risk_dungeon/screamingcave/crimebuffalo/crimebuffalo_0.mob`
61745
`newmonsters/risk_dungeon/screamingcave/hardystorm/hardystorm.mob`
61746
`newmonsters/risk_dungeon/noirpera/direzie/direzie.mob`
61747
`newmonsters/risk_dungeon/screamingcave/cursecrimebuffalo/cursecrimebuffalo_0.mob`
61748
`newmonsters/risk_dungeon/vilmark/bloodlugaru/bloodlugaru.mob`
61749
`newmonsters/risk_dungeon/noirpera/direzie_sub/direzie_sub.mob`
61750
`newmonsters/risk_dungeon/kingsruins/hammerking/hammerking.mob`
61751
`newmonsters/risk_dungeon/noirpera/mummy_ghost_start/mummy_ghost_start.mob`
61752
`newmonsters/risk_dungeon/vilmark/taumini/taumini.mob`
61753
`newmonsters/risk_dungeon/vilmark/goblinkrazyivan/goblinkrazyivan.mob`
61754
`newmonsters/risk_dungeon/noirpera/disease_spirit/disease_spirit.mob`
61755
`newmonsters/risk_dungeon/screamingcave/babynugol/babynugol.mob`
61756
`newmonsters/risk_dungeon/screamingcave/nugol/nugol.mob`
61757
`newmonsters/risk_dungeon/screamingcave/kingnugol/kingnugol.mob`
61758
`newmonsters/risk_dungeon/screamingcave/babynugol2/babynugol2.mob`
61759
`newmonsters/risk_dungeon/noirpera/noir_dimension_gate/noir_dimension_gate.mob`
61760
`newmonsters/silverspoon/silverclown_ballacrobat/silverclown_ballacrobat_item.mob`
61761
`newmonsters/silverspoon/silverclown_jugglingacrobat/silverclown_jugglingacrobat_item.mob`
61762
`drake/sacrificeofdrake_item.mob`
61763
`newmonsters/witch/victim/firevictim_item.mob`
61764
`newmonsters/airsword/shortsword/shortsword00.mob`
61765
`newmonsters/airsword/shortsword/shortsword01.mob`
61766
`newmonsters/airsword/shortsword/shortsword02.mob`
61767
`newmonsters/airsword/longsword/longsword.mob`
61768
`newmonsters/parasite/parasite_fire/parasite_fire.mob`
61769
`newmonsters/parasite/parasite_ice/parasite_ice.mob`
61770
`newmonsters/risk_dungeon/ghosttrain/ghost_flu3/ghost_flu.mob`
61771
`newmonsters/risk_dungeon/ghosttrain/skeleton_mermadia2/skeleton_mermadia.mob`
61772
`newmonsters/risk_dungeon/cartelcommand/antitankgun/antitankgun.mob`
61773
`newmonsters/risk_dungeon/ghosttrain/wooden_doll_l_shadow1/wooden_doll_l_shadow.mob`
61774
`newmonsters/risk_dungeon/ghosttrain/nenflowerex1/nenflowerex.mob`
61775
`newmonsters/risk_dungeon/noirpera/mummy_basic/mummy_basic.mob`
61776
`newmonsters/risk_dungeon/cartelcommand/antitankgun1/antitankgun1.mob`
61777
`newmonsters/risk_dungeon/cartelcommand/antitankgun2/antitankgun2.mob`
61778
`newmonsters/risk_dungeon/ghosttrain/dark_ghost0/dark_ghost.mob`
61779
`newmonsters/risk_dungeon/cartelcommand/antitankgun3/antitankgun3.mob`
61780
`newmonsters/risk_dungeon/cartelcommand/ranjerus/ranjerus.mob`
61781
`newmonsters/risk_dungeon/noirpera/infected_ghoulb/infected_ghoulb.mob`
61782
`newmonsters/risk_dungeon/noirpera/infected_ghoula/infected_ghoula.mob`
61783
`newmonsters/risk_dungeon/cartelcommand/at_walker/at_walker.mob`
61784
`newmonsters/risk_dungeon/cartelcommand/warjack/warjack.mob`
61785
`newmonsters/risk_dungeon/ghosttrain/zombie_marine/zombie_marine.mob`
61786
`newmonsters/risk_dungeon/ghosttrain/chiefsars_crow/chiefsars_crow.mob`
61787
`newmonsters/risk_dungeon/ghosttrain/wooden_doll_nomnal/wooden_doll_nomnal.mob`
61788
`newmonsters/risk_dungeon/cartelcommand/rx78/rx78.mob`
61789
`newmonsters/risk_dungeon/ghosttrain/woodendoll_nb/woodendoll_nb.mob`
61790
`newmonsters/risk_dungeon/ghosttrain/woodendoll_ny/woodendoll_ny.mob`
61792
`newmonsters/risk_dungeon/ghosttrain/woodendoll_ng/woodendoll_ng.mob`
61793
`newmonsters/risk_dungeon/ghosttrain/woodendoll_np/woodendoll_np.mob`
61797
`newmonsters/risk_dungeon/leshphon/scavenger/scavenger.mob`
61798
`newmonsters/risk_dungeon/noirpera/militiaman/militiaman.mob`
61800
`newmonsters/cartel/minorsoldier/minorsoldier.mob`
61801
`newmonsters/cartel/normalsoldier/normalsoldier.mob`
61802
`newmonsters/cartel/spy/spy.mob`
61803
`newmonsters/cartel/incendiarysoldier/incendiarysoldier.mob`
61804
`newmonsters/cartel/silkhat/silkhat.mob`
61805
`newmonsters/gbl/combinetentacle/combinetentacle.mob`
61806
`newmonsters/bwanga/bwanga.mob`
61807
`newmonsters/grim/grim_executive/grim_executive.mob`
61808
`newmonsters/grim/grim_sorcerer/grim_sorcerer.mob`
61809
`newmonsters/goblinkingdom/golgo/golgo.mob`
61810
`newmonsters/goblinkingdom/golgoserver/golgoserver.mob`
61811
`newmonsters/draconian/magneus/magneus.mob`
61812
`newmonsters/draconian/magneus/magneus_sub.mob`
61814
`newmonsters/bwanga/bwanga_hell.mob`
61815
`villageattacked/goblin.mob`
61816
`villageattacked/goblinthrower.mob`
61817
`villageattacked/seagab.mob`
61818
`villageattacked/hillgab.mob`
61819
`villageattacked/goblintaskmaster.mob`
61820
`villageattacked/goblinthrowertaskmaster.mob`
61821
`villageattacked/flaghillgab.mob`
61822
`villageattacked/flagseagab.mob`
61823
`villageattacked/kinol.mob`
61824
`villageattacked/tauarmy.mob`
61825
`villageattacked/taubeast.mob`
61826
`villageattacked/tauassaulter.mob`
61827
`villageattacked/tauguard.mob`
61828
`villageattacked/shauta.mob`
61829
`villageattacked/keraha.mob`
61830
`villageattacked/vinoshu.mob`
61831
`villageattacked/lugaru.mob`
61832
`villageattacked/kurogaru.mob`
61833
`villageattacked/sirogaru.mob`
61834
`villageattacked/penril.mob`
61835
`villageattacked/gardener_ral.mob`
61836
`tau/taucaptain_village.mob`
61837
`tau/taumini_village.mob`
61838
`tau/taumetacow_village.mob`
61839
`soldier/axionexpeller_village.mob`
61840
`soldier/guard_fire_village.mob`
61841
`soldier/guard_wind_village.mob`
61842
`soldier/guard_block_village.mob`
61843
`soldier/guard_ice_village.mob`
61844
`soldier/guard_light_village.mob`
61845
`soldier/expeller_village.mob`
61846
`soldier/axeexpeller_village.mob`
61847
`soldier/heavenexpeller_village.mob`
61848
`lugaru/bloodlugaru_village.mob`
61849
`lugaru/ciel_village.mob`
61850
`lugaru/heart_village.mob`
62000
`newmonsters/dragonknight/dragonspear/dragonspearman.mob`
62001
`newmonsters/dragonknight/dragonsword/dragonsword.mob`
62002
`newmonsters/dragonknight/dragonwizard/wizardman.mob`
62003
`lugaru/lugaru_blood.mob`
62004
`lugaru/kurogaru_blood.mob`
62005
`lugaru/sirogaru_blood.mob`
62006
`lugaru/bloodlugaru_blood.mob`
62007
`lugaru/ciel_blood.mob`
62008
`spider/spider_blood.mob`
62009
`spider/spiderpoison_blood.mob`
62010
`spider/youngspider_blood.mob`
62011
`newmonsters/spider/slotor/slotor_blood.mob`
62012
`newmonsters/bloodbutterfly/mosqueen/mosqueen.mob`
62013
`newmonsters/bloodbutterfly/meltman/meltman.mob`
62014
`newmonsters/bloodbutterfly/confusethief/confusethief.mob`
62015
`newmonsters/bloodbutterfly/poisoningthief/poisoningthief.mob`
62016
`newmonsters/bloodbutterfly/ant/ant.mob`
62018
`newmonsters/bloodbutterfly/ants/ants.mob`
62021
`newmonsters/bloodbutterfly/bloodbutterfly/bloodbutterfly.mob`
62024
`twdf/tw_tutorial_monster/tw_dragonsword/tw_dragonsword.mob`
62025
`twdf/tw_tutorial_monster/tw_dragonspear/tw_dragonspearman.mob`
62026
`twdf/tw_tutorial_monster/tw_kampera/tw_kampera.mob`
62027
`twdf/tw_doblin/tw_doblin.mob`
62028
`twdf/tw_myterious_dust/dust_a_30.mob`
62029
`twdf/tw_myterious_dust/dust_a_50.mob`
62030
`twdf/tw_myterious_dust/dust_a_70.mob`
62031
`twdf/tw_myterious_dust/dust_a_85.mob`
62032
`twdf/tw_myterious_dust/dust_b_30.mob`
62033
`twdf/tw_myterious_dust/dust_b_50.mob`
62034
`twdf/tw_myterious_dust/dust_b_85.mob`
62035
`twdf/tw_myterious_dust/dogul_5.mob`
62036
`twdf/tw_myterious_dust/dogul_35.mob`
62037
`twdf/tw_myterious_dust/dogul_55.mob`
62038
`tau_kingdom/tau_soldier/tau_soldier.mob`
62040
`tau_kingdom/tau_king/tau_king.mob`
62100
`icetiger/villageattacked_icetiger.mob`
62101
`newmonsters/snowman/snowman/villageattacked_snowman.mob`
62102
`newmonsters/spider/slotor/villageattacked_slotor.mob`
62103
`newmonsters/scasababy/villageattacked_scasababy.mob`
62104
`newmonsters/snake/ice_snake/villageattacked_ice_snake.mob`
62105
`newmonsters/timegate/iris/iris.mob`
62106
`act8/crokhan_spearman/crokhan_spearman.mob`
62107
`newmonsters/lizardman/lizardman_guard/lizardman_guard05.mob`
62108
`newmonsters/timegate/consciousness/mareritt/mareritt.mob`
62109
`newmonsters/witch/bat/bat.mob`
62110
`newmonsters/witch/agarum/agarum.mob`
62111
`newmonsters/witch/victim/firevictim.mob`
62112
`newmonsters/timegate/beginning/young_scasa/young_scasa.mob`
62113
`newmonsters/witch/agarum/agarum2.mob`
62114
`specialmonster/hpsharingmonster2.mob`
62115
`act8/plover/heroplover_l.mob`
62116
`newmonsters/leshphon/the_wicked_disease_direzie/the_wicked_disease_direzie.mob`
62117
`newmonsters/leshphon/infectee/infectee.mob`
62118
`newmonsters/leshphon/melt_knight/melt_knight.mob`
62119
`newmonsters/leshphon/divol/divol1.mob`
62120
`newmonsters/leshphon/divol/divol2.mob`
62121
`newmonsters/timegate/epidemic/pathogens/pathogens.mob`
62122
`newmonsters/timegate/epidemic/primary_infectee/primary_infectee.mob`
62123
`newmonsters/timegate/epidemic/melted_residents/melted_residents.mob`
62124
`newmonsters/timegate/epidemic/melt_warrior/melt_warrior.mob`
62125
`newmonsters/leshphon/scavenger/scavenger.mob`
62126
`newmonsters/leshphon/gackle/gackle.mob`
62127
`newmonsters/leshphon/particle/particle.mob`
62128
`newmonsters/leshphon/melt_knight/melt_knight_sub.mob`
62130
`newmonsters/leshphon/melt_knight/melt_knight_sub2.mob`
62131
`newmonsters/leshphon/particle/particle2.mob`
62132
`newmonsters/riding/metacow/taumetacow.mob`
62133
`newmonsters/riding/masaccio/masaccio.mob`
62134
`newmonsters/towerofultimate/agamemnon/agamemnon.mob`
62135
`newmonsters/dimensiongate/bakal/shelder/shelder.mob`
62136
`newmonsters/dimensiongate/bakal/shelder/shelder2.mob`
62137
`newmonsters/dimensiongate/bakal/shelder/shelder3.mob`
62138
`newmonsters/dimensiongate/bakal/shelder/shelder4.mob`
62139
`newmonsters/dimensiongate/bakal/shelder/shelder5.mob`
62140
`newmonsters/dimensiongate/cosmofiend/check_trap/check_trap.mob`
62141
`newmonsters/dimensiongate/blackearth/ozma/ozma.mob`
62142
`newmonsters/dimensiongate/blackearth/skewer/skewer.mob`
62143
`newmonsters/dimensiongate/blackearth/pincers/pincers.mob`
62144
`newmonsters/dimensiongate/blackearth/skewer/skewer_n.mob`
62145
`newmonsters/dimensiongate/blackearth/pincers/pincers_n.mob`
62146
`newmonsters/dimensiongate/blackearth/sawtooth/sawtooth_n.mob`
62147
`newmonsters/dimensiongate/blackearth/scissors/scissors_n.mob`
62148
`newmonsters/towerofdespair/fluore/fluore.mob`
62149
`newmonsters/towerofdespair/frost/frost.mob`
62150
`newmonsters/towerofdespair/jack/jack.mob`
62151
`newmonsters/towerofdespair/pluto/pluto.mob`
62152
`newmonsters/towerofdespair/ixia/ixia.mob`
62153
`newmonsters/towerofdespair/ogong/ogong.mob`
62154
`newmonsters/towerofdespair/genie/genie1.mob`
62155
`newmonsters/towerofdespair/genie/genie2.mob`
62156
`newmonsters/towerofdespair/genie/genie3.mob`
62157
`newmonsters/towerofdespair/buffcheck/buffcheck.mob`
62158
`newmonsters/towerofdespair/buffcheck/buffcheck3.mob`
62159
`newmonsters/towerofdespair/soldo/soldo_sub1.mob`
62160
`newmonsters/towerofdespair/soldo/soldo_sub2.mob`
62161
`newmonsters/haze/irigare/irigare2.mob`
62207
`newmonsters/risk_dungeon/cartelcommand/specialarmy/specialarmy.mob`
62216
`newmonsters/risk_dungeon/cartelcommand/outlaw/outlaw.mob`
62225
`newmonsters/risk_dungeon/leshphon/melt_knight/melt_knight.mob`
62226
`newmonsters/risk_dungeon/leshphon/melt_knight_sub/melt_knight_sub.mob`
62238
`newmonsters/risk_dungeon/cartelcommand/robot_du1/robot_du1.mob`
62239
`newmonsters/risk_dungeon/cartelcommand/robot_du2/robot_du2.mob`
62240
`newmonsters/risk_dungeon/cartelcommand/robot_du5/robot_du5.mob`
62241
`newmonsters/risk_dungeon/cartelcommand/robot_du6/robot_du6.mob`
62242
`newmonsters/risk_dungeon/cartelcommand/robot_du3/robot_du3.mob`
62243
`newmonsters/risk_dungeon/cartelcommand/robot_du4/robot_du4.mob`
62244
`newmonsters/risk_dungeon/leshphon/pathogens/pathogens.mob`
62254
`newmonsters/risk_dungeon/leshphon/the_wicked_disease_direzie/the_wicked_disease_direzie.mob`
62255
`newmonsters/risk_dungeon/leshphon/particle/particle.mob`
62286
`newmonsters/risk_dungeon/leshphon/divol1/divol1.mob`
62287
`newmonsters/risk_dungeon/leshphon/divol2/divol2.mob`
62320
`newmonsters/risk_dungeon/leshphon/gackle/gackle.mob`
62500
`newmonsters/event/present_box/present_box.mob`
62501
`newmonsters/event/cricket/cricket.mob`
62502
`newmonsters/event/cricket/cricket1.mob`
62503
`newmonsters/event/cricket/cricket2.mob`
62504
`newmonsters/event/event_wolf/event_wolf.mob`
62505
`newmonsters/event/clown/badclown.mob`
62506
`newmonsters/timegate/consciousness/doll_fighter/wooden_fighter.mob`
62507
`newmonsters/timegate/consciousness/doll_priest/wooden_p.mob`
62508
`newmonsters/timegate/consciousness/doll_sword/wooden_doll.mob`
62509
`newmonsters/timegate/consciousness/doll_whip/wooden_whip.mob`
62510
`newmonsters/timegate/consciousness/fire_doll/fire_doll1.mob`
62511
`newmonsters/timegate/consciousness/fire_doll/fire_doll2.mob`
62512
`newmonsters/timegate/consciousness/fire_doll/fire_doll3.mob`
62513
`newmonsters/timegate/epidemic/darkelf_ghoul/darkelf_ghoul.mob`
62514
`newmonsters/timegate/epidemic/gackle_warrior/gackle_warrior.mob`
62515
`newmonsters/timegate/epidemic/kah_divol/kah_divol.mob`
62516
`newmonsters/timegate/epidemic/secondary_infectee/secondary_infectee.mob`
62517
`newmonsters/timegate/beginning/black_dragon/black_dragon.mob`
62518
`newmonsters/timegate/beginning/fire_dragon/fire_dragon.mob`
62519
`newmonsters/timegate/beginning/angry_dragon/angry_dragon.mob`
62520
`newmonsters/timegate/beginning/dragon_knight/dragon_knight.mob`
62521
`newmonsters/timegate/consciousness/mareritt2/mareritt2.mob`
62522
`newmonsters/timegate/iris/iris_dummy.mob`
62523
`soceress/vinoshu_quest.mob`
62600
`event/bluemarble/kurogaru/kurogaru.mob`
62601
`event/bluemarble/hunter/hunter.mob`
62602
`event/bluemarble/dendroid/dendroid.mob`
62603
`event/bluemarble/goliden/goliden.mob`
62604
`event/bluemarble/rodinglo/rodinglo.mob`
62605
`event/bluemarble/raxy-a/raxy-a.mob`
62606
`event/bluemarble/catapult/catapult.mob`
62607
`event/bluemarble/bossfather/bossfather.mob`
62608
`event/bluemarble/bosspope/bosspope.mob`
62609
`event/bluemarble/zombiezombie/zombiezombie.mob`
62610
`event/bluemarble/shavante/shavante.mob`
62611
`event/bluemarble/master/master.mob`
62612
`event/bluemarble/beastmasterlooger/beastmasterlooger.mob`
62613
`event/bluemarble/zepplin/zepplin.mob`
62614
`event/bluemarble/bantuamazones/bantuamazones.mob`
62615
`event/bluemarble/zepplinmachinegun/zepplinmachinegun.mob`
62616
`event/bluemarble/battlingram/battlingram.mob`
62617
`event/bluemarble/catapultflame/catapultflame.mob`
62618
`event/bluemarble/bossfather_grim/bossfather_grim.mob`
62619
`event/bluemarble/isadora_grim/isadora_grim.mob`
62620
`event/bluemarble/waterspirit/waterspirit.mob`
62621
`event/bluemarble/lightspirit/lightspirit.mob`
62622
`event/bluemarble/bosspope_grim/bosspope_grim.mob`
62623
`event/bluemarble/bantufighter/bantufighter.mob`
62624
`event/bluemarble/alex/alex.mob`
62625
`event/bluemarble/starfishrukuku/starfishrukuku.mob`
62626
`event/bluemarble/starfishking/starfishking.mob`
62627
`event/bluemarble/starfish/starfish.mob`
62628
`event/bluemarble/icegolem/icegolem.mob`
62629
`event/bluemarble/ricu/ricu.mob`
62630
`event/bluemarble/astray_gbl_devotee/astray_gbl_devotee.mob`
62631
`event/bluemarble/astray_gbl_w_devotee/astray_gbl_w_devotee.mob`
62632
`event/bluemarble/astray_alsor/astray_alsor.mob`
62633
`event/bluemarble/snowman/snowman.mob`
62634
`event/bluemarble/father/father.mob`
62635
`event/bluemarble/catapultlaser/catapultlaser.mob`
62636
`event/bluemarble/lotus/lotus.mob`
62637
`event/bluemarble/pope/pope.mob`
62638
`event/bluemarble/dendroid_disguise/dendroid_disguise.mob`
62639
`event/bluemarble/dendroid_breeding/dendroid_breeding.mob`
62640
`event/bluemarble/woody_plant/woody_plant.mob`
62641
`event/bluemarble/flare_worm/flare_worm.mob`
62642
`event/bluemarble/rebirthbrother/rebirthbrother.mob`
62643
`event/bluemarble/rebirthgblbishop/rebirthgblbishop.mob`
62644
`event/bluemarble/rebirthgbl/rebirthgbl.mob`
62645
`event/bluemarble/rebirthsister/rebirthsister.mob`
62646
`event/bluemarble/rebirthgblleader/rebirthgblleader.mob`
62647
`event/bluemarble/rebirthgblpriest/rebirthgblpriest.mob`
62648
`event/bluemarble/ghoul/ghoul.mob`
62649
`event/bluemarble/ghoulthrower/ghoulthrower.mob`
62650
`event/bluemarble/wraith/wraith.mob`
62651
`event/bluemarble/ghoulmorgan/ghoulmorgan.mob`
62652
`event/bluemarble/wraithspectress/wraithspectress.mob`
62653
`event/bluemarble/spiderpoison/spiderpoison.mob`
62654
`event/bluemarble/sasquatch/sasquatch.mob`
62655
`event/bluemarble/spider/spider.mob`
62656
`event/bluemarble/spiderboss/spiderboss.mob`
62657
`event/bluemarble/bossatlas/bossatlas.mob`
62658
`event/bluemarble/bossgoliath/bossgoliath.mob`
62659
`event/bluemarble/bosstitan/bosstitan.mob`
62660
`event/bluemarble/stoneskeleton/stoneskeleton.mob`
62661
`event/bluemarble/drake/drake.mob`
62662
`event/bluemarble/skeleton/skeleton.mob`
62663
`event/bluemarble/bwanga/bwanga.mob`
62664
`event/bluemarble/gbltentacle/gbltentacle.mob`
62665
`event/bluemarble/vangelis/vangelis.mob`
62666
`event/bluemarble/isadora/isadora.mob`
62667
`event/bluemarble/waterspirit/waterspirit_0.mob`
62668
`event/bluemarble/lightspirit/lightspirit_0.mob`
62669
`event/bluemarble/blacktentacle/blacktentacle.mob`
62670
`event/bluemarble/invader/invader.mob`
62671
`event/bluemarble/hydracle/hydracle.mob`
62672
`event/bluemarble/dog/dog.mob`
62673
`event/bluemarble/myojin/myojin.mob`
62674
`event/bluemarble/gang2/gang2.mob`
62675
`event/bluemarble/cutpurse/cutpurse.mob`
62676
`event/bluemarble/biterat/biterat.mob`
62677
`event/bluemarble/peterthepiper/peterthepiper.mob`
62678
`event/bluemarble/bigrat/bigrat.mob`
62679
`event/bluemarble/ghoulheadless/ghoulheadless.mob`
62680
`event/bluemarble/darkelf_guard/darkelf_guard.mob`
62681
`event/bluemarble/headlessknight/headlessknight.mob`
62682
`event/bluemarble/incompletegoliath/incompletegoliath.mob`
62683
`event/bluemarble/launcher/launcher.mob`
62684
`event/bluemarble/rod_aradman/rod_aradman.mob`
62685
`event/bluemarble/rocketman/rocketman.mob`
62686
`event/bluemarble/special_rod_aradman/special_rod_aradman.mob`
62687
`event/bluemarble/cypher/cypher.mob`
62688
`event/bluemarble/incendiarysoldier/incendiarysoldier.mob`
62689
`event/bluemarble/scasa/scasa.mob`
62690
`event/bluemarble/dummymonster/dummymonster.mob`
62691
`event/bluemarble/bentinck/bentinck.mob`
62692
`event/bluemarble/specialforce/specialforce.mob`
62693
`event/bluemarble/medic/medic.mob`
62694
`event/bluemarble/minorsoldier/minorsoldier.mob`
62695
`event/bluemarble/spy/spy.mob`
62696
`event/bluemarble/bigsoldier/bigsoldier.mob`
62697
`event/bluemarble/incendiarysoldier/incendiarysoldier_0.mob`
62698
`event/bluemarble/normalsoldier/normalsoldier.mob`
62699
`event/bluemarble/captainshured/captainshured.mob`
62700
`event/bluemarble/minorsoldier/minorsoldier_0.mob`
62701
`event/bluemarble/gt9600/gt9600.mob`
62702
`event/bluemarble/medic/medic_0.mob`
62703
`event/bluemarble/minorsoldier/minorsoldier_1.mob`
62704
`event/bluemarble/spy/spy_0.mob`
62705
`event/bluemarble/bigsoldier/bigsoldier_0.mob`
62706
`event/bluemarble/incendiarysoldier/incendiarysoldier_1.mob`
62707
`event/bluemarble/launcher_ride/launcher_ride.mob`
62708
`event/bluemarble/at_5t/at_5t.mob`
62709
`event/bluemarble/normalsoldier/normalsoldier_0.mob`
62710
`event/bluemarble/warjack/warjack.mob`
62711
`event/bluemarble/normalsoldier/normalsoldier_1.mob`
62712
`event/bluemarble/incendiarysoldier/incendiarysoldier_2.mob`
62713
`event/bluemarble/medic/medic_1.mob`
62714
`event/bluemarble/minorsoldier/minorsoldier_2.mob`
62715
`event/bluemarble/spy/spy_1.mob`
62716
`event/bluemarble/bigsoldier/bigsoldier_1.mob`
62717
`event/bluemarble/peltshu/peltshu.mob`
62718
`event/bluemarble/silverclown_jugglingacrobat2/silverclown_jugglingacrobat2.mob`
62719
`event/bluemarble/frenken_baby/frenken_baby.mob`
62720
`event/bluemarble/frenken/frenken.mob`
62721
`event/bluemarble/mechanicgiselle/mechanicgiselle.mob`
62722
`event/bluemarble/engineerg/engineerg.mob`
62723
`event/bluemarble/timerunner/timerunner.mob`
62724
`event/bluemarble/zx_5_1/zx_5_1.mob`
62725
`event/bluemarble/zx_5_2/zx_5_2.mob`
62726
`event/bluemarble/zx_5_3/zx_5_3.mob`
62727
`event/bluemarble/silverclown_ballacrobat/silverclown_ballacrobat.mob`
62728
`event/bluemarble/silkhat/silkhat.mob`
62729
`event/bluemarble/silverclown_ballacrobat2/silverclown_ballacrobat2.mob`
62730
`event/bluemarble/silverclown_fluent/silverclown_fluent.mob`
62731
`event/bluemarble/zx_5_4/zx_5_4.mob`
62732
`event/bluemarble/zx_9/zx_9.mob`
62733
`event/bluemarble/zx_99/zx_99.mob`
62734
`event/bluemarble/poisoningthief/poisoningthief.mob`
62735
`event/bluemarble/confusethief/confusethief.mob`
62736
`event/bluemarble/mosqueen/mosqueen.mob`
62737
`event/bluemarble/agarum/agarum.mob`
62738
`event/bluemarble/mermanmage/mermanmage.mob`
62739
`event/bluemarble/mermadia_mage/mermadia_mage.mob`
62740
`event/bluemarble/firevictim/firevictim.mob`
62741
`event/bluemarble/congcong/congcong.mob`
62742
`event/bluemarble/mermadia_warrior/mermadia_warrior.mob`
62743
`event/bluemarble/mermadia_mage2/mermadia_mage2.mob`
62744
`event/bluemarble/mermadia_mage3/mermadia_mage3.mob`
62745
`event/bluemarble/mermadia_mage4/mermadia_mage4.mob`
62746
`event/bluemarble/merman/merman.mob`
62747
`event/bluemarble/turtlek/turtlek.mob`
62748
`event/bluemarble/turtlekdeckhand/turtlekdeckhand.mob`
62749
`event/bluemarble/turtlecannon/turtlecannon.mob`
62750
`event/bluemarble/crokhan/crokhan.mob`
62751
`event/bluemarble/crokhan_spearman/crokhan_spearman.mob`
62752
`event/bluemarble/blackscalemoussambani/blackscalemoussambani.mob`
62753
`event/bluemarble/turtlek/turtlek_0.mob`
62754
`event/bluemarble/botticelli/botticelli.mob`
62755
`event/bluemarble/burnbotti/burnbotti.mob`
62756
`event/bluemarble/biker/biker.mob`
62757
`event/bluemarble/biker2/biker2.mob`
62758
`event/bluemarble/axeoutlaw/axeoutlaw.mob`
62759
`event/bluemarble/stickban/stickban.mob`
62760
`event/bluemarble/chainbiker2/chainbiker2.mob`
62761
`event/bluemarble/chainbiker/chainbiker.mob`
62762
`event/bluemarble/axeoutlaw/axeoutlaw_0.mob`
62763
`event/bluemarble/enjosipho/enjosipho.mob`
62764
`event/bluemarble/coldheart/coldheart.mob`
62765
`event/bluemarble/coldboy/coldboy.mob`
62766
`event/bluemarble/defendbody/defendbody.mob`
62767
`event/bluemarble/runawaybody/runawaybody.mob`
62768
`event/bluemarble/attackbody/attackbody.mob`
62769
`event/bluemarble/gligbody/gligbody.mob`
62770
`event/bluemarble/macgee2/macgee2.mob`
62771
`event/bluemarble/lv4goblin_str/lv4goblin_str.mob`
62772
`event/bluemarble/lv4goblin_int/lv4goblin_int.mob`
62773
`event/bluemarble/agamemnon/agamemnon.mob`
62774
`event/bluemarble/goblin/goblin.mob`
62775
`event/bluemarble/myojin/myojin2.mob`
62776
`event/bluemarble/warjack/warjack2.mob`
62777
`event/bluemarble/enjosipho/enjosipho2.mob`
62778
`event/bluemarble/enjosipho/enjosipho3.mob`
62779
`event/bluemarble/enjosipho/enjosipho4.mob`
62780
`event/bluemarble/richgoblin2/richgoblin2.mob`
62781
`newmonsters/goblin/richgoblin/richgoblin_empty.mob`
62782
`newmonsters/dummymonster/normalsoldier/normalsoldier.mob`
63000
`act8/woodendoll_nb/woodendoll_nb.mob`
63001
`act8/woodendoll_ny/woodendoll_ny.mob`
63002
`act8/woodendoll_np/woodendoll_np.mob`
63003
`act8/woodendoll_ng/woodendoll_ng.mob`
63004
`act8/wooden_doll_nomnal/wooden_doll_nomnal.mob`
63005
`act8/chiefsars_crow/chiefsars_crow.mob`
63006
`act8/wooden_doll_nomnal/wooden_doll_nomnal2.mob`
63007
`newmonsters/haze/death_squad/death_squad.mob`
63008
`newmonsters/riding/kartana/kartana.mob`
63009
`newmonsters/riding/zepplinex/zepplinmachinegun.mob`
63010
`newmonsters/dog/assaultdog/assaultdog.mob`
63011
`newmonsters/riding/gatling_tower/gatling_tower.mob`
63012
`newmonsters/heaven/gatling_soldier/gatling_soldier.mob`
63013
`newmonsters/heaven/mortar_soldier/mortar_soldier.mob`
63014
`newmonsters/cartel/signalsoldier/signalsoldier.mob`
63018
`newmonsters/dimensiongate/cosmofiend/crimsonreaper/crimsonreaper.mob`
63019
`newmonsters/dimensiongate/cosmofiend/lemonriles/lemonriles.mob`
63020
`newmonsters/dimensiongate/cosmofiend/gaunis/gaunis.mob`
63021
`newmonsters/gbl_goddess_temple/astray_alsor/astray_alsor.mob`
63022
`newmonsters/gbl_goddess_temple/astray_gbl_devotee/astray_gbl_devotee.mob`
63023
`newmonsters/gbl_goddess_temple/astray_gbl_w_devotee/astray_gbl_w_devotee.mob`
63024
`newmonsters/timegate/conflagration/umtara/umtara.mob`
63025
`newmonsters/timegate/conflagration/forest_m/forest_m.mob`
63026
`newmonsters/timegate/conflagration/forest_w/forest_w.mob`
63027
`newmonsters/timegate/conflagration/forest_spider/forest_spider.mob`
63028
`newmonsters/timegate/conflagration/flaghillgab/flaghillgab.mob`
63029
`newmonsters/timegate/conflagration/tauassaulter/tauassaulter.mob`
63030
`newmonsters/timegate/conflagration/tauguard/tauguard.mob`
63031
`newmonsters/timegate/epidemic/skull_knight/skull_knight.mob`
63032
`newmonsters/timegate/epidemic/skeleton/skeleton.mob`
63033
`newmonsters/timegate/conflagration/bird/bird.mob`
63035
`newmonsters/timegate/parasite_fire/parasite_fire.mob`
63036
`newmonsters/timegate/parasite/parasite_ice.mob`
63037
`newmonsters/timegate/conflagration/forest_elf/forest_elf.mob`
63038
`newmonsters/timegate/conflagration/elf_guard/elf_guard.mob`
63039
`newmonsters/timegate/conflagration/forest_oak/forest_oak.mob`
63040
`newmonsters/timegate/conflagration/warrior_oak/warrior_oak.mob`
63041
`newmonsters/timegate/conflagration/grim_aradwoman/grim_aradwoman.mob`
63042
`newmonsters/timegate/conflagration/forest_elf/forest_elf01.mob`
63043
`newmonsters/timegate/conflagration/umtara_rage/umtara_rage.mob`
63044
`newmonsters/timegate/conflagration/eldergoblin/eldergoblin.mob`
63045
`newmonsters/powerstation/kohlepowerstation/fitz/fitz.mob`
63046
`newmonsters/powerstation/kohlepowerstation/fitz_warrior/fitz_warrior.mob`
63047
`newmonsters/powerstation/kohlepowerstation/fitz_archer/fitz_archer.mob`
63048
`newmonsters/powerstation/kohlepowerstation/fire_slime/fire_slime.mob`
63499
`newmonsters/dimensiongate/blackearth/sawtooth/sawtooth.mob`
63500
`newmonsters/dimensiongate/blackearth/scissors/scissors.mob`
64000
`newmonsters/timegate/oldscreamingcave/mistmember/mistmember.mob`
64001
`newmonsters/timegate/oldscreamingcave/empiresoldier/empiresoldier.mob`
64002
`newmonsters/timegate/topsecretarea/bloodneck/bloodneck.mob`
64003
`newmonsters/timegate/topsecretarea/empireresearcher/empireresearcher.mob`
64004
`newmonsters/timegate/topsecretarea/empireknight/empireknight.mob`
64005
`newmonsters/timegate/topsecretarea/empirespear/empirespear.mob`
64006
`newmonsters/timegate/topsecretarea/empire_m_fight/empire_m_fight.mob`
64007
`newmonsters/timegate/timelord/basten/basten.mob`
64008
`newmonsters/timegate/timelord/basten_l/basten_l.mob`
64009
`newmonsters/timegate/timelord/basten_r/basten_r.mob`
64010
`newmonsters/timegate/timelord/neymar/neymar.mob`
64011
`newmonsters/timegate/timelord/neymar_l/neymar_l.mob`
64012
`newmonsters/timegate/timelord/neymar_r/neymar_r.mob`
64013
`newmonsters/timegate/timelord/andres/andres.mob`
64014
`newmonsters/timegate/timelord/andres_l/andres_l.mob`
64015
`newmonsters/timegate/timelord/andres_r/andres_r.mob`
64016
`newmonsters/powerstation/trombe/granite_b/granite_b.mob`
64017
`newmonsters/powerstation/trombe/granite_t/granite_t.mob`
64018
`newmonsters/powerstation/trombe/river/river.mob`
64019
`newmonsters/powerstation/trombe/granite_fly/granite_fly.mob`
64020
`newmonsters/powerstation/trombe/patris/patris.mob`
64021
`newmonsters/powerstation/trombe/river_map/river_map.mob`
64022
`newmonsters/powerstation/trombe/ma_squid/ma_squid.mob`
64023
`newmonsters/powerstation/trombe/ma_squid2/ma_squid2.mob`
64024
`newmonsters/timegate/timelord/neymar_r/dummy.mob`
64523
`goblin/goblinthrower_global_bosstower.mob`
64524
`tau/tauarmy_global_bosstower.mob`
64525
`tau/taubeast_global_bosstower.mob`
64527
`goblin/kinol_global_bosstower.mob`
64529
`soceress/keraha_global_bosstower.mob`
64530
`tau/shauta_global_bosstower.mob`
64531
`soceress/vinoshu_global_bosstower.mob`
64532
`zombie/zombieghoulgwish_global_bosstower.mob`
64535
`new_golem/platany_global_bosstower.mob`
64537
`evileye/revileye_global_bosstower.mob`
64538
`evileye/levileye_global_bosstower.mob`
64539
`lordoflight/lordoflight_global_bosstower.mob`
64540
`zealot/bossfather_global_bosstower.mob`
64541
`zealot/bosspope_global_bosstower.mob`
64542
`dendroid/rodinglo_global_bosstower.mob`
64543
`hunter/master_global_bosstower.mob`
64544
`zepplin/zepplinmachinegun_global_bosstower.mob`
64545
`starfish/starfishking_global_bosstower.mob`
64547
`zealotrebirth/rebirthgblleader_global_bosstower.mob`
64548
`ghoul/ghoulmorgan_global_bosstower.mob`
64549
`spider/spiderboss_global_bosstower.mob`
64556
`newmonsters/golem/ricu/ricu_global_bosstower.mob`
64558
`newmonsters/snowman/sasquatch/sasquatch_global_bosstower.mob`
64559
`newmonsters/bwanga/bwanga_global_bosstower.mob`
64560
`newmonsters/gbl/isadora/isadora2_global_bosstower.mob`
64562
`newmonsters/gbl/hydracle/hydracle_global_bosstower.mob`
64566
`headlessknight/headlessknight_global_bosstower.mob`
64567
`newmonsters/cartel/rocketman/rocketman_global_bosstower.mob`
64568
`newmonsters/cartel/cypher/cypher/cypher_global_bosstower.mob`
64570
`newmonsters/heaven/letsburn_bentinck/bentinck_global_bosstower.mob`
64571
`newmonsters/heaven/captainshured/captainshured_global_bosstower.mob`
64572
`newmonsters/heaven/gt9600/gt9600_global_bosstower.mob`
64573
`newmonsters/cartel/warjack/warjack_global_bosstower.mob`
64576
`newmonsters/snowman/frenken/frenken_global_bosstower.mob`
64577
`newmonsters/heaven/mechanicgiselle/mechanicgiselle/mechanicgiselle_global_bosstower.mob`
64578
`newmonsters/bloodbutterfly/mosqueen/mosqueen_global_bosstower.mob`
64579
`newmonsters/witch/agarum/agarum_global_bosstower.mob`
64580
`act8/blackscalemoussambani/blackscalemoussambani_global_bosstower.mob`
64581
`act8/botticelli/botticelli_global_bosstower.mob`
64582
`act8/congcong/congcong_global_bosstower.mob`
64583
`new_golem/biggolem_global_bosstower.mob`
64584
`starfish/starfishrukuku_bosstower.mob`
64586
`magma/incompletegoliath_bosstower.mob`
64587
`act8/turtlecannon/turtlecannon_bosstower.mob`
64588
`soceress/keraha_silver_global_bosstower.mob`
64589
`soceress/vinoshu_silver_global_bosstower.mob`
64590
`newmonsters/witch/agarum/agarum_hero_global_bosstower.mob`
64591
`newmonsters/heaven/mechanicgiselle/mechanicgiselle/mechanicgiselle_hero_global_bosstower.mob`
64592
`act8/blackscalemoussambani/blackscalemoussambani_hero_global_bosstower.mob`
64593
`newmonsters/bloodbutterfly/larva/larva_global_bosstower.mob`
64594
`newmonsters/advancealtar/friend/throw_goblin/throw_goblin.mob`
64595
`newmonsters/advancealtar/friend/melee_goblin/melee_goblin.mob`
64596
`newmonsters/advancealtar/friend/dollmaster/dollmaster.mob`
64597
`newmonsters/advancealtar/friend/center/center.mob`
64598
`newmonsters/advancealtar/friend/dollmaster2/dollmaster2.mob`
64599
`newmonsters/advancealtar/enemy/melee_ghoul/melee_ghoul.mob`
64600
`newmonsters/advancealtar/enemy/skullkane/skullkane.mob`
64601
`newmonsters/advancealtar/enemy/wraith/wraith.mob`
64602
`newmonsters/advancealtar/enemy/zombie/zombie.mob`
64603
`newmonsters/advancealtar/enemy/goliath/goliath.mob`
64604
`newmonsters/advancealtar/enemy/burninghella/burninghella.mob`
64605
`newmonsters/advancealtar/enemy/headrlessknight/headrlessknight.mob`
64606
`newmonsters/advancealtar/enemy/metacow/taumetacow.mob`
64607
`newmonsters/advancealtar/enemy/tauarmy/tauarmy.mob`
64610
`newmonsters/advancealtar/riding/riding_turtle/riding_turtle.mob`
64611
`newmonsters/advancealtar/friend/knifetooth/knifetooth_lv1.mob`
64612
`newmonsters/advancealtar/friend/turtlekdeckhand/turtlekdeckhand_lv1.mob`
64613
`newmonsters/advancealtar/friend/mermadia_mage/mermadia_mage_lv1.mob`
64614
`newmonsters/advancealtar/friend/mermanhook/mermanhook_lv1.mob`
64615
`newmonsters/advancealtar/enemy/goblintaskmaster/goblintaskmaster.mob`
64616
`newmonsters/advancealtar/friend/mermedia_w/mermadia_warrior_lv1.mob`
64617
`newmonsters/advancealtar/friend/merman/merman_lv1.mob`
64618
`newmonsters/advancealtar/friend/masaccio/masaccio_lv1.mob`
64619
`newmonsters/advancealtar/friend/turtlecannon/turtlecannon_lv1.mob`
64620
`newmonsters/advancealtar/enemy/bloodlugaru/bloodlugaru.mob`
64621
`newmonsters/advancealtar/enemy/zetes/zetes.mob`
64622
`newmonsters/advancealtar/enemy/greatgolem/greatgolem.mob`
64623
`newmonsters/advancealtar/enemy/darkelf_sprit_hunter/darkelf_sprit_hunter.mob`
64624
`newmonsters/advancealtar/enemy/evileye/evileye.mob`
64625
`newmonsters/advancealtar/enemy/keraha/keraha.mob`
64626
`newmonsters/advancealtar/enemy/expeller_axion/expeller_axion.mob`
64627
`newmonsters/advancealtar/enemy/expeller_lsw/expeller_lsw.mob`
64628
`newmonsters/advancealtar/enemy/hammerking/hammerking.mob`
64629
`newmonsters/advancealtar/enemy/shauta/shauta.mob`
64630
`newmonsters/advancealtar/enemy/goblin_chariot/goblin_chariot.mob`
64631
`newmonsters/advancealtar/enemy/goblin_fanatic/goblin_fanatic.mob`
64632
`newmonsters/advancealtar/tower/goblin_propeller/goblin_propeller_lv1.mob`
64633
`newmonsters/advancealtar/tower/goblin_propeller/goblin_propeller_lv2.mob`
64634
`newmonsters/advancealtar/tower/goblin_propeller/goblin_propeller_lv3.mob`
64635
`newmonsters/advancealtar/tower/goblin_propeller/goblin_propeller_lv4.mob`
64636
`newmonsters/advancealtar/friend/mermedia_w/mermadia_warrior_lv2.mob`
64637
`newmonsters/advancealtar/friend/mermedia_w/mermadia_warrior_lv3.mob`
64638
`newmonsters/advancealtar/friend/mermedia_w/mermadia_warrior_lv4.mob`
64639
`newmonsters/advancealtar/friend/merman/merman_lv2.mob`
64640
`newmonsters/advancealtar/friend/merman/merman_lv3.mob`
64641
`newmonsters/advancealtar/friend/merman/merman_lv4.mob`
64642
`newmonsters/advancealtar/friend/turtlecannon/turtlecannon_lv2.mob`
64643
`newmonsters/advancealtar/friend/turtlecannon/turtlecannon_lv3.mob`
64644
`newmonsters/advancealtar/friend/turtlecannon/turtlecannon_lv4.mob`
64645
`newmonsters/advancealtar/friend/masaccio/masaccio_lv2.mob`
64646
`newmonsters/advancealtar/friend/masaccio/masaccio_lv3.mob`
64647
`newmonsters/advancealtar/friend/masaccio/masaccio_lv4.mob`
64648
`newmonsters/advancealtar/friend/turtlekdeckhand/turtlekdeckhand_lv2.mob`
64649
`newmonsters/advancealtar/friend/turtlekdeckhand/turtlekdeckhand_lv3.mob`
64650
`newmonsters/advancealtar/friend/turtlekdeckhand/turtlekdeckhand_lv4.mob`
64651
`newmonsters/advancealtar/friend/mermadia_mage/mermadia_mage_lv2.mob`
64652
`newmonsters/advancealtar/friend/mermadia_mage/mermadia_mage_lv3.mob`
64653
`newmonsters/advancealtar/friend/mermadia_mage/mermadia_mage_lv4.mob`
64654
`newmonsters/advancealtar/friend/mermanhook/mermanhook_lv2.mob`
64655
`newmonsters/advancealtar/friend/mermanhook/mermanhook_lv3.mob`
64656
`newmonsters/advancealtar/friend/mermanhook/mermanhook_lv4.mob`
64657
`newmonsters/advancealtar/friend/knifetooth/knifetooth_lv2.mob`
64658
`newmonsters/advancealtar/friend/knifetooth/knifetooth_lv3.mob`
64659
`newmonsters/advancealtar/friend/knifetooth/knifetooth_lv4.mob`
64660
`newmonsters/advancealtar/tower/goblin_propeller/goblin_propeller_lv0.mob`
64661
`newmonsters/advancealtar/enemy/mecatau_summon_robot/mecatau_summon_robot.mob`
65000
`newmonsters/snake/ice_snake/summon_ice_snake.mob`
65001
`zombie/summon_zombiezombie.mob`
65002
`zombie/summon_zombieghoulgwish.mob`
65003
`newmonsters/lizardman/gizmo/gizmoitem.mob`
65004
`newmonsters/lizardman/shiger/shigeritem.mob`
65005
`newmonsters/goblin/madman_gonlin/madman_gonlinitem.mob`
65006
`newmonsters/goblin/archer_gonlin/archer_gonlinitem.mob`
65007
`newmonsters/goblin/foreman_gonlin/foreman_gonlinitem.mob`
65008
`newmonsters/goblinkingdom/kinggalok/kinggalokitem.mob`
65009
`newmonsters/ranjerus/assaulting/assaultingitem.mob`
65010
`act8/burnbotti/burnbotti1.mob`
65011
`newmonsters/militiaman/militiaman/militiaman_item.mob`
65012
`equipment/plover/plover_equ.mob`
65013
`equipment/gungoblin2/macgee/macgee.mob`
65014
`equipment/gungoblin/gunman/gunman.mob`
65015
`equipment/taumini/taumini.mob`
65016
`event/racingdungeon/racingdungeonfinshobject.mob`
65101
`newmonsters/event/2012_thxgiving/sparrow/plover.mob`
65500
`equipment/gun_congcong/gun_congcong.mob`
72001
`poongjintrainingroom/chn_gold_priest/chn_gold_priest.mob`
100001
`dragondungeon/babydragon/babydragon.mob`
100002
`dragondungeon/masterdragon/masterdragon.mob`
100003
`dragondungeon/dragonstonestatue/dragonstonestatue.mob`
100004
`dragondungeon/rockgolem/rockgolem.mob`
100005
`dragondungeon/mineralgolem/mineralgolem.mob`
100006
`dragondungeon/firerockgolem/firerockgolem.mob`
100007
`dragondungeon/dragonfirst/dragonfirst.mob`
100008
`dragondungeon/dragonsecond/dragonsecond.mob`
100009
`dragondungeon/babydragonmodify/babydragonmodify.mob`
100010
`dragondungeon/dragondummy/dragondummy.mob`
100011
`dragondungeon/summonbabydragon/summonbabydragon.mob`
100012
`dragondungeon/summonbabydragonmodify/summonbabydragonmodify.mob`
110000
`dragondungeon/rockgolem/summonrockgolem.mob`
110001
`dragondungeon/mineralgolem/summonmineralgolem.mob`
561611
`NewMonsters/timegate/beginning/baby_scasa/baby_scasa1.mob`
561621
`NewMonsters/timegate/beginning/baby_hisma/baby_hisma1.mob`
561631
`NewMonsters/timegate/beginning/baby_spirazzi/baby_spirazzi1.mob`
800222
`newmonsters/dimensiongate/bakal/bakal/bakal1.mob`
50680731
`Character/Mage/Kruta/Kruta.mob`
50680732
`Character/Mage/ramos/ramos.mob`
50680733
`Character/Mage/heilrom/heilrom.mob`
506807309
`ch_jiansheng60_qq506807329/ch_009.mob`
506807310
`ch_jiansheng60_qq506807329/ch_010.mob`
506807311
`ch_jiansheng60_qq506807329/ch_011.mob`
506807312
`ch_jiansheng60_qq506807329/ch_012.mob`
