#PVF_File

1
`lorien/s0.map`
2
`lorien/s1.map`
3
`lorien/s2.map`
4
`lorien/s3.map`
5
`lorien/4.map`
6
`lorien/6.map`
7
`lorien/7.map`
8
`lorien/8.map`
9
`lorien/9.map`
10
`lorien/bn10.map`
11
`lorien/bn11.map`
12
`lorien/bn12.map`
13
`lorien/b1.map`
14
`lorien/b2.map`
15
`lorien/b3.map`
16
`lorien/5.map`
101
`lorieninside/s101.map`
102
`lorieninside/s102.map`
103
`lorieninside/s103.map`
104
`lorieninside/104.map`
105
`lorieninside/105.map`
106
`lorieninside/106.map`
107
`lorieninside/107.map`
108
`lorieninside/108.map`
109
`lorieninside/109.map`
110
`lorieninside/110.map`
111
`lorieninside/111.map`
112
`lorieninside/112.map`
113
`lorieninside/113.map`
114
`lorieninside/bn114.map`
115
`lorieninside/bn115.map`
116
`lorieninside/bn116.map`
117
`lorieninside/b101.map`
118
`lorieninside/b102.map`
119
`lorieninside/b103.map`
201
`mirkwood/s201.map`
202
`mirkwood/s202.map`
203
`mirkwood/202.map`
204
`mirkwood/203.map`
205
`mirkwood/204.map`
206
`mirkwood/205.map`
207
`mirkwood/207.map`
208
`mirkwood/208.map`
209
`mirkwood/209.map`
210
`mirkwood/210.map`
211
`mirkwood/211.map`
212
`mirkwood/212.map`
213
`mirkwood/213.map`
214
`mirkwood/214.map`
215
`mirkwood/215.map`
216
`mirkwood/216.map`
217
`mirkwood/218.map`
218
`mirkwood/219.map`
219
`mirkwood/221.map`
220
`mirkwood/222.map`
221
`mirkwood/b201.map`
222
`mirkwood/b202.map`
223
`mirkwood/s203.map`
224
`mirkwood/s204.map`
225
`mirkwood/e201.map`
226
`mirkwood/e202.map`
227
`mirkwood/e203.map`
228
`mirkwood/e204.map`
229
`mirkwood/n201.map`
230
`mirkwood/n202.map`
231
`mirkwood/n203.map`
232
`mirkwood/n204.map`
233
`mirkwood/n205.map`
234
`mirkwood/n206.map`
235
`mirkwood/n207.map`
236
`mirkwood/n208.map`
237
`mirkwood/n209.map`
238
`mirkwood/h201.map`
239
`mirkwood/b203.map`
240
`mirkwood/b204.map`
401
`mirkwooddeep/s401.map`
402
`mirkwooddeep/402.map`
403
`mirkwooddeep/403.map`
404
`mirkwooddeep/s404.map`
405
`mirkwooddeep/405.map`
406
`mirkwooddeep/406.map`
407
`mirkwooddeep/407.map`
408
`mirkwooddeep/408.map`
409
`mirkwooddeep/409.map`
410
`mirkwooddeep/410.map`
411
`mirkwooddeep/411.map`
412
`mirkwooddeep/412.map`
413
`mirkwooddeep/413.map`
414
`mirkwooddeep/414.map`
415
`mirkwooddeep/415.map`
416
`mirkwooddeep/416.map`
417
`mirkwooddeep/417.map`
418
`mirkwooddeep/418.map`
419
`mirkwooddeep/419.map`
420
`mirkwooddeep/420.map`
421
`mirkwooddeep/421.map`
422
`mirkwooddeep/422.map`
423
`mirkwooddeep/423.map`
424
`mirkwooddeep/424.map`
425
`mirkwooddeep/425.map`
426
`mirkwooddeep/426.map`
427
`mirkwooddeep/b413.map`
428
`mirkwooddeep/b416.map`
429
`mirkwooddeep/s407(4,0).map`
430
`mirkwooddeep/s419(0,3).map`
431
`mirkwooddeep/s425(4,3).map`
432
`mirkwooddeep/e403(1,0).map`
433
`mirkwooddeep/e409(3,0).map`
434
`mirkwooddeep/e421(1,3).map`
435
`mirkwooddeep/e427(3,3).map`
436
`mirkwooddeep/n404(1,0).map`
437
`mirkwooddeep/n405(1,1).map`
438
`mirkwooddeep/n406(1,1).map`
439
`mirkwooddeep/n410(3,0).map`
440
`mirkwooddeep/n411(2,0).map`
441
`mirkwooddeep/n412(2,0).map`
442
`mirkwooddeep/n413(2,1).map`
443
`mirkwooddeep/n414(2,1).map`
444
`mirkwooddeep/n415(2,1).map`
445
`mirkwooddeep/n422(1,3).map`
446
`mirkwooddeep/n423(2,3).map`
447
`mirkwooddeep/n424(2,3).map`
448
`mirkwooddeep/n428(3,3).map`
449
`mirkwooddeep/n429(3,2).map`
450
`mirkwooddeep/n430(3,2).map`
451
`mirkwooddeep/n431(2,2).map`
452
`mirkwooddeep/n432(2,2).map`
453
`mirkwooddeep/n433(2,2).map`
454
`mirkwooddeep/h402(0,0).map`
455
`mirkwooddeep/h408(4,0).map`
456
`mirkwooddeep/h416(3,1).map`
457
`mirkwooddeep/h418(4,1).map`
458
`mirkwooddeep/h420(0,3).map`
459
`mirkwooddeep/h426(4,3).map`
460
`mirkwooddeep/h434(1,2).map`
461
`mirkwooddeep/h436(0,2).map`
462
`mirkwooddeep/b417(4,1).map`
463
`mirkwooddeep/b435(0,2).map`
601
`sunderland/s601.map`
602
`sunderland/s602.map`
603
`sunderland/e601.map`
604
`sunderland/e602.map`
605
`sunderland/e603.map`
606
`sunderland/e604.map`
607
`sunderland/n601.map`
608
`sunderland/n602.map`
609
`sunderland/n603.map`
610
`sunderland/n604.map`
611
`sunderland/n605.map`
612
`sunderland/h601.map`
613
`sunderland/h602.map`
614
`sunderland/h603.map`
615
`sunderland/h604.map`
616
`sunderland/h605.map`
617
`sunderland/h606.map`
618
`sunderland/b601.map`
619
`sunderland/b602.map`
620
`sunderland/s605.map`
621
`sunderland/n625.map`
622
`sunderland/e607.map`
623
`sunderland/n621.map`
624
`sunderland/n622.map`
625
`sunderland/h609.map`
626
`sunderland/n623.map`
627
`sunderland/e608.map`
628
`sunderland/h610.map`
629
`sunderland/s607.map`
630
`sunderland/n626.map`
631
`sunderland/n624.map`
632
`sunderland/e609.map`
633
`sunderland/h611.map`
634
`sunderland/h612.map`
635
`sunderland/h613.map`
636
`sunderland/b607.map`
637
`sunderland/b608.map`
638
`sunderland/h614.map`
801
`sunderlandpoison/s801.map`
802
`sunderlandpoison/802.map`
803
`sunderlandpoison/803.map`
804
`sunderlandpoison/804.map`
805
`sunderlandpoison/805.map`
806
`sunderlandpoison/s806.map`
807
`sunderlandpoison/807.map`
808
`sunderlandpoison/808.map`
809
`sunderlandpoison/809.map`
810
`sunderlandpoison/810.map`
811
`sunderlandpoison/811.map`
812
`sunderlandpoison/812.map`
813
`sunderlandpoison/b801.map`
814
`sunderlandpoison/s814.map`
815
`sunderlandpoison/815.map`
816
`sunderlandpoison/816.map`
817
`sunderlandpoison/817.map`
818
`sunderlandpoison/s818.map`
819
`sunderlandpoison/819.map`
820
`sunderlandpoison/820.map`
821
`sunderlandpoison/821.map`
822
`sunderlandpoison/822.map`
823
`sunderlandpoison/823.map`
824
`sunderlandpoison/b802.map`
825
`sunderlandpoison/825.map`
826
`sunderlandpoison/826.map`
827
`sunderlandpoison/827.map`
828
`sunderlandpoison/828.map`
829
`sunderlandpoison/829.map`
830
`sunderlandpoison/830.map`
831
`sunderlandpoison/831.map`
832
`sunderlandpoison/832.map`
833
`sunderlandpoison/833.map`
834
`sunderlandpoison/834.map`
835
`sunderlandpoison/835.map`
836
`sunderlandpoison/836.map`
837
`sunderlandpoison/837.map`
838
`sunderlandpoison/838.map`
839
`sunderlandpoison/839.map`
840
`sunderlandpoison/840.map`
841
`sunderlandpoison/841.map`
842
`sunderlandpoison/842.map`
843
`sunderlandpoison/843.map`
844
`sunderlandpoison/844.map`
845
`sunderlandpoison/845.map`
846
`sunderlandpoison/846.map`
847
`sunderlandpoison/847.map`
848
`sunderlandpoison/848.map`
849
`sunderlandpoison/s801(1,0).map`
850
`sunderlandpoison/s815(0,2).map`
851
`sunderlandpoison/e803(2,0).map`
852
`sunderlandpoison/e817(1,2).map`
853
`sunderlandpoison/n802(1,0).map`
854
`sunderlandpoison/n804(2,0).map`
855
`sunderlandpoison/n805(3,0).map`
856
`sunderlandpoison/n806(3,0).map`
857
`sunderlandpoison/n807(3,1).map`
858
`sunderlandpoison/n808(3,1).map`
859
`sunderlandpoison/n809(2,1).map`
860
`sunderlandpoison/n816(0,2).map`
861
`sunderlandpoison/n818(1,2).map`
862
`sunderlandpoison/n819(1,3).map`
863
`sunderlandpoison/n820(1,3).map`
864
`sunderlandpoison/n821(2,3).map`
865
`sunderlandpoison/n822(2,3).map`
866
`sunderlandpoison/n823(3,3).map`
867
`sunderlandpoison/n824(3,3).map`
868
`sunderlandpoison/h810(4,1).map`
869
`sunderlandpoison/h811(4,1).map`
870
`sunderlandpoison/h812(4,0).map`
871
`sunderlandpoison/h814(5,1).map`
872
`sunderlandpoison/h825(3,2).map`
873
`sunderlandpoison/h826(3,2).map`
874
`sunderlandpoison/h828(2,2).map`
875
`sunderlandpoison/h829(4,2).map`
876
`sunderlandpoison/h830(4,2).map`
877
`sunderlandpoison/h832(4,3).map`
878
`sunderlandpoison/b813(5,1).map`
879
`sunderlandpoison/b827(2,2).map`
880
`sunderlandpoison/b831(4,3).map`
1001
`grakkarak/s1001.map`
1002
`grakkarak/s1002.map`
1003
`grakkarak/s1003.map`
1004
`grakkarak/1002.map`
1005
`grakkarak/1003.map`
1006
`grakkarak/1004.map`
1007
`grakkarak/1005.map`
1008
`grakkarak/1006.map`
1009
`grakkarak/1009.map`
1010
`grakkarak/1010.map`
1011
`grakkarak/1011.map`
1012
`grakkarak/1012.map`
1013
`grakkarak/1013.map`
1014
`grakkarak/1014.map`
1015
`grakkarak/1016.map`
1016
`grakkarak/1017.map`
1017
`grakkarak/1018.map`
1018
`grakkarak/1019.map`
1019
`grakkarak/1020.map`
1020
`grakkarak/1023.map`
1021
`grakkarak/1024.map`
1022
`grakkarak/1025.map`
1023
`grakkarak/1026.map`
1024
`grakkarak/1027.map`
1025
`grakkarak/1028.map`
1026
`grakkarak/1029.map`
1027
`grakkarak/b1001.map`
1028
`grakkarak/b1002.map`
1029
`grakkarak/b1003.map`
1030
`grakkarak/b1004.map`
1031
`grakkarak/b1005.map`
1201
`grakkarakburning/s1201.map`
1202
`grakkarakburning/s1202.map`
1203
`grakkarakburning/s1203.map`
1204
`grakkarakburning/s1204.map`
1205
`grakkarakburning/1202.map`
1206
`grakkarakburning/1203.map`
1207
`grakkarakburning/1204.map`
1208
`grakkarakburning/1205.map`
1209
`grakkarakburning/1206.map`
1210
`grakkarakburning/1207.map`
1211
`grakkarakburning/1209.map`
1212
`grakkarakburning/1210.map`
1213
`grakkarakburning/1211.map`
1214
`grakkarakburning/1212.map`
1215
`grakkarakburning/1213.map`
1216
`grakkarakburning/1214.map`
1217
`grakkarakburning/1215.map`
1218
`grakkarakburning/1216.map`
1219
`grakkarakburning/1217.map`
1220
`grakkarakburning/1218.map`
1221
`grakkarakburning/1219.map`
1222
`grakkarakburning/1220.map`
1223
`grakkarakburning/1222.map`
1224
`grakkarakburning/1224.map`
1225
`grakkarakburning/1226.map`
1226
`grakkarakburning/1227.map`
1227
`grakkarakburning/1228.map`
1228
`grakkarakburning/1229.map`
1229
`grakkarakburning/1230.map`
1230
`grakkarakburning/1231.map`
1231
`grakkarakburning/1233.map`
1232
`grakkarakburning/1234.map`
1233
`grakkarakburning/1235.map`
1234
`grakkarakburning/1236.map`
1235
`grakkarakburning/1237.map`
1236
`grakkarakburning/1238.map`
1237
`grakkarakburning/1239.map`
1238
`grakkarakburning/1240.map`
1239
`grakkarakburning/1241.map`
1240
`grakkarakburning/1242.map`
1241
`grakkarakburning/1243.map`
1242
`grakkarakburning/1244.map`
1243
`grakkarakburning/1246.map`
1244
`grakkarakburning/1248.map`
1245
`grakkarakburning/b1201.map`
1246
`grakkarakburning/b1202.map`
1247
`grakkarakburning/b1203.map`
1248
`grakkarakburning/b1204.map`
1249
`grakkarakburning/b_quest01.map`
1401
`mirkwoodfrost/s1401.map`
1402
`mirkwoodfrost/s1402.map`
1403
`mirkwoodfrost/e1401.map`
1404
`mirkwoodfrost/e1402.map`
1405
`mirkwoodfrost/n1401.map`
1406
`mirkwoodfrost/n1402.map`
1407
`mirkwoodfrost/n1403.map`
1408
`mirkwoodfrost/n1404.map`
1409
`mirkwoodfrost/n1405.map`
1410
`mirkwoodfrost/n1406.map`
1411
`mirkwoodfrost/h1401.map`
1412
`mirkwoodfrost/h1402.map`
1413
`mirkwoodfrost/h1403.map`
1414
`mirkwoodfrost/h1404.map`
1415
`mirkwoodfrost/h1405.map`
1416
`mirkwoodfrost/h1406.map`
1417
`mirkwoodfrost/h1407.map`
1418
`mirkwoodfrost/b1401.map`
1419
`mirkwoodfrost/b1402.map`
1601
`draconiantower/(0,2)b1823.map`
1602
`draconiantower/(1,0)n1826.map`
1603
`draconiantower/(1,1)e1803.map`
1604
`draconiantower/(1,2)h1824.map`
1605
`draconiantower/(1,3)n1817.map`
1606
`draconiantower/(1,4)n1808.map`
1607
`draconiantower/(2,0)d1601.map`
1608
`draconiantower/(2,0)s1601.map`
1609
`draconiantower/(2,1)n1808.map`
1610
`draconiantower/(2,2)h1827.map`
1611
`draconiantower/(2,3)e1815.map`
1612
`draconiantower/(2,4)d1616.map`
1613
`draconiantower/(2,4)s1616.map`
1614
`draconiantower/(2,1)q1808.map`
1615
`draconiantower/(3,2)b1823.map`
1616
`draconiantower/(3,2)e1823.map`
1617
`draconiantower/(0,2)n1823.map`
1618
`draconiantower/(0,0)gsdstart.map`
1619
`draconiantower/(0,2)gsdboss.map`
1620
`draconiantower/(1,0)gsdcommon.map`
1801
`hallofdoll/(0,1)s1616.map`
1802
`hallofdoll/(0,2)n1817.map`
1803
`hallofdoll/(0,3)h1831.map`
1804
`hallofdoll/(1,0)h1821.map`
1805
`hallofdoll/(1,1)n1818.map`
1806
`hallofdoll/(1,2)b1823.map`
1807
`hallofdoll/(1,2)h1831.map`
1808
`hallofdoll/(1,3)e1803.map`
1809
`hallofdoll/(2,0)h1829.map`
1810
`hallofdoll/(2,1)b1830.map`
1811
`hallofdoll/(2,1)h1828.map`
1812
`hallofdoll/(2,2)h1820.map`
1813
`hallofdoll/(2,3)n1617.map`
1814
`hallofdoll/(3,0)h1817.map`
1815
`hallofdoll/(3,1)h1828.map`
1816
`hallofdoll/(3,2)s1601.map`
1817
`hallofdoll/(3,2)d1601.map`
1818
`hallofdoll/(0,1)d1616.map`
1819
`hallofdoll/(0,0)gsdstart.map`
1820
`hallofdoll/(0,1)gsdboss.map`
1821
`hallofdoll/(1,0)gsdcommon.map`
2001
`golemtower/(0,0)2001.map`
2002
`golemtower/(0,1)2002.map`
2003
`golemtower/(0,2)s2003.map`
2004
`golemtower/(1,0)2004.map`
2005
`golemtower/(1,0)b2005.map`
2006
`golemtower/(1,1)2006.map`
2007
`golemtower/(1,2)2007.map`
2008
`golemtower/(2,1)2008.map`
2009
`golemtower/(2,2)2009.map`
2010
`golemtower/(3,0)2010.map`
2011
`golemtower/(3,0)b2011.map`
2012
`golemtower/(3,1)2012.map`
2013
`golemtower/(3,2)2013.map`
2014
`golemtower/(4,0)2014.map`
2015
`golemtower/(4,1)2015.map`
2016
`golemtower/(4,2)2016.map`
2201
`darkentrance/(0,0)d2401.map`
2202
`darkentrance/(0,0)s2401.map`
2203
`darkentrance/(0,2)b2401.map`
2204
`darkentrance/(0,2)d2401.map`
2205
`darkentrance/(0,4)d2402.map`
2206
`darkentrance/(0,4)s2402.map`
2207
`darkentrance/(1,0)e2402.map`
2208
`darkentrance/(1,1)e2602.map`
2209
`darkentrance/(1,2)h2601.map`
2210
`darkentrance/(1,3)n2402.map`
2211
`darkentrance/(1,4)e2403.map`
2212
`darkentrance/(2,1)e2603.map`
2213
`darkentrance/(2,2)e2601.map`
2214
`darkentrance/(2,3)n2633.map`
2215
`darkentrance/(3,2)h2409.map`
2216
`darkentrance/(5,2)b2402.map`
2217
`darkentrance/(5,2)n2625.map`
2401
`palaceofload/(0,0)p2401.map`
2402
`palaceofload/(0,1)de2402.map`
2403
`palaceofload/(0,2)g2403.map`
2404
`palaceofload/(0,3)h2404.map`
2405
`palaceofload/(0,4)dr2405.map`
2406
`palaceofload/(0,5)d2406.map`
2407
`palaceofload/(0,5)s2407.map`
2408
`palaceofload/(1,0)b2408.map`
2409
`palaceofload/(1,1)dr2409.map`
2410
`palaceofload/(1,2)de2410.map`
2411
`palaceofload/(1,3)g2411.map`
2412
`palaceofload/(1,4)h2412.map`
2413
`palaceofload/(1,5)p2413.map`
2414
`palaceofload/(2,0)p2414.map`
2415
`palaceofload/(2,1)h2415.map`
2416
`palaceofload/(2,2)dr2416.map`
2417
`palaceofload/(2,3)de2417.map`
2418
`palaceofload/(2,4)g2418.map`
2419
`palaceofload/(2,5)d2419.map`
2420
`palaceofload/(2,5)s2420.map`
2421
`palaceofload/gsd(1,5).map`
2801
`sunderlanddark/s2801.map`
2802
`sunderlanddark/s2802.map`
2803
`sunderlanddark/n2801.map`
2804
`sunderlanddark/n2802.map`
2805
`sunderlanddark/n2803.map`
2806
`sunderlanddark/n2804.map`
2807
`sunderlanddark/n2805.map`
2808
`sunderlanddark/h2801.map`
2809
`sunderlanddark/h2802.map`
2810
`sunderlanddark/h2803.map`
2811
`sunderlanddark/h2804.map`
2812
`sunderlanddark/h2805.map`
2813
`sunderlanddark/h2806.map`
2814
`sunderlanddark/h2807.map`
2815
`sunderlanddark/h2808.map`
2816
`sunderlanddark/h2809.map`
2817
`sunderlanddark/h2810.map`
2818
`sunderlanddark/h2811.map`
2819
`sunderlanddark/h2812.map`
2820
`sunderlanddark/h2813.map`
2821
`sunderlanddark/h2814.map`
2822
`sunderlanddark/h2815.map`
2823
`sunderlanddark/h2816.map`
2824
`sunderlanddark/h2817.map`
2825
`sunderlanddark/h2818.map`
2826
`sunderlanddark/b2801.map`
2827
`sunderlanddark/b2802.map`
2828
`sunderlanddark/q2814.map`
3001
`outerwall/s3001.map`
3002
`outerwall/s3002.map`
3003
`outerwall/e3001.map`
3004
`outerwall/e3002.map`
3005
`outerwall/n3001.map`
3006
`outerwall/n3002.map`
3007
`outerwall/n3003.map`
3008
`outerwall/n3004.map`
3009
`outerwall/n3005.map`
3010
`outerwall/n3006.map`
3011
`outerwall/n3007.map`
3012
`outerwall/n3008.map`
3013
`outerwall/n3009.map`
3014
`outerwall/n3010.map`
3015
`outerwall/n3011.map`
3016
`outerwall/n3012.map`
3017
`outerwall/n3013.map`
3018
`outerwall/n3014.map`
3019
`outerwall/h3001.map`
3020
`outerwall/h3002.map`
3021
`outerwall/h3003.map`
3022
`outerwall/b3001.map`
3024
`outerwall/b3003.map`
3025
`outerwall/q3001.map`
3201
`jungle/s3201(1,3).map`
3202
`jungle/s3202(2,3).map`
3204
`jungle/e3202(1,3).map`
3205
`jungle/e3203(1,2).map`
3206
`jungle/e3204(1,2).map`
3210
`jungle/e3208(2,2).map`
3214
`jungle/e3212(1,4).map`
3216
`jungle/e3214(2,4).map`
3229
`jungle/n3211(2,1).map`
3230
`jungle/n3212(2,1).map`
3231
`jungle/n3213(0,4).map`
3232
`jungle/n3214(0,4).map`
3235
`jungle/n3217(1,5).map`
3236
`jungle/n3218(1,5).map`
3244
`jungle/h3202(0,0).map`
3246
`jungle/h3204(3,0).map`
3248
`jungle/h3206(0,6).map`
3250
`jungle/h3208(3,6).map`
3251
`jungle/b3202(3,0).map`
3252
`jungle/b3203(0,6).map`
3255
`jungle/q3201.map`
3401
`darkhell/s3401.map`
3402
`darkhell/s3402.map`
3403
`darkhell/e3401.map`
3404
`darkhell/e3402.map`
3405
`darkhell/e3403.map`
3406
`darkhell/e3404.map`
3407
`darkhell/n3401.map`
3408
`darkhell/n3402.map`
3409
`darkhell/n3403.map`
3410
`darkhell/n3404.map`
3411
`darkhell/n3405.map`
3412
`darkhell/n3406.map`
3413
`darkhell/n3407.map`
3414
`darkhell/n3408.map`
3415
`darkhell/h3401.map`
3416
`darkhell/h3402.map`
3417
`darkhell/h3403.map`
3418
`darkhell/h3404.map`
3419
`darkhell/h3405.map`
3420
`darkhell/h3406.map`
3421
`darkhell/h3407.map`
3422
`darkhell/h3408.map`
3423
`darkhell/b3401.map`
3424
`darkhell/b3402.map`
3425
`darkhell/q3401.map`
3602
`whitenight/s3601(0,6).map`
3612
`whitenight/n3608.map`
3613
`whitenight/n3609.map`
3621
`whitenight/n3602(0,3).map`
3622
`whitenight/n3603(1,3).map`
3625
`whitenight/h3603.map`
3627
`whitenight/h3601(2,3).map`
3628
`whitenight/h3602(2,4).map`
3629
`whitenight/h3603(2,1).map`
3635
`whitenight/h3609(0,2).map`
3636
`whitenight/h3610(0,1).map`
3637
`whitenight/h3611(0,0).map`
3639
`whitenight/b3602.map`
3640
`whitenight/b3601(2,5).map`
3641
`whitenight/q3601.map`
3701
`gbl_goddess_temple/3701(3,4)s.map`
3702
`gbl_goddess_temple/3702(0,1)b.map`
3703
`gbl_goddess_temple/3703(2,0)b.map`
3704
`gbl_goddess_temple/3704(0,0)n.map`
3705
`gbl_goddess_temple/3705(0,1)n.map`
3706
`gbl_goddess_temple/3706(1,0)n.map`
3707
`gbl_goddess_temple/3707(1,1)n.map`
3708
`gbl_goddess_temple/3708(1,2)n.map`
3709
`gbl_goddess_temple/3709(1,3)n.map`
3710
`gbl_goddess_temple/3710(2,0)n.map`
3711
`gbl_goddess_temple/3711(2,1)n.map`
3712
`gbl_goddess_temple/3712(2,3)n.map`
3713
`gbl_goddess_temple/3713(3,3)n.map`
3714
`gbl_goddess_temple/3712(2,3)nhell.map`
3801
`1stbackbone/s3801(3,0).map`
3803
`1stbackbone/e3802(1,0).map`
3804
`1stbackbone/e3803(0,0).map`
3805
`1stbackbone/n3801(0,1).map`
3806
`1stbackbone/n3802(0,2).map`
3807
`1stbackbone/n3803(0,3).map`
3808
`1stbackbone/n3804(1,3).map`
3809
`1stbackbone/n3805(2,3).map`
3810
`1stbackbone/n3806(3,3).map`
3811
`1stbackbone/h3801(3,2).map`
3812
`1stbackbone/h3802(3,1).map`
3813
`1stbackbone/h3803(2,1).map`
3814
`1stbackbone/h3804(1,1).map`
3815
`1stbackbone/h3805(2,2).map`
3816
`1stbackbone/h3806(1,2).map`
3817
`1stbackbone/h3807(3,1).map`
3818
`1stbackbone/b3801(2,2).map`
3819
`1stbackbone/b3802(1,2).map`
3820
`1stbackbone/apcboss(1,2).map`
3821
`1stbackbone/apc(2,0).map`
3901
`gbl_breeding/3901(0,1)s.map`
3902
`gbl_breeding/3902(1,3)b.map`
3903
`gbl_breeding/3903(3,3)b.map`
3904
`gbl_breeding/3904(1,1).map`
3905
`gbl_breeding/3905(1,0).map`
3906
`gbl_breeding/3906(1,3).map`
3907
`gbl_breeding/3907(2,0).map`
3908
`gbl_breeding/3908(2,1).map`
3909
`gbl_breeding/3909(2,2).map`
3910
`gbl_breeding/3910(3,3).map`
3911
`gbl_breeding/3911(1,2).map`
3912
`gbl_breeding/3912(3,2).map`
3913
`gbl_breeding/3908(2,1)hell.map`
4001
`2ndbackbone/s4001.map`
4002
`2ndbackbone/s4002.map`
4003
`2ndbackbone/e4001.map`
4004
`2ndbackbone/e4002.map`
4005
`2ndbackbone/n4001.map`
4006
`2ndbackbone/n4002.map`
4007
`2ndbackbone/n4003.map`
4008
`2ndbackbone/n4004.map`
4009
`2ndbackbone/n4005.map`
4010
`2ndbackbone/n4006.map`
4011
`2ndbackbone/n4007.map`
4012
`2ndbackbone/n4008.map`
4013
`2ndbackbone/n4009.map`
4014
`2ndbackbone/n4010.map`
4015
`2ndbackbone/n4011.map`
4016
`2ndbackbone/n4012.map`
4017
`2ndbackbone/n4013.map`
4018
`2ndbackbone/n4014.map`
4019
`2ndbackbone/n4015.map`
4020
`2ndbackbone/n4016.map`
4021
`2ndbackbone/n4017.map`
4022
`2ndbackbone/n4018.map`
4023
`2ndbackbone/n4019.map`
4024
`2ndbackbone/n4020.map`
4025
`2ndbackbone/n4021.map`
4026
`2ndbackbone/n4022.map`
4027
`2ndbackbone/n4023.map`
4028
`2ndbackbone/n4024.map`
4029
`2ndbackbone/n4025.map`
4030
`2ndbackbone/h4001.map`
4031
`2ndbackbone/h4002.map`
4032
`2ndbackbone/h4003.map`
4033
`2ndbackbone/h4004.map`
4034
`2ndbackbone/h4005.map`
4035
`2ndbackbone/h4006.map`
4037
`2ndbackbone/b4002.map`
4038
`2ndbackbone/h4007.map`
4201
`shallowkeep/s4201.map`
4202
`shallowkeep/s4202.map`
4203
`shallowkeep/e4201(1,3).map`
4204
`shallowkeep/e4202(2,3).map`
4205
`shallowkeep/n4201(1,3).map`
4206
`shallowkeep/n4202(2,3).map`
4207
`shallowkeep/n4203(0,3).map`
4208
`shallowkeep/n4204(3,3).map`
4209
`shallowkeep/n4205(0,2).map`
4210
`shallowkeep/n4206(0,2).map`
4211
`shallowkeep/n4207(3,2).map`
4212
`shallowkeep/n4208(3,2).map`
4213
`shallowkeep/n4209(0,1).map`
4214
`shallowkeep/n4210(0,1).map`
4215
`shallowkeep/n4211(3,1).map`
4216
`shallowkeep/n4212(3,1).map`
4217
`shallowkeep/n4213(1,1).map`
4218
`shallowkeep/n4214(1,1).map`
4219
`shallowkeep/n4215(2,1).map`
4220
`shallowkeep/n4216(2,1).map`
4221
`shallowkeep/h4201(1,3).map`
4222
`shallowkeep/h4202(2,3).map`
4223
`shallowkeep/h4203(0,3).map`
4224
`shallowkeep/h4204(3,3).map`
4225
`shallowkeep/h4205(0,4).map`
4226
`shallowkeep/h4206(1,4).map`
4227
`shallowkeep/h4207(2,4).map`
4228
`shallowkeep/h4208(3,4).map`
4229
`shallowkeep/h4209(1,0).map`
4230
`shallowkeep/h4210(1,0).map`
4231
`shallowkeep/h4211(2,0).map`
4232
`shallowkeep/h4212(2,0).map`
4233
`shallowkeep/h4213(0,0).map`
4234
`shallowkeep/h4214(3,0).map`
4235
`shallowkeep/b4201.map`
4236
`shallowkeep/b4202.map`
4237
`shallowkeep/peris.map`
4238
`shallowkeep/peris(1,3).map`
4401
`marpissalair/s4401.map`
4402
`marpissalair/s4402.map`
4403
`marpissalair/e4401.map`
4404
`marpissalair/e4402.map`
4405
`marpissalair/n4401(2,1).map`
4406
`marpissalair/n4402(2,0).map`
4407
`marpissalair/n4403(3,0).map`
4408
`marpissalair/n4404(3,1).map`
4409
`marpissalair/n4405(4,1).map`
4410
`marpissalair/n4406(2,2).map`
4411
`marpissalair/n4407(3,2).map`
4412
`marpissalair/n4408(3,3).map`
4413
`marpissalair/h4401(4,2).map`
4414
`marpissalair/h4402(4,3).map`
4415
`marpissalair/h4403(3,4).map`
4416
`marpissalair/h4404(4,0).map`
4417
`marpissalair/h4405(5,2).map`
4418
`marpissalair/h4406(5,3).map`
4419
`marpissalair/h4407(4,4).map`
4420
`marpissalair/b4401(5,2).map`
4421
`marpissalair/b4402(5,3).map`
4422
`marpissalair/b4403(4,4).map`
4423
`marpissalair/apc(1,1).map`
4424
`marpissalair/apc(1,2).map`
4425
`marpissalair/peris(0,1).map`
4426
`marpissalair/perisstart(4,0).map`
4427
`marpissalair/peris(1,1).map`
4428
`marpissalair/peris(3,0).map`
4429
`marpissalair/peris(2,0).map`
4430
`marpissalair/peris(2,1).map`
4601
`floatingcastle/s4601.map`
4602
`floatingcastle/e4601.map`
4603
`floatingcastle/n4601.map`
4604
`floatingcastle/n4602.map`
4605
`floatingcastle/n4603.map`
4606
`floatingcastle/n4604.map`
4607
`floatingcastle/h4601.map`
4608
`floatingcastle/h4602.map`
4609
`floatingcastle/b4601.map`
4801
`kingsruins/s4801.map`
4802
`kingsruins/n4801.map`
4803
`kingsruins/n4802.map`
4804
`kingsruins/n4803.map`
4805
`kingsruins/n4804.map`
4806
`kingsruins/b4801.map`
5001
`magmacave/s5001.map`
5002
`magmacave/e5001.map`
5003
`magmacave/e5002.map`
5004
`magmacave/n5001.map`
5005
`magmacave/n5002.map`
5006
`magmacave/n5003.map`
5007
`magmacave/h5001.map`
5008
`magmacave/h5002.map`
5009
`magmacave/h5003.map`
5010
`magmacave/h5004.map`
5011
`magmacave/h5005.map`
5012
`magmacave/h5006.map`
5013
`magmacave/b5001.map`
5014
`magmacave/maze(2,6).map`
5015
`magmacave/new_2,0.map`
5201
`vilmark/s5201.map`
5202
`vilmark/h5201.map`
5203
`vilmark/h5202.map`
5204
`vilmark/h5203.map`
5205
`vilmark/h5204.map`
5206
`vilmark/b5201.map`
5401
`darkelfcemetary/s5401.map`
5402
`darkelfcemetary/e5401.map`
5403
`darkelfcemetary/e5402.map`
5404
`darkelfcemetary/e5403.map`
5405
`darkelfcemetary/e5404.map`
5406
`darkelfcemetary/n5401.map`
5407
`darkelfcemetary/n5402.map`
5408
`darkelfcemetary/n5403.map`
5409
`darkelfcemetary/n5404.map`
5410
`darkelfcemetary/n5405.map`
5411
`darkelfcemetary/n5406.map`
5412
`darkelfcemetary/h5401.map`
5413
`darkelfcemetary/h5402.map`
5414
`darkelfcemetary/h5403.map`
5415
`darkelfcemetary/h5404.map`
5416
`darkelfcemetary/h5405.map`
5417
`darkelfcemetary/h5406.map`
5418
`darkelfcemetary/h5407.map`
5419
`darkelfcemetary/h5408.map`
5420
`darkelfcemetary/h5409.map`
5421
`darkelfcemetary/h5410.map`
5422
`darkelfcemetary/h5411.map`
5423
`darkelfcemetary/h5412.map`
5424
`darkelfcemetary/b5401.map`
5601
`charnakridge/s5601.map`
5602
`charnakridge/5602.map`
5603
`charnakridge/5603.map`
5604
`charnakridge/5604.map`
5605
`charnakridge/5605.map`
5606
`charnakridge/5606.map`
5607
`charnakridge/5607.map`
5608
`charnakridge/5608.map`
5609
`charnakridge/5609.map`
5610
`charnakridge/5610.map`
5611
`charnakridge/b5611.map`
5801
`coldboy/s5801.map`
5802
`coldboy/b5802.map`
5803
`coldboy/b5803.map`
6002
`bloodhell/s6002(4,1).map`
6008
`bloodhell/n6008(2,1).map`
6009
`bloodhell/h6009(2,2).map`
6010
`bloodhell/h6010(2,3).map`
6011
`bloodhell/h6011(1,3).map`
6012
`bloodhell/h6012(3,3).map`
6013
`bloodhell/h6013(1,2).map`
6014
`bloodhell/h6014(3,2).map`
6015
`bloodhell/bh6015(0,2).map`
6016
`bloodhell/bh6016(4,2).map`
6017
`bloodhell/b6017(0,2).map`
6018
`bloodhell/b6018(4,2).map`
6201
`astraythief/s6201.map`
6202
`astraythief/e6201.map`
6203
`astraythief/e6202.map`
6204
`astraythief/o6201.map`
6205
`astraythief/n6201.map`
6206
`astraythief/n6202.map`
6207
`astraythief/n6203.map`
6208
`astraythief/h6201.map`
6209
`astraythief/h6202.map`
6210
`astraythief/b6201.map`
6211
`astraythief/b6202.map`
6212
`astraythief/h6203.map`
6213
`astraythief/h6204.map`
6220
`astraythief/q6220.map`
6401
`villigeoftemptation/s6401.map`
6402
`villigeoftemptation/n6402.map`
6403
`villigeoftemptation/w6403.map`
6404
`villigeoftemptation/e6404.map`
6405
`villigeoftemptation/h6405.map`
6406
`villigeoftemptation/h6406.map`
6407
`villigeoftemptation/h6407.map`
6408
`villigeoftemptation/ew6408.map`
6409
`villigeoftemptation/h6409.map`
6410
`villigeoftemptation/h6410.map`
6411
`villigeoftemptation/w6411.map`
6412
`villigeoftemptation/e6412.map`
6413
`villigeoftemptation/w6413.map`
6414
`villigeoftemptation/e6414.map`
6415
`villigeoftemptation/n6415.map`
6416
`villigeoftemptation/b6416.map`
6417
`villigeoftemptation/n6417.map`
6418
`villigeoftemptation/d6418.map`
6420
`villigeoftemptation/d6420.map`
6422
`villigeoftemptation/b6422.map`
6423
`villigeoftemptation/b6423.map`
6424
`villigeoftemptation/d6424.map`
6501
`bloodbutterfly/6501(3,4)start.map`
6502
`bloodbutterfly/6502(2,4)normal.map`
6503
`bloodbutterfly/6503(1,4)nomal.map`
6504
`bloodbutterfly/6504(1,3)named.map`
6505
`bloodbutterfly/6505(0,3)apc.map`
6506
`bloodbutterfly/6506(0,2)normal.map`
6507
`bloodbutterfly/6507(0,1)named.map`
6508
`bloodbutterfly/6508(0,0)nomal.map`
6509
`bloodbutterfly/6509(1,0)named.map`
6510
`bloodbutterfly/6510(2,0)normal.map`
6511
`bloodbutterfly/6511(2,1)apc.map`
6512
`bloodbutterfly/6512(1,1)boss1.map`
6513
`bloodbutterfly/6513(1,1)boss2.map`
6514
`bloodbutterfly/6514(2,4)quest1.map`
6515
`bloodbutterfly/6515(2,4)quest2.map`
6516
`bloodbutterfly/6516(1,4)hero.map`
6517
`bloodbutterfly/6517(1,3)namedhero.map`
6518
`bloodbutterfly/6518(1,1)bosshero1.map`
6519
`bloodbutterfly/6519(1,1)bosshero2.map`
6520
`bloodbutterfly/6520(0,3)apc.map`
6601
`underfoot/s6601.map`
6602
`underfoot/e6602(0,0).map`
6603
`underfoot/e6603(0,2).map`
6604
`underfoot/e6604(1,0).map`
6605
`underfoot/e6605(1,2).map`
6606
`underfoot/n6606(1,1).map`
6607
`underfoot/h6607(2,1).map`
6608
`underfoot/n6608(2,2).map`
6609
`underfoot/h6609(3,1).map`
6610
`underfoot/n6610(3,2).map`
6611
`underfoot/n6611(3,0).map`
6612
`underfoot/n6612(4,0).map`
6613
`underfoot/h6613(4,1).map`
6614
`underfoot/n6614(4,2).map`
6615
`underfoot/b6615.map`
6801
`screamingcave/s6801.map`
6802
`screamingcave/6802.map`
6803
`screamingcave/6803.map`
6804
`screamingcave/6804.map`
6805
`screamingcave/6805.map`
6806
`screamingcave/b6806.map`
6807
`screamingcave/aganzo(4,0).map`
6808
`screamingcave/aganzostart(4,1).map`
6809
`screamingcave/aganzoboss.map`
7001
`shadowmaze/e7001.map`
7002
`shadowmaze/e7002.map`
7003
`shadowmaze/n7003.map`
7004
`shadowmaze/n7004.map`
7005
`shadowmaze/n7005.map`
7006
`shadowmaze/n7006.map`
7007
`shadowmaze/h7007.map`
7008
`shadowmaze/h7008.map`
7009
`shadowmaze/h7009.map`
7010
`shadowmaze/h7010.map`
7011
`shadowmaze/h7011.map`
7012
`shadowmaze/h7012.map`
7013
`shadowmaze/h7013.map`
7014
`shadowmaze/h7014.map`
7015
`shadowmaze/u1(0,0).map`
7016
`shadowmaze/u1(0,1).map`
7017
`shadowmaze/u2(0,2).map`
7018
`shadowmaze/u2(1,2).map`
7019
`shadowmaze/u3(2,1).map`
7020
`shadowmaze/u3(2,2).map`
7021
`shadowmaze/u4(1,0).map`
7022
`shadowmaze/u4(2,0).map`
7023
`shadowmaze/s1.map`
7024
`shadowmaze/s2.map`
7025
`shadowmaze/s3.map`
7026
`shadowmaze/s4.map`
7027
`shadowmaze/b1.map`
7028
`shadowmaze/b2.map`
7029
`shadowmaze/b3.map`
7030
`shadowmaze/b4.map`
7101
`noirpera/map1(0,0)_start.map`
7102
`noirpera/map2(0,1).map`
7103
`noirpera/map3(1,1).map`
7104
`noirpera/map4(2,1).map`
7105
`noirpera/map5(2,0).map`
7106
`noirpera/map6(3,0).map`
7107
`noirpera/map7(4,0)_boss.map`
8000
`odesa2/test1.map`
9000
`ricuceiling/(0,2)ricu.map`
9001
`ricuceiling/(1,2)ricu.map`
9002
`ricuceiling/(1,3)ricustart.map`
9003
`ricuceiling/(2,1)ricu.map`
9004
`ricuceiling/(2,1)ricuboss.map`
9005
`ricuceiling/(2,2)ricu.map`
9006
`ricuceiling/(3,0)ricu.map`
9007
`ricuceiling/(3,0)ricuboss.map`
9008
`ricuceiling/(3,1)ricu.map`
9009
`ricuceiling/(3,2)ricu.map`
9010
`ricuceiling/(4,1)ricu.map`
9011
`ricuceiling/(4,2)ricu.map`
9100
`icepalace/(2,1)icepalacestart.map`
9101
`icepalace/l1(2,0)icepalace.map`
9102
`icepalace/l2(1,0)icepalace.map`
9103
`icepalace/l3(0,0)icepalace.map`
9104
`icepalace/l4(0,1)icepalace.map`
9105
`icepalace/l5(0,2)icepalace.map`
9106
`icepalace/l6(1,2)icepalace.map`
9107
`icepalace/l7(2,2)icepalace.map`
9108
`icepalace/(1,1)icepalaceboss.map`
9200
`whiteland/start(1,3).map`
9201
`whiteland/easy1(2,3).map`
9202
`whiteland/easy2(1,2).map`
9203
`whiteland/easy3(2,2).map`
9204
`whiteland/normal1(0,1).map`
9205
`whiteland/normal2(1,1).map`
9206
`whiteland/normal3(2,1).map`
9207
`whiteland/normal4(3,1).map`
9208
`whiteland/hard1(0,0).map`
9209
`whiteland/hard2(3,0).map`
9210
`whiteland/boss(0,0).map`
9211
`whiteland/boss(3,0).map`
9300
`scasalair/start1(0,3).map`
9301
`scasalair/start2(1,3).map`
9302
`scasalair/e1(2,3).map`
9303
`scasalair/e2(start).map`
9304
`scasalair/n1(0,2).map`
9305
`scasalair/n2(1,2).map`
9306
`scasalair/n3(2,2).map`
9307
`scasalair/n4(2,1).map`
9308
`scasalair/h1(2,0).map`
9309
`scasalair/h2(1,0).map`
9310
`scasalair/boss(0,0).map`
9311
`scasalair/quest_boss(0,0).map`
9312
`scasalair/q2(1,1).map`
9313
`scasalair/qs1(0,2).map`
9314
`scasalair/qn2(1,2).map`
9315
`scasalair/qn3(2,2).map`
10000
`genteastgate/start1(0,1).map`
10001
`genteastgate/start2(6,1).map`
10002
`genteastgate/boss1(0,2).map`
10003
`genteastgate/boss2(6,0).map`
10004
`genteastgate/bonus1(4,2).map`
10005
`genteastgate/bonus2(2,0).map`
10006
`genteastgate/02esay(1,1).map`
10007
`genteastgate/03normal(2,1).map`
10008
`genteastgate/04normal(3,1).map`
10009
`genteastgate/05hard(3,2).map`
10011
`genteastgate/07hard(1,2).map`
10012
`genteastgate/09esay(5,1).map`
10013
`genteastgate/10normal(4,1).map`
10014
`genteastgate/11hard(3,0).map`
10016
`genteastgate/13hard(5,0).map`
10017
`gentsouthgate/(0,0)normal.map`
10018
`gentsouthgate/(0,1)normal.map`
10019
`gentsouthgate/(0,2)normal.map`
10020
`gentsouthgate/(0,3)normal.map`
10021
`gentsouthgate/(1,0)boss1.map`
10022
`gentsouthgate/(1,0)noboss1.map`
10023
`gentsouthgate/(1,1)normal.map`
10024
`gentsouthgate/(1,3)normal.map`
10025
`gentsouthgate/(1,4)nostart1.map`
10026
`gentsouthgate/(1,4)start1.map`
10027
`gentsouthgate/(2,0)normal.map`
10028
`gentsouthgate/(2,1)normal.map`
10029
`gentsouthgate/(2,2)normal.map`
10030
`gentsouthgate/(2,3)normal.map`
10031
`gentsouthgate/(3,0)boss2.map`
10032
`gentsouthgate/(3,0)noboss2.map`
10033
`gentsouthgate/(3,1)normal.map`
10034
`gentsouthgate/(3,3)normal.map`
10035
`gentsouthgate/(3,4)nostart2.map`
10036
`gentsouthgate/(3,4)start2.map`
10037
`gentsouthgate/(4,0)normal.map`
10038
`gentsouthgate/(4,1)normal.map`
10039
`gentsouthgate/(4,2)normal.map`
10040
`gentsouthgate/(4,3)normal.map`
10042
`genteastgate/(1,0)maze1.map`
10043
`genteastgate/(2,0)maze1.map`
10044
`genteastgate/(3,0)maze1.map`
10045
`genteastgate/(4,0)maze1boss.map`
10050
`outergent/01start(2,2).map`
10051
`outergent/02easy1(1,2).map`
10052
`outergent/03easy1(3,2).map`
10053
`outergent/04normal1(1,1).map`
10054
`outergent/05normal1(3,3).map`
10055
`outergent/06normal1(1,0).map`
10056
`outergent/07normal1(3,4).map`
10057
`outergent/08normal1(0,0).map`
10058
`outergent/09normal1(4,4).map`
10059
`outergent/10hard(0,1).map`
10060
`outergent/11hard(4,3).map`
10061
`outergent/12bonus(2,0).map`
10062
`outergent/13bonus(2,4).map`
10063
`outergent/boss_not(0,2).map`
10064
`outergent/boss_not(4,2).map`
10065
`outergent/boss1(0,2).map`
10066
`outergent/boss2(4,2).map`
10067
`gentsouthgate/(0,0)maze0.map`
10068
`gentsouthgate/(1,0)maze0boss1.map`
10069
`gentsouthgate/(0,0)maze1.map`
10070
`gentsouthgate/(0,1)maze1.map`
10071
`gentsouthgate/(1,0)maze1.map`
10072
`gentsouthgate/(1,1)maze1.map`
10073
`gentsouthgate/(2,0)maze1boss1.map`
10074
`gentsouthgate/(2,1)maze1.map`
10075
`gentsouthgate/(3,0)maze1.map`
10076
`gentsouthgate/(3,1)maze1.map`
10077
`gentsouthgate/(4,0)maze1.map`
10078
`gentsouthgate/(4,1)maze1.map`
11100
`odesa2/odesa01.map`
11101
`odesa2/odesa02.map`
11102
`odesa2/odesa03.map`
11103
`odesa2/odesa03-1.map`
11104
`odesa2/odesa04.map`
11105
`odesa2/odesa05.map`
11106
`odesa2/odesa06.map`
11107
`odesa2/odesa07.map`
11108
`odesa2/odesa08.map`
11109
`odesa2/odesa09.map`
11110
`odesa2/odesa10.map`
11111
`odesa2/odesa11.map`
11112
`odesa2/odesa12.map`
11113
`odesa2/odesa12-1.map`
11114
`odesa2/odesa13.map`
11115
`odesa2/odesa14.map`
11116
`odesa2/odesa14-1.map`
11117
`odesa2/odesa15.map`
11118
`odesa2/odesa15-1.map`
11119
`odesa2/odesa16.map`
11120
`odesa2/odesa17.map`
11121
`odesa2/odesa18.map`
11122
`odesa2/odesa18-1.map`
11123
`odesa2/odesa19.map`
11124
`odesa2/odesa_agent.map`
11201
`groznyoutside/grozny01.map`
11202
`groznyoutside/grozny02.map`
11203
`groznyoutside/grozny03.map`
11204
`groznyoutside/grozny03-1.map`
11205
`groznyoutside/grozny04.map`
11206
`groznyoutside/grozny05.map`
11207
`groznyoutside/grozny06.map`
11208
`groznyoutside/grozny07.map`
11209
`groznyoutside/grozny08.map`
11210
`groznyoutside/grozny08-1.map`
11211
`groznyoutside/grozny08-2.map`
11212
`groznyoutside/grozny09.map`
11213
`groznyoutside/grozny10.map`
11214
`groznyoutside/grozny10-1.map`
11215
`groznyinside/grozny12.map`
11216
`groznyinside/grozny12-1.map`
11217
`groznyinside/grozny13.map`
11218
`groznyinside/grozny14.map`
11219
`groznyinside/grozny14-1.map`
11220
`groznyinside/grozny15.map`
11221
`groznyinside/grozny16.map`
11222
`groznyinside/grozny11.map`
11223
`groznyinside/grozny15nils.map`
11224
`groznyinside/grozny16nils.map`
11225
`groznyoutside/grozny02dialog.map`
11226
`groznyoutside/grozny03-1dialog.map`
11227
`groznyoutside/grozny08dialog.map`
11228
`groznyoutside/grozny09dialog.map`
11229
`groznyoutside/grozny10dialog.map`
11230
`groznyinside/grozny11dialog.map`
11231
`groznyinside/grozny12dialog.map`
11232
`groznyinside/grozny13-1.map`
12000
`grim/(4,1)southern_dale.map`
12001
`grim/(3,1)southern_dale.map`
12002
`grim/(2,1)southern_dale.map`
12003
`grim/(2,0)southern_dale.map`
12004
`grim/(1,2)southern_dale.map`
12005
`grim/(1,1)southern_dale.map`
12006
`grim/(0,2)southern_dale.map`
12007
`grim/(1,1)southern_dale1.map`
12008
`grim/(1,1)southern_dale2.map`
12009
`grim/(2,1)southern_dale1.map`
12010
`grim/(3,1)southern_dale1.map`
12011
`grim/(3,1)southern_dale2.map`
12012
`grim/(2,0)southern_dale1.map`
12013
`grim/(2,0)southern_dale2.map`
12014
`grim/(2,0)southern_dale3.map`
12015
`grim/(2,0)southern_dale4.map`
12016
`grim/(2,0)southern_dale5.map`
12017
`grim/(2,0)southern_dale_copy.map`
12018
`grim/(2,0)southern_dale_copy1.map`
12019
`grim/(2,0)southern_dale_copy2.map`
12020
`black_church/(0,1)12020_start.map`
12021
`black_church/(1,1)12021_normal.map`
12022
`black_church/(2,1)12022_normal.map`
12023
`black_church/(3,1)12023_normal.map`
12024
`black_church/(4,1)12027_normal.map`
12025
`black_church/(5,1)12028_boss.map`
12026
`black_church/(2,0)12026_normal.map`
12027
`black_church/(3,0)12024_normal.map`
12028
`black_church/(4,0)12025_normal.map`
12029
`black_church/(5,0)12030_normal.map`
12030
`black_church/(5,1)12029_boss_q.map`
12031
`black_church/(3,1)12031_normal.map`
12032
`oldscreamingcave/(0,1)12032_start.map`
12033
`oldscreamingcave/(1,1)12033_nomal.map`
12034
`oldscreamingcave/(2,1)12034_nomal.map`
12035
`oldscreamingcave/(3,1)12035_nomal.map`
12036
`oldscreamingcave/(4,1)12036_nomal.map`
12037
`oldscreamingcave/(5,1)12037_nomal.map`
12038
`oldscreamingcave/(1,0)12038_nomal.map`
12039
`oldscreamingcave/(2,0)12039_nomal.map`
12040
`oldscreamingcave/(3,0)12040_nomal.map`
12041
`oldscreamingcave/(4,0)12041_nomal.map`
12042
`oldscreamingcave/(5,0)12042_nomal.map`
12043
`oldscreamingcave/(6,0)12043_boss.map`
12044
`fruz_station/12044(0,0)s.map`
12045
`fruz_station/12045(1,0)n.map`
12046
`fruz_station/12046(2,0)n.map`
12047
`fruz_station/12047(3,0)n.map`
12048
`fruz_station/12048(4,0)n.map`
12049
`fruz_station/12049(0,1)n.map`
12050
`fruz_station/12050(1,1)n.map`
12051
`fruz_station/12051(2,1)n.map`
12052
`fruz_station/12052(3,1)n.map`
12053
`fruz_station/12053(4,1)n.map`
12054
`fruz_station/12054(0,2)n.map`
12055
`fruz_station/12055(1,2)n.map`
12056
`fruz_station/12056(2,2)n.map`
12057
`fruz_station/12057(3,2)n.map`
12058
`fruz_station/12058(4,2)b.map`
12501
`haze/quest_1_12501(0.0)start.map`
12502
`haze/quest_1_12502(1.0)normal.map`
12503
`haze/quest_1_12503(2.0)normal.map`
12504
`haze/quest_1_12504(3.0)normal.map`
12505
`haze/quest_1_12505(4.0)boss.map`
12506
`arden/quest_1_12506(2.0)start.map`
12507
`arden/quest_1_12507(0.0)boss.map`
12508
`arden/quest_1_12508(1.0)normal.map`
12509
`arden/quest_2_12509(0.0)boss.map`
12510
`haze/quest_2_12510(4.0)boss.map`
12511
`haze/quest_2_12511(1.0)normal.map`
12512
`arden/quest_3_12512(3.4)boss.map`
13000
`gbl1/g1(s)001.map`
13001
`gbl1/g1(s)002.map`
13002
`gbl1/g1(n)001.map`
13003
`gbl1/g1(n)002.map`
13004
`gbl1/g1(n)003.map`
13005
`gbl1/g1(n)004.map`
13006
`gbl1/g1(n)005.map`
13007
`gbl1/g1(n)006.map`
13008
`gbl1/g1(n)007.map`
13009
`gbl1/g1(n)008.map`
13010
`gbl1/g1(n)009.map`
13011
`gbl1/g1(n)010.map`
13012
`gbl1/g1(b)001.map`
13013
`gbl1/g1(b)002.map`
13014
`gbl2/g2(s)001.map`
13015
`gbl2/g2(n)001.map`
13016
`gbl2/g2(n)002.map`
13017
`gbl2/g2(n)003.map`
13018
`gbl2/g2(n)004.map`
13019
`gbl2/g2(n)005.map`
13020
`gbl2/g2(n)006.map`
13021
`gbl2/g2(n)007.map`
13022
`gbl2/g2(n)008.map`
13023
`gbl2/g2(n)009.map`
13024
`gbl2/g2(n)010.map`
13025
`gbl2/g2(b)001.map`
13026
`gbl3/g3(s)001.map`
13027
`gbl3/g3(n)002.map`
13028
`gbl3/g3(n)003.map`
13029
`gbl3/g3(n)004.map`
13030
`gbl3/g3(n)005.map`
13031
`gbl3/g3(n)006.map`
13032
`gbl3/g3(n)007.map`
13033
`gbl3/g3(n)008.map`
13034
`gbl3/g3(n)009.map`
13035
`gbl3/g3(n)010.map`
13036
`gbl3/g3(n)011.map`
13037
`gbl3/g3(n)012.map`
13038
`gbl3/g3(b)001.map`
13058
`gbl1/maze(3,3).map`
13059
`gbl1/maze(0,0).map`
13060
`gbl1/maze(2,2).map`
13075
`counterattack/13075(0,1)start.map`
13076
`counterattack/13076(0,1)start.map`
13077
`counterattack/13077(0,1)start.map`
13078
`counterattack/13078(1,1)named.map`
13079
`counterattack/13079(3,1)named.map`
13080
`counterattack/13080(5,1)named.map`
13081
`counterattack/13081(5,0)normal.map`
13082
`counterattack/13082(5,2)normal.map`
13083
`counterattack/13083(7,0)normal.map`
13084
`counterattack/13084(7,2)normal.map`
13085
`counterattack/13085(2,1)normal.map`
13086
`counterattack/13086(4,1)normal.map`
13087
`counterattack/13087(6,1)normal.map`
13088
`counterattack/13088(7,1)boss.map`
13089
`counterattack/13089(6,0)normal.map`
13090
`counterattack/13090(6,2)normal.map`
13091
`counterattack/hero13091(1,1)named.map`
13092
`counterattack/hero13092(2,1)normal.map`
13093
`counterattack/hero13093(4,1)normal.map`
13094
`counterattack/hero13094(5,1)named.map`
13095
`counterattack/hero13095(6,0)normal.map`
13096
`counterattack/hero13096(6,2)normal.map`
13097
`counterattack/q1_start.map`
13098
`counterattack/q2_noapc.map`
13099
`counterattack/q2_niberr.map`
13100
`counterattack/q2_noname.map`
13101
`counterattack/q2_rarkgood.map`
13102
`counterattack/q3_noname(5,1).map`
13103
`counterattack/q3_rarkevil(4,1).map`
13104
`counterattack/q4_nokorn(7,0).map`
13105
`counterattack/q4_nosparrow(7,2).map`
13106
`counterattack/q5_guard.map`
13107
`counterattack/q_preboss.map`
13108
`counterattack/q_nomecaboss.map`
13109
`counterattack/q_korn(7,0).map`
13110
`counterattack/q_sparrow(7,2).map`
13111
`counterattack/q_niberronly.map`
13112
`pirateonthetrain/(10,0)boss_congcong.map`
13200
`epidemic/start.map`
13201
`epidemic/boss.map`
13202
`epidemic/(0,1).map`
13203
`epidemic/(1,1_2,1)_1.map`
13204
`epidemic/(1,1_2,1)_2.map`
13205
`epidemic/(1,3_2,3)_1.map`
13206
`epidemic/(1,3_2,3)_2.map`
13207
`epidemic/(3,1).map`
13208
`epidemic/(1,2_2,2)_1.map`
13209
`epidemic/(1,2_2,2)_2.map`
13210
`epidemic/(1,2_2,2)_3.map`
13211
`epidemic/(1,2_2,2)_4.map`
13212
`epidemic/(0,0_3,0)_1.map`
13213
`epidemic/(0,0_3,0)_2.map`
13214
`epidemic/(0,3_3,3)_1.map`
13215
`epidemic/(0,3_3,3)_2.map`
13216
`epidemic/(1,2_2,2)_5.map`
13300
`deadmoon_new/boss1.map`
13301
`deadmoon_new/start1.map`
13302
`deadmoon_new/h1.map`
13303
`deadmoon_new/h2.map`
13304
`deadmoon_new/h3.map`
13305
`deadmoon_new/h4.map`
13306
`deadmoon_new/h5.map`
13307
`deadmoon_new/h6.map`
13308
`deadmoon_new/h7.map`
14000
`trombe/14000(0,2)s.map`
14001
`trombe/14001(1,2)n.map`
14002
`trombe/14002(2,2)n.map`
14003
`trombe/14003(3,2)n.map`
14004
`trombe/14004(4,2)n.map`
14005
`trombe/14005(3,1)n.map`
14006
`trombe/14006(3,0)n.map`
14007
`trombe/14007(4,0)n.map`
14008
`trombe/14008(2,0)n.map`
14009
`trombe/14009(2,1)b.map`
14010
`trombe/14010(1,0)n.map`
14011
`trombe/14011(1,1)n.map`
14012
`energyisolator/maze_energyisolator_14012(0,0)s.map`
14013
`energyisolator/maze_energyisolator_14013(1,0)b.map`
14014
`trombe/14014(4,2)n.map`
15004
`seatrainretaking/(0,0)normal.map`
15005
`seatrainretaking/(1,0)normal.map`
15006
`seatrainretaking/(2,0)named_1.map`
15007
`seatrainretaking/(2,0)named_2.map`
15008
`seatrainretaking/(3,0)normal.map`
15009
`seatrainretaking/(4,0)start.map`
15010
`seatrainretaking/(5,0)normal.map`
15011
`seatrainretaking/(6,0)named.map`
15012
`seatrainretaking/(7,0)normal.map`
15013
`seatrainretaking/(8,0)normal.map`
15014
`seatrainretaking/(9,0)named.map`
15015
`pirateonthetrain/(0,0)normal.map`
15016
`pirateonthetrain/(1,0)normal.map`
15017
`pirateonthetrain/(2,0)normal.map`
15018
`pirateonthetrain/(3,0)named.map`
15019
`pirateonthetrain/(4,0)normal.map`
15020
`pirateonthetrain/(5,0)start.map`
15021
`pirateonthetrain/(6,0)normal.map`
15022
`pirateonthetrain/(7,0)named.map`
15023
`pirateonthetrain/(8,0)normal.map`
15024
`pirateonthetrain/(9,0)normal.map`
15025
`pirateonthetrain/(10,0)boss.map`
15026
`pirateonthetrain/(10,0)boss2.map`
15027
`pirateonthetrain/(10,0)boss3.map`
15028
`pirateonthetrain/(10,0)normal.map`
15029
`seatrainretaking/(10,0)boss.map`
15030
`seatrainretaking/(10,0)boss1.map`
15031
`seatrainretaking/(10,0)boss2.map`
15032
`seatrainretaking/(10,0)boss_congcong.map`
15033
`seatrainretaking/hero(1,0)normal.map`
15034
`seatrainretaking/hero(3,0)normal.map`
15035
`seatrainretaking/hero(5,0)normal.map`
15036
`seatrainretaking/hero(7,0)normal.map`
15037
`seatrainretaking/hero(8,0)normal.map`
15038
`seatrainretaking/hero(9,0)named.map`
15039
`pirateonthetrain/(0,0)boss.map`
15040
`pirateonthetrain/(0,0)boss2.map`
15041
`pirateonthetrain/(0,0)boss3.map`
15042
`pirateonthetrain/(0,0)boss_congcong.map`
15043
`pirateonthetrain/hero(1,0)normal.map`
15044
`pirateonthetrain/hero(3,0)named.map`
15045
`pirateonthetrain/hero(4,0)normal.map`
15046
`pirateonthetrain/hero(6,0)normal.map`
15047
`pirateonthetrain/hero(8,0)normal.map`
15048
`pirateonthetrain/hero(9,0)normal.map`
15049
`pirateonthetrain/hero(10,0)normal.map`
15050
`seatrainretaking/(4,0)start_quest.map`
15051
`seatrainretaking/(0,0)boss_quest.map`
15052
`seatrainretaking/hero(2,0)named_1.map`
15053
`seatrainretaking/hero(5,0)normal_verrickt.map`
15054
`seatrainretaking/(10,0)boss3.map`
15055
`seatrainretaking/(10,0)boss4.map`
15056
`seatrainretaking/(10,0)boss5.map`
15057
`leshphon/(1,0)start.map`
15058
`leshphon/(0,0)named.map`
15059
`leshphon/(0,1)normal.map`
15060
`leshphon/(1,1)named.map`
15061
`leshphon/(1,2)named.map`
15062
`leshphon/(0,2)boss.map`
15063
`gentnorthgate/15063(0,1)start.map`
15064
`gentnorthgate/15064(0,0)random.map`
15065
`gentnorthgate/15065(1,0)random.map`
15066
`gentnorthgate/15066(0,2)random.map`
15067
`gentnorthgate/15067(1,2)random.map`
15068
`gentnorthgate/15068(1,1)named.map`
15069
`gentnorthgate/15069(2,1)normal.map`
15070
`gentnorthgate/15070(3,1)named.map`
15071
`gentnorthgate/15071(4,1)named.map`
15072
`gentnorthgate/15072(5,1)normal.map`
15073
`gentnorthgate/15073(6,1)boss.map`
15074
`bakalcastle/15074ashcore.map`
15075
`bakalcastle/15075itrenog.map`
15076
`bakalcastle/15076nagor.map`
15077
`bakalcastle/15077nmaug.map`
15078
`bakalcastle/15078bakal.map`
15079
`blackearth/15079normal.map`
15080
`blackearth/15080astaroth.map`
15081
`blackearth/15081tiamat.map`
15082
`blackearth/15082berias.map`
15083
`blackearth/15083michaela.map`
15084
`blackearth/15084ozma.map`
15085
`bakalcastle/15085normal.map`
15086
`blackearth/maze_15086astaroth.map`
15087
`blackearth/maze_15087tiamat.map`
15088
`blackearth/maze_15088berias.map`
15089
`training/15089training.map`
15090
`training/15090training.map`
15091
`captainscabin/15091cabin.map`
15092
`captainscabin/15092cabin.map`
15093
`deadmoon/15093deadmoon.map`
15094
`deadmoon/15094deadmoon.map`
15095
`middleocean/15095middleocean.map`
15096
`middleocean/15096middleocean.map`
15097
`steelscales/15097(0,0)start.map`
15098
`steelscales/15098(1,0)normal.map`
15099
`steelscales/15099(2,0)normal.map`
15100
`steelscales/15100(3,0)named.map`
15101
`steelscales/15101(4,0)normal.map`
15102
`steelscales/15102(5,0)normal.map`
15103
`steelscales/15103(6,0)normal.map`
15104
`steelscales/15104(7,0)named.map`
15105
`steelscales/15105(8,0)normal.map`
15106
`steelscales/15106(9,0)named.map`
15107
`steelscales/15107(10,0)boss.map`
15108
`deadmoon/15108deadmoon.map`
15109
`training/15109training.map`
15110
`middleocean/15110middleocean.map`
15111
`training_striker/15111training.map`
15112
`training_striker/15112training.map`
15113
`training_striker/15113training.map`
15114
`deadmoon_avenger2/15114deadmoon.map`
15115
`deadmoon_avenger2/15115deadmoon.map`
15116
`deadmoon_avenger2/15116deadmoon.map`
15117
`training_weaponmaster/15117training.map`
15118
`training_weaponmaster/15118training.map`
15119
`training_weaponmaster/15119training.map`
15120
`training_asura/15120training.map`
15121
`training_asura/15121training.map`
15122
`training_asura/15122training.map`
15123
`deadmoon_summoner1/15123deadmoon.map`
15124
`deadmoon_summoner1/15124deadmoon.map`
15125
`deadmoon_summoner1/15125deadmoon.map`
15126
`deadmoon_summoner2/15126deadmoon.map`
15127
`deadmoon_summoner2/15127deadmoon.map`
15128
`deadmoon_summoner2/15128deadmoon.map`
15129
`training2/15129training.map`
15130
`towerofdespair_down/15130despair001.map`
15131
`towerofdespair_down/15131despair002.map`
15132
`towerofdespair_down/15132despair003.map`
15133
`towerofdespair_down/15133despair004.map`
15134
`towerofdespair_down/15134despair005.map`
15135
`towerofdespair_down/15135despair006.map`
15136
`towerofdespair_down/15136despair007.map`
15137
`towerofdespair_down/15137despair008.map`
15138
`towerofdespair_down/15138despair009.map`
15139
`towerofdespair_down/15139despair010.map`
15140
`towerofdespair_down/15140despair011.map`
15141
`towerofdespair_down/15141despair012.map`
15142
`towerofdespair_down/15142despair013.map`
15143
`towerofdespair_down/15143despair014.map`
15144
`towerofdespair_down/15144despair015.map`
15145
`towerofdespair_down/15145despair016.map`
15146
`towerofdespair_down/15146despair017.map`
15147
`towerofdespair_down/15147despair018.map`
15148
`towerofdespair_down/15148despair019.map`
15149
`towerofdespair_down/15149despair020.map`
15150
`towerofdespair_down/15150despair021.map`
15151
`towerofdespair_down/15151despair022.map`
15152
`towerofdespair_down/15152despair023.map`
15153
`towerofdespair_down/15153despair024.map`
15154
`towerofdespair_down/15154despair025.map`
15155
`towerofdespair_down/15155despair026.map`
15156
`towerofdespair_down/15156despair027.map`
15157
`towerofdespair_down/15157despair028.map`
15158
`towerofdespair_down/15158despair029.map`
15159
`towerofdespair_down/15159despair030.map`
15160
`towerofdespair_down/15160despair031.map`
15161
`towerofdespair_down/15161despair032.map`
15162
`towerofdespair_down/15162despair033.map`
15163
`towerofdespair_down/15163despair034.map`
15164
`towerofdespair_down/15164despair035.map`
15165
`towerofdespair_down/15165despair036.map`
15166
`towerofdespair_down/15166despair037.map`
15167
`towerofdespair_down/15167despair038.map`
15168
`towerofdespair_down/15168despair039.map`
15169
`towerofdespair_down/15169despair040.map`
15170
`towerofdespair_down/15170despair041.map`
15171
`towerofdespair_down/15171despair042.map`
15172
`towerofdespair_down/15172despair043.map`
15173
`towerofdespair_down/15173despair044.map`
15174
`towerofdespair_down/15174despair045.map`
15175
`towerofdespair_down/15175despair046.map`
15176
`towerofdespair_down/15176despair047.map`
15177
`towerofdespair_down/15177despair048.map`
15178
`towerofdespair_down/15178despair049.map`
15179
`towerofdespair_down/15179despair050.map`
15180
`towerofdespair_down/15180despair015_1.map`
15181
`towerofdespair_down/15181despair015_2.map`
15182
`towerofdespair_up/15182despair055_1.map`
15183
`haze/15183(0.0)boss.map`
15184
`haze/15184(0.0)normal.map`
15185
`haze/15185(0.1)normal.map`
15186
`haze/15186(0.2)named.map`
15187
`haze/15187(1.2)normal.map`
15188
`haze/15188(1.4)normal.map`
15189
`haze/15189(1.5)start.map`
15190
`haze/15190(2.2)normal.map`
15191
`haze/15191(2.3)named.map`
15192
`haze/15192(2.4)normal.map`
15193
`haze/15193(3.2)normal.map`
15194
`haze/15194(3.4)normal.map`
15195
`haze/15195(3.5)start.map`
15196
`haze/15196(4.1)normal.map`
15197
`haze/15197(4.2)named.map`
15198
`bakalcastle/15074ashcorehell.map`
15199
`blackearth/15083michaelahell.map`
15200
`towerofdespair_up/15200despair051.map`
15201
`towerofdespair_up/15201despair052.map`
15202
`towerofdespair_up/15202despair053.map`
15203
`towerofdespair_up/15203despair054.map`
15204
`towerofdespair_up/15204despair055.map`
15205
`towerofdespair_up/15205despair056.map`
15206
`towerofdespair_up/15206despair057.map`
15207
`towerofdespair_up/15207despair058.map`
15208
`towerofdespair_up/15208despair059.map`
15209
`towerofdespair_up/15209despair060.map`
15210
`towerofdespair_up/15210despair061.map`
15211
`towerofdespair_up/15211despair062.map`
15212
`towerofdespair_up/15212despair063.map`
15213
`towerofdespair_up/15213despair064.map`
15214
`towerofdespair_up/15214despair065.map`
15215
`towerofdespair_up/15215despair066.map`
15216
`towerofdespair_up/15216despair067.map`
15217
`towerofdespair_up/15217despair068.map`
15218
`towerofdespair_up/15218despair069.map`
15219
`towerofdespair_up/15219despair070.map`
15220
`towerofdespair_up/15220despair071.map`
15221
`towerofdespair_up/15221despair072.map`
15222
`towerofdespair_up/15222despair073.map`
15223
`towerofdespair_up/15223despair074.map`
15224
`towerofdespair_up/15224despair075.map`
15225
`towerofdespair_up/15225despair076.map`
15226
`towerofdespair_up/15226despair077.map`
15227
`towerofdespair_up/15227despair078.map`
15228
`towerofdespair_up/15228despair079.map`
15229
`towerofdespair_up/15229despair080.map`
15230
`towerofdespair_up/15230despair081.map`
15231
`towerofdespair_up/15231despair082.map`
15232
`towerofdespair_up/15232despair083.map`
15233
`towerofdespair_up/15233despair084.map`
15234
`towerofdespair_up/15234despair085.map`
15235
`towerofdespair_up/15235despair086.map`
15236
`towerofdespair_up/15236despair087.map`
15237
`towerofdespair_up/15237despair088.map`
15238
`towerofdespair_up/15238despair089.map`
15239
`towerofdespair_up/15239despair090.map`
15240
`towerofdespair_up/15240despair091.map`
15241
`towerofdespair_up/15241despair092.map`
15242
`towerofdespair_up/15242despair093.map`
15243
`towerofdespair_up/15243despair094.map`
15244
`towerofdespair_up/15244despair095.map`
15245
`towerofdespair_up/15245despair096.map`
15246
`towerofdespair_up/15246despair097.map`
15247
`towerofdespair_up/15247despair098.map`
15248
`towerofdespair_up/15248despair099.map`
15249
`towerofdespair_up/15249despair100.map`
15250
`towerofdespair_down/15250despair025_1.map`
15251
`towerofdespair_down/15251despair025_2.map`
15252
`towerofdespair_down/15252despair025_3.map`
15253
`arden/15253(0.0)start.map`
15254
`arden/15254(0.3)normal.map`
15255
`arden/15255(1.0)normal.map`
15256
`arden/15256(1.1)normal.map`
15257
`arden/15257(1.3)normal.map`
15258
`arden/15258(1.4)normal.map`
15259
`arden/15259(2.0)normal.map`
15260
`arden/15260(2.1)named.map`
15261
`arden/15261(2.2)normal.map`
15262
`arden/15262(2.3)named.map`
15263
`arden/15263(2.4)named.map`
15264
`arden/15264(3.2)normal.map`
15265
`arden/15265(3.4)boss.map`
15266
`haze/15266(2.3)named_maze.map`
15267
`consciousness/15267(0.0)normal.map`
15268
`consciousness/15268(1.0)normal.map`
15269
`consciousness/15269(4.0)boss.map`
15270
`training2/15270training.map`
15271
`deadmoon_elemental/15271deadmoon.map`
15272
`deadmoon_elemental/15272deadmoon.map`
15273
`deadmoon_elemental/15273deadmoon.map`
15274
`deadmoon_elemental/15274deadmoon.map`
15275
`deadmoon_avenger1/15275deadmoon.map`
15276
`deadmoon_avenger1/15276deadmoon.map`
15277
`deadmoon_avenger1/15277deadmoon.map`
15278
`deadmoon_witch/15278deadmoon.map`
15279
`deadmoon_witch/15279deadmoon.map`
15280
`deadmoon_witch/15280deadmoon.map`
15281
`deadmoon_witch/15281deadmoon.map`
15282
`cartelcommand/15282(0.0)start.map`
15283
`cartelcommand/15283(0.0)start1.map`
15284
`cartelcommand/15284(0.0)start2.map`
15285
`cartelcommand/15285(1.0).map`
15286
`cartelcommand/15286(2.0).map`
15287
`cartelcommand/15287(3.0).map`
15288
`cartelcommand/15288(4.0).map`
15289
`cartelcommand/15289(5.0)boss.map`
15291
`formacartel/15291(0.0)start.map`
15292
`formacartel/15292(1.0)nomal.map`
15293
`formacartel/15293(1.1)named.map`
15294
`formacartel/15294(2.1)nomal.map`
15295
`formacartel/15295(3.1)named.map`
15296
`formacartel/15296(4.1)nomal.map`
15297
`formacartel/15297(3.2)named.map`
15299
`formacartel/15299(4.2)nomal.map`
15300
`formacartel/15300(3.3)boss.map`
15301
`formacartel/15301(2.2)nomal.map`
15302
`formacartel/15302(3.0)named.map`
15303
`consciousness/15303(0.1)start.map`
15304
`consciousness/15304(1.1)normal.map`
15305
`consciousness/15305(2.1)normal.map`
15306
`consciousness/15306(3.1)normal.map`
15307
`consciousness/15307(4.1)normal.map`
15308
`consciousness/15308(0.2)normal.map`
15309
`consciousness/15309(1.2)normal.map`
15310
`consciousness/15310(2.2)normal.map`
15311
`consciousness/15311(3.2)normal.map`
15312
`consciousness/15312(4.2)start.map`
15313
`consciousness/15313(0.3)boss.map`
15314
`consciousness/15314(3.3)normal.map`
15315
`consciousness/15315(4.3)normal.map`
15316
`consciousness/15316(1.0)normal.map`
15317
`consciousness/15317(3.3)normal.map`
15318
`consciousness/15318(4.0)normal.map`
15319
`consciousness/15319(0.3)normal.map`
15320
`beginning/15320(0.0)start.map`
15321
`beginning/15321(0.0)start.map`
15322
`beginning/15322(0.1)hisma.map`
15323
`beginning/15323(1.1)spirazzi.map`
15324
`beginning/15324(0.2)scasa.map`
15325
`beginning/15325(1.2)normal.map`
15326
`beginning/15326(1.2)normal.map`
15327
`beginning/15327(0.3)normal.map`
15328
`beginning/15328(1.3)normal.map`
15329
`beginning/15329(1.3)normal.map`
15330
`beginning/15330(0.4)normal.map`
15331
`beginning/15331(1.4)boss.map`
15332
`timegate/15332(0.0)start.map`
15333
`timegate/15333(2.0)boss.map`
15334
`timegate/15334(1.0)normal.map`
15335
`fairyforest/15335(0,0)start.map`
15336
`fairyforest/15336(1,0)normal.map`
15337
`fairyforest/15337(2,0)normal.map`
15338
`fairyforest/15338(2,1)normal.map`
15339
`fairyforest/15339(3,1)normal.map`
15340
`fairyforest/15340(4,1)boss.map`
15341
`epidemic/maze_15341(1,3)hogas.map`
15342
`epidemic/maze_15342(1,1)normal.map`
15343
`epidemic/maze_15343(1,2)normal.map`
15344
`epidemic/maze_15344(1,3)iris.map`
15345
`epidemic/maze_15345(1,1)timelord.map`
15346
`lawlessdistrict/15346(0,0)start.map`
15347
`lawlessdistrict/15347(1,0)normal.map`
15348
`lawlessdistrict/15348(1,1)normal.map`
15349
`lawlessdistrict/15349(2,1)boss.map`
15350
`lawlessdistrict/maze_15350(2,1)normal.map`
15351
`lawlessdistrict/maze_15351(3,1)boss.map`
15352
`lawlessdistrict/maze_15352(0,0)start.map`
15353
`lawlessdistrict/maze_15353(1,0)normal.map`
15354
`lawlessdistrict/maze_15354(1,1)normal.map`
15355
`lawlessdistrict/maze_15355(2,1)normal.map`
15356
`lawlessdistrict/maze_15356(3,1)normal.map`
15357
`lawlessdistrict/maze_15357(4,1)normal.map`
15358
`lawlessdistrict/maze_15358(4,2)boss.map`
15359
`epidemic/maze_15359(1,0)normal.map`
15360
`epidemic/maze_15360(0,0)start.map`
15361
`tangledtimegate/15361(1,0)normal.map`
15362
`grandine/15362(1,0)normal.map`
15363
`tangledtimegate/15363(0,1)normal.map`
15364
`grandine/15364(2,0)normal.map`
15365
`tangledtimegate/15365(1,1)start.map`
15366
`grandine/15366(3,0)normal.map`
15367
`tangledtimegate/15367(2,1)boss.map`
15368
`black_church/maze_15368(2,0)_boss.map`
15369
`black_church/maze_15369(0,0)_start.map`
15370
`black_church/maze_15370(0,1)_normal.map`
15371
`black_church/maze_15371(1,1)_normal.map`
15372
`black_church/maze_15372(2,1)_boss.map`
15373
`black_church/maze_15373(0,0)_normal.map`
15374
`black_church/maze_15374(3,0)_boss.map`
15375
`black_church/maze_15375(0,0)_normal.map`
15376
`black_church/maze_15376(0,1)_start.map`
15377
`black_church/maze_15377(0,0)_boss.map`
15378
`topsecretarea/maze_15378(0,0)_start.map`
15379
`topsecretarea/maze_15379(0,1)_normal.map`
15380
`topsecretarea/maze_15380(0,2)_normal.map`
15381
`topsecretarea/maze_15381(1,2)_iris.map`
15382
`topsecretarea/maze_15382(0,3)_boss.map`
15383
`topsecretarea/maze_15383(0,1)_normal.map`
15384
`topsecretarea/maze_15384(1,1)_boss.map`
15385
`topsecretarea/maze_15385(0,1)_start.map`
15386
`topsecretarea/maze_15386(0,0)_boss.map`
15387
`beginning/maze_15387(0,0)_start.map`
15388
`beginning/maze_15388(1,0)_normal.map`
15389
`beginning/maze_15389(1,1)_boss.map`
15390
`fairyforest/maze_15390(2,0)normal.map`
15391
`fairyforest/maze_15391(2,1)normal.map`
15392
`fairyforest/maze_15392(4,1)boss.map`
15393
`conflagration/maze_15393b.map`
15394
`conflagration/maze_15394b.map`
15395
`conflagration/maze_15395b.map`
15396
`conflagration/maze_15396b.map`
15397
`conflagration/maze_15397b.map`
15398
`conflagration/maze_15398b.map`
15399
`conflagration/maze_15399s.map`
15400
`conflagration/maze_15400b.map`
15401
`oldscreamingcave/maze_(1,0)15401_boss.map`
15402
`conflagration/maze_15402b.map`
15403
`conflagration/maze_15403b.map`
15404
`iristime/15404s.map`
15405
`iristime/15405b.map`
15406
`topsecretarea/maze_15406(0,1)_normal.map`
15407
`cartelcommand/maze_15407(5.0)boss.map`
15408
`irisconsciousness/15408s.map`
15409
`topsecretarea/children_(1,1)_boss.map`
15410
`irisconsciousness/15410b.map`
15411
`consciousness/maze_15411(0.0)normal.map`
15412
`grandine/15412(1,1)normal.map`
15413
`grandine/15413(2,1)normal.map`
15414
`grandine/15414(3,1)normal.map`
15415
`grandine/15415(4,1)normal.map`
15416
`grandine/15416(1,2)normal.map`
15417
`grandine/15417(2,2)normal.map`
15418
`grandine/15418(3,2)normal.map`
15419
`grandine/15419(5,1)boss.map`
15420
`grandine/15420(0,1)start.map`
15421
`grandine/15421niber(0,1).map`
15422
`grandine/15422biyun(0,1).map`
15423
`grandine/15423con(0,1).map`
15424
`grandine/15424quest(0,0)start.map`
15425
`grandine/15425(0,1)all.map`
16000
`aganzo/(4,1)aganzostart.map`
16001
`aganzo/(3.1)aganzo.map`
16002
`aganzo/(2.1)aganzo.map`
16003
`aganzo/(1.1)aganzo.map`
16004
`aganzo/(0.1)aganzo.map`
16005
`aganzo/(2.0)aganzo.map`
16006
`aganzo/(1.2)aganzo.map`
16007
`aganzo/(1.3)aganzo.map`
16008
`aganzo/(2.3)aganzo.map`
16009
`aganzo/(3.3)aganzoboss.map`
16010
`bwanga/(0,0)bwangastart.map`
16011
`bwanga/(1,0)bwanga.map`
16012
`bwanga/(2,0)bwanga.map`
16013
`bwanga/(3,0)bwanga.map`
16014
`bwanga/(4,0)bwanga.map`
16015
`bwanga/(5,0)bwanga.map`
16016
`bwanga/(6,0)bwanga.map`
16017
`bwanga/(7,0)bwanga.map`
16018
`bwanga/(8,0)bwanga.map`
16019
`bwanga/(9,0)bwangaboss.map`
16020
`bwanga/(1,0)maze0_bwanga.map`
16021
`bwanga/(3,0)maze1_bwanga.map`
16022
`bwanga/(5,0)maze2_bwanga.map`
16023
`bwanga/(7,0)maze3_bwanga.map`
16024
`bwanga/(8,0)maze4_bwanga.map`
16030
`aganzo/(0.0)maze0_aganzo.map`
16031
`aganzo/(0.0)maze1_aganzo.map`
16032
`aganzo/(0.1)maze2_aganzo.map`
16100
`goblinkingdom/impossible01.map`
16101
`goblinkingdom/impossible02.map`
16102
`goblinkingdom/impossible03.map`
16103
`goblinkingdom/impossible04.map`
16104
`goblinkingdom/impossible05.map`
16105
`goblinkingdom/impossible06.map`
16106
`goblinkingdom/impossible05hell.map`
16200
`realskycastle/realskycastle01.map`
16201
`realskycastle/realskycastle02.map`
16202
`realskycastle/realskycastle03.map`
16203
`realskycastle/realskycastle04.map`
16204
`realskycastle/realskycastle05.map`
16205
`realskycastle/realskycastle06.map`
16206
`realskycastle/realskycastle05hell.map`
16300
`ranjerusdogs/ranjerusdogs00.map`
16301
`ranjerusdogs/ranjerusdogs01.map`
16302
`ranjerusdogs/ranjerusdogs02.map`
16303
`ranjerusdogs/ranjerusdogs03.map`
16304
`ranjerusdogs/ranjerusdogs04.map`
16305
`ranjerusdogs/ranjerusdogs05.map`
16306
`ranjerusdogs/ranjerusdogs04hell.map`
16319
`nightassault/0(0,0)start.map`
16320
`nightassault/0(1,0)normal.map`
16322
`nightassault/0(2,0)normal.map`
16323
`nightassault/0(3,0)normal.map`
16324
`nightassault/0(4,0)normal.map`
16325
`nightassault/1(1,1)normal.map`
16326
`nightassault/1(2,1)normal.map`
16327
`nightassault/1(4,1)normal.map`
16328
`nightassault/2(2,2)normal.map`
16329
`nightassault/2(3,2)normal.map`
16330
`nightassault/2(4,2)normal.map`
16331
`nightassault/3(4,3)boss.map`
16332
`nightassault/0(1,0)hero.map`
16333
`nightassault/0(3,0)hero.map`
16334
`nightassault/2(3,2)hero.map`
16335
`nightassault/q(1,0)normal.map`
16336
`nightassault/q(3,0)boss.map`
16337
`nightassault/q(1,0)verict.map`
16338
`nightassault/q_0(3,0)normal.map`
16339
`nightassault/q_0(3,0)hero.map`
16340
`nightassault/q_2(3,2)normal.map`
16341
`nightassault/q_2(3,2)hero.map`
16348
`towerofbloodyfight/f(0,0)start_slime.map`
16349
`towerofbloodyfight/f(0,0)start_lugaru.map`
16350
`towerofbloodyfight/f(0,0)start_spider.map`
16351
`towerofbloodyfight/f(1,0)normal_dragonknight.map`
16352
`towerofbloodyfight/f(1,0)normal_soldier.map`
16353
`towerofbloodyfight/f(1,0)normal_goblin.map`
16354
`towerofbloodyfight/f(2,0)boss_undead.map`
16400
`suspiciousvillage/(0,3)normal.map`
16401
`suspiciousvillage/hero(1,3)normal_1.map`
16402
`suspiciousvillage/(1,3)normal_1.map`
16403
`suspiciousvillage/(1,4)normal.map`
16404
`suspiciousvillage/(1,5)normal.map`
16405
`suspiciousvillage/(2,1)normal.map`
16406
`suspiciousvillage/(2,2)normal.map`
16407
`suspiciousvillage/(2,3)normal.map`
16408
`suspiciousvillage/(2,5)start.map`
16409
`suspiciousvillage/(3,0)boss.map`
16410
`suspiciousvillage/(3,1)normal.map`
16411
`suspiciousvillage/(3,2)normal.map`
16412
`suspiciousvillage/(3,3)normal.map`
16413
`suspiciousvillage/(3,4)normal.map`
16414
`suspiciousvillage/(3,5)normal.map`
16415
`suspiciousvillage/(4,1)normal_1.map`
16416
`suspiciousvillage/(4,1)normal_2.map`
16417
`suspiciousvillage/(4,1)normal_3.map`
16418
`suspiciousvillage/(4,1)normal_4.map`
16419
`suspiciousvillage/hero(3,2)normal.map`
16420
`suspiciousvillage/hero(3,0)boss.map`
16421
`suspiciousvillage/hero(2,2)normal.map`
16422
`suspiciousvillage/hero(2,1)normal.map`
16423
`suspiciousvillage/hero(4,1)normal_1.map`
16424
`suspiciousvillage/hero(4,1)normal_2.map`
16425
`suspiciousvillage/hero(4,1)normal_3.map`
16426
`suspiciousvillage/hero(4,1)normal_4.map`
16427
`suspiciousvillage/hero(0,3)normal.map`
16428
`suspiciousvillage/hero(3,3)normal.map`
16429
`suspiciousvillage/(3,1)normal_quest.map`
16430
`suspiciousvillage/(1,3)normal_2.map`
16431
`suspiciousvillage/hero(1,3)normal_2.map`
16432
`suspiciousvillage/hero(1,4)normal.map`
16433
`suspiciousvillage/hero(1,5)normal.map`
16434
`suspiciousvillage/hero(2,3)normal.map`
16435
`suspiciousvillage/hero(3,1)normal.map`
17001
`supplycut/map1(0.1)start.map`
17002
`supplycut/map2(1.1).map`
17003
`supplycut/map3(2.1).map`
17004
`supplycut/map4(3.1).map`
17005
`supplycut/map5(4.1).map`
17006
`supplycut/map6(5.1).map`
17007
`supplycut/map7(6.1).map`
17008
`supplycut/map8(7.1).map`
17009
`supplycut/map9(8.1)boss.map`
17010
`supplycut/map6(5.0).map`
17011
`supplycut/heromap1(0.1)start.map`
17012
`supplycut/heromap3(2.1).map`
17013
`supplycut/heromap5(4.1).map`
17014
`supplycut/heromap6(5.1).map`
17015
`supplycut/heromap7(6.1).map`
17016
`supplycut/map7(6.0).map`
17017
`supplycut/map8(7.0).map`
17018
`supplycut/heromap7(6.0).map`
17019
`supplycut/map3(2.1)qboss.map`
17020
`supplycut/map6(5.1)qboss.map`
17021
`supplycut/map2(1.1)qapc.map`
17022
`ghosttrain/17022(0,0)start.map`
17023
`ghosttrain/17023(1,0)normal.map`
17024
`ghosttrain/17024(2,0)normal.map`
17025
`ghosttrain/17025(3,0)normal.map`
17026
`ghosttrain/17026(4,0)boss.map`
17027
`ghosttrain/17023(1,0)normal1.map`
17028
`ghosttrain/17023(1,0)normal2.map`
17029
`ghosttrain/17023(1,0)normal3.map`
17030
`towerofultimate/start.map`
17031
`ghosttrain/17023(1,0)normal4.map`
17032
`gentdefence/17032_start.map`
17033
`gentdefence/17033_normal.map`
17034
`gentdefence/17034_named.map`
17035
`gentdefence/17035_normal.map`
17036
`gentdefence/17036_named.map`
17037
`gentdefence/17037_normal.map`
17038
`gentdefence/17038_named.map`
17039
`gentdefence/17039_normal.map`
17040
`gentdefence/17040_normal.map`
17041
`gentdefence/17041_normal.map`
17042
`gentdefence/17042_normal.map`
17043
`gentdefence/17043_normal.map`
17044
`gentdefence/17044_normal.map`
17045
`gentdefence/17045_boss.map`
17046
`gentdefence/q17046_normal.map`
17047
`gentdefence/q17047_boss.map`
17048
`gentdefence/q17048_normal.map`
17049
`gentdefence/q17049_boss.map`
17050
`gentdefence/q17050_normal.map`
17051
`gentdefence/q17051_normal.map`
17052
`gentdefence/q17052_boss.map`
17053
`cosmofiend/17053_start.map`
17054
`cosmofiend/17054_normal.map`
17055
`cosmofiend/17055_normal.map`
17056
`cosmofiend/17056_normal.map`
17057
`cosmofiend/17057_normal.map`
17058
`cosmofiend/17058_boss.map`
17059
`cosmofiend/17057_hell.map`
17100
`tournament/yellowdragon_00.map`
17101
`tournament/bluedragon_00.map`
17200
`r_kingsruins/s4801.map`
17201
`r_kingsruins/n4801.map`
17202
`r_kingsruins/n4802.map`
17203
`r_kingsruins/n4803.map`
17204
`r_kingsruins/n4804.map`
17205
`r_kingsruins/b4801.map`
17206
`r_kingsruins/n4804hell.map`
17210
`r_vilmark/s5201.map`
17211
`r_vilmark/h5201.map`
17212
`r_vilmark/h5202.map`
17213
`r_vilmark/h5203.map`
17214
`r_vilmark/h5204.map`
17215
`r_vilmark/b5201.map`
17216
`r_vilmark/h5204hell.map`
17220
`r_screamingcave/s6801.map`
17221
`r_screamingcave/6802.map`
17222
`r_screamingcave/6803.map`
17223
`r_screamingcave/6804.map`
17224
`r_screamingcave/6805.map`
17225
`r_screamingcave/b6806.map`
17226
`r_screamingcave/6805hell.map`
17300
`conflagration/17300s.map`
17301
`conflagration/17301n.map`
17302
`conflagration/17302n.map`
17303
`conflagration/17303n.map`
17304
`conflagration/17304n.map`
17305
`conflagration/17305n.map`
17306
`conflagration/17306b.map`
17307
`conflagration/17307b.map`
17308
`conflagration/17306n.map`
17309
`conflagration/17309n.map`
17310
`conflagration/17310n.map`
17311
`conflagration/17311n.map`
17312
`conflagration/17307n.map`
17313
`conflagration/17313n.map`
17314
`conflagration/17314n.map`
17315
`conflagration/17315n.map`
17316
`conflagration/17313_2n.map`
17410
`r_noirpera/map1(0,0)_start.map`
17411
`r_noirpera/map2(0,1).map`
17412
`r_noirpera/map3(1,1).map`
17413
`r_noirpera/map4(2,1).map`
17414
`r_noirpera/map5(2,0).map`
17415
`r_noirpera/map6(3,0).map`
17416
`r_noirpera/map7(4,0)_boss.map`
17417
`r_noirpera/map6(3,0)hell.map`
17500
`r_leshphon/(1,0)start.map`
17501
`r_leshphon/(0,0)named.map`
17502
`r_leshphon/(0,1)normal.map`
17503
`r_leshphon/(1,1)named.map`
17504
`r_leshphon/(1,2)named.map`
17505
`r_leshphon/(0,2)boss.map`
17506
`r_leshphon/(1,1)hell.map`
17600
`topsecretarea/17600(1,0)n.map`
17602
`topsecretarea/17602(0,1)b.map`
17603
`topsecretarea/17603(1,1)n.map`
17604
`topsecretarea/17604(2,1)n.map`
17605
`topsecretarea/17605(3,1)n.map`
17606
`topsecretarea/17606(2,2)n.map`
17607
`topsecretarea/17607(0,3)s.map`
17608
`topsecretarea/17608(0,3)n.map`
17609
`topsecretarea/17609(1,3)n.map`
17610
`topsecretarea/17610(2,3)n.map`
17611
`topsecretarea/17611(3,3)n.map`
17612
`topsecretarea/17612(4,3)s.map`
17613
`topsecretarea/17613(4,3)n.map`
17700
`r_ghosttrain/17022(0,0)start2.map`
17701
`r_ghosttrain/17023(1,0)normal1.map`
17702
`r_ghosttrain/17024(2,0)normal0.map`
17703
`r_ghosttrain/17025(3,0)normal.map`
17704
`r_ghosttrain/17026(4,0)boss3.map`
17705
`r_ghosttrain/17023(1,0)hell1.map`
17710
`r_cartelcommand/15282(0.0)start.map`
17711
`r_cartelcommand/15283(0.0)start1.map`
17712
`r_cartelcommand/15284(0.0)start2.map`
17713
`r_cartelcommand/15285(1.0).map`
17714
`r_cartelcommand/15286(2.0).map`
17715
`r_cartelcommand/15287(3.0).map`
17716
`r_cartelcommand/15288(4.0).map`
17717
`r_cartelcommand/15289(5.0)boss.map`
17718
`r_cartelcommand/15288(4.0)hell.map`
18000
`kohlepowerstation/18000(0,0)s.map`
18001
`kohlepowerstation/18001(1,0)n.map`
18002
`kohlepowerstation/18002(2,0)n.map`
18003
`kohlepowerstation/18003(3,0)n.map`
18004
`kohlepowerstation/18004(4,0)n.map`
18005
`kohlepowerstation/18005(0,1)s.map`
18006
`kohlepowerstation/18006(1,1)n.map`
18007
`kohlepowerstation/18007(3,1)n.map`
18008
`kohlepowerstation/18008(4,1)b.map`
18009
`kohlepowerstation/18009(0,2)s.map`
18010
`kohlepowerstation/18010(1,2)n.map`
18011
`kohlepowerstation/18011(2,2)n.map`
18012
`kohlepowerstation/18012(3,2)n.map`
18013
`kohlepowerstation/18013(4,2)n.map`
18014
`kohlepowerstation/18014(0,0)n.map`
18015
`kohlepowerstation/18015(0,1)n.map`
18016
`kohlepowerstation/18016(0,2)n.map`
18017
`kohlepowerstation/niber(0,1)s.map`
18500
`poongjintrainingroom/poongjintrainingroom.map`
25044
`gbosstower/01f_a.map`
25045
`gbosstower/02f_a.map`
25046
`gbosstower/02f_b.map`
25047
`gbosstower/02f_c.map`
25048
`gbosstower/02f_ex.map`
25049
`gbosstower/03f_a.map`
25050
`gbosstower/03f_b.map`
25051
`gbosstower/03f_c.map`
25052
`gbosstower/03f_ex.map`
25053
`gbosstower/04f_a.map`
25054
`gbosstower/04f_b.map`
25055
`gbosstower/04f_c.map`
25056
`gbosstower/04f_ex.map`
25057
`gbosstower/05f_a.map`
25058
`gbosstower/05f_b.map`
25059
`gbosstower/05f_c.map`
25060
`gbosstower/05f_ex.map`
25061
`gbosstower/06f_a.map`
25062
`gbosstower/06f_b.map`
25063
`gbosstower/06f_c.map`
25064
`gbosstower/06f_d.map`
25065
`gbosstower/06f_e.map`
25066
`gbosstower/06f_f.map`
25067
`gbosstower/07f_a.map`
25068
`gbosstower/07f_b.map`
25069
`gbosstower/07f_c.map`
25070
`gbosstower/07f_ex.map`
25071
`gbosstower/08f_a.map`
25072
`gbosstower/08f_b.map`
25073
`gbosstower/08f_c.map`
25074
`gbosstower/08f_ex.map`
25081
`advancealtar/advancealtar_stage_01_1easy.map`
25082
`advancealtar/advancealtar_stage_01_2normal.map`
25083
`advancealtar/advancealtar_stage_01_3hard.map`
25084
`advancealtar/advancealtar_stage_02_1easy.map`
25085
`advancealtar/advancealtar_stage_02_2normal.map`
25086
`advancealtar/advancealtar_stage_02_3hard.map`
25087
`advancealtar/advancealtar_stage_03_1easy.map`
25088
`advancealtar/advancealtar_stage_03_2normal.map`
25089
`advancealtar/advancealtar_stage_03_3hard.map`
25090
`advancealtar/advancealtar_stage_04_1easy.map`
25091
`advancealtar/advancealtar_stage_04_2normal.map`
25092
`advancealtar/advancealtar_stage_04_3hard.map`
25093
`advancealtar/advancealtar_stage_05_1easy.map`
25094
`advancealtar/advancealtar_stage_05_2normal.map`
25095
`advancealtar/advancealtar_stage_05_3hard.map`
25096
`advancealtar/advancealtar_stage_06_1easy.map`
25097
`advancealtar/advancealtar_stage_06_2normal.map`
25098
`advancealtar/advancealtar_stage_06_3hard.map`
25099
`advancealtar/advancealtar_stage_07_1easy.map`
25100
`advancealtar/advancealtar_stage_07_2normal.map`
25101
`advancealtar/advancealtar_stage_07_3hard.map`
25102
`advancealtar/advancealtar_stage_08_1easy.map`
25103
`advancealtar/advancealtar_stage_08_2normal.map`
25104
`advancealtar/advancealtar_stage_08_3hard.map`
25105
`advancealtar/advancealtar_stage_09_1easy.map`
25106
`advancealtar/advancealtar_stage_09_2normal.map`
25107
`advancealtar/advancealtar_stage_09_3hard.map`
25108
`advancealtar/advancealtar_stage_10_1easy.map`
25109
`advancealtar/advancealtar_stage_10_2normal.map`
25110
`advancealtar/advancealtar_stage_10_3hard.map`
25111
`advancealtar/advancealtar_stage_11_1easy.map`
25112
`advancealtar/advancealtar_stage_11_2normal.map`
25113
`advancealtar/advancealtar_stage_11_3hard.map`
25114
`advancealtar/advancealtar_stage_12_1easy.map`
25115
`advancealtar/advancealtar_stage_12_2normal.map`
25116
`advancealtar/advancealtar_stage_12_3hard.map`
25117
`advancealtar/advancealtar_survival_01.map`
25118
`advancealtar/advancealtar_survival_02.map`
25119
`advancealtar/advancealtar_survival_03.map`
25120
`advancealtar/advancealtar_survival_04.map`
25121
`advancealtar/advancealtar_survival_05.map`
25122
`advancealtar/advancealtar_survival_06.map`
25123
`advancealtar/advancealtar_survival_07.map`
25124
`advancealtar/advancealtar_survival_08.map`
25125
`advancealtar/advancealtar_survival_09.map`
25126
`advancealtar/advancealtar_survival_10.map`
25127
`advancealtar/advancealtar_survival_11.map`
25128
`advancealtar/advancealtar_survival_12.map`
25129
`advancealtar/advancealtar_survival_13.map`
25130
`advancealtar/advancealtar_survival_14.map`
25131
`advancealtar/advancealtar_survival_15.map`
25205
`globaltutorial/01n.map`
25206
`globaltutorial/02n.map`
25207
`globaltutorial/03n.map`
25275
`chn_dragondungeon_01_holy/25275_tranning_(0.0)start.map`
25276
`chn_dragondungeon_01_holy/25276_tranning_(1.0)normal.map`
25277
`chn_dragondungeon_01_holy/25277_tranning_(2.0)normal.map`
25278
`chn_dragondungeon_01_holy/25278_tranning_(3.0)normal.map`
25279
`chn_dragondungeon_01_holy/25279_tranning_(4.0)boss.map`
25280
`chn_dragondungeon_02_cave/25280_cave_(0.0)start.map`
25281
`chn_dragondungeon_02_cave/25281_cave_(1.0)normal.map`
25282
`chn_dragondungeon_02_cave/25282_cave_(2.0)normal.map`
25283
`chn_dragondungeon_02_cave/25283_cave_(3.0)normal.map`
25284
`chn_dragondungeon_02_cave/25284_cave_(4.0)boss.map`
25285
`chn_dragondungeon_03_nest/25285_nest_(0.0)start.map`
25286
`chn_dragondungeon_03_nest/25286_nest_(1.0)boss.map`
25290
`chn_dragondungeon_03_nest/25290_nest_(0.0)start.map`
25291
`chn_dragondungeon_03_nest/25291_nest_(1.0)boss.map`
25292
`chn_dragondungeon_03_nest/25292_nest_(0.0)start.map`
25293
`chn_dragondungeon_03_nest/25293_nest_(1.0)boss.map`
25296
`chn_dragondungeon_03_nest/25296_nest_(2.0)real_boss.map`
25297
`chn_dragondungeon_03_nest/25297_nest_(2.0)real_boss.map`
26000
`tau_kingdom/tau_kingdom_00s.map`
26001
`tau_kingdom/tau_kingdom_01n.map`
26009
`tau_kingdom/tau_kingdom_09b.map`
30001
`deadtower/001f.map`
30002
`deadtower/002f.map`
30003
`deadtower/003f.map`
30004
`deadtower/004f.map`
30005
`deadtower/005f.map`
30006
`deadtower/006f.map`
30007
`deadtower/007f.map`
30008
`deadtower/008f.map`
30009
`deadtower/009f.map`
30010
`deadtower/010f.map`
30011
`deadtower/011f.map`
30012
`deadtower/012f.map`
30013
`deadtower/013f.map`
30014
`deadtower/014f.map`
30015
`deadtower/015f.map`
30016
`deadtower/016f.map`
30017
`deadtower/017f.map`
30018
`deadtower/018f.map`
30019
`deadtower/019f.map`
30020
`deadtower/020f.map`
30021
`deadtower/021f.map`
30022
`deadtower/022f.map`
30023
`deadtower/023f.map`
30024
`deadtower/024f.map`
30025
`deadtower/025f.map`
30026
`deadtower/026f.map`
30027
`deadtower/027f.map`
30028
`deadtower/028f.map`
30029
`deadtower/029f.map`
30030
`deadtower/030f.map`
30031
`deadtower/031f.map`
30032
`deadtower/032f.map`
30033
`deadtower/033f.map`
30034
`deadtower/034f.map`
30035
`deadtower/035f.map`
30036
`deadtower/036f.map`
30037
`deadtower/037f.map`
30038
`deadtower/038f.map`
30039
`deadtower/039f.map`
30040
`deadtower/040f.map`
30041
`deadtower/041f.map`
30042
`deadtower/042f.map`
30043
`deadtower/043f.map`
30044
`deadtower/044f.map`
30045
`deadtower/045f.map`
31001
`illusiontower/001f.map`
31002
`illusiontower/002f.map`
31003
`illusiontower/003f.map`
31004
`illusiontower/004f.map`
31005
`illusiontower/005f.map`
31006
`illusiontower/006f_10f.map`
31007
`illusiontower/007f_6f.map`
31008
`illusiontower/008f_7f.map`
31009
`illusiontower/009f_no.map`
31010
`illusiontower/010f_8f.map`
31011
`illusiontower/011f_9f.map`
31012
`illusiontower/012f_no.map`
31013
`illusiontower/013f_no.map`
31014
`illusiontower/014f_no.map`
31015
`illusiontower/015f_12f.map`
31016
`illusiontower/016f_no.map`
31017
`illusiontower/017f_no.map`
31018
`illusiontower/018f_no.map`
31019
`illusiontower/019f_11f.map`
31020
`illusiontower/020f_13f.map`
31021
`illusiontower/021f_no.map`
31022
`illusiontower/022f_no.map`
31023
`illusiontower/023f_no.map`
31024
`illusiontower/024f_14f.map`
31025
`illusiontower/025f_15f.map`
34001
`event/bluemarble/34001.map`
34002
`event/bluemarble/34002.map`
34003
`event/bluemarble/34003.map`
34004
`event/bluemarble/34004.map`
34006
`event/bluemarble/34006.map`
34007
`event/bluemarble/34007.map`
34008
`event/bluemarble/34008.map`
34009
`event/bluemarble/34009.map`
34010
`event/bluemarble/34010.map`
34011
`event/bluemarble/34011.map`
34012
`event/bluemarble/34012.map`
34013
`event/bluemarble/34013.map`
34014
`event/bluemarble/34014.map`
34016
`event/bluemarble/34016.map`
34017
`event/bluemarble/34017.map`
34018
`event/bluemarble/34018.map`
34019
`event/bluemarble/34019.map`
34020
`event/bluemarble/34020.map`
34021
`event/bluemarble/34021.map`
34022
`event/bluemarble/34022.map`
34023
`event/bluemarble/34023.map`
34024
`event/bluemarble/34024.map`
34025
`event/bluemarble/34025.map`
34026
`event/bluemarble/34026.map`
34027
`event/bluemarble/34027.map`
34028
`event/bluemarble/34028.map`
34029
`event/bluemarble/34029.map`
34030
`event/bluemarble/34030.map`
34031
`event/bluemarble/34031.map`
34032
`event/bluemarble/34032.map`
34033
`event/bluemarble/34033.map`
34034
`event/bluemarble/34034.map`
34035
`event/bluemarble/34035.map`
34036
`event/bluemarble/34036.map`
34037
`event/bluemarble/34037.map`
34038
`event/bluemarble/34038.map`
34039
`event/bluemarble/34039.map`
34040
`event/bluemarble/34040.map`
34041
`event/bluemarble/34041.map`
34042
`event/bluemarble/34042.map`
34043
`event/bluemarble/34043.map`
34044
`event/bluemarble/34044.map`
34045
`event/bluemarble/34045.map`
34046
`event/bluemarble/kick.map`
34047
`event/bluemarble/agamemnon.map`
34048
`event/bluemarble/goldgoblin.map`
40001
`villageattack/e_hendon_auction_easy1.map`
40002
`villageattack/e_hendon_auction_easy2.map`
40003
`villageattack/e_hendon_auction_easy3.map`
40004
`villageattack/e_hendon_auction_easy4.map`
40005
`villageattack/e_hendon_auction_easy5.map`
40006
`villageattack/e_hendon_auction_easy6.map`
40007
`villageattack/e_hendon_city_easy1.map`
40008
`villageattack/e_hendon_city_easy2.map`
40009
`villageattack/e_hendon_city_easy3.map`
40010
`villageattack/e_hendon_city_easy4.map`
40011
`villageattack/e_hendon_city_easy5.map`
40012
`villageattack/e_hendon_city_easy6.map`
40013
`villageattack/e_hendon_org_easy1.map`
40014
`villageattack/e_hendon_org_easy2.map`
40015
`villageattack/e_hendon_org_easy3.map`
40016
`villageattack/e_hendon_org_easy4.map`
40017
`villageattack/e_hendon_org_easy5.map`
40018
`villageattack/e_hendon_org_easy6.map`
40019
`villageattack/e_westcoast_magic_easy1.map`
40020
`villageattack/e_westcoast_magic_easy2.map`
40021
`villageattack/e_westcoast_magic_easy3.map`
40022
`villageattack/e_westcoast_magic_easy4.map`
40023
`villageattack/e_westcoast_magic_easy5.map`
40024
`villageattack/e_westcoast_magic_easy6.map`
40025
`villageattack/e_westcoast_org_easy1.map`
40026
`villageattack/e_westcoast_org_easy2.map`
40027
`villageattack/e_westcoast_org_easy3.map`
40028
`villageattack/e_westcoast_org_easy4.map`
40029
`villageattack/e_westcoast_org_easy5.map`
40030
`villageattack/e_westcoast_org_easy6.map`
40031
`villageattack/h_hendon_auction_hard1.map`
40032
`villageattack/h_hendon_auction_hard2.map`
40033
`villageattack/h_hendon_auction_hard3.map`
40034
`villageattack/h_hendon_auction_hard4.map`
40035
`villageattack/h_hendon_city_hard1.map`
40036
`villageattack/h_hendon_city_hard2.map`
40037
`villageattack/h_hendon_city_hard3.map`
40038
`villageattack/h_hendon_city_hard4.map`
40039
`villageattack/h_hendon_org_hard1.map`
40040
`villageattack/h_hendon_org_hard2.map`
40041
`villageattack/h_hendon_org_hard3.map`
40042
`villageattack/h_hendon_org_hard4.map`
40043
`villageattack/h_westcoast_magic_hard1.map`
40044
`villageattack/h_westcoast_magic_hard2.map`
40045
`villageattack/h_westcoast_magic_hard3.map`
40046
`villageattack/h_westcoast_magic_hard4.map`
40047
`villageattack/h_westcoast_org_hard1.map`
40048
`villageattack/h_westcoast_org_hard2.map`
40049
`villageattack/h_westcoast_org_hard3.map`
40050
`villageattack/h_westcoast_org_hard4.map`
40051
`villageattack/n_hendon_auction_normal1.map`
40052
`villageattack/n_hendon_auction_normal2.map`
40053
`villageattack/n_hendon_auction_normal3.map`
40054
`villageattack/n_hendon_auction_normal4.map`
40055
`villageattack/n_hendon_auction_normal5.map`
40056
`villageattack/n_hendon_city_normal1.map`
40057
`villageattack/n_hendon_city_normal2.map`
40058
`villageattack/n_hendon_city_normal3.map`
40059
`villageattack/n_hendon_city_normal4.map`
40060
`villageattack/n_hendon_city_normal5.map`
40061
`villageattack/n_hendon_org_normal1.map`
40062
`villageattack/n_hendon_org_normal2.map`
40063
`villageattack/n_hendon_org_normal3.map`
40064
`villageattack/n_hendon_org_normal4.map`
40065
`villageattack/n_hendon_org_normal5.map`
40066
`villageattack/n_westcoast_magic_normal1.map`
40067
`villageattack/n_westcoast_magic_normal2.map`
40068
`villageattack/n_westcoast_magic_normal3.map`
40069
`villageattack/n_westcoast_magic_normal4.map`
40070
`villageattack/n_westcoast_magic_normal5.map`
40071
`villageattack/n_westcoast_org_normal1.map`
40072
`villageattack/n_westcoast_org_normal2.map`
40073
`villageattack/n_westcoast_org_normal3.map`
40074
`villageattack/n_westcoast_org_normal4.map`
40075
`villageattack/n_westcoast_org_normal5.map`
40076
`villageattack/s_hendon_auction_special1.map`
40077
`villageattack/s_hendon_auction_special2.map`
40078
`villageattack/s_hendon_auction_special3.map`
40079
`villageattack/s_hendon_city_special1.map`
40080
`villageattack/s_hendon_city_special2.map`
40081
`villageattack/s_hendon_city_special3.map`
40082
`villageattack/s_hendon_org_special1.map`
40083
`villageattack/s_hendon_org_special2.map`
40084
`villageattack/s_hendon_org_special3.map`
40085
`villageattack/s_westcoast_magic_special1.map`
40086
`villageattack/s_westcoast_magic_special2.map`
40087
`villageattack/s_westcoast_magic_special3.map`
40088
`villageattack/s_westcoast_org_special1.map`
40089
`villageattack/s_westcoast_org_special2.map`
40090
`villageattack/s_westcoast_org_special3.map`
40091
`villageattack/u_hendon_auction_ultimate1.map`
40092
`villageattack/u_hendon_city_ultimate1.map`
40093
`villageattack/u_hendon_org_ultimate1.map`
40094
`villageattack/u_westcoast_magic_ultimate1.map`
40095
`villageattack/u_westcoast_org_ultimate1.map`
45000
`grenselos/grenselos20-30.map`
45001
`grenselos/grenselos30-40.map`
45002
`grenselos/grenselos40-50.map`
45003
`grenselos/grenselos50-60.map`
45004
`grenselos/grenselos60-70.map`
50018
`astraythief/noschaser.map`
50019
`charnakridge/snowchaser.map`
50025
`bwanga/bwanga_pvp.map`
50035
`deadtower/tower_pvp.map`
50036
`hendonmyre/hendon_pub_pvp v2.map`
50037
`sepa/pvpmap_skycastle.map`
50038
`sunderland/pvpmap_swamp.map`
50039
`sunderland/pvpmap_swamp2.map`
50040
`sepa/pvpmap_skycastle2.map`
50041
`counterattack/counterattack_pvp.map`
50042
`odesa2/odesa_pvp.map`
50055
`draconiantower/hell_draconiantower.map`
50056
`hallofdoll/hell_hallofdoll.map`
50057
`golemtower/hell_golemtower.map`
50058
`darkentrance/hell_darkentrance.map`
50059
`floatingcastle/hell_floatingcastle.map`
50060
`palaceofload/hell_palaceofload.map`
50061
`outerwall/hell_outerwall.map`
50062
`jungle/hell_jungle.map`
50063
`darkhell/hell_darkhell.map`
50064
`whitenight/hell_whitenight.map`
50065
`1stbackbone/hell_1stbackbone.map`
50066
`2ndbackbone/hell_2ndbackbone.map`
50067
`bloodhell/hell_bloodhell.map`
50068
`shallowkeep/hell_shallowkeep.map`
50069
`marpissalair/hell_marpissalair.map`
50070
`darkelfcemetary/hell_darkelf.map`
60000
`charnakridge/hell_charnakridge.map`
60001
`ricuceiling/hell_ricu.map`
60002
`whiteland/hell_whiteland.map`
60003
`magmacave/hell_magmacave.map`
60004
`shadowmaze/hell_shadowmaze1.map`
60005
`shadowmaze/hell_shadowmaze2.map`
60006
`shadowmaze/hell_shadowmaze3.map`
60007
`shadowmaze/hell_shadowmaze4.map`
60018
`astraythief/hell_astraythief.map`
60019
`villigeoftemptation/hell_temptation.map`
60020
`underfoot/hell_underfoot.map`
60026
`kingsruins/hell_kingruins.map`
60028
`bwanga/hell_bwanga.map`
60029
`icepalace/hell_icepalace.map`
60031
`scasalair/hell_scasalair.map`
60033
`genteastgate/hell_genteastgate.map`
60034
`outergent/hell_outergent.map`
60035
`gentsouthgate/hell_gentsouthgate.map`
60036
`noirpera/hell_noirpera.map`
60037
`screamingcave/hell_screamingcave.map`
60038
`vilmark/hell_vilmark.map`
60039
`aganzo/hell_aganzo.map`
60040
`gbl1/hell_gbl1.map`
60041
`gbl2/hell_gbl2.map`
60042
`gbl3/hell_gbl3.map`
60043
`groznyoutside/hell_grozny.map`
60044
`odesa2/hell_odesa.map`
60045
`nightassault/hell_0(3,0)normal.map`
60046
`supplycut/hell_map6(5.1).map`
60047
`counterattack/hell_13079(3,1)named.map`
60048
`bloodbutterfly/hell_6506(0,2)normal.map`
60049
`suspiciousvillage/hell_(3,1)nomal.map`
60050
`pirateonthetrain/hell_(8,0)normal.map`
60051
`seatrainretaking/hell_(6,0)named.map`
60052
`ghosttrain/hell_60052(1,0)normal4.map`
60053
`leshphon/(0,1)_hell.map`
60054
`gentnorthgate/hell60054(1,1)named.map`
60055
`gentdefence/60055_hell.map`
60056
`haze/hell_15190(2.2)normal.map`
60057
`arden/hell_15261(2.2)normal.map`
60058
`cartelcommand/hell_15287(3.0).map`
60059
`black_church/hell_(3,0)12024_normal.map`
60060
`epidemic/hell_(0,1).map`
60061
`formacartel/hell_15294(2.1)nomal.map`
60062
`topsecretarea/hell_17606(2,2)n.map`
60063
`oldscreamingcave/hell_(4,1)12036_nomal.map`
60064
`consciousness/hell_15306(3.1)normal.map`
60065
`beginning/hell_15329(1.3)normal.map`
60066
`conflagration/hell_17303n.map`
60067
`kohlepowerstation/hell_18004(4,0)n.map`
60068
`fruz_station/hell_12047(3,0)n.map`
60069
`trombe/hell_14006(3,0)n.map`
60070
`grandine/hell_15414(3,1)normal.map`
61000
`tutorial/tutorial(0,1)_start.map`
61001
`tutorial/tutorial(1,1)_normal.map`
61002
`tutorial/tutorial(2,1)_normal.map`
61003
`tutorial/tutorial(3,1)_normal.map`
61004
`tutorial/tutorial(3,2)_normal.map`
61005
`tutorial/tutorial(4,1)_normal.map`
61006
`tutorial/tutorial(3,0)_boss.map`
61007
`tutorial_timegate/61007(0,0)_start.map`
61008
`tutorial_timegate/61008(1,0)_normal.map`
61009
`tutorial_timegate/61009(2,0)_normal.map`
61010
`tutorial_timegate/61010(3,0)_normal.map`
61011
`tutorial_timegate/61011(4,0)_normal.map`
61012
`tutorial_timegate/61012(5,0)_normal.map`
61013
`tutorial_timegate/61013(6,0)_boss.map`
61014
`tutorial_timegate2/61014(0,0)_start.map`
61015
`tutorial_timegate2/61015(1,0)_normal.map`
61016
`tutorial_timegate2/61016(2,0)_normal.map`
61017
`tutorial_timegate2/61017(3,0)_normal.map`
61018
`tutorial_timegate2/61018(4,0)_normal.map`
61019
`tutorial_timegate2/61019(6,0)_normal.map`
61020
`tutorial_timegate2/61020(7,0)_boss.map`
61021
`tutorial_timegate2/61021(5,0)_normal.map`