#PVF_File

1
`atfighter/shouldercharge.skl`
2
`atfighter/crouch.skl`
3
`atfighter/grabexplosion.skl`
4
`atfighter/crashlowkick.skl`
5
`atfighter/liftupper.skl`
6
`atfighter/damagelowkick.skl`
7
`atfighter/physicaldefenseup.skl`
8
`atfighter/kensin.skl`
9
`atfighter/suplex.skl`
10
`atfighter/backsuplex.skl`
11
`atfighter/thundersuplex.skl`
12
`atfighter/energyball.skl`
13
`atfighter/throwsand.skl`
14
`atfighter/mount.skl`
15
`atfighter/sajahu.skl`
16
`atfighter/kikouken.skl`
17
`atfighter/stomp.skl`
18
`atfighter/spire.skl`
19
`atfighter/closepunch.skl`
20
`atfighter/superarmor.skl`
21
`atfighter/cancelenergyball.skl`
22
`atfighter/suplexsubpowerup.skl`
29
`atfighter/lightfriendship.skl`
30
`atfighter/lightenchantweapon.skl`
31
`atfighter/attackspeedup.skl`
32
`atfighter/poisontoleranceup.skl`
33
`atfighter/stunonuseskill.skl`
34
`atfighter/equipboxingglove.skl`
35
`atfighter/blindtoleranceup.skl`
36
`atfighter/lighttoleranceup.skl`
37
`atfighter/slowdownpowerup.skl`
38
`atfighter/enchantpoison.skl`
39
`atfighter/aimvitalpoint.skl`
40
`atfighter/spiralnen.skl`
41
`atfighter/flamelegs.skl`
42
`atfighter/nenguard.skl`
43
`atfighter/doublethrow.skl`
44
`atfighter/provocation.skl`
45
`atfighter/clawmastery.skl`
46
`atfighter/singlekick.skl`
49
`atfighter/throwenemy.skl`
50
`atfighter/definitegrab.skl`
51
`atfighter/slidegrab.skl`
52
`atfighter/throwweb.skl`
54
`atfighter/shouldertackle.skl`
55
`atfighter/grabcannon.skl`
56
`atfighter/armormasterylightsk.skl`
57
`atfighter/armormasterylightgp.skl`
58
`atfighter/whirlwindkick.skl`
60
`atfighter/blockbuster.skl`
61
`atfighter/cancelthrow.skl`
62
`atfighter/legsuplex.skl`
63
`atfighter/typhoon.skl`
65
`atfighter/efficientburn.skl`
67
`atfighter/nenflower.skl`
68
`atfighter/lightningdance.skl`
69
`atfighter/illusionbomb.skl`
73
`atfighter/armormasteryheavysp.skl`
74
`atfighter/crazymount.skl`
75
`atfighter/hiddensting.skl`
76
`atfighter/venommine.skl`
77
`atfighter/junkspin.skl`
78
`atfighter/energyballcharge.skl`
79
`atfighter/nenmonsterwhitetiger.skl`
80
`atfighter/dashpunch.skl`
81
`atfighter/punchafterreturn.skl`
82
`atfighter/randomkick.skl`
83
`atfighter/risingupper.skl`
84
`atfighter/dashafterdash.skl`
85
`atfighter/dashafterdashextension.skl`
86
`atfighter/earthbreak.skl`
87
`atfighter/holdup.skl`
88
`atfighter/wildcannonspike.skl`
89
`atfighter/suplexcyclone.skl`
90
`atfighter/lightningdragon.skl`
91
`atfighter/muscleshift.skl`
97
`atfighter/armormasteryclothnm.skl`
105
`atfighter/destroyearthskydrop.skl`
106
`atfighter/groundkick.skl`
108
`atfighter/fastdash.skl`
109
`atfighter/smartthrow.skl`
110
`atfighter/autoload.skl`
111
`atfighter/spiralnenshoot.skl`
112
`atfighter/spiralnenspin.skl`
114
`atfighter/nenpole.skl`
115
`atfighter/typhooncounterstrike.skl`
116
`atfighter/1000hands1000eyes.skl`
117
`atfighter/nenspearex.skl`
118
`atfighter/chargespearex.skl`
119
`atfighter/glueyfruitex.skl`
120
`atfighter/spiralcolumnex.skl`
121
`atfighter/108stairsex.skl`
122
`atfighter/hurricanespear.skl`
123
`atfighter/crashrope.skl`
124
`atfighter/chainkickex.skl`
125
`atfighter/earthbreakex.skl`
126
`atfighter/suplexex.skl`
127
`atfighter/energyballex.skl`
128
`atfighter/physicaldefenseupex2.skl`
129
`atfighter/whirlwindkickex.skl`
130
`atfighter/damagelowkickex.skl`
131
`atfighter/crouchex.skl`
132
`atfighter/throwsandex.skl`
133
`atfighter/kikoukenex.skl`
134
`atfighter/thundersuplexex.skl`
135
`atfighter/randomkickex.skl`
136
`atfighter/nenmonsterwhitetigerex.skl`
137
`atfighter/crashlowkickex.skl`
138
`atfighter/groundkickex.skl`
139
`atfighter/lightningdanceex.skl`
140
`atfighter/risingupperex.skl`
141
`atfighter/throwwebex.skl`
142
`atfighter/provocationex.skl`
143
`atfighter/venommineex.skl`
144
`atfighter/junkspinex.skl`
145
`atfighter/punchafterreturnex.skl`
146
`atfighter/shouldertackleex.skl`
147
`atfighter/suplexcycloneex.skl`
148
`atfighter/spireex.skl`
149
`atfighter/basicattackupex.skl`
150
`atfighter/liftupperex.skl`
151
`atfighter/singlekickex.skl`
152
`atfighter/kensinex.skl`
153
`atfighter/stompex.skl`
154
`atfighter/nenguardex.skl`
155
`atfighter/illusionbombex.skl`
156
`atfighter/sajahuex.skl`
157
`atfighter/lightningdragonex.skl`
158
`atfighter/spiralnenshootex.skl`
159
`atfighter/spiralnenspinex.skl`
160
`atfighter/dashpunchex.skl`
161
`atfighter/closepunchex.skl`
162
`atfighter/shoulderchargeex.skl`
163
`atfighter/grabexplosionex.skl`
164
`atfighter/hiddenstingex.skl`
165
`atfighter/enchantpoisonex.skl`
166
`atfighter/throwenemyex.skl`
167
`atfighter/legsuplexex.skl`
168
`atfighter/holdupex.skl`
169
`passive/backstep.skl`
172
`atfighter/armormasterylight.skl`
173
`atfighter/armormasteryheavy.skl`
174
`atfighter/basicattackup.skl`
175
`atfighter/jumppowerup.skl`
176
`atfighter/magicalattackup.skl`
177
`atfighter/throwmastery.skl`
178
`atfighter/physicalbackattackcritical.skl`
179
`atfighter/disjointitem.skl`
180
`atfighter/superarmoroncast.skl`
181
`atfighter/compoundcraft.skl`
182
`atfighter/compoundweaving.skl`
183
`atfighter/compoundmachine.skl`
184
`atfighter/compoundchemistry.skl`
185
`atfighter/armormasteryleather.skl`
186
`atfighter/physicalcriticalhitup.skl`
187
`atfighter/armormasterycloth.skl`
188
`atfighter/magicalcriticalhitup.skl`
189
`atfighter/magicalbackattackcritical.skl`
190
`atfighter/quickstanding.skl`
191
`atfighter/enchant.skl`
192
`atfighter/dollmaking.skl`
193
`atfighter/alchemy.skl`
194
`atfighter/opendisjointshop.skl`
195
`atfighter/basichpmaxup.skl`
196
`atfighter/armormasteryplate.skl`
197
`atfighter/conversion.skl`
198
`atfighter/burster.skl`
199
`passive/benyuan.skl`
200
`atfighter/statusup.skl`
201
`atfighter/experienceup.skl`
210
`atfighter/definitegrabex.skl`
211
`atfighter/wildcannonspikeex.skl`
212
`atfighter/magicalattackupex.skl`
213
`atfighter/magicaldefenceupex.skl`
214
`atfighter/stuckupex.skl`
215
`atfighter/activepropertystuckupex.skl`
216
`atfighter/hpregenrateupex.skl`
217
`atfighter/mpregenrateupex.skl`
218
`atfighter/elementattackallupex.skl`
219
`atfighter/elementtoleranceallupex.skl`
220
`atfighter/atfighter_spiralemperorslap.skl`
221
`atfighter/atfighter_moonlighttheearth.skl`
222
`atfighter/atfighter_glancethehost.skl`
223
`atfighter/atfighter_dropfire.skl`
224
`atfighter/atfighter_atomiccannon.skl`
225
`atfighter/atfighter_emperorcombination.skl`
226
`atfighter/atfighter_chaindrive.skl`
227
`atfighter/atfighter_ruinrain.skl`
228
`atfighter/atfighter_fireworks.skl`
229
`atfighter/atfighter_cyclonecrash.skl`
230
`atfighter/atfighter_chainbrake.skl`
231
`atfighter/atfighter_finalextremestrike.skl`
254
`atfighter/atfighter_comminterrupt.skl`
