#PVF_File

1
`atgunner/flamebullet.skl`
2
`atgunner/freezebullet.skl`
3
`atgunner/windmill.skl`
4
`atgunner/aerialknee.skl`
5
`atgunner/headshot.skl`
6
`atgunner/punisher.skl`
7
`atgunner/fastknee.skl`
8
`atgunner/risingwindmill.skl`
9
`atgunner/randomshoot.skl`
10
`atgunner/bulletguard.skl`
11
`atgunner/fastshoot.skl`
12
`atgunner/gatling.skl`
13
`atgunner/flamethrower.skl`
14
`atgunner/aerialgatling.skl`
15
`atgunner/walkshoot.skl`
20
`atgunner/turningshoot.skl`
21
`atgunner/subweaponmastery.skl`
22
`atgunner/reducerevolverdelay.skl`
23
`atgunner/reducerevolverreload.skl`
26
`atgunner/countershoot.skl`
27
`atgunner/robotrx78.skl`
28
`atgunner/robotez8.skl`
29
`atgunner/robotexs.skl`
30
`atgunner/silverbullet.skl`
31
`atgunner/bulletreinforce.skl`
32
`atgunner/tripleclutch.skl`
33
`atgunner/stayonjumpshoot.skl`
34
`atgunner/hitonsubweapon.skl`
35
`atgunner/airraid.skl`
36
`atgunner/flamethrowerboost.skl`
37
`atgunner/highanglesliding.skl`
38
`atgunner/fm31.skl`
39
`atgunner/laserrifle.skl`
40
`atgunner/steyrheavyrifle.skl`
41
`atgunner/laserriflecharge.skl`
42
`atgunner/rx78ofcrisis.skl`
43
`atgunner/camouflage.skl`
44
`atgunner/subweaponpowerup.skl`
45
`atgunner/uraniumbomb.skl`
46
`atgunner/robotics.skl`
47
`atgunner/liftshot.skl`
48
`atgunner/crossshoot.skl`
49
`atgunner/increasebulletbuffcount.skl`
50
`atgunner/robotsexplosion.skl`
51
`atgunner/doublegunhawk.skl`
52
`atgunner/armorbullet.skl`
53
`atgunner/napalmbomb.skl`
55
`atgunner/armormasteryleatherrg.skl`
56
`atgunner/grenadenone.skl`
57
`atgunner/grenadelight.skl`
58
`atgunner/grenadewater.skl`
59
`atgunner/mechadrop.skl`
60
`atgunner/revolvercriticaldamageup.skl`
61
`atgunner/armormasteryleathersp.skl`
62
`atgunner/subweaponstuckdown.skl`
63
`atgunner/robottempester.skl`
71
`atgunner/extruder.skl`
72
`atgunner/multiheadshot.skl`
73
`atgunner/cannonball.skl`
74
`atgunner/cancelcannonball.skl`
75
`atgunner/stinger.skl`
76
`atgunner/flashmine.skl`
77
`atgunner/c4remote.skl`
78
`atgunner/nielsniping.skl`
79
`atgunner/g1.skl`
80
`atgunner/g2.skl`
81
`atgunner/g3.skl`
82
`atgunner/chargingsupply.skl`
83
`atgunner/sparrowfactory.skl`
91
`atgunner/armormasteryclothmn.skl`
92
`atgunner/armormasteryheavyru.skl`
93
`atgunner/overheat.skl`
94
`atgunner/veiledcut.skl`
95
`atgunner/gextension.skl`
96
`atgunner/g0.skl`
97
`atgunner/ancienttrigger.skl`
98
`atgunner/empstorm.skl`
99
`atgunner/weaponreinforce.skl`
100
`atgunner/twingunblade.skl`
101
`atgunner/airraidex.skl`
102
`atgunner/c4remoteex.skl`
103
`atgunner/flashmineex.skl`
104
`atgunner/multiheadshotex.skl`
105
`atgunner/robotez8ex.skl`
106
`atgunner/robotexsex.skl`
107
`atgunner/blizzardthrowerboost.skl`
108
`atgunner/stingerex.skl`
109
`atgunner/chargebuster.skl`
110
`atgunner/musketmastery.skl`
140
`atgunner/headshotex.skl`
141
`atgunner/aerialgatlingex.skl`
142
`atgunner/robotrx78ex.skl`
143
`atgunner/silverbulletex.skl`
144
`atgunner/bulletguardex.skl`
145
`atgunner/punisherex.skl`
146
`atgunner/flamethrowerex.skl`
147
`atgunner/steyrheavyrifleex.skl`
148
`atgunner/robotsexplosionex.skl`
149
`atgunner/g1ex.skl`
150
`atgunner/crossshootex.skl`
151
`atgunner/increasebulletbuffcountex.skl`
152
`atgunner/magicalchangeex.skl`
153
`atgunner/fastkneeex.skl`
154
`atgunner/randomshootex.skl`
155
`atgunner/grenadenoneex.skl`
156
`atgunner/napalmbombex.skl`
157
`atgunner/robotez8exp.skl`
158
`atgunner/sparrowfactoryex.skl`
159
`atgunner/gatlingex.skl`
160
`atgunner/stingerexp.skl`
161
`atgunner/basicattackupex.skl`
162
`atgunner/flamebulletex.skl`
163
`atgunner/freezebulletex.skl`
164
`atgunner/countershootex.skl`
165
`atgunner/crossbowmastery.skl`
166
`atgunner/windmillex.skl`
167
`atgunner/liftshotex.skl`
168
`atgunner/aerialkneeex.skl`
169
`passive/backstep.skl`
172
`atgunner/armormasterylight.skl`
173
`atgunner/armormasteryheavy.skl`
174
`atgunner/basicattackup.skl`
175
`atgunner/jumppowerup.skl`
176
`atgunner/magicalattackup.skl`
177
`atgunner/throwmastery.skl`
178
`atgunner/physicalbackattackcritical.skl`
179
`atgunner/disjointitem.skl`
180
`atgunner/superarmoroncast.skl`
181
`atgunner/compoundcraft.skl`
182
`atgunner/compoundweaving.skl`
183
`atgunner/compoundmachine.skl`
184
`atgunner/compoundchemistry.skl`
185
`atgunner/armormasteryleather.skl`
186
`atgunner/physicalcriticalhitup.skl`
187
`atgunner/armormasterycloth.skl`
188
`atgunner/magicalcriticalhitup.skl`
189
`atgunner/magicalbackattackcritical.skl`
190
`atgunner/quickstanding.skl`
191
`atgunner/enchant.skl`
192
`atgunner/dollmaking.skl`
193
`atgunner/alchemy.skl`
194
`atgunner/opendisjointshop.skl`
195
`atgunner/basichpmaxup.skl`
196
`atgunner/armormasteryplate.skl`
197
`atgunner/conversion.skl`
198
`atgunner/burster.skl`
199
`passive/benyuan.skl`
200
`atgunner/statusup.skl`
201
`atgunner/experienceup.skl`
211
`atgunner/airraidexp.skl`
212
`atgunner/walkshootex.skl`
213
`atgunner/doublegunhawkex.skl`
214
`atgunner/multiheadshotexp.skl`
215
`atgunner/laserrifleex.skl`
216
`atgunner/extruderex.skl`
217
`atgunner/cannonballex.skl`
218
`atgunner/flamethrowerboostex.skl`
219
`atgunner/g2ex.skl`
220
`atgunner/g3ex.skl`
221
`atgunner/uraniumbombexp.skl`
222
`atgunner/robottempesterex.skl`
223
`atgunner/grenadelightex.skl`
224
`atgunner/grenadewaterex.skl`
225
`atgunner/armorbulletex.skl`
226
`atgunner/chargebusterex.skl`
227
`atgunner/flashmineexp.skl`
228
`atgunner/c4remoteexp.skl`
229
`atgunner/nielsnipingex.skl`
230
`atgunner/robotexsexp.skl`
231
`atgunner/mechadropex.skl`
232
`atgunner/atgunner_plasmaboost.skl`
233
`atgunner/atgunner_fsc_7.skl`
234
`atgunner/atgunner_pt_15.skl`
235
`atgunner/atgunner_operationraze.skl`
236
`atgunner/atgunner_suppressingfire.skl`
237
`atgunner/atgunner_killpoint.skl`
238
`atgunner/atgunner_chaindevider.skl`
239
`atgunner/atgunner_bloodnchain.skl`
240
`atgunner/atgunner_gravitygrenade.skl`
241
`atgunner/atgunner_pistolcarbine.skl`
242
`atgunner/atgunner_openfire.skl`
243
`atgunner/atgunner_g96thermobaricgranade.skl`
244
`atgunner/atgunner_dday.skl`
245
`atgunner/atgunner_hs12.skl`
246
`atgunner/atgunner_g4.skl`
247
`atgunner/atgunner_gspfalcon.skl`
248
`atgunner/atgunner_magneticfield.skl`
249
`atgunner/atgunner_mecabolt.skl`
250
`atgunner/atgunner_stylish.skl`
253
`atgunner/atgunner_huashi.skl`
254
`atgunner/atgunner_comminterrupt.skl`
