#PVF_File

91
`CreatorMage/EquipBroom.skl`
131
`CreatorMage/Firewall.skl`
132
`CreatorMage/FireHurricane.skl`
133
`CreatorMage/FireMeteo.skl`
134
`CreatorMage/IceRock.skl`
135
`CreatorMage/IceShield.skl`
136
`CreatorMage/IcePlate.skl`
137
`CreatorMage/mgrab.skl`
138
`CreatorMage/WoodFence.skl`
169
`CreatorMage/BackStep.skl`
170
`Mage/CancelBackStep.skl`
171
`Mage/CancelThrowItem.skl`
172
`Mage/ArmorMasteryLight.skl`
173
`Mage/ArmorMasteryHeavy.skl`
174
`Mage/BasicAttackUp.skl`
175
`CreatorMage/JumpPowerUp.skl`
176
`CreatorMage/MagicalAttackUp.skl`
177
`Mage/ThrowMastery.skl`
178
`Mage/PhysicalBackAttackCritical.skl`
179
`Mage/DisjointItem.skl`
180
`CreatorMage/SuperArmorOnCast.skl`
181
`Mage/CompoundCraft.skl`
182
`Mage/CompoundWeaving.skl`
183
`Mage/CompoundMachine.skl`
184
`Mage/CompoundChemistry.skl`
185
`Mage/ArmorMasteryLeather.skl`
186
`Mage/PhysicalCriticalHitUp.skl`
187
`Mage/ArmorMasteryCloth.skl`
188
`Mage/MagicalCriticalHitUp.skl`
189
`Mage/MagicalBackAttackCritical.skl`
190
`CreatorMage/QuickStanding.skl`
195
`Mage/BasicHpMaxUp.skl`
196
`Mage/ArmorMasteryPlate.skl`
197
`CreatorMage/Conversion.skl`
200
`Mage/StatusUp.skl`
201
`Mage/ExperienceUp.skl`
191
`Mage/Enchant.skl`
192
`Mage/DollMaking.skl`
193
`Mage/Alchemy.skl`
194
`Mage/OpenDisjointShop.skl`
248
`CreatorMage/WindPress.skl`
249
`CreatorMage/WindStorm.skl`
250
`CreatorMage/CreatorFlame.skl`
251
`CreatorMage/CreatorIce.skl`
252
`CreatorMage/CreatorDisturb.skl`
253
`CreatorMage/CreatorGuardian.skl`
254
`CreatorMage/CreatorWind.skl`