#PVF_File

1
`DemonicSwordman/Guard.skl`
2
`DemonicSwordman/comboSkill/ReflectGuard.skl`
3
`DemonicSwordman/AutoGuard.skl`
4
`DemonicSwordman/LightSwordMastery.skl`
5
`DemonicSwordman/HardAttack.skl`
6
`DemonicSwordman/HardAttackCharge.skl`
7
`DemonicSwordman/HitBack.skl`
8
`DemonicSwordman/comboSkill/TripleSlash.skl`
9
`DemonicSwordman/comboSkill/MomentarySlash.skl`
10
`DemonicSwordman/CancelWave.skl`
11
`DemonicSwordman/DashAttackMultiHit.skl`
12
`DemonicSwordman/ShortSwordMastery.skl`
13
`DemonicSwordman/BladeMastery.skl`
14
`DemonicSwordman/HeavySwordMastery.skl`
15
`DemonicSwordman/BluntMastery.skl`
16
`DemonicSwordman/AshenFork.skl`
17
`DemonicSwordman/comboSkill/JumpAttackMulti.skl`
18
`DemonicSwordman/GhostStep.skl`
19
`DemonicSwordman/PinchPowerUp.skl`
20
`DemonicSwordman/comboSkill/NormalWave.skl`
21
`DemonicSwordman/IceWave.skl`
22
`DemonicSwordman/FireWave.skl`
23
`DemonicSwordman/Sacrifice.skl`
24
`DemonicSwordman/comboSkill/BloodBlast.skl`
25
`DemonicSwordman/Khazan.skl`
26
`DemonicSwordman/CancelTripleSlash.skl`
27
`DemonicSwordman/WeaponMasteryUp.skl`
28
`DemonicSwordman/CancelHardAttack.skl`
29
`DemonicSwordman/DarkFriendship.skl`
30
`DemonicSwordman/DarkToleranceUp.skl`
31
`DemonicSwordman/comboSkill/GrabBlastBlood.skl`
32
`DemonicSwordman/ReleaseWave.skl`
33
`DemonicSwordman/EquipLightSword.skl`
34
`DemonicSwordman/DieHard.skl`
35
`DemonicSwordman/GhostPowerUp.skl`
36
`DemonicSwordman/Saya.skl`
37
`DemonicSwordman/FastEquip.skl`
38
`DemonicSwordman/OverDrive.skl`
39
`DemonicSwordman/DurabilityUp.skl`
40
`DemonicSwordman/Reckless.skl`
41
`DemonicSwordman/Bremen.skl`
42
`DemonicSwordman/DisjointItemDark.skl`
43
`DemonicSwordman/JumpAttackHighFast.skl`
44
`DemonicSwordman/comboSkill/TombStoneRain.skl`
45
`DemonicSwordman/CancelGuard.skl`
46
`DemonicSwordman/comboSkill/UpperSlash.skl`
47
`DemonicSwordman/WaveMark.skl`
48
`DemonicSwordman/CancelUpperSlash.skl`
49
`DemonicSwordman/BackStepCutter.skl`
50
`DemonicSwordman/comboSkill/GrandWave.skl`
51
`DemonicSwordman/GrandWaveCharge.skl`
52
`DemonicSwordman/DOTArea.skl`
53
`DemonicSwordman/MindFlash.skl`
54
`DemonicSwordman/CancelGrabBlastBlood.skl`
55
`DemonicSwordman/SenseViolentTemper.skl`
56
`DemonicSwordman/ArmorMasteryHeavyBK.skl`
57
`DemonicSwordman/comboSkill/ShockWaveArea.skl`
58
`DemonicSwordman/comboSkill/VaneSlash.skl`
59
`DemonicSwordman/CancelVaneSlash.skl`
60
`DemonicSwordman/comboSkill/GhostStepSlash.skl`
61
`DemonicSwordman/ArmorMasteryPlateWave.skl`
62
`DemonicSwordman/StandAloneWave.skl`
63
`DemonicSwordman/BloodyVigorous.skl`
64
`DemonicSwordman/comboSkill/GoreCross.skl`
65
`DemonicSwordman/comboSkill/HopSmash.skl`
66
`DemonicSwordman/CancelHopSmash.skl`
67
`DemonicSwordman/WeaponCombo.skl`
68
`DemonicSwordman/comboSkill/ChargeCrash.skl`
69
`DemonicSwordman/CancelChargeCrash.skl`
70
`DemonicSwordman/CancelBloodBlast.skl`
71
`DemonicSwordman/CancelReflectGuard.skl`
72
`DemonicSwordman/comboSkill/RapidMoveSlash.skl`
73
`DemonicSwordman/comboSkill/IllusionSlash.skl`
74
`DemonicSwordman/comboSkill/WaveSpinArea.skl`
75
`DemonicSwordman/EpidemicRasa.skl`
76
`DemonicSwordman/Frenzy.skl`
77
`DemonicSwordman/comboSkill/MoonlightSlash.skl`
78
`DemonicSwordman/CancelGoreCross.skl`
79
`DemonicSwordman/comboSkill/BloodyRave.skl`
80
`DemonicSwordman/MoonlightSlashFull.skl`
81
`DemonicSwordman/comboSkill/OutRageBreak.skl`
82
`DemonicSwordman/comboSkill/Kalla.skl`
83
`DemonicSwordman/CancelMoonlightSlash.skl`
84
`DemonicSwordman/Keiga.skl`
85
`DemonicSwordman/Hellbenter.skl`
86
`DemonicSwordman/HundredSword.skl`
87
`DemonicSwordman/Blache.skl`
88
`DemonicSwordman/WaveEye.skl`
89
`DemonicSwordman/DarkAura.skl`
90
`DemonicSwordman/BleedingMastery.skl`
91
`DemonicSwordman/DefenseDownOnCritical.skl`
92
`DemonicSwordman/StuckUpOnCounter.skl`
93
`DemonicSwordman/ArmorMasteryClothSB.skl`
94
`DemonicSwordman/ArmorMasteryLightWM.skl`
95
`DemonicSwordman/TombStoneRainEx.skl`
96
`DemonicSwordman/SayaEx.skl`
97
`DemonicSwordman/MomentarySlashEx.skl`
98
`DemonicSwordman/ChargeCrashEx.skl`
99
`DemonicSwordman/FireWaveEx.skl`
100
`DemonicSwordman/IceWaveEx.skl`
101
`DemonicSwordman/BloodBlastEx.skl`
102
`DemonicSwordman/GrabBlastBloodEx.skl`
103
`DemonicSwordman/comboSkill/BloodSword.skl`
104
`DemonicSwordman/CancelBloodSword.skl`
105
`DemonicSwordman/FlowMind.skl`
106
`DemonicSwordman/CancelFlowMind.skl`
107
`DemonicSwordman/comboSkill/FlowMindOne.skl`
108
`DemonicSwordman/comboSkill/FlowMindTwo.skl`
109
`DemonicSwordman/comboSkill/FlowMindThree.skl`
110
`DemonicSwordman/FlowMindPowerUp.skl`
111
`DemonicSwordman/comboSkill/GhostSideWind.skl`
112
`DemonicSwordman/comboSkill/TripleStab.skl`
113
`DemonicSwordman/CancelGhostSideWind.skl`
114
`DemonicSwordman/CancelTripleStab.skl`
115
`DemonicSwordman/GhostSideWindEx.skl`
116
`DemonicSwordman/TripleStabEx.skl`
117
`DemonicSwordman/comboSkill/DarkWave.skl`
118
`DemonicSwordman/comboSkill/comboset0.skl`
119
`DemonicSwordman/comboSkill/comboset1.skl`
120
`DemonicSwordman/comboSkill/comboset2.skl`
121
`DemonicSwordman/comboSkill/comboset3.skl`
122
`DemonicSwordman/comboSkill/comboset4.skl`
123
`DemonicSwordman/comboSkill/comboset5.skl`
139
`DemonicSwordman/PinchPowerUpEx.skl`
140
`DemonicSwordman/NormalWaveEx.skl`
141
`DemonicSwordman/GoreCrossEx.skl`
142
`DemonicSwordman/HardAttackEx.skl`
143
`DemonicSwordman/TripleSlashEx.skl`
144
`DemonicSwordman/HitBackEx.skl`
145
`DemonicSwordman/AutoGuardEx.skl`
146
`DemonicSwordman/BremenEx.skl`
147
`DemonicSwordman/GhostStepEx.skl`
148
`DemonicSwordman/DieHardEx.skl`
149
`DemonicSwordman/RecklessEx.skl`
150
`DemonicSwordman/DOTAreaEx.skl`
151
`DemonicSwordman/WaveMarkEx.skl`
152
`DemonicSwordman/RapidMoveSlashEx.skl`
153
`DemonicSwordman/AshenForkEx.skl`
154
`DemonicSwordman/MomentarySlashExp.skl`
155
`DemonicSwordman/MoonlightSlashEx.skl`
156
`DemonicSwordman/EpidemicRasaEx.skl`
157
`DemonicSwordman/HopSmashEx.skl`
158
`DemonicSwordman/BloodyRaveEx.skl`
159
`DemonicSwordman/VaneSlashEx.skl`
160
`DemonicSwordman/ReflectGuardEx.skl`
161
`DemonicSwordman/BasicAttackUpEx.skl`
162
`DemonicSwordman/DashAttackMultiHitEx.skl`
163
`DemonicSwordman/GuardEx.skl`
164
`DemonicSwordman/KhazanEx.skl`
165
`DemonicSwordman/GrabBlastBloodExp.skl`
166
`DemonicSwordman/BloodBlastExp.skl`
167
`DemonicSwordman/OutRageBreakEx.skl`
168
`DemonicSwordman/BloodSwordEx.skl`
169
`passive/BackStep.skl`
170
`DemonicSwordman/CancelBackStep.skl`
171
`DemonicSwordman/CancelThrowItem.skl`
172
`DemonicSwordman/ArmorMasteryLight.skl`
173
`DemonicSwordman/ArmorMasteryHeavy.skl`
174
`DemonicSwordman/BasicAttackUp.skl`
175
`DemonicSwordman/JumpPowerUp.skl`
176
`DemonicSwordman/MagicalAttackUp.skl`
177
`DemonicSwordman/ThrowMastery.skl`
178
`DemonicSwordman/PhysicalBackAttackCritical.skl`
179
`DemonicSwordman/DisjointItem.skl`
180
`DemonicSwordman/SuperArmorOnCast.skl`
181
`DemonicSwordman/CompoundCraft.skl`
182
`DemonicSwordman/CompoundWeaving.skl`
183
`DemonicSwordman/CompoundMachine.skl`
184
`DemonicSwordman/CompoundChemistry.skl`
185
`DemonicSwordman/ArmorMasteryLeather.skl`
186
`DemonicSwordman/PhysicalCriticalHitUp.skl`
187
`DemonicSwordman/ArmorMasteryCloth.skl`
188
`DemonicSwordman/MagicalCriticalHitUp.skl`
189
`DemonicSwordman/MagicalBackAttackCritical.skl`
190
`DemonicSwordman/QuickStanding.skl`
195
`DemonicSwordman/BasicHpMaxUp.skl`
196
`DemonicSwordman/ArmorMasteryPlate.skl`
197
`DemonicSwordman/Conversion.skl`
199
`passive/benyuan.skl`
200
`DemonicSwordman/StatusUp.skl`
201
`DemonicSwordman/ExperienceUp.skl`
191
`DemonicSwordman/Enchant.skl`
192
`DemonicSwordman/DollMaking.skl`
193
`DemonicSwordman/Alchemy.skl`
194
`DemonicSwordman/OpenDisjointShop.skl`
210
`DemonicSwordman/ReleaseWaveEx.skl`
211
`DemonicSwordman/GrandWaveEx.skl`
212
`DemonicSwordman/FireWaveExp.skl`
213
`DemonicSwordman/StandAloneWaveEx.skl`
214
`DemonicSwordman/WaveSpinAreaEx.skl`
215
`DemonicSwordman/UpperSlashEx.skl`
216
`DemonicSwordman/IceWaveExp.skl`
217
`DemonicSwordman/IllusionSlashExp.skl`
218
`DemonicSwordman/ChargeCrashExp.skl`
219
`DemonicSwordman/FlowMindOneEx.skl`
220
`DemonicSwordman/FlowMindTwoEx.skl`
221
`DemonicSwordman/FlowMindThreeEx.skl`
224
`DemonicSwordman/SayaExp.skl`
225
`DemonicSwordman/TombStoneRainExp.skl`
226
`DemonicSwordman/GhostStepSlashEx.skl`
227
`DemonicSwordman/KallaEx.skl`
228
`DemonicSwordman/ReflectGuardExp.skl`