#PVF_File

1
`fighter/shouldercharge.skl`
2
`fighter/crouch.skl`
3
`fighter/grabexplosion.skl`
4
`fighter/crashlowkick.skl`
5
`fighter/liftupper.skl`
6
`fighter/damagelowkick.skl`
7
`fighter/ironskin.skl`
8
`fighter/kensin.skl`
9
`fighter/suplex.skl`
10
`fighter/backsuplex.skl`
11
`fighter/thundersuplex.skl`
12
`fighter/energyball.skl`
13
`fighter/throwsand.skl`
14
`fighter/mount.skl`
15
`fighter/sajahu.skl`
16
`fighter/kikouken.skl`
17
`fighter/stomp.skl`
18
`fighter/spire.skl`
19
`fighter/closepunch.skl`
20
`fighter/superarmor.skl`
21
`fighter/cancelenergyball.skl`
22
`fighter/suplexsubpowerup.skl`
29
`fighter/lightfriendship.skl`
30
`fighter/lightenchantweapon.skl`
31
`fighter/attackspeedup.skl`
32
`fighter/poisontoleranceup.skl`
33
`fighter/stunonuseskill.skl`
34
`fighter/equipboxingglove.skl`
35
`fighter/blindtoleranceup.skl`
36
`fighter/lighttoleranceup.skl`
37
`fighter/slowdownpowerup.skl`
38
`fighter/enchantpoison.skl`
39
`fighter/aimvitalpoint.skl`
40
`fighter/spiralnen.skl`
41
`fighter/disjointitemlight.skl`
42
`fighter/nenguard.skl`
43
`fighter/doublethrow.skl`
44
`fighter/provocation.skl`
45
`fighter/clawmastery.skl`
46
`fighter/singlekick.skl`
49
`fighter/throwenemy.skl`
50
`fighter/definitegrab.skl`
51
`fighter/slidegrab.skl`
52
`fighter/throwweb.skl`
54
`fighter/shouldertackle.skl`
55
`fighter/grabcannon.skl`
56
`fighter/armormasterylightsk.skl`
57
`fighter/armormasterylightgp.skl`
58
`fighter/whirlwindkick.skl`
60
`fighter/blockbuster.skl`
62
`fighter/legsuplex.skl`
63
`fighter/typhoon.skl`
64
`fighter/poisonmist.skl`
65
`fighter/poisonmastery.skl`
66
`fighter/grabmastery.skl`
67
`fighter/nenflower.skl`
68
`fighter/lightningdance.skl`
69
`fighter/illusionbomb.skl`
70
`fighter/powerupondash.skl`
71
`fighter/strongestlowkick.skl`
72
`fighter/nenshield.skl`
73
`fighter/armormasteryheavysp.skl`
74
`fighter/crazymount.skl`
75
`fighter/hiddensting.skl`
76
`fighter/venommine.skl`
77
`fighter/junkspin.skl`
78
`fighter/energyballcharge.skl`
79
`fighter/nenmonsterwhitetiger.skl`
80
`fighter/dashpunch.skl`
81
`fighter/punchafterreturn.skl`
82
`fighter/randomkick.skl`
83
`fighter/risingupper.skl`
84
`fighter/dashafterdash.skl`
85
`fighter/dashafterdashextension.skl`
86
`fighter/earthbreak.skl`
87
`fighter/holdup.skl`
88
`fighter/wildcannonspike.skl`
89
`fighter/suplexcyclone.skl`
90
`fighter/lightningdragon.skl`
91
`fighter/muscleshift.skl`
97
`fighter/armormasteryclothnm.skl`
98
`fighter/nenguardex.skl`
99
`fighter/grabexplosionex.skl`
100
`fighter/sajahuex.skl`
101
`fighter/legsuplexex.skl`
102
`fighter/dashpunchex.skl`
103
`fighter/risingupperex.skl`
104
`fighter/blockbusterex.skl`
105
`fighter/suplexcycloneex.skl`
106
`fighter/groundkick.skl`
139
`fighter/risingupperexp.skl`
140
`fighter/energyballex.skl`
141
`fighter/damagelowkickex.skl`
142
`fighter/suplexex.skl`
143
`fighter/crouchex.skl`
144
`fighter/kikoukenex.skl`
145
`fighter/spiralnenex.skl`
146
`fighter/shoulderchargeex.skl`
147
`fighter/closepunchex.skl`
148
`fighter/mountex.skl`
149
`fighter/throwwebex.skl`
150
`fighter/legsuplexexpassive.skl`
151
`fighter/spireex.skl`
152
`fighter/shouldertackleex.skl`
153
`fighter/ironskinex.skl`
154
`fighter/nenmonsterwhitetigerex.skl`
155
`fighter/dashafterdashex.skl`
156
`fighter/lightningdanceex.skl`
157
`fighter/throwsandex.skl`
158
`fighter/junkspinex.skl`
159
`fighter/earthbreakex.skl`
160
`fighter/suplexcycloneexp.skl`
161
`fighter/thundersuplexex.skl`
162
`fighter/basicattackupex.skl`
163
`fighter/liftupperex.skl`
164
`fighter/singlekickex.skl`
165
`fighter/kensinex.skl`
166
`fighter/stompex.skl`
167
`fighter/nenguardexp.skl`
168
`fighter/illusionbombex.skl`
169
`passive/backstep.skl`
172
`fighter/armormasterylight.skl`
173
`fighter/armormasteryheavy.skl`
174
`fighter/basicattackup.skl`
175
`fighter/jumppowerup.skl`
176
`fighter/magicalattackup.skl`
177
`fighter/throwmastery.skl`
178
`fighter/physicalbackattackcritical.skl`
179
`fighter/disjointitem.skl`
180
`fighter/superarmoroncast.skl`
181
`fighter/compoundcraft.skl`
182
`fighter/compoundweaving.skl`
183
`fighter/compoundmachine.skl`
184
`fighter/compoundchemistry.skl`
185
`fighter/armormasteryleather.skl`
186
`fighter/physicalcriticalhitup.skl`
187
`fighter/armormasterycloth.skl`
188
`fighter/magicalcriticalhitup.skl`
189
`fighter/magicalbackattackcritical.skl`
190
`fighter/quickstanding.skl`
191
`fighter/enchant.skl`
192
`fighter/dollmaking.skl`
193
`fighter/alchemy.skl`
194
`fighter/opendisjointshop.skl`
195
`fighter/basichpmaxup.skl`
196
`fighter/armormasteryplate.skl`
197
`fighter/conversion.skl`
198
`fighter/burster.skl`
199
`passive/benyuan.skl`
200
`fighter/statusup.skl`
201
`fighter/experienceup.skl`
210
`fighter/sajahuexp.skl`
211
`fighter/lightningdragonex.skl`
212
`fighter/dashpunchexp.skl`
214
`fighter/crashlowkickex.skl`
215
`fighter/randomkickex.skl`
216
`fighter/grabexplosionexp.skl`
217
`fighter/hiddenstingex.skl`
218
`fighter/venommineex.skl`
219
`fighter/groundkickex.skl`
220
`fighter/throwenemyex.skl`
221
`fighter/punchafterreturnex.skl`
222
`fighter/whirlwindkickex.skl`
223
`fighter/holdupex.skl`
224
`fighter/wildcannonspikeex.skl`
225
`fighter/fighter_lightdragonthirteen.skl`
226
`fighter/fighter_saintillusion.skl`
227
`fighter/fighter_absorbenergyball.skl`
228
`fighter/fighter_nenofbrilliance.skl`
229
`fighter/fighter_oneelbowchainhit.skl`
230
`fighter/fighter_tigerstrike.skl`
231
`fighter/fighter_chaindestruction.skl`
232
`fighter/fighter_finalheaven.skl`
233
`fighter/fighter_poisonexplosion.skl`
234
`fighter/fighter_dragonmine.skl`
235
`fighter/fighter_poisonsnake.skl`
236
`fighter/fighter_snakecave.skl`
237
`fighter/fighter_elbowthrow.skl`
238
`fighter/fighter_torbellino.skl`
239
`fighter/fighter_hurricanesupersuplex.skl`
240
`fighter/fighter_turnheel.skl`
254
`fighter/fighter_comminterrupt.skl`