#PVF_File

1
`gunner/flamebullet.skl`
2
`gunner/freezebullet.skl`
3
`gunner/windmill.skl`
4
`gunner/aerialknee.skl`
5
`gunner/headshot.skl`
6
`gunner/punisher.skl`
7
`gunner/fastknee.skl`
8
`gunner/risingwindmill.skl`
9
`gunner/randomshoot.skl`
10
`gunner/bulletguard.skl`
11
`gunner/fastshoot.skl`
12
`gunner/gatling.skl`
13
`gunner/flamethrower.skl`
14
`gunner/aerialgatling.skl`
15
`gunner/walkshoot.skl`
20
`gunner/turningshoot.skl`
21
`gunner/subweaponmastery.skl`
22
`gunner/reducerevolverdelay.skl`
23
`gunner/reducerevolverreload.skl`
26
`gunner/countershoot.skl`
27
`gunner/robotrx78.skl`
28
`gunner/robotez8.skl`
29
`gunner/robotexs.skl`
30
`gunner/silverbullet.skl`
31
`gunner/bulletreinforce.skl`
32
`gunner/tripleclutch.skl`
33
`gunner/stayonjumpshoot.skl`
34
`gunner/hitonsubweapon.skl`
35
`gunner/airraid.skl`
36
`gunner/flamethrowerboost.skl`
37
`gunner/highanglesliding.skl`
38
`gunner/fm31.skl`
39
`gunner/laserrifle.skl`
40
`gunner/steyrheavyrifle.skl`
41
`gunner/laserriflecharge.skl`
42
`gunner/rx78ofcrisis.skl`
43
`gunner/camouflage.skl`
44
`gunner/subweaponpowerup.skl`
45
`gunner/uraniumbomb.skl`
46
`gunner/robotics.skl`
47
`gunner/liftshot.skl`
48
`gunner/crossshoot.skl`
49
`gunner/increasebulletbuffcount.skl`
50
`gunner/robotsexplosion.skl`
51
`gunner/doublegunhawk.skl`
52
`gunner/armorbullet.skl`
53
`gunner/napalmbomb.skl`
54
`gunner/satellitelaser.skl`
55
`gunner/armormasteryleatherrg.skl`
56
`gunner/grenadenone.skl`
57
`gunner/grenadelight.skl`
58
`gunner/grenadewater.skl`
59
`gunner/mechadrop.skl`
60
`gunner/revolvercriticaldamageup.skl`
61
`gunner/armormasteryleathersp.skl`
62
`gunner/subweaponstuckdown.skl`
63
`gunner/robottempester.skl`
64
`gunner/desperado.skl`
65
`gunner/radarstuckdown.skl`
66
`gunner/markofdeath.skl`
67
`gunner/gaebolgpunch.skl`
68
`gunner/lastfightingspirit.skl`
69
`gunner/advancedbullet.skl`
70
`gunner/blackrose.skl`
71
`gunner/extruder.skl`
72
`gunner/multiheadshot.skl`
73
`gunner/cannonball.skl`
74
`gunner/cancelcannonball.skl`
75
`gunner/stinger.skl`
76
`gunner/flashmine.skl`
77
`gunner/c4remote.skl`
78
`gunner/nielsniping.skl`
79
`gunner/g1.skl`
80
`gunner/g2.skl`
81
`gunner/g3.skl`
82
`gunner/chargingsupply.skl`
83
`gunner/sparrowfactory.skl`
91
`gunner/armormasteryclothmn.skl`
92
`gunner/armormasteryheavyru.skl`
101
`gunner/airraidex.skl`
102
`gunner/c4remoteex.skl`
103
`gunner/flashmineex.skl`
104
`gunner/multiheadshotex.skl`
105
`gunner/robotez8ex.skl`
106
`gunner/robotexsex.skl`
107
`gunner/blizzardthrowerboost.skl`
108
`gunner/stingerex.skl`
109
`gunner/chargebuster.skl`
110
`gunner/musketmastery.skl`
140
`gunner/headshotex.skl`
141
`gunner/aerialgatlingex.skl`
142
`gunner/robotrx78ex.skl`
143
`gunner/silverbulletex.skl`
144
`gunner/bulletguardex.skl`
145
`gunner/punisherex.skl`
146
`gunner/flamethrowerex.skl`
147
`gunner/steyrheavyrifleex.skl`
148
`gunner/robotsexplosionex.skl`
149
`gunner/g1ex.skl`
150
`gunner/crossshootex.skl`
151
`gunner/increasebulletbuffcountex.skl`
152
`gunner/magicalchangeex.skl`
153
`gunner/fastkneeex.skl`
154
`gunner/randomshootex.skl`
155
`gunner/grenadenoneex.skl`
156
`gunner/napalmbombex.skl`
157
`gunner/robotez8exp.skl`
158
`gunner/sparrowfactoryex.skl`
159
`gunner/gatlingex.skl`
160
`gunner/stingerexp.skl`
161
`gunner/basicattackupex.skl`
162
`gunner/flamebulletex.skl`
163
`gunner/freezebulletex.skl`
164
`gunner/countershootex.skl`
166
`gunner/windmillex.skl`
167
`gunner/liftshotex.skl`
168
`gunner/aerialkneeex.skl`
169
`passive/backstep.skl`
172
`gunner/armormasterylight.skl`
173
`gunner/armormasteryheavy.skl`
174
`gunner/basicattackup.skl`
175
`gunner/jumppowerup.skl`
176
`gunner/magicalattackup.skl`
177
`gunner/throwmastery.skl`
178
`gunner/physicalbackattackcritical.skl`
179
`gunner/disjointitem.skl`
180
`gunner/superarmoroncast.skl`
181
`gunner/compoundcraft.skl`
182
`gunner/compoundweaving.skl`
183
`gunner/compoundmachine.skl`
184
`gunner/compoundchemistry.skl`
185
`gunner/armormasteryleather.skl`
186
`gunner/physicalcriticalhitup.skl`
187
`gunner/armormasterycloth.skl`
188
`gunner/magicalcriticalhitup.skl`
189
`gunner/magicalbackattackcritical.skl`
190
`gunner/quickstanding.skl`
191
`gunner/enchant.skl`
192
`gunner/dollmaking.skl`
193
`gunner/alchemy.skl`
194
`gunner/opendisjointshop.skl`
195
`gunner/basichpmaxup.skl`
196
`gunner/armormasteryplate.skl`
197
`gunner/conversion.skl`
198
`gunner/burster.skl`
199
`passive/benyuan.skl`
200
`gunner/statusup.skl`
201
`gunner/experienceup.skl`
211
`gunner/airraidexp.skl`
212
`gunner/walkshootex.skl`
213
`gunner/doublegunhawkex.skl`
214
`gunner/multiheadshotexp.skl`
215
`gunner/laserrifleex.skl`
216
`gunner/extruderex.skl`
217
`gunner/cannonballex.skl`
218
`gunner/flamethrowerboostex.skl`
219
`gunner/g2ex.skl`
220
`gunner/g3ex.skl`
221
`gunner/uraniumbombexp.skl`
222
`gunner/robottempesterex.skl`
223
`gunner/grenadelightex.skl`
224
`gunner/grenadewaterex.skl`
225
`gunner/armorbulletex.skl`
226
`gunner/chargebusterex.skl`
227
`gunner/flashmineexp.skl`
228
`gunner/c4remoteexp.skl`
229
`gunner/nielsnipingex.skl`
230
`gunner/robotexsexp.skl`
231
`gunner/mechadropex.skl`
232
`gunner/gunner_msc7.skl`
233
`gunner/gunner_seismicwave.skl`
234
`gunner/gunner_plasmaboost.skl`
235
`gunner/gunner_bursterbeamnew.skl`
236
`gunner/gunner_deadlyapproach.skl`
237
`gunner/gunner_wipeout.skl`
238
`gunner/gunner_suppressingfire.skl`
239
`gunner/gunner_fastdraw.skl`
240
`gunner/gunner_seventhflow.skl`
241
`gunner/gunner_pistolcarbine.skl`
242
`gunner/gunner_gravitygrenade.skl`
243
`gunner/gunner_dangerclose.skl`
244
`gunner/gunner_g38arg.skl`
245
`gunner/gunner_supernova.skl`
246
`gunner/gunner_dimensionrunner.skl`
247
`gunner/gunner_hellmarch.skl`
249
`gunner/crossbowmastery.skl`
253
`gunner/gunner_huashi.skl`
254
`gunner/gunner_comminterrupt.skl`
