#PVF_File

1
`mage/enablefinishattack.skl`
2
`mage/magicaltempoup.skl`
3
`mage/warpondamage.skl`
4
`mage/thrust.skl`
5
`mage/chaserdefault.skl`
6
`mage/chaserfire.skl`
7
`mage/chaserwater.skl`
8
`mage/chaserdark.skl`
9
`mage/chaserlight.skl`
10
`mage/chasersexplosion.skl`
11
`mage/magicmissile.skl`
12
`mage/upperswing.skl`
13
`mage/swing.skl`
14
`mage/handstrike.skl`
15
`mage/launchjol.skl`
16
`mage/launchfrosthead.skl`
17
`mage/launchfluorescent.skl`
18
`mage/launchblackcat.skl`
19
`mage/castspeedup.skl`
20
`mage/whip.skl`
21
`mage/summonspiritfire.skl`
22
`mage/summonspiritwater.skl`
23
`mage/summonspiritdark.skl`
24
`mage/summonspiritlight.skl`
25
`mage/summonhodor.skl`
26
`mage/void.skl`
27
`mage/halloweenbuster.skl`
28
`mage/disenchant.skl`
29
`mage/elementalchain.skl`
30
`mage/followme.skl`
31
`mage/sunburst.skl`
35
`mage/spearmastery.skl`
36
`mage/polemastery.skl`
37
`mage/aurashield.skl`
38
`mage/moveoncast.skl`
39
`mage/chaserlaunch.skl`
40
`mage/chaserautocreate.skl`
41
`mage/mpregenrateup.skl`
42
`mage/launchjolonjump.skl`
43
`mage/provocationdoll.skl`
44
`mage/summonsandor.skl`
45
`mage/summonauxo.skl`
46
`mage/summonluis.skl`
47
`mage/summonecheverra.skl`
48
`mage/summonmonsteraura.skl`
49
`mage/sacrificespirit.skl`
50
`mage/targetit.skl`
51
`mage/sacrificespiritattackfire.skl`
52
`mage/sacrificespiritattackwater.skl`
53
`mage/sacrificespiritattackdark.skl`
54
`mage/sacrificespiritattacklight.skl`
55
`mage/thunderstrike.skl`
56
`mage/wallofice.skl`
57
`mage/flamestrike.skl`
58
`mage/blackhole.skl`
59
`mage/icefield.skl`
60
`mage/aurashieldmastery.skl`
61
`mage/fireelementmastery.skl`
62
`mage/waterelementmastery.skl`
63
`mage/darkelementmastery.skl`
64
`mage/lightelementmastery.skl`
65
`mage/pokethrow.skl`
66
`mage/randompiercestrike.skl`
67
`mage/fightleathermastery.skl`
68
`mage/strengthhandstrike.skl`
69
`mage/dragonspear.skl`
73
`mage/elementalweak.skl`
74
`mage/elementalshower.skl`
75
`mage/upgradesummonskill.skl`
76
`mage/summonspiritdarkhigher.skl`
77
`mage/summonspiritlighthigher.skl`
78
`mage/summonspiritwaterhigher.skl`
79
`mage/summonspiritfirehigher.skl`
80
`mage/summonbabydragon.skl`
81
`mage/summonmonsterreckless.skl`
82
`mage/summoncasillas.skl`
83
`mage/bellatrix.skl`
84
`mage/combomastery.skl`
85
`mage/friendlyblackcat.skl`
86
`mage/friendlyfluorescent.skl`
87
`mage/friendlyjackfrost.skl`
88
`mage/friendlyjol.skl`
89
`mage/chillingpowder.skl`
90
`mage/deathpowder.skl`
91
`mage/equipbroom.skl`
92
`mage/blackmantle.skl`
93
`mage/improvedshururu.skl`
95
`mage/transformflapper.skl`
97
`mage/sweetcandybar.skl`
98
`mage/broomspin.skl`
99
`mage/acidcloud.skl`
100
`mage/enhancedmagicmissile.skl`
101
`mage/lavapotion.skl`
102
`mage/armormasteryleatherwc.skl`
103
`mage/antigravitystarter.skl`
104
`mage/megadrill.skl`
105
`mage/fluorecollider.skl`
106
`mage/heatingfurnace.skl`
107
`mage/armormasteryclothem.skl`
108
`mage/armormasteryclothsm.skl`
109
`mage/fusioncraft.skl`
110
`mage/successpremonition.skl`
111
`mage/walloficeex.skl`
112
`mage/randompiercestrikeex.skl`
113
`mage/flamevolcanovoid.skl`
114
`mage/broomspinex.skl`
115
`mage/transformflapperex.skl`
116
`mage/disactivestatus.skl`
117
`mage/swingex.skl`
118
`mage/summonsandorex.skl`
119
`mage/summonspiritwaterex.skl`
120
`mage/summonspiritfireex.skl`
121
`mage/summonspiritdarkex.skl`
122
`mage/summonspiritlightex.skl`
123
`mage/fusionchaser.skl`
124
`mage/cancelfusionchaser.skl`
125
`mage/doubleswing.skl`
126
`mage/mage_bugfall.skl`
127
`mage/timerbomb.skl`
129
`mage/unsummon.skl`
130
`mage/comboinstinct.skl`
131
`mage/mage_electricrabbit.skl`
132
`mage/mage_jackfrosticewater.skl`
133
`mage/mage_lollipopcrush.skl`
134
`mage/mage_uroboros.skl`
135
`mage/mage_moonshadow.skl`
136
`mage/mage_summonkruta.skl`
137
`mage/mage_repeatedsmashofrage.skl`
138
`mage/mage_summonheilrom.skl`
139
`mage/mage_summonramos.skl`
140
`mage/aurashieldex.skl`
141
`mage/launchfluorescentex.skl`
142
`mage/whipex.skl`
143
`mage/ancientlibraryex.skl`
144
`mage/launchfrostheadex.skl`
145
`mage/magicaltempoupex.skl`
146
`mage/handstrikeex.skl`
147
`mage/warpondamageex.skl`
148
`mage/sweetcandybarex.skl`
149
`mage/enhancedmagicmissileex.skl`
150
`mage/targetitex.skl`
151
`mage/summonspiritex.skl`
152
`mage/halloweenbusterex.skl`
153
`mage/chaserautocreateex.skl`
154
`mage/voidex.skl`
155
`mage/pokethrowex.skl`
156
`mage/chaserex.skl`
157
`mage/elementalchainex.skl`
158
`mage/icefieldex.skl`
159
`mage/summonhodorex.skl`
160
`mage/summonluisex.skl`
161
`mage/summonecheverraex.skl`
162
`mage/strengthhandstrikeex.skl`
163
`mage/provocationdollex.skl`
164
`mage/antigravitystarterex.skl`
165
`mage/basicattackupex.skl`
166
`mage/summonauxoupex.skl`
169
`passive/backstep.skl`
172
`mage/armormasterylight.skl`
173
`mage/armormasteryheavy.skl`
174
`mage/basicattackup.skl`
175
`mage/jumppowerup.skl`
176
`mage/magicalattackup.skl`
177
`mage/throwmastery.skl`
178
`mage/physicalbackattackcritical.skl`
179
`mage/disjointitem.skl`
180
`mage/superarmoroncast.skl`
181
`mage/compoundcraft.skl`
182
`mage/compoundweaving.skl`
183
`mage/compoundmachine.skl`
184
`mage/compoundchemistry.skl`
185
`mage/armormasteryleather.skl`
186
`mage/physicalcriticalhitup.skl`
187
`mage/armormasterycloth.skl`
188
`mage/magicalcriticalhitup.skl`
189
`mage/magicalbackattackcritical.skl`
190
`mage/quickstanding.skl`
191
`mage/enchant.skl`
192
`mage/dollmaking.skl`
193
`mage/alchemy.skl`
194
`mage/opendisjointshop.skl`
195
`mage/basichpmaxup.skl`
196
`mage/armormasteryplate.skl`
197
`mage/conversion.skl`
198
`mage/burster.skl`
199
`passive/benyuan.skl`
200
`mage/statusup.skl`
201
`mage/experienceup.skl`
210
`mage/upperswingex.skl`
211
`mage/launchblackcatex.skl`
212
`mage/thrustex.skl`
213
`mage/magicmissileex.skl`
214
`mage/flamestrikeex.skl`
215
`mage/sunburstex.skl`
216
`mage/walloficeexp.skl`
217
`mage/thunderstrikeex.skl`
218
`mage/blackholeex.skl`
219
`mage/chaserlaunchex.skl`
221
`mage/chasersexplosionex.skl`
222
`mage/doubleswingex.skl`
223
`mage/fusionchaserex.skl`
224
`mage/randompiercestrikeexp.skl`
225
`mage/swingexp.skl`
226
`mage/dragonspearex.skl`
227
`mage/timerbombex.skl`
228
`mage/blackmantleex.skl`
229
`mage/broomspinexp.skl`
230
`mage/acidcloudex.skl`
231
`mage/transformflapperexp.skl`
232
`mage/lavapotionex.skl`
233
`mage/megadrillex.skl`
234
`mage/fluorecolliderex.skl`
235
`mage/heatingfurnaceex.skl`
236
`mage/summonspiritdarkhigherex.skl`
237
`mage/summonspiritlighthigherex.skl`
238
`mage/summonspiritwaterhigherex.skl`
239
`mage/summonspiritfirehigherex.skl`
240
`mage/summonbabydragonex.skl`
241
`mage/summonsandorexp.skl`
242
`mage/mage_chasercluster.skl`
243
`mage/mage_avatardance.skl`
244
`mage/mage_swingexx.skl`
245
`mage/mage_avatar.skl`
246
`mage/mage_returntobm.skl`
247
`mage/mage_quasarexplosion.skl`
248
`mage/mage_dragondance.skl`
249
`mage/mage_elementalcurtain.skl`
250
`mage/mage_elementalquake.skl`
251
`mage/mage_crystalofovermind.skl`
252
`mage/mage_thegate.skl`
253
`mage/mage_sestoelemento.skl`
254
`mage/mage_comminterrupt.skl`
