#PVF_File

1
`priest/antiairupper.skl`
2
`priest/ducking.skl`
3
`priest/sway.skl`
4
`priest/hurricaneroll.skl`
5
`priest/giantswing.skl`
7
`priest/striking.skl`
8
`priest/smasher.skl`
10
`priest/changehptomp.skl`
11
`priest/quakearea.skl`
13
`priest/willdriver.skl`
14
`priest/technicalmastery.skl`
15
`priest/battleauramastery.skl`
16
`priest/corkscrewmastery.skl`
17
`priest/combinationmastery.skl`
18
`priest/hardpunchmastery.skl`
19
`priest/hpmaxuppersonal.skl`
20
`priest/emblemofsafeguard.skl`
21
`priest/fountainoflife.skl`
22
`priest/divinelight.skl`
23
`priest/revengeoflight.skl`
24
`priest/hpmaxupparty.skl`
25
`priest/sacrificeofsoul.skl`
26
`priest/healwind.skl`
27
`priest/deflectwall.skl`
28
`priest/flashglobe.skl`
29
`priest/extendedpunch.skl`
30
`priest/holycounter.skl`
31
`priest/gorgeouscombination.skl`
33
`priest/choppinghammer.skl`
34
`priest/armormasteryplatecs.skl`
35
`priest/shadowboxer.skl`
36
`priest/doubleshadowboxer.skl`
37
`priest/hurricaneofjudgement.skl`
38
`priest/enteringnirvana.skl`
39
`priest/oppressiontalisman.skl`
40
`priest/thunderbolttalisman.skl`
41
`priest/homerun.skl`
42
`priest/quickparry.skl`
43
`priest/bladeofpurewhite.skl`
45
`priest/gloriousbless.skl`
47
`priest/chakraofpassion.skl`
48
`priest/chakraofcalmness.skl`
49
`priest/repeatedsmash.skl`
50
`priest/throwweapon.skl`
51
`priest/slowheal.skl`
52
`priest/cure.skl`
53
`priest/bless.skl`
54
`priest/graceofgod.skl`
55
`priest/fastheal.skl`
56
`priest/duckingstraight.skl`
57
`priest/duckingbodyblow.skl`
58
`priest/duckingupper.skl`
61
`priest/luckystraight.skl`
63
`priest/secondupper.skl`
64
`priest/grasphandofanger.skl`
65
`priest/cancelgrasphandofanger.skl`
66
`priest/chargeweapon.skl`
67
`priest/forceofexorcism.skl`
68
`priest/armormasteryclothec.skl`
69
`priest/hyunmoo.skl`
70
`priest/baekho.skl`
73
`priest/spearofvictory.skl`
74
`priest/hammerofcontrition.skl`
75
`priest/heavenlycombination.skl`
76
`priest/divinecrush.skl`
77
`priest/sidewind.skl`
78
`priest/machinegunjab.skl`
81
`priest/judgement.skl`
82
`priest/bigweaponmastery.skl`
83
`priest/battleaxemastery.skl`
84
`priest/apocalypse.skl`
85
`priest/galesmash.skl`
86
`priest/auraoffaith.skl`
87
`priest/dryout.skl`
88
`priest/atomicsmash.skl`
89
`priest/radiatefightingaura.skl`
90
`priest/bigbangpunch.skl`
91
`priest/armormasterylightif.skl`
92
`priest/armormasteryplateec.skl`
93
`priest/bluedragon.skl`
96
`priest/armormasteryheavyec.skl`
97
`priest/graceofcourage.skl`
98
`priest/graceofprotection.skl`
99
`priest/risingarea.skl`
100
`priest/cuttingdarkness.skl`
101
`priest/shikigami.skl`
103
`priest/machinegunjabex.skl`
104
`priest/heavenlycombinationex.skl`
105
`priest/repeatedsmashex.skl`
106
`priest/vermilionbirdtalisman.skl`
107
`priest/crosscrash.skl`
108
`priest/flashglobeex.skl`
109
`priest/deflectwallex.skl`
110
`priest/hyunmooex.skl`
111
`priest/groundcrash.skl`
113
`priest/spincutter.skl`
114
`priest/scythemastery.skl`
115
`priest/fastmove.skl`
116
`priest/hedgehog.skl`
117
`priest/ripper.skl`
118
`priest/earthquake.skl`
119
`priest/awakening.skl`
120
`priest/execution.skl`
121
`priest/hearthings.skl`
122
`priest/nightmare.skl`
123
`priest/devilstrike.skl`
124
`priest/highspeedslash.skl`
125
`priest/powerofdarkness.skl`
126
`priest/armormasteryheavyav.skl`
131
`priest/fallingsoul.skl`
132
`priest/priest_inviteofdevil.skl`
133
`priest/pandemoniumex.skl`
134
`priest/disasterex.skl`
135
`priest/priest_devilfist.skl`
136
`priest/priest_darkhowling.skl`
137
`priest/priest_doomcrush.skl`
138
`priest/priest_unholyfury.skl`
139
`priest/priest_metamorphosis.skl`
140
`priest/slowhealex.skl`
141
`priest/luckystraightex.skl`
142
`priest/quakeareaex.skl`
143
`priest/grasphandofangerex.skl`
144
`priest/spearofvictoryex.skl`
145
`priest/revengeoflightex.skl`
146
`priest/duckingstraightex.skl`
147
`priest/willdriverex.skl`
148
`priest/oppressiontalismanex.skl`
149
`priest/throwweaponex.skl`
150
`priest/gorgeouscombinationex.skl`
151
`priest/cureex.skl`
152
`priest/hammerofcontritionex.skl`
153
`priest/duckingbodyblowex.skl`
154
`priest/hurricaneofjudgementex.skl`
155
`priest/risingareaex.skl`
156
`priest/giantswingex.skl`
157
`priest/galesmashex.skl`
158
`priest/baekhoex.skl`
159
`priest/basicattackupex.skl`
160
`priest/enteringnirvanaex.skl`
161
`priest/highspeedslashex.skl`
162
`priest/devilstrikeex.skl`
163
`priest/earthquakeex.skl`
164
`priest/fastmoveex.skl`
165
`priest/ripperex.skl`
166
`priest/flashglobeexp.skl`
167
`priest/crosscrashex.skl`
168
`priest/sidewindex.skl`
169
`passive/backstep.skl`
172
`priest/armormasterylight.skl`
173
`priest/armormasteryheavy.skl`
174
`priest/basicattackup.skl`
175
`priest/jumppowerup.skl`
176
`priest/magicalattackup.skl`
177
`priest/throwmastery.skl`
178
`priest/physicalbackattackcritical.skl`
179
`priest/disjointitem.skl`
180
`priest/superarmoroncast.skl`
181
`priest/compoundcraft.skl`
182
`priest/compoundweaving.skl`
183
`priest/compoundmachine.skl`
184
`priest/compoundchemistry.skl`
185
`priest/armormasteryleather.skl`
186
`priest/physicalcriticalhitup.skl`
187
`priest/armormasterycloth.skl`
188
`priest/magicalcriticalhitup.skl`
189
`priest/magicalbackattackcritical.skl`
190
`priest/quickstanding.skl`
191
`priest/enchant.skl`
192
`priest/dollmaking.skl`
193
`priest/alchemy.skl`
194
`priest/opendisjointshop.skl`
195
`priest/basichpmaxup.skl`
196
`priest/armormasteryplate.skl`
197
`priest/conversion.skl`
198
`priest/burster.skl`
199
`passive/benyuan.skl`
200
`priest/statusup.skl`
201
`priest/experienceup.skl`
210
`priest/antiairupperex.skl`
211
`priest/smasherex.skl`
212
`priest/secondupperex.skl`
213
`priest/bladeofpurewhiteex.skl`
214
`priest/deflectwallexp.skl`
215
`priest/judgementex.skl`
216
`priest/groundcrashex.skl`
217
`priest/cuttingdarknessex.skl`
218
`priest/shikigamiex.skl`
219
`priest/homerunex.skl`
220
`priest/vermilionbirdtalismanex.skl`
221
`priest/repeatedsmashexp.skl`
223
`priest/atomicsmashex.skl`
224
`priest/divinecrushex.skl`
225
`priest/duckingupperex.skl`
227
`priest/holycounterex.skl`
228
`priest/choppinghammerex.skl`
229
`priest/machinegunjabexp.skl`
230
`priest/heavenlycombinationexp.skl`
231
`priest/hurricanerollex.skl`
232
`priest/spincutterex.skl`
233
`priest/hedgehogex.skl`
234
`priest/powerofdarknessex.skl`
235
`priest/hyunmooexp.skl`
236
`priest/thunderbolttalismanex.skl`
237
`priest/priest_destroyspirittalisman.skl`
238
`priest/priest_pentagon.skl`
239
`priest/priest_thebest7hit.skl`
240
`priest/priest_dangerousscale.skl`
241
`priest/priest_advanceddragon.skl`
242
`priest/priest_nuclearpunch.skl`
243
`priest/priest_demolitionpunch.skl`
244
`priest/priest_atomicchopper.skl`
245
`priest/priest_wrathofgod.skl`
246
`priest/priest_haptism.skl`
247
`priest/priest_miraclespliter.skl`
248
`priest/priest_hollysanctuary.skl`
249
`priest/priest_spearofdestiny.skl`
250
`priest/priest_jupiter.skl`
251
`priest/priest_divinepunishment.skl`
254
`priest/priest_comminterrupt.skl`