#PVF_File

1
`thief/risingcut.skl`
2
`thief/slicer.skl`
3
`thief/shiningcut.skl`
4
`thief/divingarrow.skl`
5
`thief/flamecut.skl`
6
`thief/flyingsquirrel.skl`
7
`thief/shadowcut.skl`
8
`thief/eraser.skl`
9
`thief/hitend.skl`
16
`thief/vanditcut.skl`
18
`thief/aerialjump.skl`
19
`thief/breakingrush.skl`
21
`thief/darksoul.skl`
22
`thief/boneshield.skl`
23
`thief/cursespear.skl`
24
`thief/shuriken.skl`
25
`thief/skintakeoff.skl`
26
`thief/anklecut.skl`
27
`thief/doublepierce.skl`
29
`thief/daggermastery.skl`
30
`thief/twinswordmastery.skl`
31
`thief/hurricane.skl`
33
`thief/verticalspiral.skl`
34
`thief/sonicassault.skl`
35
`thief/darknail.skl`
36
`thief/darklure.skl`
37
`thief/apportballacre.skl`
38
`thief/dummy.skl`
39
`thief/ambitionofballacre.skl`
40
`thief/guillotine.skl`
41
`thief/chainsaw.skl`
43
`thief/shiningcutaerial.skl`
44
`thief/sidestep.skl`
45
`thief/lightningarrow.skl`
47
`thief/excelstrike.skl`
49
`thief/blameofdead.skl`
50
`thief/darkritual.skl`
51
`thief/summonnicolas.skl`
52
`thief/nicolassummonzombie.skl`
53
`thief/nicolasblackarea.skl`
54
`thief/nicolasbehavior.skl`
55
`thief/nicolasblackwave.skl`
56
`thief/moonarc.skl`
57
`thief/silverstream.skl`
58
`thief/fearofballacre.skl`
59
`thief/phantomstrom.skl`
60
`thief/armormasteryleatherthief.skl`
61
`thief/armormasteryleatherrogue.skl`
62
`thief/armormasterylightnecro.skl`
63
`thief/armormasteryclothkuno.skl`
64
`thief/armormasteryleathershadow.skl`
74
`thief/blameofdeadex.skl`
75
`thief/verticalspiralex.skl`
76
`thief/chainsawex.skl`
77
`thief/nicolasblackwaveex.skl`
140
`thief/shurikenex.skl`
141
`thief/cursespearex.skl`
142
`thief/eraserex.skl`
143
`thief/divingarrowex.skl`
144
`thief/hurricaneex.skl`
145
`thief/hitendex.skl`
146
`thief/darklureex.skl`
147
`thief/nicolasblackareaex.skl`
148
`thief/shiningcutex.skl`
149
`thief/sonicassaultex.skl`
150
`thief/darksoulex.skl`
151
`thief/apportballacreex.skl`
152
`thief/basicattackupex.skl`
153
`thief/risingcutex.skl`
154
`thief/slicerex.skl`
155
`thief/flamecutex.skl`
156
`thief/shadowcutex.skl`
157
`thief/boneshieldex.skl`
158
`thief/anklecutex.skl`
159
`thief/flyingsquirrelex.skl`
160
`thief/excelstrikeex.skl`
161
`thief/verticalspiralexp.skl`
162
`thief/lightningarrowex.skl`
163
`thief/chainsawexp.skl`
164
`thief/doublepierceex.skl`
165
`thief/vanditcutex.skl`
169
`passive/backstep.skl`
172
`thief/armormasterylight.skl`
173
`thief/armormasteryheavy.skl`
174
`thief/basicattackup.skl`
175
`thief/jumppowerup.skl`
176
`thief/magicalattackup.skl`
177
`thief/throwmastery.skl`
178
`thief/physicalbackattackcritical.skl`
179
`thief/disjointitem.skl`
180
`thief/superarmoroncast.skl`
181
`thief/compoundcraft.skl`
182
`thief/compoundweaving.skl`
183
`thief/compoundmachine.skl`
184
`thief/compoundchemistry.skl`
185
`thief/armormasteryleather.skl`
186
`thief/physicalcriticalhitup.skl`
187
`thief/armormasterycloth.skl`
188
`thief/magicalcriticalhitup.skl`
189
`thief/magicalbackattackcritical.skl`
190
`thief/quickstanding.skl`
191
`thief/enchant.skl`
192
`thief/dollmaking.skl`
193
`thief/alchemy.skl`
194
`thief/opendisjointshop.skl`
195
`thief/basichpmaxup.skl`
196
`thief/armormasteryplate.skl`
197
`thief/conversion.skl`
199
`passive/benyuan.skl`
200
`thief/statusup.skl`
201
`thief/experienceup.skl`
210
`thief/summonnicolasex.skl`
211
`thief/darknailex.skl`
212
`thief/blameofdeadexp.skl`
213
`thief/ambitionofballacreex.skl`
214
`thief/nicolasblackwaveexp.skl`
215
`thief/guillotineex.skl`
216
`thief/nicolassummonzombieex.skl`
217
`thief/skintakeoffex.skl`
218
`thief/elementattackallupex.skl`
219
`thief/elementtoleranceallupex.skl`
220
`thief/thief_exoticrampant.skl`
221
`thief/thief_distribution.skl`
222
`thief/thief_novaremnant.skl`
223
`thief/thief_executionerslash.skl`
224
`thief/thief_nicolasblackarachnia.skl`
225
`thief/thief_ballacreadvent.skl`
254
`thief/thief_comminterrupt.skl`
